=== TOTAL=300, WAIT=30, LATENCY=5, EVENTS=1

NOS[0] = 0
NOS[1] = 117
NOS[2] = 260
NOS[3] = 260
NOS[4] = 260
NOS[5] = 260
NOS[6] = 260
NOS[7] = 260
NOS[8] = 260
NOS[9] = 11
NOS[10] = 0
NOS[11] = 0
NOS[12] = 0
NOS[13] = 0
NOS[14] = 0
NOS[15] = 0

TCKS    283521
EVTS    22
NO      0.361
FWDS    0.005    0.010
BAKS    0.000    0.000

=== TOTAL=300, WAIT=30, LATENCY=5, EVENTS=5

NOS[0] = 0
NOS[1] = 52
NOS[2] = 0
NOS[3] = 0
NOS[4] = 0
NOS[5] = 0
NOS[6] = 0
NOS[7] = 0
NOS[8] = 0
NOS[9] = 0
NOS[10] = 0
NOS[11] = 0
NOS[12] = 0
NOS[13] = 0
NOS[14] = 0
NOS[15] = 0

TCKS    283521
EVTS    29
NO      0.010
FWDS    0.005    0.009
BAKS    0.000    0.004

=== TOTAL=300, WAIT=30, LATENCY=5, EVENTS=10

NOS[0] = 0
NOS[1] = 153
NOS[2] = 313
NOS[3] = 14
NOS[4] = 0
NOS[5] = 0
NOS[6] = 0
NOS[7] = 0
NOS[8] = 0
NOS[9] = 0
NOS[10] = 0
NOS[11] = 0
NOS[12] = 0
NOS[13] = 0
NOS[14] = 0
NOS[15] = 0

TCKS    283521
EVTS    56
NO      0.089
FWDS    0.012    0.023
BAKS    0.001    0.013

=== TOTAL=300, WAIT=30, LATENCY=5, EVENTS=25

NOS[0] = 0
NOS[1] = 0
NOS[2] = 0
NOS[3] = 0
NOS[4] = 0
NOS[5] = 0
NOS[6] = 0
NOS[7] = 0
NOS[8] = 0
NOS[9] = 0
NOS[10] = 0
NOS[11] = 0
NOS[12] = 0
NOS[13] = 0
NOS[14] = 0
NOS[15] = 0

TCKS    283521
EVTS    129
NO      0.000
FWDS    0.003    0.006
BAKS    0.003    0.011

=== TOTAL=300, WAIT=30, LATENCY=5, EVENTS=50

NOS[0] = 0
NOS[1] = 0
NOS[2] = 0
NOS[3] = 0
NOS[4] = 0
NOS[5] = 0
NOS[6] = 0
NOS[7] = 0
NOS[8] = 0
NOS[9] = 0
NOS[10] = 0
NOS[11] = 0
NOS[12] = 0
NOS[13] = 0
NOS[14] = 0
NOS[15] = 0

TCKS    283521
EVTS    255
NO      0.000
FWDS    0.001    0.003
BAKS    0.008    0.017

=== TOTAL=300, WAIT=30, LATENCY=5, EVENTS=100

NOS[0] = 0
NOS[1] = 0
NOS[2] = 0
NOS[3] = 0
NOS[4] = 0
NOS[5] = 0
NOS[6] = 0
NOS[7] = 0
NOS[8] = 0
NOS[9] = 0
NOS[10] = 0
NOS[11] = 0
NOS[12] = 0
NOS[13] = 0
NOS[14] = 0
NOS[15] = 0

TCKS    283521
EVTS    462
NO      0.000
FWDS    0.001    0.001
BAKS    0.016    0.024

=== TOTAL=300, WAIT=30, LATENCY=5, EVENTS=250

NOS[0] = 0
NOS[1] = 0
NOS[2] = 0
NOS[3] = 0
NOS[4] = 0
NOS[5] = 0
NOS[6] = 0
NOS[7] = 0
NOS[8] = 0
NOS[9] = 0
NOS[10] = 0
NOS[11] = 0
NOS[12] = 0
NOS[13] = 0
NOS[14] = 0
NOS[15] = 0

TCKS    283521
EVTS    1186
NO      0.000
FWDS    0.000    0.000
BAKS    0.044    0.070

=== TOTAL=300, WAIT=30, LATENCY=5, EVENTS=500

NOS[0] = 0
NOS[1] = 0
NOS[2] = 0
NOS[3] = 0
NOS[4] = 0
NOS[5] = 0
NOS[6] = 0
NOS[7] = 0
NOS[8] = 0
NOS[9] = 0
NOS[10] = 0
NOS[11] = 0
NOS[12] = 0
NOS[13] = 0
NOS[14] = 0
NOS[15] = 0

TCKS    283521
EVTS    1559
NO      0.000
FWDS    0.000    0.000
BAKS    0.051    0.074

=== TOTAL=300, WAIT=30, LATENCY=25, EVENTS=1

NOS[0] = 0
NOS[1] = 153
NOS[2] = 340
NOS[3] = 340
NOS[4] = 340
NOS[5] = 340
NOS[6] = 340
NOS[7] = 13
NOS[8] = 0
NOS[9] = 0
NOS[10] = 0
NOS[11] = 0
NOS[12] = 0
NOS[13] = 0
NOS[14] = 0
NOS[15] = 0

TCKS    283521
EVTS    24
NO      0.346
FWDS    0.006    0.012
BAKS    0.000    0.008

=== TOTAL=300, WAIT=30, LATENCY=25, EVENTS=5

NOS[0] = 0
NOS[1] = 135
NOS[2] = 308
NOS[3] = 300
NOS[4] = 300
NOS[5] = 164
NOS[6] = 0
NOS[7] = 0
NOS[8] = 0
NOS[9] = 0
NOS[10] = 0
NOS[11] = 0
NOS[12] = 0
NOS[13] = 0
NOS[14] = 0
NOS[15] = 0

TCKS    283521
EVTS    38
NO      0.223
FWDS    0.009    0.018
BAKS    0.000    0.012

=== TOTAL=300, WAIT=30, LATENCY=25, EVENTS=10

NOS[0] = 0
NOS[1] = 153
NOS[2] = 340
NOS[3] = 340
NOS[4] = 340
NOS[5] = 85
NOS[6] = 0
NOS[7] = 0
NOS[8] = 0
NOS[9] = 0
NOS[10] = 0
NOS[11] = 0
NOS[12] = 0
NOS[13] = 0
NOS[14] = 0
NOS[15] = 0

TCKS    283521
EVTS    58
NO      0.233
FWDS    0.007    0.013
BAKS    0.001    0.019

=== TOTAL=300, WAIT=30, LATENCY=25, EVENTS=25

NOS[0] = 0
NOS[1] = 0
NOS[2] = 0
NOS[3] = 0
NOS[4] = 0
NOS[5] = 0
NOS[6] = 0
NOS[7] = 0
NOS[8] = 0
NOS[9] = 0
NOS[10] = 0
NOS[11] = 0
NOS[12] = 0
NOS[13] = 0
NOS[14] = 0
NOS[15] = 0

TCKS    283521
EVTS    126
NO      0.000
FWDS    0.003    0.006
BAKS    0.003    0.029

=== TOTAL=300, WAIT=30, LATENCY=25, EVENTS=50

NOS[0] = 0
NOS[1] = 0
NOS[2] = 0
NOS[3] = 0
NOS[4] = 0
NOS[5] = 0
NOS[6] = 0
NOS[7] = 0
NOS[8] = 0
NOS[9] = 0
NOS[10] = 0
NOS[11] = 0
NOS[12] = 0
NOS[13] = 0
NOS[14] = 0
NOS[15] = 0

TCKS    283521
EVTS    233
NO      0.000
FWDS    0.005    0.009
BAKS    0.006    0.053

=== TOTAL=300, WAIT=30, LATENCY=25, EVENTS=100

NOS[0] = 0
NOS[1] = 0
NOS[2] = 0
NOS[3] = 0
NOS[4] = 0
NOS[5] = 0
NOS[6] = 0
NOS[7] = 0
NOS[8] = 0
NOS[9] = 0
NOS[10] = 0
NOS[11] = 0
NOS[12] = 0
NOS[13] = 0
NOS[14] = 0
NOS[15] = 0

TCKS    283521
EVTS    506
NO      0.000
FWDS    0.001    0.001
BAKS    0.016    0.083

=== TOTAL=300, WAIT=30, LATENCY=25, EVENTS=250

NOS[0] = 0
NOS[1] = 0
NOS[2] = 0
NOS[3] = 0
NOS[4] = 0
NOS[5] = 0
NOS[6] = 0
NOS[7] = 0
NOS[8] = 0
NOS[9] = 0
NOS[10] = 0
NOS[11] = 0
NOS[12] = 0
NOS[13] = 0
NOS[14] = 0
NOS[15] = 0

TCKS    283521
EVTS    1095
NO      0.000
FWDS    0.000    0.000
BAKS    0.041    0.203

=== TOTAL=300, WAIT=30, LATENCY=25, EVENTS=500

NOS[0] = 0
NOS[1] = 0
NOS[2] = 0
NOS[3] = 0
NOS[4] = 0
NOS[5] = 0
NOS[6] = 0
NOS[7] = 0
NOS[8] = 0
NOS[9] = 0
NOS[10] = 0
NOS[11] = 0
NOS[12] = 0
NOS[13] = 0
NOS[14] = 0
NOS[15] = 0

TCKS    283521
EVTS    1851
NO      0.000
FWDS    0.000    0.000
BAKS    0.084    0.435

=== TOTAL=300, WAIT=30, LATENCY=50, EVENTS=1

NOS[0] = 0
NOS[1] = 108
NOS[2] = 150
NOS[3] = 40
NOS[4] = 40
NOS[5] = 40
NOS[6] = 40
NOS[7] = 40
NOS[8] = 40
NOS[9] = 40
NOS[10] = 40
NOS[11] = 40
NOS[12] = 40
NOS[13] = 40
NOS[14] = 38
NOS[15] = 0

TCKS    283521
EVTS    22
NO      0.136
FWDS    0.004    0.007
BAKS    0.000    0.000

=== TOTAL=300, WAIT=30, LATENCY=50, EVENTS=5

NOS[0] = 0
NOS[1] = 171
NOS[2] = 380
NOS[3] = 380
NOS[4] = 380
NOS[5] = 380
NOS[6] = 380
NOS[7] = 212
NOS[8] = 180
NOS[9] = 180
NOS[10] = 162
NOS[11] = 138
NOS[12] = 121
NOS[13] = 106
NOS[14] = 76
NOS[15] = 0

TCKS    283521
EVTS    35
NO      0.601
FWDS    0.006    0.012
BAKS    0.000    0.014

=== TOTAL=300, WAIT=30, LATENCY=50, EVENTS=10

NOS[0] = 0
NOS[1] = 0
NOS[2] = 0
NOS[3] = 0
NOS[4] = 0
NOS[5] = 0
NOS[6] = 0
NOS[7] = 0
NOS[8] = 0
NOS[9] = 0
NOS[10] = 0
NOS[11] = 0
NOS[12] = 0
NOS[13] = 0
NOS[14] = 0
NOS[15] = 0

TCKS    283521
EVTS    61
NO      0.000
FWDS    0.004    0.009
BAKS    0.001    0.017

=== TOTAL=300, WAIT=30, LATENCY=50, EVENTS=25

NOS[0] = 0
NOS[1] = 80
NOS[2] = 13
NOS[3] = 0
NOS[4] = 0
NOS[5] = 0
NOS[6] = 0
NOS[7] = 0
NOS[8] = 0
NOS[9] = 0
NOS[10] = 0
NOS[11] = 0
NOS[12] = 0
NOS[13] = 0
NOS[14] = 0
NOS[15] = 0

TCKS    283521
EVTS    134
NO      0.017
FWDS    0.005    0.010
BAKS    0.003    0.057

=== TOTAL=300, WAIT=30, LATENCY=50, EVENTS=50

NOS[0] = 0
NOS[1] = 0
NOS[2] = 0
NOS[3] = 0
NOS[4] = 0
NOS[5] = 0
NOS[6] = 0
NOS[7] = 0
NOS[8] = 0
NOS[9] = 0
NOS[10] = 0
NOS[11] = 0
NOS[12] = 0
NOS[13] = 0
NOS[14] = 0
NOS[15] = 0

TCKS    283521
EVTS    260
NO      0.000
FWDS    0.002    0.003
BAKS    0.007    0.120

=== TOTAL=300, WAIT=30, LATENCY=50, EVENTS=100

NOS[0] = 0
NOS[1] = 0
NOS[2] = 0
NOS[3] = 0
NOS[4] = 0
NOS[5] = 0
NOS[6] = 0
NOS[7] = 0
NOS[8] = 0
NOS[9] = 0
NOS[10] = 0
NOS[11] = 0
NOS[12] = 0
NOS[13] = 0
NOS[14] = 0
NOS[15] = 0

TCKS    283521
EVTS    463
NO      0.000
FWDS    0.001    0.001
BAKS    0.017    0.183

=== TOTAL=300, WAIT=30, LATENCY=50, EVENTS=250

NOS[0] = 0
NOS[1] = 0
NOS[2] = 0
NOS[3] = 0
NOS[4] = 0
NOS[5] = 0
NOS[6] = 0
NOS[7] = 0
NOS[8] = 0
NOS[9] = 0
NOS[10] = 0
NOS[11] = 0
NOS[12] = 0
NOS[13] = 0
NOS[14] = 0
NOS[15] = 0

TCKS    283521
EVTS    985
NO      0.000
FWDS    0.000    0.000
BAKS    0.048    0.493

=== TOTAL=300, WAIT=30, LATENCY=50, EVENTS=500


=== TOTAL=300, WAIT=30, LATENCY=100, EVENTS=1

NOS[0] = 0
NOS[1] = 135
NOS[2] = 300
NOS[3] = 300
NOS[4] = 300
NOS[5] = 300
NOS[6] = 300
NOS[7] = 300
NOS[8] = 300
NOS[9] = 300
NOS[10] = 300
NOS[11] = 300
NOS[12] = 300
NOS[13] = 300
NOS[14] = 285
NOS[15] = 0

TCKS    283521
EVTS    22
NO      0.744
FWDS    0.003    0.006
BAKS    0.000    0.002

=== TOTAL=300, WAIT=30, LATENCY=100, EVENTS=5

NOS[0] = 0
NOS[1] = 153
NOS[2] = 340
NOS[3] = 340
NOS[4] = 357
NOS[5] = 340
NOS[6] = 340
NOS[7] = 167
NOS[8] = 0
NOS[9] = 0
NOS[10] = 0
NOS[11] = 0
NOS[12] = 0
NOS[13] = 0
NOS[14] = 0
NOS[15] = 0

TCKS    283521
EVTS    37
NO      0.376
FWDS    0.011    0.022
BAKS    0.000    0.030

=== TOTAL=300, WAIT=30, LATENCY=100, EVENTS=10

NOS[0] = 0
NOS[1] = 135
NOS[2] = 285
NOS[3] = 195
NOS[4] = 46
NOS[5] = 0
NOS[6] = 0
NOS[7] = 0
NOS[8] = 0
NOS[9] = 0
NOS[10] = 0
NOS[11] = 0
NOS[12] = 0
NOS[13] = 0
NOS[14] = 0
NOS[15] = 0

TCKS    283521
EVTS    61
NO      0.122
FWDS    0.006    0.012
BAKS    0.001    0.029

=== TOTAL=300, WAIT=30, LATENCY=100, EVENTS=25

NOS[0] = 0
NOS[1] = 122
NOS[2] = 43
NOS[3] = 0
NOS[4] = 0
NOS[5] = 0
NOS[6] = 0
NOS[7] = 0
NOS[8] = 0
NOS[9] = 0
NOS[10] = 0
NOS[11] = 0
NOS[12] = 0
NOS[13] = 0
NOS[14] = 0
NOS[15] = 0

TCKS    283521
EVTS    132
NO      0.030
FWDS    0.006    0.011
BAKS    0.004    0.102

=== TOTAL=300, WAIT=30, LATENCY=100, EVENTS=50

NOS[0] = 0
NOS[1] = 0
NOS[2] = 0
NOS[3] = 0
NOS[4] = 0
NOS[5] = 0
NOS[6] = 0
NOS[7] = 0
NOS[8] = 0
NOS[9] = 0
NOS[10] = 0
NOS[11] = 0
NOS[12] = 0
NOS[13] = 0
NOS[14] = 0
NOS[15] = 0

TCKS    283521
EVTS    250
NO      0.000
FWDS    0.002    0.004
BAKS    0.009    0.148

=== TOTAL=300, WAIT=30, LATENCY=100, EVENTS=100


=== TOTAL=300, WAIT=30, LATENCY=100, EVENTS=250

NOS[0] = 0
NOS[1] = 0
NOS[2] = 0
NOS[3] = 0
NOS[4] = 0
NOS[5] = 0
NOS[6] = 0
NOS[7] = 0
NOS[8] = 0
NOS[9] = 0
NOS[10] = 0
NOS[11] = 0
NOS[12] = 0
NOS[13] = 0
NOS[14] = 0
NOS[15] = 0

TCKS    283521
EVTS    1018
NO      0.000
FWDS    0.000    0.000
BAKS    0.066    1.379

=== TOTAL=300, WAIT=30, LATENCY=100, EVENTS=500

NOS[0] = 0
NOS[1] = 0
NOS[2] = 0
NOS[3] = 0
NOS[4] = 0
NOS[5] = 0
NOS[6] = 0
NOS[7] = 0
NOS[8] = 0
NOS[9] = 0
NOS[10] = 0
NOS[11] = 0
NOS[12] = 0
NOS[13] = 0
NOS[14] = 0
NOS[15] = 0

TCKS    283521
EVTS    1659
NO      0.000
FWDS    0.001    0.001
BAKS    0.179    4.456

=== TOTAL=300, WAIT=30, LATENCY=250, EVENTS=1

NOS[0] = 0
NOS[1] = 126
NOS[2] = 280
NOS[3] = 280
NOS[4] = 280
NOS[5] = 280
NOS[6] = 280
NOS[7] = 280
NOS[8] = 280
NOS[9] = 280
NOS[10] = 280
NOS[11] = 280
NOS[12] = 280
NOS[13] = 280
NOS[14] = 266
NOS[15] = 0

TCKS    283521
EVTS    25
NO      0.695
FWDS    0.000    0.000
BAKS    0.000    0.017

=== TOTAL=300, WAIT=30, LATENCY=250, EVENTS=5

NOS[0] = 0
NOS[1] = 126
NOS[2] = 280
NOS[3] = 280
NOS[4] = 150
NOS[5] = 140
NOS[6] = 61
NOS[7] = 40
NOS[8] = 40
NOS[9] = 40
NOS[10] = 40
NOS[11] = 40
NOS[12] = 40
NOS[13] = 40
NOS[14] = 38
NOS[15] = 0

TCKS    283521
EVTS    36
NO      0.251
FWDS    0.007    0.013
BAKS    0.000    0.024

=== TOTAL=300, WAIT=30, LATENCY=250, EVENTS=10

NOS[0] = 0
NOS[1] = 90
NOS[2] = 200
NOS[3] = 185
NOS[4] = 130
NOS[5] = 100
NOS[6] = 92
NOS[7] = 40
NOS[8] = 40
NOS[9] = 40
NOS[10] = 23
NOS[11] = 0
NOS[12] = 0
NOS[13] = 0
NOS[14] = 0
NOS[15] = 0

TCKS    283521
EVTS    65
NO      0.174
FWDS    0.004    0.007
BAKS    0.001    0.077

=== TOTAL=300, WAIT=30, LATENCY=250, EVENTS=25

NOS[0] = 0
NOS[1] = 99
NOS[2] = 184
NOS[3] = 37
NOS[4] = 14
NOS[5] = 0
NOS[6] = 0
NOS[7] = 0
NOS[8] = 0
NOS[9] = 0
NOS[10] = 0
NOS[11] = 0
NOS[12] = 0
NOS[13] = 0
NOS[14] = 0
NOS[15] = 0

TCKS    283521
EVTS    138
NO      0.062
FWDS    0.004    0.008
BAKS    0.005    0.243

=== TOTAL=300, WAIT=30, LATENCY=250, EVENTS=50

NOS[0] = 0
NOS[1] = 5
NOS[2] = 0
NOS[3] = 0
NOS[4] = 0
NOS[5] = 0
NOS[6] = 0
NOS[7] = 0
NOS[8] = 0
NOS[9] = 0
NOS[10] = 0
NOS[11] = 0
NOS[12] = 0
NOS[13] = 0
NOS[14] = 0
NOS[15] = 0

TCKS    283521
EVTS    244
NO      0.001
FWDS    0.002    0.005
BAKS    0.012    0.541

=== TOTAL=300, WAIT=30, LATENCY=250, EVENTS=100

NOS[0] = 0
NOS[1] = 0
NOS[2] = 0
NOS[3] = 0
NOS[4] = 0
NOS[5] = 0
NOS[6] = 0
NOS[7] = 0
NOS[8] = 0
NOS[9] = 0
NOS[10] = 0
NOS[11] = 0
NOS[12] = 0
NOS[13] = 0
NOS[14] = 0
NOS[15] = 0

TCKS    283521
EVTS    501
NO      0.000
FWDS    0.001    0.002
BAKS    0.040    2.246

=== TOTAL=300, WAIT=30, LATENCY=500, EVENTS=1

