=== TOTAL=300, WAIT=30, LATENCY=5, EVENTS=1

NOS[2] = 280
NOS[8] = 280
NOS[14] = 266

TCKS    283521
EVTS    22
NO      0.695
FWDS    0.000    0.000
BAKS    0.000    0.004

=== TOTAL=300, WAIT=30, LATENCY=5, EVENTS=5

NOS[2] = 300
NOS[3] = 165

TCKS    283521
EVTS    42
NO      0.111
FWDS    0.000    0.000
BAKS    0.001    0.006

=== TOTAL=300, WAIT=30, LATENCY=5, EVENTS=10

NOS[1] = 153
NOS[2] = 51

TCKS    283521
EVTS    56
NO      0.038
FWDS    0.000    0.000
BAKS    0.001    0.003

=== TOTAL=300, WAIT=30, LATENCY=5, EVENTS=25

TCKS    283521
EVTS    155
NO      0.000
FWDS    0.000    0.000
BAKS    0.005    0.011

=== TOTAL=300, WAIT=30, LATENCY=5, EVENTS=50

TCKS    283521
EVTS    246
NO      0.000
FWDS    0.000    0.000
BAKS    0.007    0.014

=== TOTAL=300, WAIT=30, LATENCY=5, EVENTS=100

TCKS    283521
EVTS    491
NO      0.000
FWDS    0.001    0.001
BAKS    0.017    0.032

=== TOTAL=300, WAIT=30, LATENCY=5, EVENTS=250

TCKS    283521
EVTS    1110
NO      0.000
FWDS    0.002    0.002
BAKS    0.038    0.069

=== TOTAL=300, WAIT=30, LATENCY=5, EVENTS=500

TCKS    283521
EVTS    1493
NO      0.000
FWDS    0.002    0.002
BAKS    0.045    0.078

=== TOTAL=300, WAIT=30, LATENCY=25, EVENTS=1

NOS[2] = 300
NOS[8] = 300
NOS[14] = 285

TCKS    283521
EVTS    22
NO      0.744
FWDS    0.000    0.000
BAKS    0.000    0.016

=== TOTAL=300, WAIT=30, LATENCY=25, EVENTS=5

NOS[2] = 200
NOS[3] = 200
NOS[4] = 20

TCKS    283521
EVTS    41
NO      0.094
FWDS    0.000    0.000
BAKS    0.001    0.016

=== TOTAL=300, WAIT=30, LATENCY=25, EVENTS=10

NOS[1] = 126
NOS[2] = 42

TCKS    283521
EVTS    63
NO      0.031
FWDS    0.000    0.000
BAKS    0.001    0.011

=== TOTAL=300, WAIT=30, LATENCY=25, EVENTS=25

TCKS    283521
EVTS    135
NO      0.000
FWDS    0.000    0.000
BAKS    0.003    0.024

=== TOTAL=300, WAIT=30, LATENCY=25, EVENTS=50

TCKS    283521
EVTS    251
NO      0.000
FWDS    0.000    0.000
BAKS    0.006    0.040

=== TOTAL=300, WAIT=30, LATENCY=25, EVENTS=100

TCKS    283521
EVTS    498
NO      0.000
FWDS    0.000    0.000
BAKS    0.016    0.078

=== TOTAL=300, WAIT=30, LATENCY=25, EVENTS=250

TCKS    283521
EVTS    1184
NO      0.000
FWDS    0.000    0.000
BAKS    0.043    0.210

=== TOTAL=300, WAIT=30, LATENCY=25, EVENTS=500

TCKS    283521
EVTS    1536
NO      0.000
FWDS    0.000    0.000
BAKS    0.058    0.289

=== TOTAL=300, WAIT=30, LATENCY=50, EVENTS=1

NOS[2] = 280
NOS[8] = 280
NOS[11] = 165

TCKS    283521
EVTS    22
NO      0.521
FWDS    0.000    0.000
BAKS    0.000    0.000

=== TOTAL=300, WAIT=30, LATENCY=50, EVENTS=5

NOS[1] = 8

TCKS    283521
EVTS    41
NO      0.001
FWDS    0.000    0.000
BAKS    0.001    0.007

=== TOTAL=300, WAIT=30, LATENCY=50, EVENTS=10

NOS[2] = 280
NOS[3] = 142

TCKS    283521
EVTS    62
NO      0.101
FWDS    0.000    0.000
BAKS    0.001    0.019

=== TOTAL=300, WAIT=30, LATENCY=50, EVENTS=25

TCKS    283521
EVTS    120
NO      0.000
FWDS    0.000    0.000
BAKS    0.003    0.032

=== TOTAL=300, WAIT=30, LATENCY=50, EVENTS=50

TCKS    283521
EVTS    261
NO      0.000
FWDS    0.000    0.000
BAKS    0.008    0.080

=== TOTAL=300, WAIT=30, LATENCY=50, EVENTS=100

TCKS    283521
EVTS    476
NO      0.000
FWDS    0.000    0.000
BAKS    0.015    0.178

=== TOTAL=300, WAIT=30, LATENCY=50, EVENTS=250

TCKS    283521
EVTS    1130
NO      0.000
FWDS    0.000    0.000
BAKS    0.052    0.472

=== TOTAL=300, WAIT=30, LATENCY=50, EVENTS=500

TCKS    283521
EVTS    1749
NO      0.000
FWDS    0.000    0.000
BAKS    0.098    1.105

=== TOTAL=300, WAIT=30, LATENCY=100, EVENTS=1

NOS[2] = 260
NOS[3] = 154

TCKS    283521
EVTS    25
NO      0.098
FWDS    0.000    0.000
BAKS    0.000    0.002

=== TOTAL=300, WAIT=30, LATENCY=100, EVENTS=5

TCKS    283521
EVTS    44
NO      0.000
FWDS    0.000    0.000
BAKS    0.001    0.014

=== TOTAL=300, WAIT=30, LATENCY=100, EVENTS=10

NOS[2] = 159
NOS[8] = 60
NOS[10] = 18

TCKS    283521
EVTS    63
NO      0.142
FWDS    0.000    0.000
BAKS    0.001    0.036

=== TOTAL=300, WAIT=30, LATENCY=100, EVENTS=25

NOS[1] = 18
NOS[2] = 18

TCKS    283521
EVTS    139
NO      0.007
FWDS    0.000    0.000
BAKS    0.003    0.079

=== TOTAL=300, WAIT=30, LATENCY=100, EVENTS=50

TCKS    283521
EVTS    264
NO      0.000
FWDS    0.000    0.000
BAKS    0.009    0.145

=== TOTAL=300, WAIT=30, LATENCY=100, EVENTS=100

TCKS    283521
EVTS    457
NO      0.000
FWDS    0.000    0.000
BAKS    0.018    0.370

=== TOTAL=300, WAIT=30, LATENCY=100, EVENTS=250

TCKS    283521
EVTS    1081
NO      0.000
FWDS    0.000    0.000
BAKS    0.067    1.309

=== TOTAL=300, WAIT=30, LATENCY=100, EVENTS=500

NOS[1] = 44

TCKS    283521
EVTS    1599
NO      0.007
FWDS    0.000    0.000
BAKS    0.154    7.349

=== TOTAL=300, WAIT=30, LATENCY=250, EVENTS=1

NOS[2] = 240
NOS[8] = 240
NOS[14] = 228

TCKS    283521
EVTS    23
NO      0.596
FWDS    0.000    0.000
BAKS    0.000    0.005

=== TOTAL=300, WAIT=30, LATENCY=250, EVENTS=5

NOS[2] = 272
NOS[7] = 81

TCKS    283521
EVTS    33
NO      0.203
FWDS    0.000    0.000
BAKS    0.000    0.017

=== TOTAL=300, WAIT=30, LATENCY=250, EVENTS=10

NOS[2] = 256
NOS[8] = 80
NOS[14] = 57

TCKS    283521
EVTS    59
NO      0.277
FWDS    0.000    0.000
BAKS    0.001    0.085

=== TOTAL=300, WAIT=30, LATENCY=250, EVENTS=25

TCKS    283521
EVTS    129
NO      0.000
FWDS    0.000    0.000
BAKS    0.004    0.166

=== TOTAL=300, WAIT=30, LATENCY=250, EVENTS=50

NOS[1] = 10

TCKS    283521
EVTS    255
NO      0.002
FWDS    0.000    0.000
BAKS    0.011    0.519

=== TOTAL=300, WAIT=30, LATENCY=250, EVENTS=100

TCKS    283521
EVTS    457
NO      0.000
FWDS    0.000    0.000
BAKS    0.031    1.534

=== TOTAL=300, WAIT=30, LATENCY=250, EVENTS=250

NOS[2] = 160
NOS[5] = 80
NOS[7] = 27

TCKS    283521
EVTS    1056
NO      0.117
FWDS    0.000    0.000
BAKS    0.402    83.883

=== TOTAL=300, WAIT=30, LATENCY=250, EVENTS=500

NOS[2] = 80
NOS[8] = 80
NOS[14] = 325

TCKS    283521
EVTS    1612
NO      0.428
FWDS    0.000    0.000
BAKS    8.315    26422.475

=== TOTAL=300, WAIT=30, LATENCY=500, EVENTS=1

NOS[2] = 360
NOS[8] = 360
NOS[14] = 342

TCKS    283521
EVTS    22
NO      0.893
FWDS    0.000    0.000
BAKS    0.000    0.000

=== TOTAL=300, WAIT=30, LATENCY=500, EVENTS=5

NOS[2] = 300
NOS[8] = 300
NOS[14] = 228

TCKS    283521
EVTS    34
NO      0.728
FWDS    0.000    0.000
BAKS    0.000    0.041

=== TOTAL=300, WAIT=30, LATENCY=500, EVENTS=10

NOS[2] = 232
NOS[8] = 80
NOS[14] = 38

TCKS    283521
EVTS    71
NO      0.268
FWDS    0.000    0.000
BAKS    0.002    0.173

=== TOTAL=300, WAIT=30, LATENCY=500, EVENTS=25

NOS[2] = 352
NOS[8] = 62
NOS[14] = 38

TCKS    283521
EVTS    143
NO      0.275
FWDS    0.000    0.000
BAKS    0.007    0.702

=== TOTAL=300, WAIT=30, LATENCY=500, EVENTS=50

NOS[2] = 80
NOS[8] = 82
NOS[14] = 80

TCKS    283521
EVTS    272
NO      0.201
FWDS    0.000    0.000
BAKS    0.020    2.008

=== TOTAL=300, WAIT=30, LATENCY=500, EVENTS=100

NOS[2] = 121
NOS[8] = 61
NOS[14] = 57

TCKS    283521
EVTS    503
NO      0.203
FWDS    0.000    0.000
BAKS    0.111    27.782

=== TOTAL=300, WAIT=30, LATENCY=500, EVENTS=250

NOS[2] = 240
NOS[8] = 200
NOS[14] = 148

TCKS    283521
EVTS    1009
NO      0.511
FWDS    0.000    0.000
BAKS    2.559    9936.376

=== TOTAL=300, WAIT=30, LATENCY=500, EVENTS=500

NOS[2] = 101
NOS[8] = 157
NOS[14] = 153

TCKS    283521
EVTS    1665
NO      0.335
FWDS    0.000    0.000
BAKS    4.404    23291.772

=== TOTAL=300, WAIT=30, LATENCY=1000, EVENTS=1

NOS[2] = 280
NOS[8] = 280
NOS[14] = 266

TCKS    283521
EVTS    22
NO      0.695
FWDS    0.000    0.000
BAKS    0.001    0.828

=== TOTAL=300, WAIT=30, LATENCY=1000, EVENTS=5

NOS[2] = 360
NOS[8] = 320
NOS[14] = 304

TCKS    283521
EVTS    34
NO      0.811
FWDS    0.000    0.000
BAKS    0.002    1.449

=== TOTAL=300, WAIT=30, LATENCY=1000, EVENTS=10

NOS[2] = 256
NOS[8] = 160
NOS[14] = 76

TCKS    283521
EVTS    57
NO      0.389
FWDS    0.000    0.000
BAKS    0.004    3.343

=== TOTAL=300, WAIT=30, LATENCY=1000, EVENTS=25

NOS[2] = 220
NOS[8] = 194
NOS[14] = 171

TCKS    283521
EVTS    136
NO      0.480
FWDS    0.000    0.000
BAKS    0.011    4.645

=== TOTAL=300, WAIT=30, LATENCY=1000, EVENTS=50

NOS[2] = 180
NOS[8] = 140
NOS[14] = 114

TCKS    283521
EVTS    241
NO      0.366
FWDS    0.000    0.000
BAKS    0.041    15.174

=== TOTAL=300, WAIT=30, LATENCY=1000, EVENTS=100

NOS[2] = 320
NOS[8] = 340
NOS[14] = 323

TCKS    283521
EVTS    481
NO      0.820
FWDS    0.000    0.000
BAKS    0.559    1828.356

=== TOTAL=300, WAIT=30, LATENCY=1000, EVENTS=250

NOS[2] = 300
NOS[8] = 300
NOS[14] = 285

TCKS    283521
EVTS    1027
NO      0.744
FWDS    0.000    0.000
BAKS    1.164    5719.004

=== TOTAL=300, WAIT=30, LATENCY=1000, EVENTS=500

NOS[2] = 320
NOS[8] = 277
NOS[14] = 271

TCKS    283521
EVTS    1467
NO      0.745
FWDS    0.000    0.000
BAKS    1.769    9683.029

