=== TOTAL=300, WAIT=30, LATENCY=5, EVENTS=1

TCKS    283521
EVTS    25
NO      0.000
FWDS    0.000    0.000
BAKS    0.000    0.001

=== TOTAL=300, WAIT=30, LATENCY=5, EVENTS=5

NOS[1] = 126
NOS[2] = 153

TCKS    283521
EVTS    39
NO      0.052
FWDS    0.000    0.000
BAKS    0.001    0.014

=== TOTAL=300, WAIT=30, LATENCY=5, EVENTS=10

NOS[1] = 88

TCKS    283521
EVTS    64
NO      0.016
FWDS    0.000    0.000
BAKS    0.001    0.011

=== TOTAL=300, WAIT=30, LATENCY=5, EVENTS=25

NOS[1] = 56

TCKS    283521
EVTS    139
NO      0.010
FWDS    0.000    0.000
BAKS    0.004    0.012

=== TOTAL=300, WAIT=30, LATENCY=5, EVENTS=50

TCKS    283521
EVTS    248
NO      0.000
FWDS    0.000    0.000
BAKS    0.009    0.016

=== TOTAL=300, WAIT=30, LATENCY=5, EVENTS=100

TCKS    283521
EVTS    468
NO      0.000
FWDS    0.000    0.000
BAKS    0.016    0.025

=== TOTAL=300, WAIT=30, LATENCY=5, EVENTS=250

TCKS    283521
EVTS    1064
NO      0.000
FWDS    0.002    0.002
BAKS    0.037    0.067

=== TOTAL=300, WAIT=30, LATENCY=5, EVENTS=500

TCKS    283521
EVTS    1416
NO      0.000
FWDS    0.001    0.001
BAKS    0.052    0.088

=== TOTAL=300, WAIT=30, LATENCY=25, EVENTS=1

NOS[2] = 200
NOS[7] = 30

TCKS    283521
EVTS    22
NO      0.207
FWDS    0.000    0.000
BAKS    0.000    0.001

=== TOTAL=300, WAIT=30, LATENCY=25, EVENTS=5

NOS[2] = 340
NOS[3] = 102

TCKS    283521
EVTS    43
NO      0.110
FWDS    0.000    0.000
BAKS    0.001    0.014

=== TOTAL=300, WAIT=30, LATENCY=25, EVENTS=10

TCKS    283521
EVTS    59
NO      0.000
FWDS    0.000    0.000
BAKS    0.001    0.010

=== TOTAL=300, WAIT=30, LATENCY=25, EVENTS=25

TCKS    283521
EVTS    135
NO      0.000
FWDS    0.000    0.000
BAKS    0.003    0.022

=== TOTAL=300, WAIT=30, LATENCY=25, EVENTS=50

TCKS    283521
EVTS    262
NO      0.000
FWDS    0.000    0.000
BAKS    0.007    0.036

=== TOTAL=300, WAIT=30, LATENCY=25, EVENTS=100

TCKS    283521
EVTS    514
NO      0.000
FWDS    0.000    0.000
BAKS    0.016    0.081

=== TOTAL=300, WAIT=30, LATENCY=25, EVENTS=250

TCKS    283521
EVTS    1129
NO      0.000
FWDS    0.000    0.000
BAKS    0.043    0.223

=== TOTAL=300, WAIT=30, LATENCY=25, EVENTS=500

TCKS    283521
EVTS    1478
NO      0.000
FWDS    0.000    0.000
BAKS    0.054    0.245

=== TOTAL=300, WAIT=30, LATENCY=50, EVENTS=1

NOS[2] = 260
NOS[8] = 260
NOS[14] = 247

TCKS    283521
EVTS    21
NO      0.645
FWDS    0.000    0.000
BAKS    0.000    0.000

=== TOTAL=300, WAIT=30, LATENCY=50, EVENTS=5

NOS[1] = 110

TCKS    283521
EVTS    38
NO      0.020
FWDS    0.000    0.000
BAKS    0.000    0.007

=== TOTAL=300, WAIT=30, LATENCY=50, EVENTS=10

NOS[1] = 56

TCKS    283521
EVTS    60
NO      0.010
FWDS    0.000    0.000
BAKS    0.001    0.020

=== TOTAL=300, WAIT=30, LATENCY=50, EVENTS=25

TCKS    283521
EVTS    139
NO      0.000
FWDS    0.000    0.000
BAKS    0.004    0.041

=== TOTAL=300, WAIT=30, LATENCY=50, EVENTS=50

TCKS    283521
EVTS    245
NO      0.000
FWDS    0.000    0.000
BAKS    0.007    0.073

=== TOTAL=300, WAIT=30, LATENCY=50, EVENTS=100

TCKS    283521
EVTS    470
NO      0.000
FWDS    0.000    0.000
BAKS    0.015    0.262

=== TOTAL=300, WAIT=30, LATENCY=50, EVENTS=250

TCKS    283521
EVTS    990
NO      0.000
FWDS    0.000    0.000
BAKS    0.037    0.541

=== TOTAL=300, WAIT=30, LATENCY=50, EVENTS=500

TCKS    283521
EVTS    1180
NO      0.000
FWDS    0.000    0.000
BAKS    0.044    0.690

=== TOTAL=300, WAIT=30, LATENCY=100, EVENTS=1

NOS[2] = 300
NOS[7] = 300
NOS[11] = 187

TCKS    283521
EVTS    22
NO      0.560
FWDS    0.000    0.000
BAKS    0.000    0.000

=== TOTAL=300, WAIT=30, LATENCY=100, EVENTS=5

NOS[2] = 380
NOS[8] = 380
NOS[14] = 361

TCKS    283521
EVTS    37
NO      0.943
FWDS    0.000    0.000
BAKS    0.001    0.049

=== TOTAL=300, WAIT=30, LATENCY=100, EVENTS=10

TCKS    283521
EVTS    61
NO      0.000
FWDS    0.000    0.000
BAKS    0.001    0.026

=== TOTAL=300, WAIT=30, LATENCY=100, EVENTS=25

NOS[1] = 16

TCKS    283521
EVTS    141
NO      0.003
FWDS    0.000    0.000
BAKS    0.003    0.094

=== TOTAL=300, WAIT=30, LATENCY=100, EVENTS=50

NOS[1] = 76

TCKS    283521
EVTS    250
NO      0.014
FWDS    0.000    0.000
BAKS    0.009    0.168

=== TOTAL=300, WAIT=30, LATENCY=100, EVENTS=100

TCKS    283521
EVTS    484
NO      0.000
FWDS    0.000    0.000
BAKS    0.022    0.439

=== TOTAL=300, WAIT=30, LATENCY=100, EVENTS=250

TCKS    283521
EVTS    1122
NO      0.000
FWDS    0.000    0.000
BAKS    0.074    2.217

=== TOTAL=300, WAIT=30, LATENCY=100, EVENTS=500

TCKS    283521
EVTS    1652
NO      0.000
FWDS    0.000    0.000
BAKS    0.294    28.315

=== TOTAL=300, WAIT=30, LATENCY=250, EVENTS=1

NOS[2] = 240
NOS[8] = 240
NOS[14] = 228

TCKS    283521
EVTS    23
NO      0.596
FWDS    0.000    0.000
BAKS    0.000    0.008

=== TOTAL=300, WAIT=30, LATENCY=250, EVENTS=5

NOS[2] = 240
NOS[6] = 62

TCKS    283521
EVTS    34
NO      0.195
FWDS    0.000    0.000
BAKS    0.001    0.029

=== TOTAL=300, WAIT=30, LATENCY=250, EVENTS=10

NOS[2] = 107

TCKS    283521
EVTS    63
NO      0.037
FWDS    0.000    0.000
BAKS    0.001    0.065

=== TOTAL=300, WAIT=30, LATENCY=250, EVENTS=25

NOS[2] = 41

TCKS    283521
EVTS    134
NO      0.013
FWDS    0.000    0.000
BAKS    0.004    0.206

=== TOTAL=300, WAIT=30, LATENCY=250, EVENTS=50

NOS[1] = 48

TCKS    283521
EVTS    261
NO      0.009
FWDS    0.000    0.000
BAKS    0.012    0.573

=== TOTAL=300, WAIT=30, LATENCY=250, EVENTS=100

TCKS    283521
EVTS    481
NO      0.000
FWDS    0.000    0.000
BAKS    0.032    1.629

=== TOTAL=300, WAIT=30, LATENCY=500, EVENTS=1

NOS[2] = 320
NOS[8] = 320
NOS[14] = 304

TCKS    283521
EVTS    21
NO      0.794
FWDS    0.000    0.000
BAKS    0.000    0.000

=== TOTAL=300, WAIT=30, LATENCY=500, EVENTS=5

NOS[2] = 320
NOS[8] = 320
NOS[14] = 304

TCKS    283521
EVTS    35
NO      0.795
FWDS    0.000    0.000
BAKS    0.001    0.076

=== TOTAL=300, WAIT=30, LATENCY=500, EVENTS=10

NOS[2] = 200
NOS[8] = 21
NOS[13] = 10

TCKS    283521
EVTS    68
NO      0.156
FWDS    0.000    0.000
BAKS    0.002    0.169

=== TOTAL=300, WAIT=30, LATENCY=500, EVENTS=25

NOS[2] = 106
NOS[5] = 15

TCKS    283521
EVTS    128
NO      0.064
FWDS    0.000    0.000
BAKS    0.005    0.414

=== TOTAL=300, WAIT=30, LATENCY=500, EVENTS=50

NOS[2] = 47
NOS[8] = 20
NOS[14] = 19

TCKS    283521
EVTS    257
NO      0.073
FWDS    0.000    0.000
BAKS    0.019    1.958

=== TOTAL=300, WAIT=30, LATENCY=500, EVENTS=100

NOS[2] = 217
NOS[8] = 100
NOS[14] = 95

TCKS    283521
EVTS    498
NO      0.334
FWDS    0.000    0.000
BAKS    0.119    33.927

=== TOTAL=300, WAIT=30, LATENCY=1000, EVENTS=1

NOS[2] = 300
NOS[8] = 180
NOS[14] = 171

TCKS    283521
EVTS    24
NO      0.518
FWDS    0.000    0.000
BAKS    0.001    1.066

=== TOTAL=300, WAIT=30, LATENCY=1000, EVENTS=5

NOS[2] = 300
NOS[8] = 260
NOS[14] = 171

TCKS    283521
EVTS    35
NO      0.649
FWDS    0.000    0.000
BAKS    0.002    2.709

=== TOTAL=300, WAIT=30, LATENCY=1000, EVENTS=10

NOS[2] = 356
NOS[8] = 240
NOS[14] = 209

TCKS    283521
EVTS    62
NO      0.608
FWDS    0.000    0.000
BAKS    0.004    3.109

=== TOTAL=300, WAIT=30, LATENCY=1000, EVENTS=25

NOS[2] = 340
NOS[8] = 240
NOS[14] = 190

TCKS    283521
EVTS    139
NO      0.611
FWDS    0.000    0.000
BAKS    0.014    6.992

=== TOTAL=300, WAIT=30, LATENCY=1000, EVENTS=50

NOS[2] = 280
NOS[8] = 160
NOS[14] = 133

TCKS    283521
EVTS    256
NO      0.461
FWDS    0.000    0.000
BAKS    0.055    23.792

