=== TOTAL=300, WAIT=30, LATENCY=5, EVENTS=100

TCKS    283521
EVTS    458
NO      0.000
FWDS    0.001    0.001
BAKS    0.016    0.028

=== TOTAL=300, WAIT=30, LATENCY=25, EVENTS=100

TCKS    283521
EVTS    465
NO      0.000
FWDS    0.002    0.003
BAKS    0.016    0.090

=== TOTAL=300, WAIT=30, LATENCY=50, EVENTS=100

TCKS    283521
EVTS    477
NO      0.000
FWDS    0.001    0.002
BAKS    0.017    0.156

=== TOTAL=300, WAIT=30, LATENCY=100, EVENTS=100

TCKS    283521
EVTS    492
NO      0.000
FWDS    0.001    0.001
BAKS    0.022    0.414

=== TOTAL=300, WAIT=30, LATENCY=250, EVENTS=100

TCKS    283521
EVTS    459
NO      0.187
FWDS    0.001    0.002
BAKS    0.031    1.598

=== TOTAL=300, WAIT=30, LATENCY=500, EVENTS=100

TCKS    283521
EVTS    470
NO      0.653
FWDS    0.004    0.007
BAKS    0.072    10.277

=== TOTAL=300, WAIT=30, LATENCY=1000, EVENTS=100

