=== TOTAL=300, WAIT=30, LATENCY=5, EVENTS=1

NOS[2] = 300
NOS[8] = 300
NOS[14] = 285

TCKS    283521
EVTS    23
NO      0.744
FWDS    0.003    0.005
BAKS    0.000    0.004

=== TOTAL=300, WAIT=30, LATENCY=5, EVENTS=5

NOS[2] = 399
NOS[8] = 380
NOS[14] = 361

TCKS    283521
EVTS    38
NO      0.943
FWDS    0.005    0.009
BAKS    0.001    0.027

=== TOTAL=300, WAIT=30, LATENCY=5, EVENTS=10

TCKS    283521
EVTS    61
NO      0.000
FWDS    0.004    0.007
BAKS    0.001    0.012

=== TOTAL=300, WAIT=30, LATENCY=5, EVENTS=25

TCKS    283521
EVTS    125
NO      0.000
FWDS    0.002    0.003
BAKS    0.004    0.010

=== TOTAL=300, WAIT=30, LATENCY=5, EVENTS=50

TCKS    283521
EVTS    256
NO      0.000
FWDS    0.001    0.002
BAKS    0.007    0.018

=== TOTAL=300, WAIT=30, LATENCY=5, EVENTS=100

TCKS    283521
EVTS    480
NO      0.000
FWDS    0.000    0.001
BAKS    0.014    0.028

=== TOTAL=300, WAIT=30, LATENCY=5, EVENTS=250

TCKS    283521
EVTS    991
NO      0.000
FWDS    0.000    0.000
BAKS    0.038    0.060

=== TOTAL=300, WAIT=30, LATENCY=5, EVENTS=500

TCKS    283521
EVTS    1664
NO      0.000
FWDS    0.000    0.000
BAKS    0.056    0.084

=== TOTAL=300, WAIT=30, LATENCY=25, EVENTS=1

NOS[2] = 340
NOS[5] = 29

TCKS    283521
EVTS    24
NO      0.223
FWDS    0.008    0.015
BAKS    0.000    0.002

=== TOTAL=300, WAIT=30, LATENCY=25, EVENTS=5

TCKS    283521
EVTS    35
NO      0.000
FWDS    0.001    0.002
BAKS    0.000    0.007

=== TOTAL=300, WAIT=30, LATENCY=25, EVENTS=10

TCKS    283521
EVTS    68
NO      0.000
FWDS    0.002    0.004
BAKS    0.002    0.016

=== TOTAL=300, WAIT=30, LATENCY=25, EVENTS=25

TCKS    283521
EVTS    126
NO      0.000
FWDS    0.002    0.003
BAKS    0.003    0.021

=== TOTAL=300, WAIT=30, LATENCY=25, EVENTS=50

TCKS    283521
EVTS    243
NO      0.001
FWDS    0.006    0.012
BAKS    0.006    0.059

=== TOTAL=300, WAIT=30, LATENCY=25, EVENTS=100

TCKS    283521
EVTS    476
NO      0.000
FWDS    0.000    0.000
BAKS    0.015    0.096

=== TOTAL=300, WAIT=30, LATENCY=25, EVENTS=250

TCKS    283521
EVTS    1132
NO      0.000
FWDS    0.000    0.000
BAKS    0.043    0.327

=== TOTAL=300, WAIT=30, LATENCY=25, EVENTS=500

TCKS    283521
EVTS    1425
NO      0.000
FWDS    0.000    0.000
BAKS    0.054    0.336

=== TOTAL=300, WAIT=30, LATENCY=50, EVENTS=1

NOS[2] = 180
NOS[8] = 180
NOS[14] = 171

TCKS    283521
EVTS    22
NO      0.447
FWDS    0.000    0.000
BAKS    0.000    0.003

=== TOTAL=300, WAIT=30, LATENCY=50, EVENTS=5

NOS[2] = 159

TCKS    283521
EVTS    37
NO      0.059
FWDS    0.007    0.014
BAKS    0.000    0.006

=== TOTAL=300, WAIT=30, LATENCY=50, EVENTS=10

NOS[2] = 360
NOS[6] = 270

TCKS    283521
EVTS    65
NO      0.338
FWDS    0.006    0.012
BAKS    0.001    0.038

=== TOTAL=300, WAIT=30, LATENCY=50, EVENTS=25

NOS[1] = 92

TCKS    283521
EVTS    122
NO      0.017
FWDS    0.006    0.012
BAKS    0.003    0.044

=== TOTAL=300, WAIT=30, LATENCY=50, EVENTS=50

TCKS    283521
EVTS    255
NO      0.000
FWDS    0.001    0.003
BAKS    0.007    0.076

=== TOTAL=300, WAIT=30, LATENCY=50, EVENTS=100

TCKS    283521
EVTS    466
NO      0.000
FWDS    0.000    0.000
BAKS    0.016    0.191

=== TOTAL=300, WAIT=30, LATENCY=50, EVENTS=250

TCKS    283521
EVTS    977
NO      0.000
FWDS    0.000    0.000
BAKS    0.038    0.709

=== TOTAL=300, WAIT=30, LATENCY=100, EVENTS=1

TCKS    283521
EVTS    25
NO      0.000
FWDS    0.000    0.000
BAKS    0.000    0.003

=== TOTAL=300, WAIT=30, LATENCY=100, EVENTS=5

NOS[2] = 112
NOS[8] = 20
NOS[14] = 19

TCKS    283521
EVTS    34
NO      0.125
FWDS    0.004    0.008
BAKS    0.000    0.018

=== TOTAL=300, WAIT=30, LATENCY=100, EVENTS=10

NOS[2] = 320
NOS[8] = 16

TCKS    283521
EVTS    57
NO      0.266
FWDS    0.007    0.014
BAKS    0.001    0.041

=== TOTAL=300, WAIT=30, LATENCY=100, EVENTS=25

NOS[1] = 26

TCKS    283521
EVTS    137
NO      0.005
FWDS    0.005    0.009
BAKS    0.003    0.082

=== TOTAL=300, WAIT=30, LATENCY=100, EVENTS=50

TCKS    283521
EVTS    251
NO      0.000
FWDS    0.002    0.004
BAKS    0.009    0.203

=== TOTAL=300, WAIT=30, LATENCY=100, EVENTS=100

TCKS    283521
EVTS    481
NO      0.000
FWDS    0.001    0.002
BAKS    0.020    0.562

=== TOTAL=300, WAIT=30, LATENCY=100, EVENTS=250

TCKS    283521
EVTS    1082
NO      0.000
FWDS    0.000    0.001
BAKS    0.074    1.643

=== TOTAL=300, WAIT=30, LATENCY=100, EVENTS=500

TCKS    283521
EVTS    1624
NO      0.000
FWDS    0.001    0.002
BAKS    0.153    6.865

=== TOTAL=300, WAIT=30, LATENCY=250, EVENTS=1

NOS[2] = 300
NOS[8] = 300
NOS[14] = 285

TCKS    283521
EVTS    22
NO      0.744
FWDS    0.000    0.000
BAKS    0.000    0.000

=== TOTAL=300, WAIT=30, LATENCY=250, EVENTS=5

NOS[2] = 280
NOS[6] = 280
NOS[10] = 31

TCKS    283521
EVTS    37
NO      0.372
FWDS    0.007    0.015
BAKS    0.001    0.041

=== TOTAL=300, WAIT=30, LATENCY=250, EVENTS=10

NOS[2] = 282
NOS[8] = 167
NOS[14] = 152

TCKS    283521
EVTS    68
NO      0.470
FWDS    0.006    0.011
BAKS    0.001    0.108

=== TOTAL=300, WAIT=30, LATENCY=250, EVENTS=25

NOS[2] = 126
NOS[4] = 22

TCKS    283521
EVTS    142
NO      0.064
FWDS    0.008    0.016
BAKS    0.005    0.245

=== TOTAL=300, WAIT=30, LATENCY=250, EVENTS=50

NOS[1] = 14

TCKS    283521
EVTS    230
NO      0.003
FWDS    0.002    0.003
BAKS    0.009    0.418

=== TOTAL=300, WAIT=30, LATENCY=250, EVENTS=100

NOS[1] = 47
NOS[8] = 40
NOS[14] = 40

TCKS    283521
EVTS    471
NO      0.115
FWDS    0.002    0.003
BAKS    0.034    2.482

=== TOTAL=300, WAIT=30, LATENCY=500, EVENTS=1

NOS[2] = 280
NOS[8] = 280
NOS[14] = 266

TCKS    283521
EVTS    22
NO      0.695
FWDS    0.000    0.000
BAKS    0.000    0.000

=== TOTAL=300, WAIT=30, LATENCY=500, EVENTS=5

NOS[2] = 300
NOS[8] = 300
NOS[14] = 133

TCKS    283521
EVTS    34
NO      0.656
FWDS    0.008    0.016
BAKS    0.000    0.049

=== TOTAL=300, WAIT=30, LATENCY=500, EVENTS=10

NOS[2] = 340
NOS[8] = 340
NOS[14] = 215

TCKS    283521
EVTS    56
NO      0.769
FWDS    0.005    0.010
BAKS    0.002    0.176

=== TOTAL=300, WAIT=30, LATENCY=500, EVENTS=25

NOS[2] = 219
NOS[8] = 60
NOS[14] = 19

TCKS    283521
EVTS    115
NO      0.199
FWDS    0.005    0.010
BAKS    0.005    0.468

=== TOTAL=300, WAIT=30, LATENCY=500, EVENTS=50

NOS[2] = 180
NOS[8] = 60
NOS[14] = 57

TCKS    283521
EVTS    234
NO      0.228
FWDS    0.005    0.009
BAKS    0.014    1.318

=== TOTAL=300, WAIT=30, LATENCY=500, EVENTS=100

NOS[2] = 268
NOS[8] = 100
NOS[14] = 95

TCKS    283521
EVTS    473
NO      0.322
FWDS    0.005    0.009
BAKS    0.080    13.155

=== TOTAL=300, WAIT=30, LATENCY=1000, EVENTS=1

NOS[2] = 360
NOS[8] = 360
NOS[14] = 342

TCKS    283521
EVTS    23
NO      0.893
FWDS    0.001    0.002
BAKS    0.001    1.428

=== TOTAL=300, WAIT=30, LATENCY=1000, EVENTS=5

NOS[2] = 280
NOS[8] = 260
NOS[14] = 247

TCKS    283521
EVTS    33
NO      0.665
FWDS    0.006    0.012
BAKS    0.001    1.195

=== TOTAL=300, WAIT=30, LATENCY=1000, EVENTS=10

NOS[2] = 340
NOS[8] = 300
NOS[14] = 285

TCKS    283521
EVTS    56
NO      0.759
FWDS    0.005    0.010
BAKS    0.003    1.966

=== TOTAL=300, WAIT=30, LATENCY=1000, EVENTS=25

NOS[2] = 300
NOS[8] = 220
NOS[14] = 209

TCKS    283521
EVTS    136
NO      0.591
FWDS    0.003    0.007
BAKS    0.015    7.309

=== TOTAL=300, WAIT=30, LATENCY=1000, EVENTS=50

NOS[2] = 300
NOS[8] = 120
NOS[14] = 117

TCKS    283521
EVTS    240
NO      0.383
FWDS    0.007    0.014
BAKS    0.043    14.917

