=== TOTAL=300, WAIT=30, LATENCY=5, EVENTS=1

NOS[2] = 280
NOS[6] = 280
NOS[10] = 114

TCKS    283521
EVTS    25
NO      0.444
FWDS    0.005    0.009
BAKS    0.000    0.006

=== TOTAL=300, WAIT=30, LATENCY=5, EVENTS=5

TCKS    283521
EVTS    37
NO      0.000
FWDS    0.003    0.006
BAKS    0.001    0.003

=== TOTAL=300, WAIT=30, LATENCY=5, EVENTS=10

NOS[2] = 40

TCKS    283521
EVTS    56
NO      0.011
FWDS    0.005    0.010
BAKS    0.001    0.007

=== TOTAL=300, WAIT=30, LATENCY=5, EVENTS=25

NOS[1] = 52

TCKS    283521
EVTS    134
NO      0.010
FWDS    0.005    0.011
BAKS    0.004    0.015

=== TOTAL=300, WAIT=30, LATENCY=5, EVENTS=50

TCKS    283521
EVTS    256
NO      0.000
FWDS    0.001    0.002
BAKS    0.008    0.016

=== TOTAL=300, WAIT=30, LATENCY=5, EVENTS=100

TCKS    283521
EVTS    493
NO      0.000
FWDS    0.002    0.003
BAKS    0.017    0.029

=== TOTAL=300, WAIT=30, LATENCY=5, EVENTS=250

TCKS    283521
EVTS    985
NO      0.000
FWDS    0.000    0.000
BAKS    0.035    0.054

=== TOTAL=300, WAIT=30, LATENCY=5, EVENTS=500

TCKS    283521
EVTS    1700
NO      0.000
FWDS    0.000    0.000
BAKS    0.060    0.087

=== TOTAL=300, WAIT=30, LATENCY=25, EVENTS=1

NOS[2] = 220
NOS[8] = 220
NOS[14] = 209

TCKS    283521
EVTS    24
NO      0.546
FWDS    0.000    0.000
BAKS    0.000    0.013

=== TOTAL=300, WAIT=30, LATENCY=25, EVENTS=5

NOS[2] = 340
NOS[8] = 191
NOS[14] = 115

TCKS    283521
EVTS    40
NO      0.588
FWDS    0.003    0.006
BAKS    0.001    0.014

=== TOTAL=300, WAIT=30, LATENCY=25, EVENTS=10

NOS[2] = 211
NOS[3] = 65

TCKS    283521
EVTS    69
NO      0.069
FWDS    0.005    0.009
BAKS    0.001    0.015

=== TOTAL=300, WAIT=30, LATENCY=25, EVENTS=25

NOS[2] = 380
NOS[3] = 380
NOS[4] = 209

TCKS    283521
EVTS    124
NO      0.211
FWDS    0.012    0.024
BAKS    0.003    0.051

=== TOTAL=300, WAIT=30, LATENCY=25, EVENTS=50

TCKS    283521
EVTS    240
NO      0.000
FWDS    0.002    0.004
BAKS    0.007    0.046

=== TOTAL=300, WAIT=30, LATENCY=25, EVENTS=100

TCKS    283521
EVTS    492
NO      0.000
FWDS    0.000    0.000
BAKS    0.015    0.085

=== TOTAL=300, WAIT=30, LATENCY=25, EVENTS=250

TCKS    283521
EVTS    1094
NO      0.000
FWDS    0.000    0.000
BAKS    0.040    0.210

=== TOTAL=300, WAIT=30, LATENCY=25, EVENTS=500

TCKS    283521
EVTS    1862
NO      0.000
FWDS    0.000    0.000
BAKS    0.078    0.417

=== TOTAL=300, WAIT=30, LATENCY=50, EVENTS=1

NOS[2] = 280
NOS[8] = 280
NOS[14] = 266

TCKS    283521
EVTS    22
NO      0.695
FWDS    0.000    0.001
BAKS    0.000    0.003

=== TOTAL=300, WAIT=30, LATENCY=50, EVENTS=5

NOS[2] = 340
NOS[8] = 320
NOS[11] = 97

TCKS    283521
EVTS    38
NO      0.598
FWDS    0.006    0.011
BAKS    0.001    0.025

=== TOTAL=300, WAIT=30, LATENCY=50, EVENTS=10

NOS[2] = 266
NOS[6] = 14

TCKS    283521
EVTS    59
NO      0.101
FWDS    0.009    0.017
BAKS    0.001    0.037

=== TOTAL=300, WAIT=30, LATENCY=50, EVENTS=25


=== TOTAL=300, WAIT=30, LATENCY=50, EVENTS=50

TCKS    283521
EVTS    255
NO      0.000
FWDS    0.003    0.006
BAKS    0.007    0.106

=== TOTAL=300, WAIT=30, LATENCY=50, EVENTS=100

TCKS    283521
EVTS    470
NO      0.000
FWDS    0.001    0.001
BAKS    0.017    0.196

=== TOTAL=300, WAIT=30, LATENCY=50, EVENTS=250


=== TOTAL=300, WAIT=30, LATENCY=50, EVENTS=500

TCKS    283521
EVTS    1721
NO      0.000
FWDS    0.000    0.000
BAKS    0.101    1.065

=== TOTAL=300, WAIT=30, LATENCY=100, EVENTS=1

NOS[2] = 320
NOS[8] = 320
NOS[14] = 304

TCKS    283521
EVTS    23
NO      0.794
FWDS    0.000    0.000
BAKS    0.000    0.000

=== TOTAL=300, WAIT=30, LATENCY=100, EVENTS=5

NOS[2] = 100
NOS[6] = 100
NOS[10] = 3

TCKS    283521
EVTS    34
NO      0.157
FWDS    0.002    0.004
BAKS    0.000    0.017

=== TOTAL=300, WAIT=30, LATENCY=100, EVENTS=10

NOS[2] = 360
NOS[7] = 221

TCKS    283521
EVTS    59
NO      0.400
FWDS    0.008    0.015
BAKS    0.001    0.032

=== TOTAL=300, WAIT=30, LATENCY=100, EVENTS=25

TCKS    283521
EVTS    134
NO      0.000
FWDS    0.002    0.004
BAKS    0.004    0.084

=== TOTAL=300, WAIT=30, LATENCY=100, EVENTS=50

TCKS    283521
EVTS    259
NO      0.000
FWDS    0.001    0.002
BAKS    0.008    0.171

=== TOTAL=300, WAIT=30, LATENCY=100, EVENTS=100

TCKS    283521
EVTS    482
NO      0.000
FWDS    0.002    0.003
BAKS    0.021    0.382

=== TOTAL=300, WAIT=30, LATENCY=100, EVENTS=250

TCKS    283521
EVTS    1145
NO      0.000
FWDS    0.000    0.000
BAKS    0.079    1.578

=== TOTAL=300, WAIT=30, LATENCY=100, EVENTS=500


=== TOTAL=300, WAIT=30, LATENCY=250, EVENTS=1

NOS[2] = 340
NOS[8] = 340
NOS[14] = 323

TCKS    283521
EVTS    22
NO      0.844
FWDS    0.000    0.000
BAKS    0.000    0.011

=== TOTAL=300, WAIT=30, LATENCY=250, EVENTS=5

NOS[2] = 240
NOS[8] = 146
NOS[14] = 76

TCKS    283521
EVTS    35
NO      0.380
FWDS    0.006    0.013
BAKS    0.001    0.044

=== TOTAL=300, WAIT=30, LATENCY=250, EVENTS=10

NOS[2] = 340
NOS[8] = 50
NOS[14] = 19

TCKS    283521
EVTS    66
NO      0.252
FWDS    0.009    0.018
BAKS    0.001    0.085

=== TOTAL=300, WAIT=30, LATENCY=250, EVENTS=25

NOS[2] = 169
NOS[3] = 92
NOS[4] = 14

TCKS    283521
EVTS    129
NO      0.067
FWDS    0.005    0.009
BAKS    0.005    0.217

=== TOTAL=300, WAIT=30, LATENCY=250, EVENTS=50

NOS[2] = 34

TCKS    283521
EVTS    254
NO      0.010
FWDS    0.002    0.003
BAKS    0.011    0.523

=== TOTAL=300, WAIT=30, LATENCY=250, EVENTS=100

TCKS    283521
EVTS    465
NO      0.000
FWDS    0.001    0.001
BAKS    0.033    1.711

=== TOTAL=300, WAIT=30, LATENCY=500, EVENTS=1

NOS[2] = 300
NOS[8] = 295
NOS[14] = 266

TCKS    283521
EVTS    24
NO      0.721
FWDS    0.003    0.007
BAKS    0.000    0.010

=== TOTAL=300, WAIT=30, LATENCY=500, EVENTS=5

NOS[2] = 260
NOS[8] = 180
NOS[14] = 165

TCKS    283521
EVTS    42
NO      0.528
FWDS    0.003    0.007
BAKS    0.001    0.082

=== TOTAL=300, WAIT=30, LATENCY=500, EVENTS=10

NOS[2] = 320
NOS[8] = 81
NOS[14] = 76

TCKS    283521
EVTS    55
NO      0.422
FWDS    0.008    0.016
BAKS    0.001    0.149

=== TOTAL=300, WAIT=30, LATENCY=500, EVENTS=25

NOS[2] = 145
NOS[3] = 91
NOS[4] = 34

TCKS    283521
EVTS    138
NO      0.073
FWDS    0.006    0.011
BAKS    0.006    0.500

=== TOTAL=300, WAIT=30, LATENCY=500, EVENTS=50

NOS[2] = 169
NOS[6] = 20
NOS[14] = 19

TCKS    283521
EVTS    241
NO      0.111
FWDS    0.003    0.007
BAKS    0.015    1.478

=== TOTAL=300, WAIT=30, LATENCY=500, EVENTS=100

NOS[2] = 194
NOS[8] = 106
NOS[14] = 96

TCKS    283521
EVTS    484
NO      0.318
FWDS    0.003    0.006
BAKS    0.083    12.453

=== TOTAL=300, WAIT=30, LATENCY=1000, EVENTS=1

NOS[2] = 300
NOS[8] = 300
NOS[14] = 285

TCKS    283521
EVTS    23
NO      0.745
FWDS    0.001    0.002
BAKS    0.001    1.283

=== TOTAL=300, WAIT=30, LATENCY=1000, EVENTS=5

NOS[2] = 280
NOS[8] = 240
NOS[14] = 228

TCKS    283521
EVTS    34
NO      0.619
FWDS    0.004    0.009
BAKS    0.001    0.691

=== TOTAL=300, WAIT=30, LATENCY=1000, EVENTS=10

NOS[2] = 299
NOS[8] = 180
NOS[14] = 133

TCKS    283521
EVTS    65
NO      0.507
FWDS    0.006    0.011
BAKS    0.003    1.456

=== TOTAL=300, WAIT=30, LATENCY=1000, EVENTS=25

NOS[2] = 365
NOS[8] = 244
NOS[14] = 152

TCKS    283521
EVTS    137
NO      0.604
FWDS    0.004    0.007
BAKS    0.013    6.292

=== TOTAL=300, WAIT=30, LATENCY=1000, EVENTS=50

NOS[2] = 149
NOS[8] = 251
NOS[14] = 266

TCKS    283521
EVTS    246
NO      0.585
FWDS    0.004    0.007
BAKS    0.044    15.236

