=== TOTAL=300, WAIT=30, LATENCY=5, EVENTS=1

NOS[2] = 240
NOS[14] = 228

TCKS    283521
EVTS    23
NO      0.596
FWDS    0.001    0.002
BAKS    0.000    0.005

=== TOTAL=300, WAIT=30, LATENCY=5, EVENTS=5

NOS[2] = 340
NOS[5] = 170

TCKS    283521
EVTS    33
NO      0.248
FWDS    0.006    0.011
BAKS    0.000    0.013

=== TOTAL=300, WAIT=30, LATENCY=5, EVENTS=10

NOS[2] = 121

TCKS    283521
EVTS    59
NO      0.041
FWDS    0.005    0.010
BAKS    0.001    0.016

=== TOTAL=300, WAIT=30, LATENCY=5, EVENTS=25

TCKS    283521
EVTS    132
NO      0.000
FWDS    0.002    0.003
BAKS    0.003    0.011

=== TOTAL=300, WAIT=30, LATENCY=5, EVENTS=50

TCKS    283521
EVTS    236
NO      0.000
FWDS    0.003    0.006
BAKS    0.007    0.017

=== TOTAL=300, WAIT=30, LATENCY=5, EVENTS=100

TCKS    283521
EVTS    446
NO      0.000
FWDS    0.001    0.001
BAKS    0.016    0.029

=== TOTAL=300, WAIT=30, LATENCY=5, EVENTS=250

TCKS    283521
EVTS    987
NO      0.000
FWDS    0.000    0.000
BAKS    0.032    0.056

=== TOTAL=300, WAIT=30, LATENCY=5, EVENTS=500

TCKS    283521
EVTS    1305
NO      0.000
FWDS    0.000    0.000
BAKS    0.046    0.078

=== TOTAL=300, WAIT=30, LATENCY=25, EVENTS=1

NOS[2] = 240
NOS[6] = 77

TCKS    283521
EVTS    25
NO      0.203
FWDS    0.006    0.012
BAKS    0.000    0.004

=== TOTAL=300, WAIT=30, LATENCY=25, EVENTS=5

NOS[2] = 300
NOS[5] = 30

TCKS    283521
EVTS    44
NO      0.196
FWDS    0.009    0.017
BAKS    0.001    0.028

=== TOTAL=300, WAIT=30, LATENCY=25, EVENTS=10

TCKS    283521
EVTS    61
NO      0.000
FWDS    0.003    0.005
BAKS    0.001    0.016

=== TOTAL=300, WAIT=30, LATENCY=25, EVENTS=25

TCKS    283521
EVTS    125
NO      0.000
FWDS    0.002    0.003
BAKS    0.003    0.020

=== TOTAL=300, WAIT=30, LATENCY=25, EVENTS=50

TCKS    283521
EVTS    246
NO      0.000
FWDS    0.002    0.003
BAKS    0.007    0.055

=== TOTAL=300, WAIT=30, LATENCY=25, EVENTS=100

TCKS    283521
EVTS    472
NO      0.000
FWDS    0.002    0.003
BAKS    0.013    0.123

=== TOTAL=300, WAIT=30, LATENCY=25, EVENTS=250

TCKS    283521
EVTS    1077
NO      0.000
FWDS    0.000    0.000
BAKS    0.043    0.249

=== TOTAL=300, WAIT=30, LATENCY=25, EVENTS=500

TCKS    283521
EVTS    1658
NO      0.000
FWDS    0.000    0.000
BAKS    0.072    0.383

=== TOTAL=300, WAIT=30, LATENCY=50, EVENTS=1

NOS[2] = 240
NOS[6] = 240
NOS[14] = 228

TCKS    283521
EVTS    22
NO      0.596
FWDS    0.000    0.000
BAKS    0.000    0.007

=== TOTAL=300, WAIT=30, LATENCY=50, EVENTS=5

NOS[2] = 360
NOS[8] = 360
NOS[12] = 288

TCKS    283521
EVTS    41
NO      0.750
FWDS    0.004    0.008
BAKS    0.001    0.014

=== TOTAL=300, WAIT=30, LATENCY=50, EVENTS=10

NOS[2] = 162
NOS[6] = 10

TCKS    283521
EVTS    55
NO      0.101
FWDS    0.006    0.011
BAKS    0.001    0.026

=== TOTAL=300, WAIT=30, LATENCY=50, EVENTS=25

NOS[1] = 98

TCKS    283521
EVTS    120
NO      0.018
FWDS    0.007    0.013
BAKS    0.002    0.041

=== TOTAL=300, WAIT=30, LATENCY=50, EVENTS=50

TCKS    283521
EVTS    244
NO      0.000
FWDS    0.002    0.003
BAKS    0.006    0.126

=== TOTAL=300, WAIT=30, LATENCY=50, EVENTS=100

TCKS    283521
EVTS    479
NO      0.000
FWDS    0.000    0.000
BAKS    0.015    0.274

=== TOTAL=300, WAIT=30, LATENCY=50, EVENTS=250

TCKS    283521
EVTS    931
NO      0.000
FWDS    0.000    0.000
BAKS    0.040    0.359

=== TOTAL=300, WAIT=30, LATENCY=50, EVENTS=500

TCKS    283521
EVTS    1693
NO      0.000
FWDS    0.000    0.000
BAKS    0.100    1.635

=== TOTAL=300, WAIT=30, LATENCY=100, EVENTS=1

NOS[2] = 100
NOS[8] = 100
NOS[14] = 95

TCKS    283521
EVTS    24
NO      0.248
FWDS    0.000    0.000
BAKS    0.000    0.007

=== TOTAL=300, WAIT=30, LATENCY=100, EVENTS=5

NOS[2] = 220
NOS[9] = 15

TCKS    283521
EVTS    31
NO      0.183
FWDS    0.005    0.009
BAKS    0.000    0.024

=== TOTAL=300, WAIT=30, LATENCY=100, EVENTS=10

NOS[2] = 280
NOS[7] = 10

TCKS    283521
EVTS    65
NO      0.255
FWDS    0.005    0.010
BAKS    0.001    0.037

=== TOTAL=300, WAIT=30, LATENCY=100, EVENTS=25

TCKS    283521
EVTS    123
NO      0.000
FWDS    0.004    0.007
BAKS    0.004    0.072

=== TOTAL=300, WAIT=30, LATENCY=100, EVENTS=50

NOS[1] = 61

TCKS    283521
EVTS    242
NO      0.011
FWDS    0.006    0.011
BAKS    0.008    0.159

=== TOTAL=300, WAIT=30, LATENCY=100, EVENTS=100

TCKS    283521
EVTS    471
NO      0.000
FWDS    0.002    0.003
BAKS    0.017    0.379

=== TOTAL=300, WAIT=30, LATENCY=100, EVENTS=250

TCKS    283521
EVTS    1093
NO      0.000
FWDS    0.000    0.000
BAKS    0.067    1.374

=== TOTAL=300, WAIT=30, LATENCY=100, EVENTS=500

TCKS    283521
EVTS    1834
NO      0.000
FWDS    0.000    0.001
BAKS    0.201    4.797

=== TOTAL=300, WAIT=30, LATENCY=250, EVENTS=1

NOS[2] = 320
NOS[8] = 320
NOS[14] = 304

TCKS    283521
EVTS    23
NO      0.794
FWDS    0.002    0.004
BAKS    0.000    0.008

=== TOTAL=300, WAIT=30, LATENCY=250, EVENTS=5

NOS[2] = 200
NOS[8] = 160
NOS[14] = 114

TCKS    283521
EVTS    41
NO      0.423
FWDS    0.003    0.006
BAKS    0.000    0.029

=== TOTAL=300, WAIT=30, LATENCY=250, EVENTS=10

NOS[2] = 320
NOS[8] = 200
NOS[14] = 114

TCKS    283521
EVTS    57
NO      0.553
FWDS    0.005    0.011
BAKS    0.001    0.086

=== TOTAL=300, WAIT=30, LATENCY=250, EVENTS=25

NOS[2] = 157
NOS[8] = 35
NOS[14] = 19

TCKS    283521
EVTS    130
NO      0.138
FWDS    0.004    0.007
BAKS    0.004    0.233

=== TOTAL=300, WAIT=30, LATENCY=250, EVENTS=50

NOS[1] = 27

TCKS    283521
EVTS    252
NO      0.005
FWDS    0.002    0.005
BAKS    0.011    0.483

=== TOTAL=300, WAIT=30, LATENCY=250, EVENTS=100

TCKS    283521
EVTS    492
NO      0.000
FWDS    0.001    0.002
BAKS    0.038    2.142

=== TOTAL=300, WAIT=30, LATENCY=500, EVENTS=1

NOS[2] = 320
NOS[8] = 320
NOS[14] = 304

TCKS    283521
EVTS    23
NO      0.794
FWDS    0.002    0.005
BAKS    0.000    0.007

=== TOTAL=300, WAIT=30, LATENCY=500, EVENTS=5

NOS[2] = 320
NOS[8] = 320
NOS[14] = 266

TCKS    283521
EVTS    36
NO      0.767
FWDS    0.006    0.012
BAKS    0.000    0.063

=== TOTAL=300, WAIT=30, LATENCY=500, EVENTS=10

NOS[2] = 295
NOS[8] = 200
NOS[14] = 76

TCKS    283521
EVTS    69
NO      0.490
FWDS    0.010    0.019
BAKS    0.002    0.185

=== TOTAL=300, WAIT=30, LATENCY=500, EVENTS=25

NOS[2] = 399
NOS[8] = 257
NOS[14] = 209

TCKS    283521
EVTS    138
NO      0.658
FWDS    0.009    0.018
BAKS    0.006    0.765

=== TOTAL=300, WAIT=30, LATENCY=500, EVENTS=50

NOS[2] = 204
NOS[8] = 80
NOS[14] = 76

TCKS    283521
EVTS    241
NO      0.270
FWDS    0.005    0.010
BAKS    0.015    1.693

=== TOTAL=300, WAIT=30, LATENCY=500, EVENTS=100

NOS[2] = 169
NOS[8] = 60
NOS[14] = 57

TCKS    283521
EVTS    459
NO      0.193
FWDS    0.003    0.006
BAKS    0.076    11.984

=== TOTAL=300, WAIT=30, LATENCY=1000, EVENTS=1

NOS[2] = 280
NOS[8] = 280
NOS[14] = 266

TCKS    283521
EVTS    25
NO      0.695
FWDS    0.004    0.008
BAKS    0.000    0.277

=== TOTAL=300, WAIT=30, LATENCY=1000, EVENTS=5

NOS[2] = 280
NOS[8] = 277
NOS[14] = 247

TCKS    283521
EVTS    41
NO      0.672
FWDS    0.005    0.009
BAKS    0.002    2.444

=== TOTAL=300, WAIT=30, LATENCY=1000, EVENTS=10

NOS[2] = 320
NOS[8] = 320
NOS[14] = 304

TCKS    283521
EVTS    52
NO      0.794
FWDS    0.004    0.007
BAKS    0.002    0.472

=== TOTAL=300, WAIT=30, LATENCY=1000, EVENTS=25

NOS[2] = 272
NOS[8] = 237
NOS[14] = 136

TCKS    283521
EVTS    138
NO      0.526
FWDS    0.005    0.011
BAKS    0.011    4.487

=== TOTAL=300, WAIT=30, LATENCY=1000, EVENTS=50

NOS[2] = 340
NOS[8] = 300
NOS[14] = 285

TCKS    283521
EVTS    254
NO      0.775
FWDS    0.006    0.012
BAKS    0.055    25.563
