=== TOTAL=300, WAIT=30, LATENCY=5, EVENTS=1

=== TOTAL=300, WAIT=30, LATENCY=5, EVENTS=1

=== TOTAL=300, WAIT=30, LATENCY=5, EVENTS=1

NOS[0] = 0
NOS[1] = 144
NOS[2] = 320
NOS[3] = 320
NOS[4] = 320
NOS[5] = 320
NOS[6] = 320
NOS[7] = 320
NOS[8] = 320
NOS[9] = 320
NOS[10] = 320
NOS[11] = 320
NOS[12] = 320
NOS[13] = 320
NOS[14] = 304
NOS[15] = 0

TCKS    283521
EVTS    22
NO      0.794
FWDS    0.000    0.000
BAKS    0.000    0.001

=== TOTAL=300, WAIT=30, LATENCY=5, EVENTS=5

NOS[0] = 0
NOS[1] = 99
NOS[2] = 220
NOS[3] = 220
NOS[4] = 220
NOS[5] = 164
NOS[6] = 0
NOS[7] = 0
NOS[8] = 0
NOS[9] = 0
NOS[10] = 0
NOS[11] = 0
NOS[12] = 0
NOS[13] = 0
NOS[14] = 0
NOS[15] = 0

TCKS    283521
EVTS    36
NO      0.171
FWDS    0.000    0.000
BAKS    0.001    0.010

=== TOTAL=300, WAIT=30, LATENCY=5, EVENTS=10

NOS[0] = 0
NOS[1] = 0
NOS[2] = 0
NOS[3] = 0
NOS[4] = 0
NOS[5] = 0
NOS[6] = 0
NOS[7] = 0
NOS[8] = 0
NOS[9] = 0
NOS[10] = 0
NOS[11] = 0
NOS[12] = 0
NOS[13] = 0
NOS[14] = 0
NOS[15] = 0

TCKS    283521
EVTS    61
NO      0.000
FWDS    0.000    0.000
BAKS    0.001    0.003

=== TOTAL=300, WAIT=30, LATENCY=5, EVENTS=25

NOS[0] = 0
NOS[1] = 0
NOS[2] = 0
NOS[3] = 0
NOS[4] = 0
NOS[5] = 0
NOS[6] = 0
NOS[7] = 0
NOS[8] = 0
NOS[9] = 0
NOS[10] = 0
NOS[11] = 0
NOS[12] = 0
NOS[13] = 0
NOS[14] = 0
NOS[15] = 0

TCKS    283521
EVTS    126
NO      0.000
FWDS    0.000    0.000
BAKS    0.004    0.007

=== TOTAL=300, WAIT=30, LATENCY=5, EVENTS=50

NOS[0] = 0
NOS[1] = 0
NOS[2] = 0
NOS[3] = 0
NOS[4] = 0
NOS[5] = 0
NOS[6] = 0
NOS[7] = 0
NOS[8] = 0
NOS[9] = 0
NOS[10] = 0
NOS[11] = 0
NOS[12] = 0
NOS[13] = 0
NOS[14] = 0
NOS[15] = 0

TCKS    283521
EVTS    260
NO      0.000
FWDS    0.000    0.000
BAKS    0.008    0.016

=== TOTAL=300, WAIT=30, LATENCY=5, EVENTS=100

NOS[0] = 0
NOS[1] = 0
NOS[2] = 0
NOS[3] = 0
NOS[4] = 0
NOS[5] = 0
NOS[6] = 0
NOS[7] = 0
NOS[8] = 0
NOS[9] = 0
NOS[10] = 0
NOS[11] = 0
NOS[12] = 0
NOS[13] = 0
NOS[14] = 0
NOS[15] = 0

TCKS    283521
EVTS    475
NO      0.000
FWDS    0.000    0.000
BAKS    0.014    0.025

=== TOTAL=300, WAIT=30, LATENCY=5, EVENTS=250

NOS[0] = 0
NOS[1] = 0
NOS[2] = 0
NOS[3] = 0
NOS[4] = 0
NOS[5] = 0
NOS[6] = 0
NOS[7] = 0
NOS[8] = 0
NOS[9] = 0
NOS[10] = 0
NOS[11] = 0
NOS[12] = 0
NOS[13] = 0
NOS[14] = 0
NOS[15] = 0

TCKS    283521
EVTS    1020
NO      0.000
FWDS    0.002    0.002
BAKS    0.034    0.059

=== TOTAL=300, WAIT=30, LATENCY=5, EVENTS=500

NOS[0] = 0
NOS[1] = 0
NOS[2] = 0
NOS[3] = 0
NOS[4] = 0
NOS[5] = 0
NOS[6] = 0
NOS[7] = 0
NOS[8] = 0
NOS[9] = 0
NOS[10] = 0
NOS[11] = 0
NOS[12] = 0
NOS[13] = 0
NOS[14] = 0
NOS[15] = 0

TCKS    283521
EVTS    1492
NO      0.000
FWDS    0.001    0.001
BAKS    0.053    0.092

=== TOTAL=300, WAIT=30, LATENCY=25, EVENTS=1

NOS[0] = 0
NOS[1] = 135
NOS[2] = 300
NOS[3] = 300
NOS[4] = 300
NOS[5] = 300
NOS[6] = 300
NOS[7] = 300
NOS[8] = 300
NOS[9] = 300
NOS[10] = 300
NOS[11] = 300
NOS[12] = 300
NOS[13] = 300
NOS[14] = 285
NOS[15] = 0

TCKS    283521
EVTS    22
NO      0.744
FWDS    0.000    0.000
BAKS    0.000    0.007

=== TOTAL=300, WAIT=30, LATENCY=25, EVENTS=5

NOS[0] = 0
NOS[1] = 126
NOS[2] = 41
NOS[3] = 0
NOS[4] = 0
NOS[5] = 0
NOS[6] = 0
NOS[7] = 0
NOS[8] = 0
NOS[9] = 0
NOS[10] = 0
NOS[11] = 0
NOS[12] = 0
NOS[13] = 0
NOS[14] = 0
NOS[15] = 0

TCKS    283521
EVTS    40
NO      0.031
FWDS    0.000    0.000
BAKS    0.001    0.021

=== TOTAL=300, WAIT=30, LATENCY=25, EVENTS=10

NOS[0] = 0
NOS[1] = 135
NOS[2] = 300
NOS[3] = 300
NOS[4] = 300
NOS[5] = 244
NOS[6] = 172
NOS[7] = 0
NOS[8] = 0
NOS[9] = 0
NOS[10] = 0
NOS[11] = 0
NOS[12] = 0
NOS[13] = 0
NOS[14] = 0
NOS[15] = 0

TCKS    283521
EVTS    65
NO      0.269
FWDS    0.000    0.000
BAKS    0.001    0.022

=== TOTAL=300, WAIT=30, LATENCY=25, EVENTS=25

NOS[0] = 0
NOS[1] = 0
NOS[2] = 0
NOS[3] = 0
NOS[4] = 0
NOS[5] = 0
NOS[6] = 0
NOS[7] = 0
NOS[8] = 0
NOS[9] = 0
NOS[10] = 0
NOS[11] = 0
NOS[12] = 0
NOS[13] = 0
NOS[14] = 0
NOS[15] = 0

TCKS    283521
EVTS    131
NO      0.000
FWDS    0.000    0.000
BAKS    0.003    0.019

=== TOTAL=300, WAIT=30, LATENCY=25, EVENTS=50

NOS[0] = 0
NOS[1] = 0
NOS[2] = 0
NOS[3] = 0
NOS[4] = 0
NOS[5] = 0
NOS[6] = 0
NOS[7] = 0
NOS[8] = 0
NOS[9] = 0
NOS[10] = 0
NOS[11] = 0
NOS[12] = 0
NOS[13] = 0
NOS[14] = 0
NOS[15] = 0

TCKS    283521
EVTS    259
NO      0.000
FWDS    0.000    0.000
BAKS    0.008    0.037

=== TOTAL=300, WAIT=30, LATENCY=25, EVENTS=100

NOS[0] = 0
NOS[1] = 0
NOS[2] = 0
NOS[3] = 0
NOS[4] = 0
NOS[5] = 0
NOS[6] = 0
NOS[7] = 0
NOS[8] = 0
NOS[9] = 0
NOS[10] = 0
NOS[11] = 0
NOS[12] = 0
NOS[13] = 0
NOS[14] = 0
NOS[15] = 0

TCKS    283521
EVTS    494
NO      0.000
FWDS    0.000    0.000
BAKS    0.013    0.087

=== TOTAL=300, WAIT=30, LATENCY=25, EVENTS=250

NOS[0] = 0
NOS[1] = 0
NOS[2] = 0
NOS[3] = 0
NOS[4] = 0
NOS[5] = 0
NOS[6] = 0
NOS[7] = 0
NOS[8] = 0
NOS[9] = 0
NOS[10] = 0
NOS[11] = 0
NOS[12] = 0
NOS[13] = 0
NOS[14] = 0
NOS[15] = 0

TCKS    283521
EVTS    1162
NO      0.000
FWDS    0.000    0.000
BAKS    0.042    0.208

=== TOTAL=300, WAIT=30, LATENCY=25, EVENTS=500

NOS[0] = 0
NOS[1] = 0
NOS[2] = 0
NOS[3] = 0
NOS[4] = 0
NOS[5] = 0
NOS[6] = 0
NOS[7] = 0
NOS[8] = 0
NOS[9] = 0
NOS[10] = 0
NOS[11] = 0
NOS[12] = 0
NOS[13] = 0
NOS[14] = 0
NOS[15] = 0

TCKS    283521
EVTS    1431
NO      0.000
FWDS    0.000    0.000
BAKS    0.053    0.264

=== TOTAL=300, WAIT=30, LATENCY=50, EVENTS=1

NOS[0] = 0
NOS[1] = 126
NOS[2] = 280
NOS[3] = 280
NOS[4] = 280
NOS[5] = 280
NOS[6] = 280
NOS[7] = 280
NOS[8] = 280
NOS[9] = 280
NOS[10] = 280
NOS[11] = 280
NOS[12] = 280
NOS[13] = 280
NOS[14] = 266
NOS[15] = 0

TCKS    283521
EVTS    22
NO      0.695
FWDS    0.000    0.000
BAKS    0.000    0.005

=== TOTAL=300, WAIT=30, LATENCY=50, EVENTS=5

NOS[0] = 0
NOS[1] = 78
NOS[2] = 0
NOS[3] = 0
NOS[4] = 0
NOS[5] = 0
NOS[6] = 0
NOS[7] = 0
NOS[8] = 0
NOS[9] = 0
NOS[10] = 0
NOS[11] = 0
NOS[12] = 0
NOS[13] = 0
NOS[14] = 0
NOS[15] = 0

TCKS    283521
EVTS    40
NO      0.014
FWDS    0.000    0.000
BAKS    0.001    0.011

=== TOTAL=300, WAIT=30, LATENCY=50, EVENTS=10

NOS[0] = 0
NOS[1] = 0
NOS[2] = 0
NOS[3] = 0
NOS[4] = 0
NOS[5] = 0
NOS[6] = 0
NOS[7] = 0
NOS[8] = 0
NOS[9] = 0
NOS[10] = 0
NOS[11] = 0
NOS[12] = 0
NOS[13] = 0
NOS[14] = 0
NOS[15] = 0

TCKS    283521
EVTS    65
NO      0.000
FWDS    0.000    0.000
BAKS    0.001    0.015

=== TOTAL=300, WAIT=30, LATENCY=50, EVENTS=25

NOS[0] = 0
NOS[1] = 0
NOS[2] = 0
NOS[3] = 0
NOS[4] = 0
NOS[5] = 0
NOS[6] = 0
NOS[7] = 0
NOS[8] = 0
NOS[9] = 0
NOS[10] = 0
NOS[11] = 0
NOS[12] = 0
NOS[13] = 0
NOS[14] = 0
NOS[15] = 0

TCKS    283521
EVTS    139
NO      0.000
FWDS    0.000    0.000
BAKS    0.004    0.044

=== TOTAL=300, WAIT=30, LATENCY=50, EVENTS=50

NOS[0] = 0
NOS[1] = 0
NOS[2] = 0
NOS[3] = 0
NOS[4] = 0
NOS[5] = 0
NOS[6] = 0
NOS[7] = 0
NOS[8] = 0
NOS[9] = 0
NOS[10] = 0
NOS[11] = 0
NOS[12] = 0
NOS[13] = 0
NOS[14] = 0
NOS[15] = 0

TCKS    283521
EVTS    248
NO      0.000
FWDS    0.000    0.000
BAKS    0.007    0.096

=== TOTAL=300, WAIT=30, LATENCY=50, EVENTS=100

NOS[0] = 0
NOS[1] = 0
NOS[2] = 0
NOS[3] = 0
NOS[4] = 0
NOS[5] = 0
NOS[6] = 0
NOS[7] = 0
NOS[8] = 0
NOS[9] = 0
NOS[10] = 0
NOS[11] = 0
NOS[12] = 0
NOS[13] = 0
NOS[14] = 0
NOS[15] = 0

TCKS    283521
EVTS    465
NO      0.000
FWDS    0.000    0.000
BAKS    0.015    0.209

=== TOTAL=300, WAIT=30, LATENCY=50, EVENTS=250

NOS[0] = 0
NOS[1] = 0
NOS[2] = 0
NOS[3] = 0
NOS[4] = 0
NOS[5] = 0
NOS[6] = 0
NOS[7] = 0
NOS[8] = 0
NOS[9] = 0
NOS[10] = 0
NOS[11] = 0
NOS[12] = 0
NOS[13] = 0
NOS[14] = 0
NOS[15] = 0

TCKS    283521
EVTS    1131
NO      0.000
FWDS    0.000    0.000
BAKS    0.056    0.557

=== TOTAL=300, WAIT=30, LATENCY=50, EVENTS=500

NOS[0] = 0
NOS[1] = 0
NOS[2] = 0
NOS[3] = 0
NOS[4] = 0
NOS[5] = 0
NOS[6] = 0
NOS[7] = 0
NOS[8] = 0
NOS[9] = 0
NOS[10] = 0
NOS[11] = 0
NOS[12] = 0
NOS[13] = 0
NOS[14] = 0
NOS[15] = 0

TCKS    283521
EVTS    1511
NO      0.000
FWDS    0.000    0.000
BAKS    0.063    0.634

=== TOTAL=300, WAIT=30, LATENCY=100, EVENTS=1

NOS[0] = 0
NOS[1] = 144
NOS[2] = 320
NOS[3] = 320
NOS[4] = 248
NOS[5] = 0
NOS[6] = 0
NOS[7] = 0
NOS[8] = 0
NOS[9] = 0
NOS[10] = 0
NOS[11] = 0
NOS[12] = 0
NOS[13] = 0
NOS[14] = 0
NOS[15] = 0

TCKS    283521
EVTS    25
NO      0.191
FWDS    0.000    0.000
BAKS    0.000    0.002

=== TOTAL=300, WAIT=30, LATENCY=100, EVENTS=5

NOS[0] = 0
NOS[1] = 63
NOS[2] = 140
NOS[3] = 140
NOS[4] = 19
NOS[5] = 0
NOS[6] = 0
NOS[7] = 0
NOS[8] = 0
NOS[9] = 0
NOS[10] = 0
NOS[11] = 0
NOS[12] = 0
NOS[13] = 0
NOS[14] = 0
NOS[15] = 0

TCKS    283521
EVTS    39
NO      0.067
FWDS    0.000    0.000
BAKS    0.000    0.023

=== TOTAL=300, WAIT=30, LATENCY=100, EVENTS=10

NOS[0] = 0
NOS[1] = 90
NOS[2] = 80
NOS[3] = 0
NOS[4] = 0
NOS[5] = 0
NOS[6] = 0
NOS[7] = 0
NOS[8] = 0
NOS[9] = 0
NOS[10] = 0
NOS[11] = 0
NOS[12] = 0
NOS[13] = 0
NOS[14] = 0
NOS[15] = 0

TCKS    283521
EVTS    55
NO      0.031
FWDS    0.000    0.000
BAKS    0.001    0.043

=== TOTAL=300, WAIT=30, LATENCY=100, EVENTS=25

NOS[0] = 0
NOS[1] = 0
NOS[2] = 0
NOS[3] = 0
NOS[4] = 0
NOS[5] = 0
NOS[6] = 0
NOS[7] = 0
NOS[8] = 0
NOS[9] = 0
NOS[10] = 0
NOS[11] = 0
NOS[12] = 0
NOS[13] = 0
NOS[14] = 0
NOS[15] = 0

TCKS    283521
EVTS    125
NO      0.000
FWDS    0.000    0.000
BAKS    0.003    0.074

=== TOTAL=300, WAIT=30, LATENCY=100, EVENTS=50

NOS[0] = 0
NOS[1] = 0
NOS[2] = 0
NOS[3] = 0
NOS[4] = 0
NOS[5] = 0
NOS[6] = 0
NOS[7] = 0
NOS[8] = 0
NOS[9] = 0
NOS[10] = 0
NOS[11] = 0
NOS[12] = 0
NOS[13] = 0
NOS[14] = 0
NOS[15] = 0

TCKS    283521
EVTS    241
NO      0.000
FWDS    0.000    0.000
BAKS    0.007    0.175

=== TOTAL=300, WAIT=30, LATENCY=100, EVENTS=100

NOS[0] = 0
NOS[1] = 0
NOS[2] = 0
NOS[3] = 0
NOS[4] = 0
NOS[5] = 0
NOS[6] = 0
NOS[7] = 0
NOS[8] = 0
NOS[9] = 0
NOS[10] = 0
NOS[11] = 0
NOS[12] = 0
NOS[13] = 0
NOS[14] = 0
NOS[15] = 0

TCKS    283521
EVTS    474
NO      0.000
FWDS    0.000    0.000
BAKS    0.018    0.554

=== TOTAL=300, WAIT=30, LATENCY=100, EVENTS=250

NOS[0] = 0
NOS[1] = 0
NOS[2] = 0
NOS[3] = 0
NOS[4] = 0
NOS[5] = 0
NOS[6] = 0
NOS[7] = 0
NOS[8] = 0
NOS[9] = 0
NOS[10] = 0
NOS[11] = 0
NOS[12] = 0
NOS[13] = 0
NOS[14] = 0
NOS[15] = 0

TCKS    283521
EVTS    1044
NO      0.000
FWDS    0.000    0.000
BAKS    0.057    1.373

=== TOTAL=300, WAIT=30, LATENCY=100, EVENTS=500

NOS[0] = 0
NOS[1] = 38
NOS[2] = 0
NOS[3] = 0
NOS[4] = 0
NOS[5] = 0
NOS[6] = 0
NOS[7] = 0
NOS[8] = 0
NOS[9] = 0
NOS[10] = 0
NOS[11] = 0
NOS[12] = 0
NOS[13] = 0
NOS[14] = 0
NOS[15] = 0

TCKS    283521
EVTS    1615
NO      0.006
FWDS    0.000    0.000
BAKS    0.258    21.609

=== TOTAL=300, WAIT=30, LATENCY=250, EVENTS=1

NOS[0] = 0
NOS[1] = 135
NOS[2] = 300
NOS[3] = 300
NOS[4] = 300
NOS[5] = 300
NOS[6] = 300
NOS[7] = 300
NOS[8] = 300
NOS[9] = 300
NOS[10] = 300
NOS[11] = 300
NOS[12] = 300
NOS[13] = 300
NOS[14] = 285
NOS[15] = 0

TCKS    283521
EVTS    23
NO      0.744
FWDS    0.000    0.000
BAKS    0.000    0.009

=== TOTAL=300, WAIT=30, LATENCY=250, EVENTS=5

NOS[0] = 0
NOS[1] = 27
NOS[2] = 52
NOS[3] = 0
NOS[4] = 0
NOS[5] = 0
NOS[6] = 0
NOS[7] = 0
NOS[8] = 0
NOS[9] = 0
NOS[10] = 0
NOS[11] = 0
NOS[12] = 0
NOS[13] = 0
NOS[14] = 0
NOS[15] = 0

TCKS    283521
EVTS    40
NO      0.015
FWDS    0.000    0.000
BAKS    0.001    0.020

=== TOTAL=300, WAIT=30, LATENCY=250, EVENTS=10

NOS[0] = 0
NOS[1] = 0
NOS[2] = 0
NOS[3] = 0
NOS[4] = 0
NOS[5] = 0
NOS[6] = 0
NOS[7] = 0
NOS[8] = 0
NOS[9] = 0
NOS[10] = 0
NOS[11] = 0
NOS[12] = 0
NOS[13] = 0
NOS[14] = 0
NOS[15] = 0

TCKS    283521
EVTS    64
NO      0.000
FWDS    0.000    0.000
BAKS    0.001    0.072

=== TOTAL=300, WAIT=30, LATENCY=250, EVENTS=25

NOS[0] = 0
NOS[1] = 27
NOS[2] = 60
NOS[3] = 52
NOS[4] = 40
NOS[5] = 40
NOS[6] = 40
NOS[7] = 40
NOS[8] = 40
NOS[9] = 40
NOS[10] = 40
NOS[11] = 40
NOS[12] = 40
NOS[13] = 40
NOS[14] = 38
NOS[15] = 0

TCKS    283521
EVTS    138
NO      0.107
FWDS    0.000    0.000
BAKS    0.004    0.313

=== TOTAL=300, WAIT=30, LATENCY=250, EVENTS=50

NOS[0] = 0
NOS[1] = 9
NOS[2] = 20
NOS[3] = 20
NOS[4] = 20
NOS[5] = 20
NOS[6] = 20
NOS[7] = 20
NOS[8] = 20
NOS[9] = 20
NOS[10] = 20
NOS[11] = 20
NOS[12] = 20
NOS[13] = 20
NOS[14] = 19
NOS[15] = 0

TCKS    283521
EVTS    250
NO      0.050
FWDS    0.000    0.000
BAKS    0.010    0.687

=== TOTAL=300, WAIT=30, LATENCY=250, EVENTS=100

NOS[0] = 0
NOS[1] = 9
NOS[2] = 3
NOS[3] = 0
NOS[4] = 0
NOS[5] = 0
NOS[6] = 0
NOS[7] = 0
NOS[8] = 0
NOS[9] = 0
NOS[10] = 0
NOS[11] = 0
NOS[12] = 0
NOS[13] = 0
NOS[14] = 0
NOS[15] = 0

TCKS    283521
EVTS    489
NO      0.002
FWDS    0.000    0.000
BAKS    0.037    2.238

=== TOTAL=300, WAIT=30, LATENCY=250, EVENTS=250

NOS[0] = 0
NOS[1] = 27
NOS[2] = 47
NOS[3] = 14
NOS[4] = 0
NOS[5] = 0
NOS[6] = 0
NOS[7] = 0
NOS[8] = 0
NOS[9] = 0
NOS[10] = 0
NOS[11] = 0
NOS[12] = 0
NOS[13] = 0
NOS[14] = 0
NOS[15] = 0

TCKS    283521
EVTS    1051
NO      0.016
FWDS    0.000    0.000
BAKS    0.293    47.663

=== TOTAL=300, WAIT=30, LATENCY=250, EVENTS=500

NOS[0] = 0
NOS[1] = 54
NOS[2] = 120
NOS[3] = 120
NOS[4] = 120
NOS[5] = 120
NOS[6] = 120
NOS[7] = 120
NOS[8] = 120
NOS[9] = 172
NOS[10] = 260
NOS[11] = 281
NOS[12] = 313
NOS[13] = 320
NOS[14] = 322
NOS[15] = 0

TCKS    283521
EVTS    1271
NO      0.474
FWDS    0.000    0.000
BAKS    7.034    20537.625

=== TOTAL=300, WAIT=30, LATENCY=500, EVENTS=1

NOS[0] = 0
NOS[1] = 153
NOS[2] = 340
NOS[3] = 340
NOS[4] = 340
NOS[5] = 340
NOS[6] = 340
NOS[7] = 340
NOS[8] = 340
NOS[9] = 340
NOS[10] = 340
NOS[11] = 340
NOS[12] = 340
NOS[13] = 340
NOS[14] = 323
NOS[15] = 0

TCKS    283521
EVTS    21
NO      0.844
FWDS    0.000    0.000
BAKS    0.000    0.000

=== TOTAL=300, WAIT=30, LATENCY=500, EVENTS=5

NOS[0] = 0
NOS[1] = 153
NOS[2] = 340
NOS[3] = 354
NOS[4] = 340
NOS[5] = 340
NOS[6] = 340
NOS[7] = 340
NOS[8] = 340
NOS[9] = 340
NOS[10] = 340
NOS[11] = 340
NOS[12] = 340
NOS[13] = 343
NOS[14] = 228
NOS[15] = 0

TCKS    283521
EVTS    36
NO      0.826
FWDS    0.000    0.000
BAKS    0.001    0.082

=== TOTAL=300, WAIT=30, LATENCY=500, EVENTS=10

NOS[0] = 0
NOS[1] = 117
NOS[2] = 250
NOS[3] = 237
NOS[4] = 158
NOS[5] = 20
NOS[6] = 20
NOS[7] = 20
NOS[8] = 20
NOS[9] = 21
NOS[10] = 20
NOS[11] = 1
NOS[12] = 0
NOS[13] = 0
NOS[14] = 0
NOS[15] = 0

TCKS    283521
EVTS    66
NO      0.163
FWDS    0.000    0.000
BAKS    0.002    0.221

=== TOTAL=300, WAIT=30, LATENCY=500, EVENTS=25

NOS[0] = 0
NOS[1] = 96
NOS[2] = 136
NOS[3] = 42
NOS[4] = 20
NOS[5] = 20
NOS[6] = 21
NOS[7] = 20
NOS[8] = 20
NOS[9] = 20
NOS[10] = 20
NOS[11] = 20
NOS[12] = 21
NOS[13] = 20
NOS[14] = 20
NOS[15] = 0

TCKS    283521
EVTS    129
NO      0.091
FWDS    0.000    0.000
BAKS    0.005    0.392

=== TOTAL=300, WAIT=30, LATENCY=500, EVENTS=50

NOS[0] = 0
NOS[1] = 46
NOS[2] = 42
NOS[3] = 31
NOS[4] = 20
NOS[5] = 20
NOS[6] = 21
NOS[7] = 20
NOS[8] = 20
NOS[9] = 20
NOS[10] = 20
NOS[11] = 21
NOS[12] = 20
NOS[13] = 20
NOS[14] = 20
NOS[15] = 0

TCKS    283521
EVTS    253
NO      0.062
FWDS    0.000    0.000
BAKS    0.018    1.834

=== TOTAL=300, WAIT=30, LATENCY=500, EVENTS=100

NOS[0] = 0
NOS[1] = 63
NOS[2] = 141
NOS[3] = 145
NOS[4] = 105
NOS[5] = 90
NOS[6] = 80
NOS[7] = 95
NOS[8] = 83
NOS[9] = 80
NOS[10] = 83
NOS[11] = 61
NOS[12] = 60
NOS[13] = 62
NOS[14] = 60
NOS[15] = 0

TCKS    283521
EVTS    483
NO      0.217
FWDS    0.000    0.000
BAKS    0.097    20.045

=== TOTAL=300, WAIT=30, LATENCY=500, EVENTS=250

NOS[0] = 0
NOS[1] = 148
NOS[2] = 323
NOS[3] = 320
NOS[4] = 321
NOS[5] = 326
NOS[6] = 321
NOS[7] = 309
NOS[8] = 304
NOS[9] = 307
NOS[10] = 301
NOS[11] = 303
NOS[12] = 302
NOS[13] = 303
NOS[14] = 289
NOS[15] = 0

TCKS    283521
EVTS    971
NO      0.767
FWDS    0.000    0.000
BAKS    2.502    9260.067

=== TOTAL=300, WAIT=30, LATENCY=500, EVENTS=500

NOS[0] = 0
NOS[1] = 64
NOS[2] = 130
NOS[3] = 121
NOS[4] = 118
NOS[5] = 107
NOS[6] = 101
NOS[7] = 100
NOS[8] = 102
NOS[9] = 100
NOS[10] = 121
NOS[11] = 121
NOS[12] = 123
NOS[13] = 120
NOS[14] = 114
NOS[15] = 0

TCKS    283521
EVTS    1500
NO      0.282
FWDS    0.000    0.000
BAKS    4.185    22153.843

=== TOTAL=300, WAIT=30, LATENCY=1000, EVENTS=1

NOS[0] = 0
NOS[1] = 135
NOS[2] = 300
NOS[3] = 300
NOS[4] = 300
NOS[5] = 300
NOS[6] = 300
NOS[7] = 300
NOS[8] = 300
NOS[9] = 300
NOS[10] = 300
NOS[11] = 300
NOS[12] = 300
NOS[13] = 300
NOS[14] = 285
NOS[15] = 0

TCKS    283521
EVTS    22
NO      0.744
FWDS    0.000    0.000
BAKS    0.003    4.286

=== TOTAL=300, WAIT=30, LATENCY=1000, EVENTS=5

NOS[0] = 0
NOS[1] = 108
NOS[2] = 232
NOS[3] = 220
NOS[4] = 220
NOS[5] = 220
NOS[6] = 208
NOS[7] = 200
NOS[8] = 200
NOS[9] = 200
NOS[10] = 182
NOS[11] = 180
NOS[12] = 180
NOS[13] = 180
NOS[14] = 171
NOS[15] = 0

TCKS    283521
EVTS    39
NO      0.500
FWDS    0.000    0.000
BAKS    0.003    3.662

=== TOTAL=300, WAIT=30, LATENCY=1000, EVENTS=10

NOS[0] = 0
NOS[1] = 91
NOS[2] = 200
NOS[3] = 200
NOS[4] = 200
NOS[5] = 200
NOS[6] = 200
NOS[7] = 146
NOS[8] = 61
NOS[9] = 60
NOS[10] = 60
NOS[11] = 60
NOS[12] = 60
NOS[13] = 60
NOS[14] = 57
NOS[15] = 0

TCKS    283521
EVTS    61
NO      0.306
FWDS    0.000    0.000
BAKS    0.004    2.573

=== TOTAL=300, WAIT=30, LATENCY=1000, EVENTS=25

NOS[0] = 0
NOS[1] = 135
NOS[2] = 300
NOS[3] = 300
NOS[4] = 288
NOS[5] = 240
NOS[6] = 240
NOS[7] = 240
NOS[8] = 238
NOS[9] = 180
NOS[10] = 180
NOS[11] = 180
NOS[12] = 180
NOS[13] = 180
NOS[14] = 171
NOS[15] = 0

TCKS    283521
EVTS    143
NO      0.565
FWDS    0.000    0.000
BAKS    0.014    7.238

=== TOTAL=300, WAIT=30, LATENCY=1000, EVENTS=50

NOS[0] = 0
NOS[1] = 61
NOS[2] = 115
NOS[3] = 80
NOS[4] = 80
NOS[5] = 80
NOS[6] = 80
NOS[7] = 80
NOS[8] = 68
NOS[9] = 60
NOS[10] = 60
NOS[11] = 60
NOS[12] = 60
NOS[13] = 60
NOS[14] = 57
NOS[15] = 0

TCKS    283521
EVTS    244
NO      0.185
FWDS    0.000    0.000
BAKS    0.078    61.968

=== TOTAL=300, WAIT=30, LATENCY=1000, EVENTS=100

NOS[0] = 0
NOS[1] = 108
NOS[2] = 240
NOS[3] = 240
NOS[4] = 240
NOS[5] = 240
NOS[6] = 240
NOS[7] = 240
NOS[8] = 225
NOS[9] = 220
NOS[10] = 220
NOS[11] = 220
NOS[12] = 220
NOS[13] = 220
NOS[14] = 209
NOS[15] = 0

TCKS    283521
EVTS    470
NO      0.571
FWDS    0.000    0.000
BAKS    0.589    2013.532

=== TOTAL=300, WAIT=30, LATENCY=1000, EVENTS=250

NOS[0] = 0
NOS[1] = 153
NOS[2] = 340
NOS[3] = 340
NOS[4] = 340
NOS[5] = 340
NOS[6] = 340
NOS[7] = 340
NOS[8] = 340
NOS[9] = 340
NOS[10] = 340
NOS[11] = 340
NOS[12] = 340
NOS[13] = 340
NOS[14] = 323
NOS[15] = 0

TCKS    283521
EVTS    1118
NO      0.844
FWDS    0.000    0.000
BAKS    1.228    5950.659

=== TOTAL=300, WAIT=30, LATENCY=1000, EVENTS=500

NOS[0] = 0
NOS[1] = 99
NOS[2] = 220
NOS[3] = 220
NOS[4] = 213
NOS[5] = 200
NOS[6] = 200
NOS[7] = 200
NOS[8] = 200
NOS[9] = 200
NOS[10] = 200
NOS[11] = 200
NOS[12] = 201
NOS[13] = 217
NOS[14] = 209
NOS[15] = 0

TCKS    283521
EVTS    1350
NO      0.515
FWDS    0.000    0.000
BAKS    1.776    10148.443

