=== TOTAL=300, WAIT=30, LATENCY=5, EVENTS=100

TCKS	283521
EVTS	483
NO  	0.0
FWDS	0.000	0.000
BAKS	0.026	0.016

=== TOTAL=300, WAIT=30, LATENCY=25, EVENTS=100

TCKS	283521
EVTS	482
NO  	0.0
FWDS	0.001	0.000
BAKS	0.105	0.015

=== TOTAL=300, WAIT=30, LATENCY=50, EVENTS=100

TCKS	283521
EVTS	488
NO  	0.0
FWDS	0.000	0.000
BAKS	0.202	0.015

=== TOTAL=300, WAIT=30, LATENCY=100, EVENTS=100

TCKS	283521
EVTS	505
NO  	0.0
FWDS	0.000	0.000
BAKS	0.470	0.022

=== TOTAL=300, WAIT=30, LATENCY=250, EVENTS=100

TCKS	283521
EVTS	477
NO  	0.0
FWDS	0.000	0.000
BAKS	1.920	0.035

=== TOTAL=300, WAIT=30, LATENCY=500, EVENTS=100

TCKS	283521
EVTS	495
NO  	0.0
FWDS	0.014	0.007
BAKS	15.979	0.093
