=== LAT=5, MULT=4, EVTS=5

TCKS    283521
EVTS    30
NO      0.000
FWDS    0.000    0.000
BAKS    0.000    0.000

=== LAT=5, MULT=4, EVTS=10

TCKS    283521
EVTS    56
NO      0.000
FWDS    0.000    0.000
BAKS    0.000    0.000

=== LAT=5, MULT=4, EVTS=25

TCKS    283521
EVTS    130
NO      0.000
FWDS    0.000    0.000
BAKS    0.000    0.000

=== LAT=5, MULT=4, EVTS=50

TCKS    283521
EVTS    236
NO      0.000
FWDS    0.000    0.000
BAKS    0.000    0.000

=== LAT=5, MULT=4, EVTS=100

TCKS    283521
EVTS    462
NO      0.000
FWDS    0.001    0.001
BAKS    0.001    0.002

=== LAT=5, MULT=4, EVTS=200

TCKS    283521
EVTS    784
NO      0.000
FWDS    0.002    0.002
BAKS    0.002    0.002

=== LAT=5, MULT=2, EVTS=5

TCKS    283521
EVTS    40
NO      0.000
FWDS    0.000    0.000
BAKS    0.000    0.001

=== LAT=5, MULT=2, EVTS=10

TCKS    283521
EVTS    63
NO      0.000
FWDS    0.000    0.000
BAKS    0.001    0.002

=== LAT=5, MULT=2, EVTS=25

TCKS    283521
EVTS    132
NO      0.000
FWDS    0.000    0.000
BAKS    0.003    0.005

=== LAT=5, MULT=2, EVTS=50

TCKS    283521
EVTS    258
NO      0.000
FWDS    0.001    0.001
BAKS    0.006    0.011

=== LAT=5, MULT=2, EVTS=100

TCKS    283521
EVTS    460
NO      0.000
FWDS    0.001    0.001
BAKS    0.012    0.022

=== LAT=5, MULT=2, EVTS=200

TCKS    283521
EVTS    788
NO      0.000
FWDS    0.001    0.001
BAKS    0.018    0.030

=== LAT=5, MULT=1, EVTS=5

TCKS    283521
EVTS    38
NO      0.000
FWDS    0.000    0.000
BAKS    0.001    0.002

=== LAT=5, MULT=1, EVTS=10

TCKS    283521
EVTS    66
NO      0.000
FWDS    0.000    0.000
BAKS    0.002    0.004

=== LAT=5, MULT=1, EVTS=25

TCKS    283521
EVTS    132
NO      0.000
FWDS    0.000    0.000
BAKS    0.004    0.010

=== LAT=5, MULT=1, EVTS=50

TCKS    283521
EVTS    227
NO      0.000
FWDS    0.001    0.001
BAKS    0.009    0.018

=== LAT=5, MULT=1, EVTS=100

TCKS    283521
EVTS    476
NO      0.000
FWDS    0.001    0.001
BAKS    0.018    0.039

=== LAT=5, MULT=1, EVTS=200

TCKS    283521
EVTS    765
NO      0.000
FWDS    0.000    0.000
BAKS    0.031    0.066

=== LAT=25, MULT=4, EVTS=5

TCKS    283521
EVTS    35
NO      0.000
FWDS    0.000    0.001
BAKS    0.000    0.000

=== LAT=25, MULT=4, EVTS=10

TCKS    283521
EVTS    58
NO      0.000
FWDS    0.000    0.002
BAKS    0.000    0.002

=== LAT=25, MULT=4, EVTS=25

TCKS    283521
EVTS    135
NO      0.000
FWDS    0.000    0.001
BAKS    0.000    0.001

=== LAT=25, MULT=4, EVTS=50

TCKS    283521
EVTS    243
NO      0.000
FWDS    0.000    0.000
BAKS    0.000    0.000

=== LAT=25, MULT=4, EVTS=100

TCKS    283521
EVTS    462
NO      0.000
FWDS    0.000    0.000
BAKS    0.002    0.008

=== LAT=25, MULT=4, EVTS=200

TCKS    283521
EVTS    936
NO      0.000
FWDS    0.000    0.000
BAKS    0.000    0.001

=== LAT=25, MULT=2, EVTS=5

TCKS    283521
EVTS    34
NO      0.000
FWDS    0.000    0.001
BAKS    0.000    0.001

=== LAT=25, MULT=2, EVTS=10

TCKS    283521
EVTS    66
NO      0.000
FWDS    0.000    0.001
BAKS    0.001    0.008

=== LAT=25, MULT=2, EVTS=25

TCKS    283521
EVTS    138
NO      0.000
FWDS    0.000    0.001
BAKS    0.002    0.013

=== LAT=25, MULT=2, EVTS=50

TCKS    283521
EVTS    237
NO      0.000
FWDS    0.000    0.000
BAKS    0.004    0.024

=== LAT=25, MULT=2, EVTS=100

TCKS    283521
EVTS    486
NO      0.000
FWDS    0.000    0.000
BAKS    0.009    0.077

=== LAT=25, MULT=2, EVTS=200

TCKS    283521
EVTS    881
NO      0.000
FWDS    0.000    0.000
BAKS    0.018    0.099

=== LAT=25, MULT=1, EVTS=5

TCKS    283521
EVTS    38
NO      0.000
FWDS    0.000    0.000
BAKS    0.001    0.006

=== LAT=25, MULT=1, EVTS=10

TCKS    283521
EVTS    58
NO      0.000
FWDS    0.000    0.000
BAKS    0.001    0.011

=== LAT=25, MULT=1, EVTS=25

TCKS    283521
EVTS    132
NO      0.000
FWDS    0.000    0.000
BAKS    0.005    0.032

=== LAT=25, MULT=1, EVTS=50

TCKS    283521
EVTS    247
NO      0.000
FWDS    0.000    0.000
BAKS    0.009    0.064

=== LAT=25, MULT=1, EVTS=100

TCKS    283521
EVTS    479
NO      0.000
FWDS    0.000    0.000
BAKS    0.018    0.145

=== LAT=25, MULT=1, EVTS=200

TCKS    283521
EVTS    884
NO      0.000
FWDS    0.000    0.000
BAKS    0.035    0.302

=== LAT=50, MULT=4, EVTS=5

TCKS    283521
EVTS    37
NO      0.000
FWDS    0.000    0.003
BAKS    0.000    0.001

=== LAT=50, MULT=4, EVTS=10

TCKS    283521
EVTS    56
NO      0.000
FWDS    0.000    0.003
BAKS    0.000    0.003

=== LAT=50, MULT=4, EVTS=25

TCKS    283521
EVTS    134
NO      0.000
FWDS    0.000    0.000
BAKS    0.000    0.000

=== LAT=50, MULT=4, EVTS=50

TCKS    283521
EVTS    239
NO      0.000
FWDS    0.000    0.001
BAKS    0.001    0.007

=== LAT=50, MULT=4, EVTS=100

TCKS    283521
EVTS    477
NO      0.000
FWDS    0.000    0.000
BAKS    0.000    0.000

=== LAT=50, MULT=4, EVTS=200

TCKS    283521
EVTS    886
NO      0.000
FWDS    0.000    0.000
BAKS    0.001    0.002

=== LAT=50, MULT=2, EVTS=5

TCKS    283521
EVTS    39
NO      0.000
FWDS    0.000    0.002
BAKS    0.000    0.006

=== LAT=50, MULT=2, EVTS=10

TCKS    283521
EVTS    60
NO      0.000
FWDS    0.000    0.002
BAKS    0.001    0.014

=== LAT=50, MULT=2, EVTS=25

TCKS    283521
EVTS    128
NO      0.000
FWDS    0.000    0.001
BAKS    0.002    0.030

=== LAT=50, MULT=2, EVTS=50

TCKS    283521
EVTS    232
NO      0.000
FWDS    0.000    0.000
BAKS    0.004    0.054

=== LAT=50, MULT=2, EVTS=100

TCKS    283521
EVTS    456
NO      0.000
FWDS    0.000    0.000
BAKS    0.010    0.149

=== LAT=50, MULT=2, EVTS=200

ERR	3	(-648,224,1,0)	(-632,240,1,0)

TCKS    283521
EVTS    844
NO      0.000
FWDS    0.000    0.000
BAKS    0.023    0.238

=== LAT=50, MULT=1, EVTS=5

TCKS    283521
EVTS    36
NO      0.000
FWDS    0.000    0.000
BAKS    0.000    0.007

=== LAT=50, MULT=1, EVTS=10

TCKS    283521
EVTS    61
NO      0.000
FWDS    0.000    0.001
BAKS    0.001    0.022

=== LAT=50, MULT=1, EVTS=25

TCKS    283521
EVTS    139
NO      0.000
FWDS    0.000    0.000
BAKS    0.005    0.062

=== LAT=50, MULT=1, EVTS=50

TCKS    283521
EVTS    250
NO      0.000
FWDS    0.000    0.000
BAKS    0.008    0.149

=== LAT=50, MULT=1, EVTS=100

TCKS    283521
EVTS    450
NO      0.000
FWDS    0.000    0.000
BAKS    0.020    0.302

=== LAT=50, MULT=1, EVTS=200

TCKS    283521
EVTS    894
NO      0.000
FWDS    0.000    0.000
BAKS    0.049    0.718

=== LAT=100, MULT=4, EVTS=5

TCKS    283521
EVTS    39
NO      0.000
FWDS    0.000    0.000
BAKS    0.000    0.004

=== LAT=100, MULT=4, EVTS=10

NOS[2] = 120
NOS[3] = 120
NOS[4] = 8

TCKS    283521
EVTS    58
NO      0.056
FWDS    0.000    0.004
BAKS    0.000    0.002

=== LAT=100, MULT=4, EVTS=25

TCKS    283521
EVTS    130
NO      0.000
FWDS    0.000    0.001
BAKS    0.000    0.002

=== LAT=100, MULT=4, EVTS=50

TCKS    283521
EVTS    243
NO      0.000
FWDS    0.000    0.000
BAKS    0.000    0.003

=== LAT=100, MULT=4, EVTS=100

TCKS    283521
EVTS    472
NO      0.000
FWDS    0.000    0.000
BAKS    0.004    0.078

=== LAT=100, MULT=4, EVTS=200

TCKS    283521
EVTS    878
NO      0.000
FWDS    0.000    0.000
BAKS    0.007    0.109

=== LAT=100, MULT=2, EVTS=5

TCKS    283521
EVTS    41
NO      0.009
FWDS    0.000    0.003
BAKS    0.000    0.011

=== LAT=100, MULT=2, EVTS=10

TCKS    283521
EVTS    59
NO      0.000
FWDS    0.000    0.000
BAKS    0.001    0.018

=== LAT=100, MULT=2, EVTS=25

TCKS    283521
EVTS    127
NO      0.000
FWDS    0.000    0.001
BAKS    0.002    0.034

=== LAT=100, MULT=2, EVTS=50

TCKS    283521
EVTS    222
NO      0.000
FWDS    0.000    0.002
BAKS    0.005    0.150

=== LAT=100, MULT=2, EVTS=100

TCKS    283521
EVTS    466
NO      0.000
FWDS    0.000    0.000
BAKS    0.011    0.224

=== LAT=100, MULT=2, EVTS=200

TCKS    283521
EVTS    934
NO      0.000
FWDS    0.000    0.000
BAKS    0.031    0.623

=== LAT=100, MULT=1, EVTS=5

TCKS    283521
EVTS    39
NO      0.000
FWDS    0.000    0.001
BAKS    0.000    0.017

=== LAT=100, MULT=1, EVTS=10

TCKS    283521
EVTS    58
NO      0.000
FWDS    0.000    0.001
BAKS    0.001    0.043

=== LAT=100, MULT=1, EVTS=25

TCKS    283521
EVTS    126
NO      0.000
FWDS    0.000    0.001
BAKS    0.004    0.125

=== LAT=100, MULT=1, EVTS=50

TCKS    283521
EVTS    244
NO      0.000
FWDS    0.000    0.000
BAKS    0.010    0.364

=== LAT=100, MULT=1, EVTS=100

TCKS    283521
EVTS    471
NO      0.000
FWDS    0.000    0.000
BAKS    0.025    0.733

=== LAT=100, MULT=1, EVTS=200

TCKS    283521
EVTS    926
NO      0.000
FWDS    0.000    0.000
BAKS    0.059    1.708

=== LAT=250, MULT=4, EVTS=5

NOS[2] = 260
NOS[6] = 200
NOS[9] = 127

TCKS    283521
EVTS    31
NO      0.343
FWDS    0.000    0.006
BAKS    0.000    0.002

=== LAT=250, MULT=4, EVTS=10

NOS[2] = 212
NOS[4] = 94
NOS[5] = 35

TCKS    283521
EVTS    67
NO      0.105
FWDS    0.000    0.005
BAKS    0.000    0.002

=== LAT=250, MULT=4, EVTS=25

NOS[1] = 67
NOS[3] = 20
NOS[4] = 11

TCKS    283521
EVTS    148
NO      0.028
FWDS    0.000    0.003
BAKS    0.000    0.007

=== LAT=250, MULT=4, EVTS=50

NOS[2] = 47
NOS[6] = 8

TCKS    283521
EVTS    256
NO      0.035
FWDS    0.000    0.002
BAKS    0.001    0.020

=== LAT=250, MULT=4, EVTS=100

NOS[2] = 147
NOS[8] = 147
NOS[14] = 133

TCKS    283521
EVTS    449
NO      0.347
FWDS    0.000    0.000
BAKS    0.006    0.278

=== LAT=250, MULT=4, EVTS=200

NOS[2] = 220
NOS[8] = 180
NOS[14] = 171

TCKS    283521
EVTS    793
NO      0.457
FWDS    0.000    0.000
BAKS    0.014    0.678

=== LAT=250, MULT=2, EVTS=5

NOS[2] = 40
NOS[8] = 20
NOS[14] = 19

TCKS    283521
EVTS    36
NO      0.057
FWDS    0.000    0.000
BAKS    0.000    0.018

=== LAT=250, MULT=2, EVTS=10

NOS[2] = 240
NOS[6] = 140
NOS[11] = 40

TCKS    283521
EVTS    63
NO      0.302
FWDS    0.000    0.005
BAKS    0.001    0.079

=== LAT=250, MULT=2, EVTS=25

TCKS    283521
EVTS    139
NO      0.000
FWDS    0.000    0.001
BAKS    0.003    0.121

=== LAT=250, MULT=2, EVTS=50

NOS[2] = 142
NOS[8] = 140
NOS[14] = 140

TCKS    283521
EVTS    242
NO      0.351
FWDS    0.000    0.000
BAKS    0.007    0.600

=== LAT=250, MULT=2, EVTS=100

TCKS    283521
EVTS    477
NO      0.000
FWDS    0.000    0.000
BAKS    0.015    0.564

=== LAT=250, MULT=2, EVTS=200

TCKS    283521
EVTS    948
NO      0.002
FWDS    0.000    0.000
BAKS    0.055    2.178

=== LAT=250, MULT=1, EVTS=5

NOS[2] = 175
NOS[10] = 120
NOS[14] = 114

TCKS    283521
EVTS    39
NO      0.325
FWDS    0.000    0.002
BAKS    0.001    0.047

=== LAT=250, MULT=1, EVTS=10

NOS[2] = 140
NOS[8] = 40
NOS[14] = 19

TCKS    283521
EVTS    62
NO      0.172
FWDS    0.000    0.003
BAKS    0.002    0.128

=== LAT=250, MULT=1, EVTS=25

NOS[2] = 60
NOS[3] = 4

TCKS    283521
EVTS    130
NO      0.017
FWDS    0.000    0.003
BAKS    0.005    0.365

=== LAT=250, MULT=1, EVTS=50

NOS[2] = 156
NOS[8] = 100
NOS[14] = 95

TCKS    283521
EVTS    245
NO      0.288
FWDS    0.000    0.001
BAKS    0.013    1.299

=== LAT=250, MULT=1, EVTS=100

NOS[2] = 40
NOS[8] = 40
NOS[14] = 38

TCKS    283521
EVTS    480
NO      0.099
FWDS    0.000    0.000
BAKS    0.037    2.974

=== LAT=250, MULT=1, EVTS=200

NOS[2] = 40
NOS[8] = 20
NOS[14] = 19

TCKS    283521
EVTS    809
NO      0.068
FWDS    0.000    0.000
BAKS    0.088    6.360

=== LAT=500, MULT=4, EVTS=5

NOS[2] = 380
NOS[8] = 380
NOS[14] = 361

TCKS    283521
EVTS    35
NO      0.943
FWDS    0.000    0.004
BAKS    0.000    0.002

=== LAT=500, MULT=4, EVTS=10

NOS[2] = 100
NOS[8] = 100
NOS[14] = 57

TCKS    283521
EVTS    66
NO      0.219
FWDS    0.000    0.001
BAKS    0.000    0.000

=== LAT=500, MULT=4, EVTS=25

NOS[2] = 266
NOS[8] = 200
NOS[14] = 171

TCKS    283521
EVTS    130
NO      0.506
FWDS    0.000    0.003
BAKS    0.000    0.000

=== LAT=500, MULT=4, EVTS=50

NOS[2] = 280
NOS[8] = 280
NOS[14] = 266

TCKS    283521
EVTS    267
NO      0.695
FWDS    0.000    0.001
BAKS    0.001    0.022

=== LAT=500, MULT=4, EVTS=100

NOS[2] = 100
NOS[8] = 100
NOS[14] = 95

TCKS    283521
EVTS    454
NO      0.248
FWDS    0.000    0.000
BAKS    0.000    0.000

=== LAT=500, MULT=4, EVTS=200

NOS[2] = 160
NOS[8] = 176
NOS[14] = 120

TCKS    283521
EVTS    905
NO      0.368
FWDS    0.000    0.001
BAKS    0.001    0.016

=== LAT=500, MULT=2, EVTS=5

NOS[2] = 280
NOS[8] = 180
NOS[14] = 171

TCKS    283521
EVTS    42
NO      0.494
FWDS    0.000    0.004
BAKS    0.000    0.048

=== LAT=500, MULT=2, EVTS=10

NOS[2] = 240
NOS[8] = 100
NOS[14] = 95

TCKS    283521
EVTS    60
NO      0.359
FWDS    0.000    0.007
BAKS    0.001    0.072

=== LAT=500, MULT=2, EVTS=25

NOS[2] = 320
NOS[8] = 315
NOS[14] = 285

TCKS    283521
EVTS    136
NO      0.763
FWDS    0.000    0.001
BAKS    0.003    0.261

=== LAT=500, MULT=2, EVTS=50

NOS[2] = 190
NOS[8] = 160
NOS[14] = 152

TCKS    283521
EVTS    245
NO      0.406
FWDS    0.000    0.000
BAKS    0.006    0.555

=== LAT=500, MULT=2, EVTS=100

NOS[2] = 60
NOS[8] = 60
NOS[14] = 57

TCKS    283521
EVTS    457
NO      0.151
FWDS    0.000    0.001
BAKS    0.021    1.642

=== LAT=500, MULT=2, EVTS=200

NOS[2] = 188
NOS[8] = 154
NOS[14] = 122

TCKS    283521
EVTS    909
NO      0.379
FWDS    0.000    0.001
BAKS    0.063    4.476

=== LAT=500, MULT=1, EVTS=5

NOS[2] = 320
NOS[8] = 320
NOS[14] = 262

TCKS    283521
EVTS    32
NO      0.786
FWDS    0.000    0.005
BAKS    0.000    0.061

=== LAT=500, MULT=1, EVTS=10

NOS[2] = 300
NOS[8] = 180
NOS[14] = 171

TCKS    283521
EVTS    61
NO      0.548
FWDS    0.000    0.003
BAKS    0.002    0.227

=== LAT=500, MULT=1, EVTS=25

NOS[2] = 261
NOS[8] = 180
NOS[14] = 171

TCKS    283521
EVTS    143
NO      0.487
FWDS    0.000    0.004
BAKS    0.007    0.876

=== LAT=500, MULT=1, EVTS=50

NOS[2] = 208
NOS[8] = 140
NOS[14] = 138

TCKS    283521
EVTS    261
NO      0.377
FWDS    0.000    0.004
BAKS    0.021    2.432

=== LAT=500, MULT=1, EVTS=100

ERR	1	(-640,390,-1,0)	(178,390,0,0)

NOS[2] = 231
NOS[8] = 200
NOS[14] = 171

TCKS    283521
EVTS    471
NO      0.510
FWDS    0.000    0.001
BAKS    0.058    7.256

=== LAT=500, MULT=1, EVTS=200

ERR	19	(-972,1886,-1,0)	(-972,1770,-1,0)

NOS[2] = 275
NOS[8] = 150
NOS[14] = 114

TCKS    283521
EVTS    860
NO      0.438
FWDS    0.000    0.001
BAKS    0.137    17.001

