=== TOTAL=300, WAIT=30, LATENCY=5, EVENTS=1

TCKS    283521
EVTS    23
NO      0.000
FWDS    0.000    0.001
BAKS    0.000    0.000

=== TOTAL=300, WAIT=30, LATENCY=5, EVENTS=5

TCKS    283521
EVTS    34
NO      0.000
FWDS    0.000    0.004
BAKS    0.001    0.008

=== TOTAL=300, WAIT=30, LATENCY=5, EVENTS=10

TCKS    283521
EVTS    57
NO      0.000
FWDS    0.000    0.005
BAKS    0.001    0.010

=== TOTAL=300, WAIT=30, LATENCY=5, EVENTS=25

TCKS    283521
EVTS    138
NO      0.000
FWDS    0.000    0.002
BAKS    0.005    0.015

=== TOTAL=300, WAIT=30, LATENCY=5, EVENTS=50

TCKS    283521
EVTS    248
NO      0.000
FWDS    0.001    0.001
BAKS    0.009    0.021

=== TOTAL=300, WAIT=30, LATENCY=5, EVENTS=100

TCKS    283521
EVTS    460
NO      0.000
FWDS    0.001    0.001
BAKS    0.018    0.039

=== TOTAL=300, WAIT=30, LATENCY=5, EVENTS=250

TCKS    283521
EVTS    971
NO      0.000
FWDS    0.001    0.001
BAKS    0.042    0.081

=== TOTAL=300, WAIT=30, LATENCY=5, EVENTS=500

TCKS    283521
EVTS    1461
NO      0.000
FWDS    0.002    0.002
BAKS    0.062    0.136

=== TOTAL=300, WAIT=30, LATENCY=25, EVENTS=1

TCKS    283521
EVTS    21
NO      0.000
FWDS    0.000    0.000
BAKS    0.000    0.000

=== TOTAL=300, WAIT=30, LATENCY=25, EVENTS=5

TCKS    283521
EVTS    39
NO      0.000
FWDS    0.000    0.003
BAKS    0.001    0.007

=== TOTAL=300, WAIT=30, LATENCY=25, EVENTS=10

TCKS    283521
EVTS    62
NO      0.000
FWDS    0.000    0.000
BAKS    0.002    0.013

=== TOTAL=300, WAIT=30, LATENCY=25, EVENTS=25

TCKS    283521
EVTS    122
NO      0.000
FWDS    0.000    0.005
BAKS    0.003    0.037

=== TOTAL=300, WAIT=30, LATENCY=25, EVENTS=50

TCKS    283521
EVTS    250
NO      0.000
FWDS    0.000    0.000
BAKS    0.007    0.066

=== TOTAL=300, WAIT=30, LATENCY=25, EVENTS=100

TCKS    283521
EVTS    450
NO      0.000
FWDS    0.000    0.000
BAKS    0.019    0.127

=== TOTAL=300, WAIT=30, LATENCY=25, EVENTS=250

TCKS    283521
EVTS    1147
NO      0.000
FWDS    0.000    0.000
BAKS    0.056    0.385

=== TOTAL=300, WAIT=30, LATENCY=25, EVENTS=500

TCKS    283521
EVTS    1576
NO      0.000
FWDS    0.000    0.000
BAKS    0.076    0.488

=== TOTAL=300, WAIT=30, LATENCY=50, EVENTS=1

TCKS    283521
EVTS    25
NO      0.000
FWDS    0.000    0.002
BAKS    0.000    0.005

=== TOTAL=300, WAIT=30, LATENCY=50, EVENTS=5

TCKS    283521
EVTS    41
NO      0.000
FWDS    0.000    0.002
BAKS    0.000    0.008

=== TOTAL=300, WAIT=30, LATENCY=50, EVENTS=10

TCKS    283521
EVTS    65
NO      0.000
FWDS    0.000    0.004
BAKS    0.002    0.030

=== TOTAL=300, WAIT=30, LATENCY=50, EVENTS=25

TCKS    283521
EVTS    130
NO      0.000
FWDS    0.000    0.001
BAKS    0.004    0.058

=== TOTAL=300, WAIT=30, LATENCY=50, EVENTS=50

TCKS    283521
EVTS    239
NO      0.000
FWDS    0.000    0.000
BAKS    0.010    0.129

=== TOTAL=300, WAIT=30, LATENCY=50, EVENTS=100

TCKS    283521
EVTS    443
NO      0.000
FWDS    0.000    0.000
BAKS    0.016    0.293

=== TOTAL=300, WAIT=30, LATENCY=50, EVENTS=250

TCKS    283521
EVTS    1075
NO      0.000
FWDS    0.000    0.000
BAKS    0.060    0.804

=== TOTAL=300, WAIT=30, LATENCY=50, EVENTS=500

TCKS    283521
EVTS    1413
NO      0.000
FWDS    0.000    0.000
BAKS    0.083    0.963

=== TOTAL=300, WAIT=30, LATENCY=100, EVENTS=1

NOS[2] = 231
NOS[5] = 180
NOS[8] = 48

TCKS    283521
EVTS    24
NO      0.238
FWDS    0.000    0.002
BAKS    0.000    0.002

=== TOTAL=300, WAIT=30, LATENCY=100, EVENTS=5

NOS[2] = 180
NOS[8] = 180
NOS[14] = 21

TCKS    283521
EVTS    35
NO      0.419
FWDS    0.000    0.004
BAKS    0.000    0.024

=== TOTAL=300, WAIT=30, LATENCY=100, EVENTS=10

TCKS    283521
EVTS    63
NO      0.013
FWDS    0.000    0.002
BAKS    0.001    0.046

=== TOTAL=300, WAIT=30, LATENCY=100, EVENTS=25

TCKS    283521
EVTS    124
NO      0.000
FWDS    0.000    0.001
BAKS    0.004    0.116

=== TOTAL=300, WAIT=30, LATENCY=100, EVENTS=50

NOS[1] = 155
NOS[2] = 1

TCKS    283521
EVTS    251
NO      0.029
FWDS    0.000    0.008
BAKS    0.010    0.280

=== TOTAL=300, WAIT=30, LATENCY=100, EVENTS=100

TCKS    283521
EVTS    476
NO      0.000
FWDS    0.000    0.000
BAKS    0.026    0.978

=== TOTAL=300, WAIT=30, LATENCY=100, EVENTS=250

TCKS    283521
EVTS    955
NO      0.000
FWDS    0.000    0.000
BAKS    0.073    1.984

=== TOTAL=300, WAIT=30, LATENCY=100, EVENTS=500

TCKS    283521
EVTS    1428
NO      0.000
FWDS    0.000    0.000
BAKS    0.145    5.520

=== TOTAL=300, WAIT=30, LATENCY=250, EVENTS=1

NOS[2] = 280
NOS[8] = 280
NOS[14] = 274

TCKS    283521
EVTS    22
NO      0.695
FWDS    0.000    0.000
BAKS    0.000    0.002

=== TOTAL=300, WAIT=30, LATENCY=250, EVENTS=5

NOS[2] = 240
NOS[8] = 84
NOS[14] = 19

TCKS    283521
EVTS    36
NO      0.316
FWDS    0.000    0.003
BAKS    0.001    0.045

=== TOTAL=300, WAIT=30, LATENCY=250, EVENTS=10

NOS[2] = 240
NOS[5] = 118
NOS[7] = 29

TCKS    283521
EVTS    62
NO      0.199
FWDS    0.000    0.004
BAKS    0.002    0.097

=== TOTAL=300, WAIT=30, LATENCY=250, EVENTS=25

NOS[1] = 111
NOS[2] = 15

TCKS    283521
EVTS    139
NO      0.023
FWDS    0.000    0.005
BAKS    0.006    0.374

=== TOTAL=300, WAIT=30, LATENCY=250, EVENTS=50

TCKS    283521
EVTS    234
NO      0.000
FWDS    0.000    0.000
BAKS    0.013    0.837

=== TOTAL=300, WAIT=30, LATENCY=250, EVENTS=100

NOS[2] = 60
NOS[8] = 40
NOS[14] = 38

TCKS    283521
EVTS    493
NO      0.112
FWDS    0.000    0.000
BAKS    0.043    3.298

=== TOTAL=300, WAIT=30, LATENCY=250, EVENTS=250

TCKS    283521
EVTS    1034
NO      0.000
FWDS    0.000    0.000
BAKS    0.124    7.223

=== TOTAL=300, WAIT=30, LATENCY=250, EVENTS=500

ERR	20	(-578,-690,-1,0)	(-618,-690,-1,0)

NOS[2] = 20
NOS[4] = 14

TCKS    283521
EVTS    1467
NO      0.012
FWDS    0.000    0.000
BAKS    0.252    17.750

=== TOTAL=300, WAIT=30, LATENCY=500, EVENTS=1

NOS[2] = 320
NOS[8] = 320
NOS[14] = 304

TCKS    283521
EVTS    22
NO      0.794
FWDS    0.000    0.000
BAKS    0.000    0.009

=== TOTAL=300, WAIT=30, LATENCY=500, EVENTS=5

NOS[2] = 320
NOS[8] = 220
NOS[14] = 209

TCKS    283521
EVTS    35
NO      0.660
FWDS    0.000    0.004
BAKS    0.000    0.081

=== TOTAL=300, WAIT=30, LATENCY=500, EVENTS=10

NOS[2] = 360
NOS[8] = 320
NOS[14] = 209

TCKS    283521
EVTS    68
NO      0.730
FWDS    0.000    0.007
BAKS    0.003    0.386

=== TOTAL=300, WAIT=30, LATENCY=500, EVENTS=25

NOS[2] = 80
NOS[8] = 20
NOS[14] = 19

TCKS    283521
EVTS    135
NO      0.082
FWDS    0.000    0.009
BAKS    0.006    0.773

=== TOTAL=300, WAIT=30, LATENCY=500, EVENTS=50

NOS[2] = 53
NOS[8] = 20
NOS[14] = 19

TCKS    283521
EVTS    240
NO      0.066
FWDS    0.000    0.001
BAKS    0.018    2.108

=== TOTAL=300, WAIT=30, LATENCY=500, EVENTS=100

NOS[2] = 122
NOS[8] = 132
NOS[14] = 114

TCKS    283521
EVTS    462
NO      0.300
FWDS    0.000    0.000
BAKS    0.051    5.852

=== TOTAL=300, WAIT=30, LATENCY=500, EVENTS=250

NOS[2] = 168
NOS[8] = 47
NOS[14] = 40

TCKS    283521
EVTS    1150
NO      0.205
FWDS    0.000    0.001
BAKS    0.228    26.184

=== TOTAL=300, WAIT=30, LATENCY=500, EVENTS=500

NOS[2] = 140
NOS[8] = 57
NOS[14] = 19

TCKS    283521
EVTS    1625
NO      0.170
FWDS    0.000    0.000
BAKS    0.369    43.799

=== TOTAL=300, WAIT=30, LATENCY=1000, EVENTS=1

NOS[2] = 340
NOS[8] = 340
NOS[14] = 323

TCKS    283521
EVTS    21
NO      0.844
FWDS    0.000    0.000
BAKS    0.000    0.000

=== TOTAL=300, WAIT=30, LATENCY=1000, EVENTS=5

NOS[2] = 380
NOS[8] = 340
NOS[14] = 323

TCKS    283521
EVTS    32
NO      0.883
FWDS    0.000    0.012
BAKS    0.000    0.104

=== TOTAL=300, WAIT=30, LATENCY=1000, EVENTS=10

NOS[2] = 340
NOS[8] = 340
NOS[14] = 323

TCKS    283521
EVTS    62
NO      0.844
FWDS    0.000    0.003
BAKS    0.002    0.513

=== TOTAL=300, WAIT=30, LATENCY=1000, EVENTS=25

ERR	18	(2932,-240,0,1)	(3440,-748,1,0)

NOS[2] = 360
NOS[8] = 368
NOS[14] = 342

TCKS    283521
EVTS    135
NO      0.893
FWDS    0.000    0.002
BAKS    0.009    2.335

=== TOTAL=300, WAIT=30, LATENCY=1000, EVENTS=50

ERR	5	(-1052,-4008,0,-1)	(-1052,-2044,0,1)

NOS[2] = 280
NOS[8] = 280
NOS[14] = 248

TCKS    283521
EVTS    251
NO      0.683
FWDS    0.000    0.001
BAKS    0.025    6.260

=== TOTAL=300, WAIT=30, LATENCY=1000, EVENTS=100

ERR	1	(866,1378,0,1)	(938,1222,0,1)

NOS[2] = 393
NOS[8] = 388
NOS[14] = 361

TCKS    283521
EVTS    459
NO      0.943
FWDS    0.000    0.001
BAKS    0.074    17.233

=== TOTAL=300, WAIT=30, LATENCY=1000, EVENTS=250

ERR	1	(-42,120,0,-1)	(-36,158,0,-1)

NOS[2] = 275
NOS[8] = 240
NOS[14] = 237

TCKS    283521
EVTS    1011
NO      0.607
FWDS    0.000    0.002
BAKS    0.247    55.439

=== TOTAL=300, WAIT=30, LATENCY=1000, EVENTS=500

ERR	1	(1606,-12,0,0)	(1556,20,0,0)

NOS[2] = 370
NOS[8] = 408
NOS[14] = 366

TCKS    283521
EVTS    1409
NO      0.895
FWDS    0.000    0.001
BAKS    0.399    108.516

