=== TOTAL=300, WAIT=30, LATENCY=5, EVENTS=100

NO  	0	0.0
FWDS	139	0.010295533664173
BAKS	4974	0.36841715428487
EVTS	493

=== TOTAL=300, WAIT=30, LATENCY=25, EVENTS=100

NO  	0	0.0
FWDS	66	0.0048885267757944
BAKS	4125	0.30553292348715
EVTS	469

=== TOTAL=300, WAIT=30, LATENCY=50, EVENTS=100

NO  	0	0.0
FWDS	391	0.028960817717206
BAKS	4515	0.33441967261684
EVTS	466

=== TOTAL=300, WAIT=30, LATENCY=100, EVENTS=100

NO  	0	0.0
FWDS	230	0.017035775127768
BAKS	6546	0.48485297385379
EVTS	524

=== TOTAL=300, WAIT=30, LATENCY=250, EVENTS=100

NO  	0	0.0
FWDS	972	0.071994667061699
BAKS	10900	0.80734760388119
EVTS	499

=== TOTAL=300, WAIT=30, LATENCY=500, EVENTS=100

NO  	0	0.0
FWDS	574	0.042515369231909
BAKS	20060	1.4858158654914
EVTS	461

