=== LAT=5, EVTS=1, MULT=1

TCKS    283521
EVTS    23
NO      0.000
FWDS    0.000    0.000
BAKS    0.000    0.000

=== LAT=5, EVTS=1, MULT=2

TCKS    283521
EVTS    23
NO      0.000
FWDS    0.000    0.000
BAKS    0.000    0.000

=== LAT=5, EVTS=1, MULT=5

TCKS    283521
EVTS    21
NO      0.000
FWDS    0.000    0.000
BAKS    0.000    0.000

=== LAT=5, EVTS=1, MULT=10

TCKS    283521
EVTS    24
NO      0.000
FWDS    0.000    0.001
BAKS    0.000    0.000

=== LAT=5, EVTS=5, MULT=1

TCKS    283521
EVTS    34
NO      0.000
FWDS    0.000    0.000
BAKS    0.001    0.001

=== LAT=5, EVTS=5, MULT=2

TCKS    283521
EVTS    29
NO      0.000
FWDS    0.000    0.000
BAKS    0.000    0.000

=== LAT=5, EVTS=5, MULT=5

TCKS    283521
EVTS    32
NO      0.000
FWDS    0.000    0.000
BAKS    0.000    0.000

=== LAT=5, EVTS=5, MULT=10

TCKS    283521
EVTS    33
NO      0.000
FWDS    0.000    0.000
BAKS    0.000    0.000

=== LAT=5, EVTS=10, MULT=1

TCKS    283521
EVTS    56
NO      0.000
FWDS    0.000    0.000
BAKS    0.002    0.003

=== LAT=5, EVTS=10, MULT=2

TCKS    283521
EVTS    69
NO      0.000
FWDS    0.000    0.000
BAKS    0.001    0.002

=== LAT=5, EVTS=10, MULT=5

TCKS    283521
EVTS    63
NO      0.000
FWDS    0.000    0.000
BAKS    0.000    0.000

=== LAT=5, EVTS=10, MULT=10

TCKS    283521
EVTS    61
NO      0.000
FWDS    0.000    0.000
BAKS    0.000    0.000

=== LAT=5, EVTS=25, MULT=1

TCKS    283521
EVTS    135
NO      0.000
FWDS    0.000    0.000
BAKS    0.004    0.010

=== LAT=5, EVTS=25, MULT=2

TCKS    283521
EVTS    125
NO      0.000
FWDS    0.000    0.000
BAKS    0.003    0.005

=== LAT=5, EVTS=25, MULT=5

TCKS    283521
EVTS    131
NO      0.000
FWDS    0.000    0.000
BAKS    0.000    0.000

=== LAT=5, EVTS=25, MULT=10

TCKS    283521
EVTS    125
NO      0.000
FWDS    0.000    0.001
BAKS    0.000    0.000

=== LAT=5, EVTS=50, MULT=1

TCKS    283521
EVTS    242
NO      0.000
FWDS    0.000    0.000
BAKS    0.010    0.021

=== LAT=5, EVTS=50, MULT=2

TCKS    283521
EVTS    232
NO      0.000
FWDS    0.000    0.000
BAKS    0.005    0.009

=== LAT=5, EVTS=50, MULT=5

TCKS    283521
EVTS    226
NO      0.000
FWDS    0.000    0.001
BAKS    0.000    0.000

=== LAT=5, EVTS=50, MULT=10

TCKS    283521
EVTS    232
NO      0.000
FWDS    0.001    0.001
BAKS    0.000    0.000

=== LAT=5, EVTS=100, MULT=1

TCKS    283521
EVTS    438
NO      0.000
FWDS    0.001    0.001
BAKS    0.017    0.038

=== LAT=5, EVTS=100, MULT=2

TCKS    283521
EVTS    447
NO      0.000
FWDS    0.001    0.001
BAKS    0.011    0.022

=== LAT=5, EVTS=100, MULT=5

TCKS    283521
EVTS    453
NO      0.000
FWDS    0.001    0.001
BAKS    0.000    0.000

=== LAT=5, EVTS=100, MULT=10

TCKS    283521
EVTS    443
NO      0.000
FWDS    0.001    0.001
BAKS    0.000    0.000

=== LAT=5, EVTS=250, MULT=1

TCKS    283521
EVTS    977
NO      0.000
FWDS    0.001    0.001
BAKS    0.041    0.077

=== LAT=5, EVTS=250, MULT=2

TCKS    283521
EVTS    937
NO      0.000
FWDS    0.000    0.000
BAKS    0.022    0.038

=== LAT=5, EVTS=250, MULT=5

TCKS    283521
EVTS    989
NO      0.000
FWDS    0.002    0.002
BAKS    0.001    0.001

=== LAT=5, EVTS=250, MULT=10

TCKS    283521
EVTS    936
NO      0.000
FWDS    0.002    0.002
BAKS    0.000    0.000

=== LAT=5, EVTS=500, MULT=1

TCKS    283521
EVTS    1463
NO      0.000
FWDS    0.002    0.002
BAKS    0.057    0.116

=== LAT=5, EVTS=500, MULT=2

TCKS    283521
EVTS    1449
NO      0.000
FWDS    0.001    0.001
BAKS    0.033    0.056

=== LAT=5, EVTS=500, MULT=5

TCKS    283521
EVTS    1707
NO      0.000
FWDS    0.002    0.002
BAKS    0.001    0.001

=== LAT=5, EVTS=500, MULT=10

TCKS    283521
EVTS    1472
NO      0.000
FWDS    0.002    0.002
BAKS    0.000    0.000

=== LAT=25, EVTS=1, MULT=1

TCKS    283521
EVTS    26
NO      0.000
FWDS    0.000    0.000
BAKS    0.000    0.001

=== LAT=25, EVTS=1, MULT=2

TCKS    283521
EVTS    22
NO      0.000
FWDS    0.000    0.000
BAKS    0.000    0.000

=== LAT=25, EVTS=1, MULT=5

TCKS    283521
EVTS    22
NO      0.000
FWDS    0.000    0.000
BAKS    0.000    0.000

=== LAT=25, EVTS=1, MULT=10

TCKS    283521
EVTS    21
NO      0.000
FWDS    0.000    0.000
BAKS    0.000    0.000

=== LAT=25, EVTS=5, MULT=1

TCKS    283521
EVTS    33
NO      0.000
FWDS    0.000    0.000
BAKS    0.000    0.005

=== LAT=25, EVTS=5, MULT=2

TCKS    283521
EVTS    31
NO      0.000
FWDS    0.000    0.001
BAKS    0.000    0.002

=== LAT=25, EVTS=5, MULT=5

TCKS    283521
EVTS    41
NO      0.000
FWDS    0.000    0.002
BAKS    0.000    0.000

=== LAT=25, EVTS=5, MULT=10

TCKS    283521
EVTS    37
NO      0.000
FWDS    0.000    0.001
BAKS    0.000    0.000

=== LAT=25, EVTS=10, MULT=1

TCKS    283521
EVTS    63
NO      0.000
FWDS    0.000    0.000
BAKS    0.001    0.014

=== LAT=25, EVTS=10, MULT=2

TCKS    283521
EVTS    62
NO      0.000
FWDS    0.000    0.001
BAKS    0.001    0.004

=== LAT=25, EVTS=10, MULT=5

TCKS    283521
EVTS    63
NO      0.000
FWDS    0.000    0.002
BAKS    0.000    0.001

=== LAT=25, EVTS=10, MULT=10

TCKS    283521
EVTS    60
NO      0.000
FWDS    0.000    0.000
BAKS    0.000    0.000

=== LAT=25, EVTS=25, MULT=1

TCKS    283521
EVTS    131
NO      0.000
FWDS    0.000    0.001
BAKS    0.003    0.033

=== LAT=25, EVTS=25, MULT=2

TCKS    283521
EVTS    137
NO      0.000
FWDS    0.000    0.001
BAKS    0.002    0.017

=== LAT=25, EVTS=25, MULT=5

TCKS    283521
EVTS    125
NO      0.000
FWDS    0.000    0.001
BAKS    0.000    0.000

=== LAT=25, EVTS=25, MULT=10

TCKS    283521
EVTS    126
NO      0.000
FWDS    0.000    0.002
BAKS    0.000    0.000

=== LAT=25, EVTS=50, MULT=1

TCKS    283521
EVTS    239
NO      0.000
FWDS    0.000    0.000
BAKS    0.008    0.063

=== LAT=25, EVTS=50, MULT=2

TCKS    283521
EVTS    232
NO      0.000
FWDS    0.000    0.000
BAKS    0.003    0.028

=== LAT=25, EVTS=50, MULT=5

TCKS    283521
EVTS    241
NO      0.000
FWDS    0.000    0.000
BAKS    0.000    0.000

=== LAT=25, EVTS=50, MULT=10

TCKS    283521
EVTS    240
NO      0.000
FWDS    0.000    0.000
BAKS    0.000    0.000

=== LAT=25, EVTS=100, MULT=1

TCKS    283521
EVTS    444
NO      0.000
FWDS    0.000    0.000
BAKS    0.016    0.144

=== LAT=25, EVTS=100, MULT=2

TCKS    283521
EVTS    480
NO      0.000
FWDS    0.000    0.000
BAKS    0.009    0.064

=== LAT=25, EVTS=100, MULT=5

TCKS    283521
EVTS    472
NO      0.000
FWDS    0.000    0.000
BAKS    0.000    0.000

=== LAT=25, EVTS=100, MULT=10

TCKS    283521
EVTS    469
NO      0.000
FWDS    0.000    0.000
BAKS    0.000    0.000

=== LAT=25, EVTS=250, MULT=1

TCKS    283521
EVTS    1153
NO      0.000
FWDS    0.000    0.000
BAKS    0.056    0.362

=== LAT=25, EVTS=250, MULT=2

TCKS    283521
EVTS    1136
NO      0.000
FWDS    0.000    0.000
BAKS    0.025    0.120

=== LAT=25, EVTS=250, MULT=5

TCKS    283521
EVTS    1031
NO      0.000
FWDS    0.000    0.000
BAKS    0.000    0.000

=== LAT=25, EVTS=250, MULT=10

TCKS    283521
EVTS    1137
NO      0.000
FWDS    0.000    0.000
BAKS    0.000    0.000

=== LAT=25, EVTS=500, MULT=1

ERR	19	(988,1108,1,0)	(1108,988,1,0)

TCKS    283521
EVTS    1438
NO      0.000
FWDS    0.000    0.000
BAKS    0.074    0.549

=== LAT=25, EVTS=500, MULT=2

TCKS    283521
EVTS    1712
NO      0.000
FWDS    0.000    0.000
BAKS    0.036    0.170

=== LAT=25, EVTS=500, MULT=5

TCKS    283521
EVTS    1720
NO      0.000
FWDS    0.000    0.000
BAKS    0.000    0.000

=== LAT=25, EVTS=500, MULT=10

TCKS    283521
EVTS    1489
NO      0.000
FWDS    0.000    0.000
BAKS    0.000    0.000

=== LAT=50, EVTS=1, MULT=1

TCKS    283521
EVTS    25
NO      0.000
FWDS    0.000    0.000
BAKS    0.000    0.004

=== LAT=50, EVTS=1, MULT=2

TCKS    283521
EVTS    25
NO      0.000
FWDS    0.000    0.000
BAKS    0.000    0.001

=== LAT=50, EVTS=1, MULT=5

TCKS    283521
EVTS    24
NO      0.000
FWDS    0.000    0.001
BAKS    0.000    0.000

=== LAT=50, EVTS=1, MULT=10

TCKS    283521
EVTS    23
NO      0.000
FWDS    0.000    0.000
BAKS    0.000    0.000

=== LAT=50, EVTS=5, MULT=1

TCKS    283521
EVTS    40
NO      0.000
FWDS    0.000    0.000
BAKS    0.001    0.010

=== LAT=50, EVTS=5, MULT=2

TCKS    283521
EVTS    39
NO      0.000
FWDS    0.000    0.002
BAKS    0.000    0.005

=== LAT=50, EVTS=5, MULT=5

TCKS    283521
EVTS    39
NO      0.000
FWDS    0.000    0.004
BAKS    0.000    0.001

=== LAT=50, EVTS=5, MULT=10

TCKS    283521
EVTS    38
NO      0.000
FWDS    0.000    0.001
BAKS    0.000    0.000

=== LAT=50, EVTS=10, MULT=1

TCKS    283521
EVTS    58
NO      0.000
FWDS    0.000    0.001
BAKS    0.001    0.021

=== LAT=50, EVTS=10, MULT=2

TCKS    283521
EVTS    57
NO      0.000
FWDS    0.000    0.001
BAKS    0.001    0.008

=== LAT=50, EVTS=10, MULT=5

TCKS    283521
EVTS    52
NO      0.000
FWDS    0.000    0.003
BAKS    0.000    0.000

=== LAT=50, EVTS=10, MULT=10

TCKS    283521
EVTS    62
NO      0.007
FWDS    0.000    0.004
BAKS    0.000    0.000

=== LAT=50, EVTS=25, MULT=1

TCKS    283521
EVTS    136
NO      0.000
FWDS    0.000    0.000
BAKS    0.004    0.094

=== LAT=50, EVTS=25, MULT=2

TCKS    283521
EVTS    139
NO      0.000
FWDS    0.000    0.000
BAKS    0.002    0.030

=== LAT=50, EVTS=25, MULT=5

TCKS    283521
EVTS    135
NO      0.000
FWDS    0.000    0.000
BAKS    0.000    0.002

=== LAT=50, EVTS=25, MULT=10

TCKS    283521
EVTS    126
NO      0.000
FWDS    0.000    0.002
BAKS    0.000    0.000

=== LAT=50, EVTS=50, MULT=1

TCKS    283521
EVTS    240
NO      0.000
FWDS    0.000    0.000
BAKS    0.009    0.140

=== LAT=50, EVTS=50, MULT=2

TCKS    283521
EVTS    250
NO      0.000
FWDS    0.000    0.001
BAKS    0.005    0.047

=== LAT=50, EVTS=50, MULT=5

TCKS    283521
EVTS    233
NO      0.000
FWDS    0.000    0.000
BAKS    0.000    0.000

=== LAT=50, EVTS=50, MULT=10

TCKS    283521
EVTS    255
NO      0.000
FWDS    0.000    0.001
BAKS    0.000    0.000

=== LAT=50, EVTS=100, MULT=1

TCKS    283521
EVTS    501
NO      0.000
FWDS    0.000    0.000
BAKS    0.022    0.327

=== LAT=50, EVTS=100, MULT=2

TCKS    283521
EVTS    455
NO      0.000
FWDS    0.000    0.000
BAKS    0.009    0.171

=== LAT=50, EVTS=100, MULT=5

TCKS    283521
EVTS    494
NO      0.000
FWDS    0.000    0.000
BAKS    0.000    0.000

=== LAT=50, EVTS=100, MULT=10

TCKS    283521
EVTS    481
NO      0.000
FWDS    0.000    0.000
BAKS    0.000    0.000

=== LAT=50, EVTS=250, MULT=1

ERR	4	(214,-580,0,-1)	(14,-580,0,-1)

TCKS    283521
EVTS    986
NO      0.000
FWDS    0.000    0.000
BAKS    0.050    0.873

=== LAT=50, EVTS=250, MULT=2

TCKS    283521
EVTS    1136
NO      0.000
FWDS    0.000    0.000
BAKS    0.027    0.359

=== LAT=50, EVTS=250, MULT=5

TCKS    283521
EVTS    1097
NO      0.000
FWDS    0.000    0.000
BAKS    0.000    0.000

=== LAT=50, EVTS=250, MULT=10

TCKS    283521
EVTS    1043
NO      0.000
FWDS    0.000    0.000
BAKS    0.000    0.000

=== LAT=50, EVTS=500, MULT=1

TCKS    283521
EVTS    1315
NO      0.000
FWDS    0.000    0.000
BAKS    0.092    1.294

=== LAT=50, EVTS=500, MULT=2

TCKS    283521
EVTS    1626
NO      0.000
FWDS    0.000    0.000
BAKS    0.049    0.453

=== LAT=50, EVTS=500, MULT=5

TCKS    283521
EVTS    1398
NO      0.000
FWDS    0.000    0.000
BAKS    0.004    0.030

=== LAT=50, EVTS=500, MULT=10

TCKS    283521
EVTS    1721
NO      0.000
FWDS    0.000    0.000
BAKS    0.000    0.000

=== LAT=100, EVTS=1, MULT=1

TCKS    283521
EVTS    22
NO      0.000
FWDS    0.000    0.000
BAKS    0.000    0.001

=== LAT=100, EVTS=1, MULT=2

NOS[2] = 120
NOS[8] = 120
NOS[14] = 114

TCKS    283521
EVTS    21
NO      0.298
FWDS    0.000    0.000
BAKS    0.000    0.000

=== LAT=100, EVTS=1, MULT=5

NOS[2] = 300
NOS[8] = 300
NOS[14] = 285

TCKS    283521
EVTS    21
NO      0.744
FWDS    0.000    0.000
BAKS    0.000    0.000

=== LAT=100, EVTS=1, MULT=10

NOS[2] = 140
NOS[8] = 140
NOS[14] = 133

TCKS    283521
EVTS    25
NO      0.347
FWDS    0.000    0.000
BAKS    0.000    0.000

=== LAT=100, EVTS=5, MULT=1

TCKS    283521
EVTS    33
NO      0.000
FWDS    0.000    0.002
BAKS    0.001    0.020

=== LAT=100, EVTS=5, MULT=2

TCKS    283521
EVTS    38
NO      0.000
FWDS    0.000    0.003
BAKS    0.000    0.011

=== LAT=100, EVTS=5, MULT=5

TCKS    283521
EVTS    47
NO      0.002
FWDS    0.000    0.001
BAKS    0.000    0.001

=== LAT=100, EVTS=5, MULT=10

NOS[1] = 18
NOS[2] = 9

TCKS    283521
EVTS    38
NO      0.005
FWDS    0.000    0.003
BAKS    0.000    0.000

=== LAT=100, EVTS=10, MULT=1

TCKS    283521
EVTS    69
NO      0.000
FWDS    0.000    0.000
BAKS    0.002    0.077

=== LAT=100, EVTS=10, MULT=2

TCKS    283521
EVTS    64
NO      0.000
FWDS    0.000    0.001
BAKS    0.001    0.026

=== LAT=100, EVTS=10, MULT=5

TCKS    283521
EVTS    61
NO      0.087
FWDS    0.000    0.004
BAKS    0.000    0.001

=== LAT=100, EVTS=10, MULT=10

NOS[1] = 117

TCKS    283521
EVTS    62
NO      0.021
FWDS    0.000    0.007
BAKS    0.000    0.000

=== LAT=100, EVTS=25, MULT=1

TCKS    283521
EVTS    129
NO      0.000
FWDS    0.000    0.001
BAKS    0.005    0.130

=== LAT=100, EVTS=25, MULT=2

TCKS    283521
EVTS    121
NO      0.000
FWDS    0.000    0.001
BAKS    0.002    0.033

=== LAT=100, EVTS=25, MULT=5

TCKS    283521
EVTS    138
NO      0.000
FWDS    0.000    0.001
BAKS    0.000    0.001

=== LAT=100, EVTS=25, MULT=10

TCKS    283521
EVTS    124
NO      0.027
FWDS    0.000    0.004
BAKS    0.000    0.000

=== LAT=100, EVTS=50, MULT=1

NOS[1] = 30
NOS[2] = 2

TCKS    283521
EVTS    239
NO      0.006
FWDS    0.000    0.002
BAKS    0.009    0.432

=== LAT=100, EVTS=50, MULT=2

ERR	8	(-1506,1362,-1,0)	(-1456,1312,-1,0)

TCKS    283521
EVTS    238
NO      0.000
FWDS    0.000    0.000
BAKS    0.005    0.178

=== LAT=100, EVTS=50, MULT=5

TCKS    283521
EVTS    243
NO      0.000
FWDS    0.000    0.000
BAKS    0.000    0.002

=== LAT=100, EVTS=50, MULT=10

TCKS    283521
EVTS    231
NO      0.000
FWDS    0.000    0.001
BAKS    0.000    0.000

=== LAT=100, EVTS=100, MULT=1

TCKS    283521
EVTS    479
NO      0.000
FWDS    0.000    0.000
BAKS    0.024    0.787

=== LAT=100, EVTS=100, MULT=2

TCKS    283521
EVTS    446
NO      0.000
FWDS    0.000    0.000
BAKS    0.013    0.463

=== LAT=100, EVTS=100, MULT=5

TCKS    283521
EVTS    460
NO      0.000
FWDS    0.000    0.000
BAKS    0.000    0.002

=== LAT=100, EVTS=100, MULT=10

TCKS    283521
EVTS    464
NO      0.000
FWDS    0.000    0.000
BAKS    0.000    0.000

=== LAT=100, EVTS=250, MULT=1

TCKS    283521
EVTS    1046
NO      0.000
FWDS    0.000    0.000
BAKS    0.078    2.217

=== LAT=100, EVTS=250, MULT=2

TCKS    283521
EVTS    1025
NO      0.000
FWDS    0.000    0.000
BAKS    0.031    0.513

=== LAT=100, EVTS=250, MULT=5

TCKS    283521
EVTS    1051
NO      0.000
FWDS    0.000    0.000
BAKS    0.000    0.001

=== LAT=100, EVTS=250, MULT=10

TCKS    283521
EVTS    1090
NO      0.000
FWDS    0.000    0.000
BAKS    0.000    0.000

=== LAT=100, EVTS=500, MULT=1

TCKS    283521
EVTS    1555
NO      0.000
FWDS    0.000    0.000
BAKS    0.150    4.973

=== LAT=100, EVTS=500, MULT=2

TCKS    283521
EVTS    1407
NO      0.000
FWDS    0.000    0.000
BAKS    0.054    1.200

=== LAT=100, EVTS=500, MULT=5

TCKS    283521
EVTS    1573
NO      0.000
FWDS    0.000    0.000
BAKS    0.000    0.000

=== LAT=100, EVTS=500, MULT=10

TCKS    283521
EVTS    1465
NO      0.000
FWDS    0.000    0.000
BAKS    0.000    0.000

=== LAT=250, EVTS=1, MULT=1

NOS[2] = 160
NOS[8] = 160
NOS[14] = 152

TCKS    283521
EVTS    23
NO      0.397
FWDS    0.000    0.000
BAKS    0.000    0.010

=== LAT=250, EVTS=1, MULT=2

NOS[2] = 360
NOS[8] = 360
NOS[14] = 342

TCKS    283521
EVTS    22
NO      0.894
FWDS    0.000    0.000
BAKS    0.000    0.005

=== LAT=250, EVTS=1, MULT=5

NOS[2] = 160
NOS[8] = 160
NOS[14] = 133

TCKS    283521
EVTS    24
NO      0.387
FWDS    0.000    0.000
BAKS    0.000    0.000

=== LAT=250, EVTS=1, MULT=10

NOS[2] = 340
NOS[8] = 340
NOS[14] = 323

TCKS    283521
EVTS    27
NO      0.844
FWDS    0.000    0.000
BAKS    0.000    0.000

=== LAT=250, EVTS=5, MULT=1

NOS[2] = 240
NOS[8] = 200
NOS[14] = 171

TCKS    283521
EVTS    42
NO      0.509
FWDS    0.000    0.004
BAKS    0.001    0.071

=== LAT=250, EVTS=5, MULT=2

NOS[2] = 220
NOS[8] = 220
NOS[14] = 209

TCKS    283521
EVTS    35
NO      0.546
FWDS    0.000    0.000
BAKS    0.000    0.040

=== LAT=250, EVTS=5, MULT=5

NOS[2] = 340
NOS[8] = 300
NOS[14] = 285

TCKS    283521
EVTS    42
NO      0.772
FWDS    0.000    0.001
BAKS    0.000    0.004

=== LAT=250, EVTS=5, MULT=10

NOS[2] = 249
NOS[8] = 160
NOS[14] = 114

TCKS    283521
EVTS    31
NO      0.428
FWDS    0.000    0.003
BAKS    0.000    0.000

=== LAT=250, EVTS=10, MULT=1

NOS[2] = 71
NOS[8] = 60
NOS[14] = 57

TCKS    283521
EVTS    64
NO      0.153
FWDS    0.000    0.000
BAKS    0.001    0.115

=== LAT=250, EVTS=10, MULT=2

NOS[2] = 20
NOS[7] = 8

TCKS    283521
EVTS    55
NO      0.022
FWDS    0.000    0.001
BAKS    0.001    0.032

=== LAT=250, EVTS=10, MULT=5

NOS[2] = 380
NOS[8] = 220
NOS[14] = 152

TCKS    283521
EVTS    67
NO      0.669
FWDS    0.000    0.007
BAKS    0.000    0.013

=== LAT=250, EVTS=10, MULT=10

NOS[2] = 140
NOS[7] = 20
NOS[11] = 6

TCKS    283521
EVTS    64
NO      0.099
FWDS    0.000    0.002
BAKS    0.000    0.000

=== LAT=250, EVTS=25, MULT=1

NOS[2] = 268
NOS[3] = 188
NOS[4] = 20

TCKS    283521
EVTS    122
NO      0.111
FWDS    0.000    0.003
BAKS    0.005    0.371

=== LAT=250, EVTS=25, MULT=2

NOS[1] = 26

TCKS    283521
EVTS    128
NO      0.005
FWDS    0.000    0.003
BAKS    0.002    0.126

=== LAT=250, EVTS=25, MULT=5

NOS[2] = 320
NOS[8] = 28
NOS[14] = 19

TCKS    283521
EVTS    124
NO      0.185
FWDS    0.000    0.005
BAKS    0.000    0.004

=== LAT=250, EVTS=25, MULT=10

NOS[1] = 27
NOS[2] = 32

TCKS    283521
EVTS    128
NO      0.011
FWDS    0.000    0.002
BAKS    0.000    0.000

=== LAT=250, EVTS=50, MULT=1

TCKS    283521
EVTS    257
NO      0.000
FWDS    0.000    0.000
BAKS    0.014    0.872

=== LAT=250, EVTS=50, MULT=2

TCKS    283521
EVTS    230
NO      0.001
FWDS    0.000    0.001
BAKS    0.006    0.248

=== LAT=250, EVTS=50, MULT=5

NOS[2] = 209
NOS[8] = 176
NOS[14] = 152

TCKS    283521
EVTS    268
NO      0.439
FWDS    0.000    0.003
BAKS    0.000    0.014

=== LAT=250, EVTS=50, MULT=10

NOS[1] = 9
NOS[2] = 4

TCKS    283521
EVTS    250
NO      0.002
FWDS    0.000    0.001
BAKS    0.000    0.000

=== LAT=250, EVTS=100, MULT=1

TCKS    283521
EVTS    491
NO      0.000
FWDS    0.000    0.000
BAKS    0.042    2.500

=== LAT=250, EVTS=100, MULT=2

NOS[1] = 10
NOS[2] = 21
NOS[3] = 7

TCKS    283521
EVTS    464
NO      0.007
FWDS    0.000    0.000
BAKS    0.014    0.669

=== LAT=250, EVTS=100, MULT=5

NOS[2] = 63
NOS[8] = 60
NOS[14] = 57

TCKS    283521
EVTS    416
NO      0.149
FWDS    0.000    0.000
BAKS    0.000    0.003

=== LAT=250, EVTS=100, MULT=10

TCKS    283521
EVTS    472
NO      0.000
FWDS    0.000    0.000
BAKS    0.000    0.000

=== LAT=250, EVTS=250, MULT=1

TCKS    283521
EVTS    1052
NO      0.000
FWDS    0.000    0.000
BAKS    0.117    6.588

=== LAT=250, EVTS=250, MULT=2

TCKS    283521
EVTS    988
NO      0.000
FWDS    0.000    0.000
BAKS    0.046    1.995

=== LAT=250, EVTS=250, MULT=5

TCKS    283521
EVTS    1063
NO      0.000
FWDS    0.000    0.000
BAKS    0.000    0.001

=== LAT=250, EVTS=250, MULT=10

TCKS    283521
EVTS    1148
NO      0.000
FWDS    0.000    0.000
BAKS    0.000    0.000

=== LAT=250, EVTS=500, MULT=1

TCKS    283521
EVTS    1392
NO      0.000
FWDS    0.000    0.000
BAKS    0.213    14.856

=== LAT=250, EVTS=500, MULT=2

TCKS    283521
EVTS    1046
NO      0.000
FWDS    0.000    0.000
BAKS    0.022    0.550

=== LAT=250, EVTS=500, MULT=5

TCKS    283521
EVTS    1732
NO      0.000
FWDS    0.000    0.000
BAKS    0.000    0.000

=== LAT=250, EVTS=500, MULT=10

NOS[2] = 156
NOS[8] = 132
NOS[14] = 100

TCKS    283521
EVTS    1667
NO      0.277
FWDS    0.000    0.000
BAKS    0.000    0.000

=== LAT=500, EVTS=1, MULT=1

NOS[2] = 340
NOS[8] = 340
NOS[14] = 228

TCKS    283521
EVTS    26
NO      0.756
FWDS    0.000    0.003
BAKS    0.000    0.014

=== LAT=500, EVTS=1, MULT=2

NOS[2] = 222
NOS[8] = 180
NOS[14] = 171

TCKS    283521
EVTS    26
NO      0.461
FWDS    0.000    0.003
BAKS    0.000    0.006

=== LAT=500, EVTS=1, MULT=5

NOS[2] = 360
NOS[8] = 360
NOS[14] = 342

TCKS    283521
EVTS    23
NO      0.893
FWDS    0.000    0.000
BAKS    0.000    0.000

=== LAT=500, EVTS=1, MULT=10

NOS[2] = 320
NOS[8] = 320
NOS[14] = 304

TCKS    283521
EVTS    23
NO      0.794
FWDS    0.000    0.002
BAKS    0.000    0.000

=== LAT=500, EVTS=5, MULT=1

NOS[2] = 245
NOS[8] = 120
NOS[14] = 114

TCKS    283521
EVTS    35
NO      0.436
FWDS    0.000    0.003
BAKS    0.001    0.067

=== LAT=500, EVTS=5, MULT=2

NOS[2] = 360
NOS[8] = 360
NOS[14] = 342

TCKS    283521
EVTS    39
NO      0.893
FWDS    0.000    0.002
BAKS    0.000    0.027

=== LAT=500, EVTS=5, MULT=5

NOS[2] = 300
NOS[8] = 300
NOS[14] = 285

TCKS    283521
EVTS    32
NO      0.744
FWDS    0.000    0.003
BAKS    0.000    0.000

=== LAT=500, EVTS=5, MULT=10

NOS[2] = 380
NOS[8] = 380
NOS[14] = 361

TCKS    283521
EVTS    40
NO      0.943
FWDS    0.000    0.005
BAKS    0.000    0.000

=== LAT=500, EVTS=10, MULT=1

NOS[2] = 229
NOS[8] = 80
NOS[14] = 19

TCKS    283521
EVTS    62
NO      0.299
FWDS    0.000    0.003
BAKS    0.002    0.223

=== LAT=500, EVTS=10, MULT=2

NOS[2] = 289
NOS[8] = 267
NOS[14] = 209

TCKS    283521
EVTS    59
NO      0.644
FWDS    0.000    0.002
BAKS    0.001    0.102

=== LAT=500, EVTS=10, MULT=5

NOS[2] = 320
NOS[8] = 100
NOS[14] = 95

TCKS    283521
EVTS    58
NO      0.390
FWDS    0.000    0.009
BAKS    0.000    0.000

=== LAT=500, EVTS=10, MULT=10

NOS[2] = 360
NOS[8] = 320
NOS[14] = 114

TCKS    283521
EVTS    61
NO      0.603
FWDS    0.000    0.006
BAKS    0.000    0.000

=== LAT=500, EVTS=25, MULT=1

NOS[2] = 320
NOS[8] = 286
NOS[14] = 266

TCKS    283521
EVTS    137
NO      0.719
FWDS    0.000    0.002
BAKS    0.007    0.862

=== LAT=500, EVTS=25, MULT=2

NOS[2] = 181
NOS[8] = 180
NOS[14] = 171

TCKS    283521
EVTS    132
NO      0.448
FWDS    0.000    0.001
BAKS    0.003    0.312

=== LAT=500, EVTS=25, MULT=5

NOS[2] = 220
NOS[8] = 105
NOS[14] = 100

TCKS    283521
EVTS    132
NO      0.301
FWDS    0.000    0.001
BAKS    0.000    0.000

=== LAT=500, EVTS=25, MULT=10

NOS[2] = 40
NOS[8] = 20
NOS[14] = 19

TCKS    283521
EVTS    137
NO      0.064
FWDS    0.000    0.004
BAKS    0.000    0.000

=== LAT=500, EVTS=50, MULT=1

NOS[2] = 180
NOS[8] = 140
NOS[14] = 114

TCKS    283521
EVTS    253
NO      0.374
FWDS    0.000    0.001
BAKS    0.021    2.561

=== LAT=500, EVTS=50, MULT=2

NOS[2] = 284
NOS[8] = 260
NOS[14] = 247

TCKS    283521
EVTS    246
NO      0.653
FWDS    0.000    0.003
BAKS    0.006    0.507

=== LAT=500, EVTS=50, MULT=5

NOS[2] = 100
NOS[8] = 88
NOS[14] = 80

TCKS    283521
EVTS    222
NO      0.215
FWDS    0.000    0.001
BAKS    0.000    0.000

=== LAT=500, EVTS=50, MULT=10

NOS[2] = 281
NOS[8] = 260
NOS[14] = 228

TCKS    283521
EVTS    254
NO      0.643
FWDS    0.000    0.004
BAKS    0.000    0.000

=== LAT=500, EVTS=100, MULT=1

NOS[2] = 100
NOS[8] = 62
NOS[14] = 59

TCKS    283521
EVTS    463
NO      0.162
FWDS    0.000    0.000
BAKS    0.048    5.645

=== LAT=500, EVTS=100, MULT=2

NOS[2] = 210
NOS[8] = 180
NOS[14] = 180

TCKS    283521
EVTS    487
NO      0.458
FWDS    0.000    0.001
BAKS    0.023    2.080

=== LAT=500, EVTS=100, MULT=5

NOS[2] = 100
NOS[8] = 60
NOS[14] = 57

TCKS    283521
EVTS    456
NO      0.168
FWDS    0.000    0.000
BAKS    0.000    0.000

=== LAT=500, EVTS=100, MULT=10

NOS[2] = 242
NOS[8] = 200
NOS[14] = 190

TCKS    283521
EVTS    433
NO      0.502
FWDS    0.000    0.001
BAKS    0.000    0.000

=== LAT=500, EVTS=250, MULT=1

ERR	3	(1518,1806,0,1)	(1550,1838,0,1)

NOS[2] = 274
NOS[8] = 307
NOS[14] = 228

TCKS    283521
EVTS    1045
NO      0.649
FWDS    0.000    0.000
BAKS    0.197    33.558

=== LAT=500, EVTS=250, MULT=2

NOS[2] = 60
NOS[8] = 40
NOS[14] = 40

TCKS    283521
EVTS    1131
NO      0.111
FWDS    0.000    0.001
BAKS    0.093    7.534

=== LAT=500, EVTS=250, MULT=5

NOS[2] = 285
NOS[8] = 154
NOS[14] = 115

TCKS    283521
EVTS    1085
NO      0.414
FWDS    0.000    0.000
BAKS    0.000    0.005

=== LAT=500, EVTS=250, MULT=10

NOS[2] = 246
NOS[8] = 96
NOS[14] = 80

TCKS    283521
EVTS    1030
NO      0.276
FWDS    0.000    0.000
BAKS    0.000    0.000

=== LAT=500, EVTS=500, MULT=1

NOS[2] = 20
NOS[8] = 21
NOS[14] = 20

TCKS    283521
EVTS    1630
NO      0.049
FWDS    0.000    0.000
BAKS    0.351    37.265

=== LAT=500, EVTS=500, MULT=2

ERR	20	(-126,-320,0,0)	(-126,-324,0,0)

NOS[2] = 126
NOS[8] = 110
NOS[14] = 76

TCKS    283521
EVTS    1838
NO      0.250
FWDS    0.000    0.000
BAKS    0.207    22.707

=== LAT=500, EVTS=500, MULT=5

NOS[2] = 125
NOS[8] = 120
NOS[14] = 84

TCKS    283521
EVTS    1768
NO      0.212
FWDS    0.000    0.001
BAKS    0.000    0.000

=== LAT=500, EVTS=500, MULT=10

NOS[2] = 211
NOS[8] = 207
NOS[14] = 216

TCKS    283521
EVTS    1719
NO      0.452
FWDS    0.000    0.001
BAKS    0.000    0.000

=== LAT=1000, EVTS=1, MULT=1

NOS[2] = 340
NOS[8] = 328
NOS[14] = 285

TCKS    283521
EVTS    25
NO      0.797
FWDS    0.000    0.006
BAKS    0.000    0.074

=== LAT=1000, EVTS=1, MULT=2

NOS[2] = 360
NOS[8] = 320
NOS[14] = 304

TCKS    283521
EVTS    24
NO      0.818
FWDS    0.000    0.009
BAKS    0.000    0.005

=== LAT=1000, EVTS=1, MULT=5

NOS[2] = 380
NOS[8] = 380
NOS[14] = 361

TCKS    283521
EVTS    27
NO      0.943
FWDS    0.000    0.001
BAKS    0.000    0.000

=== LAT=1000, EVTS=1, MULT=10

NOS[2] = 399
NOS[8] = 380
NOS[14] = 361

TCKS    283521
EVTS    26
NO      0.943
FWDS    0.000    0.004
BAKS    0.000    0.000

=== LAT=1000, EVTS=5, MULT=1

NOS[2] = 380
NOS[8] = 380
NOS[14] = 361

TCKS    283521
EVTS    36
NO      0.943
FWDS    0.000    0.005
BAKS    0.001    0.223

=== LAT=1000, EVTS=5, MULT=2

NOS[2] = 340
NOS[8] = 320
NOS[14] = 304

TCKS    283521
EVTS    33
NO      0.809
FWDS    0.000    0.005
BAKS    0.000    0.063

=== LAT=1000, EVTS=5, MULT=5

NOS[2] = 380
NOS[8] = 380
NOS[14] = 361

TCKS    283521
EVTS    36
NO      0.943
FWDS    0.000    0.009
BAKS    0.000    0.000

=== LAT=1000, EVTS=5, MULT=10

NOS[2] = 336
NOS[8] = 320
NOS[14] = 304

TCKS    283521
EVTS    35
NO      0.794
FWDS    0.000    0.000
BAKS    0.000    0.000

=== LAT=1000, EVTS=10, MULT=1

NOS[2] = 340
NOS[8] = 300
NOS[14] = 247

TCKS    283521
EVTS    67
NO      0.752
FWDS    0.000    0.008
BAKS    0.002    0.585

=== LAT=1000, EVTS=10, MULT=2

ERR	18	(5410,-2698,1,0)	(5082,-2698,0,0)

NOS[2] = 360
NOS[8] = 320
NOS[14] = 304

TCKS    283521
EVTS    59
NO      0.826
FWDS    0.000    0.007
BAKS    0.001    0.119

=== LAT=1000, EVTS=10, MULT=5

NOS[2] = 340
NOS[8] = 320
NOS[14] = 304

TCKS    283521
EVTS    64
NO      0.811
FWDS    0.000    0.005
BAKS    0.000    0.000

=== LAT=1000, EVTS=10, MULT=10

NOS[2] = 315
NOS[8] = 280
NOS[14] = 228

TCKS    283521
EVTS    56
NO      0.683
FWDS    0.000    0.010
BAKS    0.000    0.000

=== LAT=1000, EVTS=25, MULT=1

ERR	3	(-322,6982,0,1)	(516,6144,1,0)

NOS[2] = 340
NOS[8] = 320
NOS[14] = 266

TCKS    283521
EVTS    133
NO      0.776
FWDS    0.000    0.005
BAKS    0.008    2.004

=== LAT=1000, EVTS=25, MULT=2

NOS[2] = 280
NOS[8] = 188
NOS[14] = 152

TCKS    283521
EVTS    121
NO      0.527
FWDS    0.000    0.004
BAKS    0.003    0.391

=== LAT=1000, EVTS=25, MULT=5

NOS[2] = 332
NOS[8] = 280
NOS[14] = 266

TCKS    283521
EVTS    135
NO      0.721
FWDS    0.000    0.008
BAKS    0.000    0.000

=== LAT=1000, EVTS=25, MULT=10

NOS[2] = 396
NOS[8] = 340
NOS[14] = 323

TCKS    283521
EVTS    132
NO      0.853
FWDS    0.000    0.006
BAKS    0.000    0.000

=== LAT=1000, EVTS=50, MULT=1

ERR	3	(3168,-826,1,0)	(3168,-802,1,0)

NOS[2] = 380
NOS[8] = 380
NOS[14] = 361

TCKS    283521
EVTS    249
NO      0.943
FWDS    0.000    0.004
BAKS    0.024    5.546

=== LAT=1000, EVTS=50, MULT=2

NOS[2] = 293
NOS[8] = 268
NOS[14] = 247

TCKS    283521
EVTS    246
NO      0.654
FWDS    0.000    0.002
BAKS    0.010    1.354

=== LAT=1000, EVTS=50, MULT=5

NOS[2] = 287
NOS[8] = 197
NOS[14] = 152

TCKS    283521
EVTS    245
NO      0.510
FWDS    0.000    0.005
BAKS    0.000    0.000

=== LAT=1000, EVTS=50, MULT=10

NOS[2] = 340
NOS[8] = 340
NOS[14] = 323

TCKS    283521
EVTS    250
NO      0.844
FWDS    0.000    0.002
BAKS    0.000    0.000

=== LAT=1000, EVTS=100, MULT=1

ERR	1	(620,-1022,1,0)	(1376,-1022,1,0)

NOS[2] = 340
NOS[8] = 348
NOS[14] = 304

TCKS    283521
EVTS    469
NO      0.838
FWDS    0.000    0.001
BAKS    0.062    13.470

=== LAT=1000, EVTS=100, MULT=2

ERR	1	(46,-1554,1,0)	(-208,-1772,1,0)

NOS[2] = 355
NOS[8] = 389
NOS[14] = 337

TCKS    283521
EVTS    430
NO      0.850
FWDS    0.000    0.002
BAKS    0.022    3.290

=== LAT=1000, EVTS=100, MULT=5

NOS[2] = 180
NOS[8] = 160
NOS[14] = 144

TCKS    283521
EVTS    507
NO      0.407
FWDS    0.000    0.001
BAKS    0.000    0.000

=== LAT=1000, EVTS=100, MULT=10

NOS[2] = 300
NOS[8] = 280
NOS[14] = 247

TCKS    283521
EVTS    467
NO      0.689
FWDS    0.000    0.001
BAKS    0.000    0.000

=== LAT=1000, EVTS=250, MULT=1

ERR	2	(-642,-172,-1,0)	(0,-172,0,0)

NOS[2] = 312
NOS[8] = 322
NOS[14] = 269

TCKS    283521
EVTS    1107
NO      0.725
FWDS    0.000    0.001
BAKS    0.232    49.303

=== LAT=1000, EVTS=250, MULT=2

ERR	2	(1468,-318,0,-1)	(1476,-318,0,-1)

NOS[2] = 240
NOS[8] = 228
NOS[14] = 215

TCKS    283521
EVTS    1023
NO      0.553
FWDS    0.000    0.001
BAKS    0.090    13.189

=== LAT=1000, EVTS=250, MULT=5

NOS[2] = 360
NOS[8] = 360
NOS[14] = 360

TCKS    283521
EVTS    993
NO      0.892
FWDS    0.000    0.002
BAKS    0.000    0.000

=== LAT=1000, EVTS=250, MULT=10

NOS[2] = 320
NOS[8] = 315
NOS[14] = 300

TCKS    283521
EVTS    984
NO      0.752
FWDS    0.000    0.001
BAKS    0.000    0.000

=== LAT=1000, EVTS=500, MULT=1

ERR	1	(148,-164,-1,0)	(86,-124,-1,0)

NOS[2] = 360
NOS[8] = 349
NOS[14] = 323

TCKS    283521
EVTS    1383
NO      0.846
FWDS    0.000    0.002
BAKS    0.250    56.892

=== LAT=1000, EVTS=500, MULT=2

ERR	2	(1942,1074,0,1)	(1944,888,0,1)

NOS[2] = 190
NOS[8] = 42
NOS[14] = 38

TCKS    283521
EVTS    1468
NO      0.141
FWDS    0.000    0.001
BAKS    0.147    20.168

=== LAT=1000, EVTS=500, MULT=5

NOS[2] = 381
NOS[8] = 336
NOS[14] = 304

TCKS    283521
EVTS    1378
NO      0.796
FWDS    0.000    0.001
BAKS    0.000    0.000

=== LAT=1000, EVTS=500, MULT=10

NOS[2] = 142
NOS[8] = 138
NOS[14] = 120

TCKS    283521
EVTS    1829
NO      0.315
FWDS    0.000    0.001
BAKS    0.000    0.000
