=== TOTAL=300, WAIT=30, LATENCY=5, EVENTS=1

TCKS    283521
EVTS    22
NO      0.744
FWDS    0.000    0.000
BAKS    0.000    0.005

=== TOTAL=300, WAIT=30, LATENCY=5, EVENTS=5

TCKS    283521
EVTS    37
NO      0.036
FWDS    0.006    0.013
BAKS    0.001    0.009

=== TOTAL=300, WAIT=30, LATENCY=5, EVENTS=10

TCKS    283521
EVTS    59
NO      0.232
FWDS    0.009    0.018
BAKS    0.001    0.021

=== TOTAL=300, WAIT=30, LATENCY=5, EVENTS=25

TCKS    283521
EVTS    132
NO      0.000
FWDS    0.004    0.007
BAKS    0.003    0.014

=== TOTAL=300, WAIT=30, LATENCY=5, EVENTS=50

TCKS    283521
EVTS    239
NO      0.000
FWDS    0.002    0.004
BAKS    0.007    0.018

=== TOTAL=300, WAIT=30, LATENCY=5, EVENTS=100

TCKS    283521
EVTS    465
NO      0.000
FWDS    0.001    0.002
BAKS    0.016    0.028

=== TOTAL=300, WAIT=30, LATENCY=5, EVENTS=250

TCKS    283521
EVTS    1108
NO      0.000
FWDS    0.000    0.000
BAKS    0.040    0.062

=== TOTAL=300, WAIT=30, LATENCY=5, EVENTS=500

TCKS    283521
EVTS    1668
NO      0.000
FWDS    0.000    0.000
BAKS    0.060    0.097

=== TOTAL=300, WAIT=30, LATENCY=25, EVENTS=1

TCKS    283521
EVTS    23
NO      0.524
FWDS    0.003    0.007
BAKS    0.000    0.005

=== TOTAL=300, WAIT=30, LATENCY=25, EVENTS=5

TCKS    283521
EVTS    39
NO      0.000
FWDS    0.002    0.004
BAKS    0.000    0.006

=== TOTAL=300, WAIT=30, LATENCY=25, EVENTS=10

TCKS    283521
EVTS    57
NO      0.130
FWDS    0.005    0.010
BAKS    0.001    0.021

=== TOTAL=300, WAIT=30, LATENCY=25, EVENTS=25

TCKS    283521
EVTS    142
NO      0.000
FWDS    0.002    0.003
BAKS    0.003    0.025

=== TOTAL=300, WAIT=30, LATENCY=25, EVENTS=50

TCKS    283521
EVTS    258
NO      0.000
FWDS    0.001    0.002
BAKS    0.007    0.053

=== TOTAL=300, WAIT=30, LATENCY=25, EVENTS=100

TCKS    283521
EVTS    482
NO      0.000
FWDS    0.001    0.001
BAKS    0.015    0.091

=== TOTAL=300, WAIT=30, LATENCY=25, EVENTS=250

TCKS    283521
EVTS    984
NO      0.000
FWDS    0.000    0.000
BAKS    0.037    0.183

=== TOTAL=300, WAIT=30, LATENCY=25, EVENTS=500

TCKS    283521
EVTS    1257
NO      0.000
FWDS    0.000    0.000
BAKS    0.044    0.204

=== TOTAL=300, WAIT=30, LATENCY=50, EVENTS=1

TCKS    283521
EVTS    23
NO      0.126
FWDS    0.005    0.009
BAKS    0.000    0.001

=== TOTAL=300, WAIT=30, LATENCY=50, EVENTS=5

TCKS    283521
EVTS    37
NO      0.047
FWDS    0.005    0.010
BAKS    0.001    0.018

=== TOTAL=300, WAIT=30, LATENCY=50, EVENTS=10

TCKS    283521
EVTS    59
NO      0.000
FWDS    0.002    0.004
BAKS    0.001    0.018

=== TOTAL=300, WAIT=30, LATENCY=50, EVENTS=25

TCKS    283521
EVTS    129
NO      0.000
FWDS    0.003    0.005
BAKS    0.003    0.048

=== TOTAL=300, WAIT=30, LATENCY=50, EVENTS=50

TCKS    283521
EVTS    241
NO      0.000
FWDS    0.001    0.001
BAKS    0.007    0.083

=== TOTAL=300, WAIT=30, LATENCY=50, EVENTS=100

TCKS    283521
EVTS    454
NO      0.000
FWDS    0.000    0.000
BAKS    0.015    0.156

=== TOTAL=300, WAIT=30, LATENCY=50, EVENTS=250

TCKS    283521
EVTS    1066
NO      0.000
FWDS    0.000    0.000
BAKS    0.049    0.505

=== TOTAL=300, WAIT=30, LATENCY=50, EVENTS=500

TCKS    283521
EVTS    1556
NO      0.000
FWDS    0.000    0.000
BAKS    0.089    0.948

=== TOTAL=300, WAIT=30, LATENCY=100, EVENTS=1

TCKS    283521
EVTS    23
NO      0.566
FWDS    0.006    0.012
BAKS    0.000    0.006

=== TOTAL=300, WAIT=30, LATENCY=100, EVENTS=5

TCKS    283521
EVTS    38
NO      0.539
FWDS    0.007    0.013
BAKS    0.001    0.030

=== TOTAL=300, WAIT=30, LATENCY=100, EVENTS=10

TCKS    283521
EVTS    67
NO      0.042
FWDS    0.006    0.012
BAKS    0.001    0.038

=== TOTAL=300, WAIT=30, LATENCY=100, EVENTS=25

TCKS    283521
EVTS    125
NO      0.017
FWDS    0.005    0.010
BAKS    0.003    0.068

=== TOTAL=300, WAIT=30, LATENCY=100, EVENTS=50

TCKS    283521
EVTS    249
NO      0.000
FWDS    0.003    0.006
BAKS    0.008    0.174

=== TOTAL=300, WAIT=30, LATENCY=100, EVENTS=100

TCKS    283521
EVTS    453
NO      0.000
FWDS    0.001    0.001
BAKS    0.018    0.331

=== TOTAL=300, WAIT=30, LATENCY=100, EVENTS=250

TCKS    283521
EVTS    1065
NO      0.000
FWDS    0.000    0.000
BAKS    0.074    1.741

=== TOTAL=300, WAIT=30, LATENCY=100, EVENTS=500


=== TOTAL=300, WAIT=30, LATENCY=250, EVENTS=1

TCKS    283521
EVTS    27
NO      0.308
FWDS    0.002    0.004
BAKS    0.000    0.006

=== TOTAL=300, WAIT=30, LATENCY=250, EVENTS=5

TCKS    283521
EVTS    35
NO      0.354
FWDS    0.005    0.010
BAKS    0.000    0.023

=== TOTAL=300, WAIT=30, LATENCY=250, EVENTS=10

TCKS    283521
EVTS    60
NO      0.288
FWDS    0.007    0.013
BAKS    0.001    0.075

=== TOTAL=300, WAIT=30, LATENCY=250, EVENTS=25

TCKS    283521
EVTS    125
NO      0.099
FWDS    0.005    0.009
BAKS    0.004    0.189

=== TOTAL=300, WAIT=30, LATENCY=250, EVENTS=50

TCKS    283521
EVTS    233
NO      0.017
FWDS    0.005    0.010
BAKS    0.011    0.506

=== TOTAL=300, WAIT=30, LATENCY=250, EVENTS=100

TCKS    283521
EVTS    474
NO      0.000
FWDS    0.001    0.001
BAKS    0.037    1.886

=== TOTAL=300, WAIT=30, LATENCY=250, EVENTS=250

TCKS    283521
EVTS    1034
NO      0.019
FWDS    0.008    0.015
BAKS    0.207    17.751

=== TOTAL=300, WAIT=30, LATENCY=250, EVENTS=500

TCKS    283521
EVTS    25
NO      0.844
FWDS    0.005    0.010
BAKS    0.000    0.015

=== TOTAL=300, WAIT=30, LATENCY=500, EVENTS=5

TCKS    283521
EVTS    37
NO      0.733
FWDS    0.005    0.009
BAKS    0.001    0.077

=== TOTAL=300, WAIT=30, LATENCY=500, EVENTS=10

TCKS    283521
EVTS    68
NO      0.355
FWDS    0.005    0.010
BAKS    0.002    0.165

=== TOTAL=300, WAIT=30, LATENCY=500, EVENTS=25

TCKS    283521
EVTS    128
NO      0.133
FWDS    0.005    0.010
BAKS    0.006    0.519

=== TOTAL=300, WAIT=30, LATENCY=500, EVENTS=50

TCKS    283521
EVTS    246
NO      0.132
FWDS    0.004    0.007
BAKS    0.015    1.692

=== TOTAL=300, WAIT=30, LATENCY=500, EVENTS=100

TCKS    283521
EVTS    465
NO      0.262
FWDS    0.003    0.005
BAKS    0.078    11.965

=== TOTAL=300, WAIT=30, LATENCY=500, EVENTS=250

TCKS    283521
EVTS    21
NO      0.794
FWDS    0.000    0.000
BAKS    0.001    0.711

=== TOTAL=300, WAIT=30, LATENCY=1000, EVENTS=5

TCKS    283521
EVTS    31
NO      0.893
FWDS    0.001    0.002
BAKS    0.001    1.463

=== TOTAL=300, WAIT=30, LATENCY=1000, EVENTS=10

TCKS    283521
EVTS    61
NO      0.744
FWDS    0.003    0.005
BAKS    0.004    2.566

=== TOTAL=300, WAIT=30, LATENCY=1000, EVENTS=25

TCKS    283521
EVTS    125
NO      0.566
FWDS    0.005    0.010
BAKS    0.008    2.500

=== TOTAL=300, WAIT=30, LATENCY=1000, EVENTS=50

=== TOTAL=300, WAIT=30, LATENCY=1000, EVENTS=100

=== TOTAL=300, WAIT=30, LATENCY=1000, EVENTS=250

=== TOTAL=300, WAIT=30, LATENCY=1000, EVENTS=500

