=== TOTAL=300, WAIT=30, LATENCY=5, EVENTS=1

NOS[2] = 220
NOS[8] = 220
NOS[14] = 209

TCKS    283521
EVTS    24
NO      0.546
FWDS    0.001    0.001
BAKS    0.000    0.005

=== TOTAL=300, WAIT=30, LATENCY=5, EVENTS=5

NOS[2] = 240
NOS[6] = 240
NOS[10] = 216

TCKS    283521
EVTS    33
NO      0.416
FWDS    0.005    0.009
BAKS    0.001    0.030

=== TOTAL=300, WAIT=30, LATENCY=5, EVENTS=10

NOS[2] = 300
NOS[6] = 126

TCKS    283521
EVTS    58
NO      0.268
FWDS    0.008    0.016
BAKS    0.001    0.028

=== TOTAL=300, WAIT=30, LATENCY=5, EVENTS=25

TCKS    283521
EVTS    138
NO      0.000
FWDS    0.002    0.003
BAKS    0.004    0.010

=== TOTAL=300, WAIT=30, LATENCY=5, EVENTS=50

TCKS    283521
EVTS    249
NO      0.000
FWDS    0.002    0.004
BAKS    0.008    0.016

=== TOTAL=300, WAIT=30, LATENCY=5, EVENTS=100

TCKS    283521
EVTS    469
NO      0.000
FWDS    0.001    0.002
BAKS    0.015    0.027

=== TOTAL=300, WAIT=30, LATENCY=5, EVENTS=250

TCKS    283521
EVTS    940
NO      0.000
FWDS    0.000    0.000
BAKS    0.034    0.055

=== TOTAL=300, WAIT=30, LATENCY=5, EVENTS=500

TCKS    283521
EVTS    1751
NO      0.000
FWDS    0.000    0.000
BAKS    0.064    0.101

=== TOTAL=300, WAIT=30, LATENCY=25, EVENTS=1

NOS[2] = 320
NOS[8] = 320
NOS[14] = 304

TCKS    283521
EVTS    23
NO      0.794
FWDS    0.000    0.000
BAKS    0.000    0.011

=== TOTAL=300, WAIT=30, LATENCY=25, EVENTS=5

NOS[2] = 356
NOS[8] = 340
NOS[13] = 28

TCKS    283521
EVTS    38
NO      0.706
FWDS    0.007    0.014
BAKS    0.000    0.021

=== TOTAL=300, WAIT=30, LATENCY=25, EVENTS=10

NOS[2] = 260
NOS[3] = 234

TCKS    283521
EVTS    63
NO      0.113
FWDS    0.009    0.019
BAKS    0.001    0.048
