=== TOTAL=300, WAIT=30, LATENCY=5, EVENTS=1

TCKS    283521
EVTS    26
NO      0.182
FWDS    0.002    0.003
BAKS    0.000    0.009

=== TOTAL=300, WAIT=30, LATENCY=5, EVENTS=5

TCKS    283521
EVTS    35
NO      0.288
FWDS    0.008    0.016
BAKS    0.000    0.013

=== TOTAL=300, WAIT=30, LATENCY=5, EVENTS=10

TCKS    283521
EVTS    65
NO      0.000
FWDS    0.001    0.003
BAKS    0.001    0.006

=== TOTAL=300, WAIT=30, LATENCY=5, EVENTS=25

TCKS    283521
EVTS    139
NO      0.000
FWDS    0.002    0.003
BAKS    0.004    0.009

=== TOTAL=300, WAIT=30, LATENCY=5, EVENTS=50

TCKS    283521
EVTS    249
NO      0.000
FWDS    0.000    0.001
BAKS    0.008    0.014

=== TOTAL=300, WAIT=30, LATENCY=5, EVENTS=100

TCKS    283521
EVTS    479
NO      0.000
FWDS    0.000    0.000
BAKS    0.015    0.027

=== TOTAL=300, WAIT=30, LATENCY=5, EVENTS=250

TCKS    283521
EVTS    1091
NO      0.000
FWDS    0.000    0.000
BAKS    0.039    0.059

=== TOTAL=300, WAIT=30, LATENCY=5, EVENTS=500

