=== LAT=5, MULT=5, EVTS=5

TCKS    283521
EVTS    36
NO      0.000
FWDS    0.000    0.000
BAKS    0.000    0.000

=== LAT=5, MULT=5, EVTS=10

TCKS    283521
EVTS    60
NO      0.000
FWDS    0.000    0.000
BAKS    0.000    0.000

=== LAT=5, MULT=5, EVTS=25

TCKS    283521
EVTS    131
NO      0.000
FWDS    0.000    0.000
BAKS    0.000    0.000

=== LAT=5, MULT=5, EVTS=50

TCKS    283521
EVTS    224
NO      0.000
FWDS    0.001    0.001
BAKS    0.000    0.000

=== LAT=5, MULT=5, EVTS=100

TCKS    283521
EVTS    457
NO      0.000
FWDS    0.001    0.001
BAKS    0.000    0.000

=== LAT=5, MULT=5, EVTS=200

TCKS    283521
EVTS    767
NO      0.000
FWDS    0.002    0.002
BAKS    0.001    0.001

=== LAT=5, MULT=2, EVTS=5

TCKS    283521
EVTS    33
NO      0.000
FWDS    0.000    0.000
BAKS    0.000    0.001

=== LAT=5, MULT=2, EVTS=10

TCKS    283521
EVTS    58
NO      0.000
FWDS    0.000    0.000
BAKS    0.001    0.002

=== LAT=5, MULT=2, EVTS=25

TCKS    283521
EVTS    132
NO      0.000
FWDS    0.000    0.000
BAKS    0.003    0.006

=== LAT=5, MULT=2, EVTS=50

TCKS    283521
EVTS    240
NO      0.000
FWDS    0.001    0.001
BAKS    0.006    0.011

=== LAT=5, MULT=2, EVTS=100

TCKS    283521
EVTS    455
NO      0.000
FWDS    0.001    0.001
BAKS    0.010    0.020

=== LAT=5, MULT=2, EVTS=200

TCKS    283521
EVTS    735
NO      0.000
FWDS    0.001    0.001
BAKS    0.017    0.031

=== LAT=5, MULT=1, EVTS=5

TCKS    283521
EVTS    39
NO      0.000
FWDS    0.000    0.000
BAKS    0.001    0.002

=== LAT=5, MULT=1, EVTS=10

TCKS    283521
EVTS    58
NO      0.000
FWDS    0.000    0.000
BAKS    0.002    0.004

=== LAT=5, MULT=1, EVTS=25

TCKS    283521
EVTS    116
NO      0.000
FWDS    0.000    0.000
BAKS    0.003    0.008

=== LAT=5, MULT=1, EVTS=50

TCKS    283521
EVTS    246
NO      0.000
FWDS    0.000    0.000
BAKS    0.010    0.018

=== LAT=5, MULT=1, EVTS=100

TCKS    283521
EVTS    454
NO      0.000
FWDS    0.001    0.001
BAKS    0.017    0.036

=== LAT=5, MULT=1, EVTS=200

TCKS    283521
EVTS    831
NO      0.000
FWDS    0.001    0.001
BAKS    0.034    0.069

=== LAT=25, MULT=5, EVTS=5

TCKS    283521
EVTS    36
NO      0.000
FWDS    0.000    0.000
BAKS    0.000    0.001

=== LAT=25, MULT=5, EVTS=10

TCKS    283521
EVTS    56
NO      0.000
FWDS    0.000    0.002
BAKS    0.000    0.000

=== LAT=25, MULT=5, EVTS=25

TCKS    283521
EVTS    128
NO      0.000
FWDS    0.000    0.001
BAKS    0.000    0.000

=== LAT=25, MULT=5, EVTS=50

TCKS    283521
EVTS    234
NO      0.000
FWDS    0.000    0.002
BAKS    0.000    0.000

=== LAT=25, MULT=5, EVTS=100

TCKS    283521
EVTS    473
NO      0.000
FWDS    0.000    0.000
BAKS    0.000    0.000

=== LAT=25, MULT=5, EVTS=200

TCKS    283521
EVTS    865
NO      0.000
FWDS    0.000    0.000
BAKS    0.000    0.000

=== LAT=25, MULT=2, EVTS=5

TCKS    283521
EVTS    31
NO      0.000
FWDS    0.000    0.000
BAKS    0.000    0.002

=== LAT=25, MULT=2, EVTS=10

TCKS    283521
EVTS    57
NO      0.000
FWDS    0.000    0.001
BAKS    0.001    0.004

=== LAT=25, MULT=2, EVTS=25

TCKS    283521
EVTS    120
NO      0.000
FWDS    0.000    0.001
BAKS    0.002    0.014

=== LAT=25, MULT=2, EVTS=50

TCKS    283521
EVTS    227
NO      0.000
FWDS    0.000    0.000
BAKS    0.004    0.031

=== LAT=25, MULT=2, EVTS=100

TCKS    283521
EVTS    475
NO      0.000
FWDS    0.000    0.000
BAKS    0.009    0.061

=== LAT=25, MULT=2, EVTS=200

TCKS    283521
EVTS    936
NO      0.000
FWDS    0.000    0.000
BAKS    0.020    0.119

=== LAT=25, MULT=1, EVTS=5

TCKS    283521
EVTS    37
NO      0.000
FWDS    0.000    0.000
BAKS    0.001    0.004

=== LAT=25, MULT=1, EVTS=10

TCKS    283521
EVTS    59
NO      0.000
FWDS    0.000    0.000
BAKS    0.001    0.012

=== LAT=25, MULT=1, EVTS=25

TCKS    283521
EVTS    118
NO      0.000
FWDS    0.000    0.000
BAKS    0.003    0.026

=== LAT=25, MULT=1, EVTS=50

TCKS    283521
EVTS    246
NO      0.000
FWDS    0.000    0.000
BAKS    0.007    0.068

=== LAT=25, MULT=1, EVTS=100

TCKS    283521
EVTS    482
NO      0.000
FWDS    0.000    0.000
BAKS    0.016    0.136

=== LAT=25, MULT=1, EVTS=200

TCKS    283521
EVTS    868
NO      0.000
FWDS    0.000    0.000
BAKS    0.040    0.313

=== LAT=50, MULT=5, EVTS=5

TCKS    283521
EVTS    37
NO      0.005
FWDS    0.000    0.002
BAKS    0.000    0.001

=== LAT=50, MULT=5, EVTS=10

TCKS    283521
EVTS    67
NO      0.000
FWDS    0.000    0.001
BAKS    0.000    0.000

=== LAT=50, MULT=5, EVTS=25

TCKS    283521
EVTS    132
NO      0.000
FWDS    0.000    0.000
BAKS    0.000    0.000

=== LAT=50, MULT=5, EVTS=50

TCKS    283521
EVTS    235
NO      0.000
FWDS    0.000    0.004
BAKS    0.000    0.002

=== LAT=50, MULT=5, EVTS=100

TCKS    283521
EVTS    473
NO      0.000
FWDS    0.000    0.000
BAKS    0.000    0.000

=== LAT=50, MULT=5, EVTS=200

TCKS    283521
EVTS    863
NO      0.000
FWDS    0.000    0.000
BAKS    0.000    0.001

=== LAT=50, MULT=2, EVTS=5

TCKS    283521
EVTS    40
NO      0.000
FWDS    0.000    0.001
BAKS    0.000    0.006

=== LAT=50, MULT=2, EVTS=10

TCKS    283521
EVTS    59
NO      0.000
FWDS    0.000    0.002
BAKS    0.001    0.006

=== LAT=50, MULT=2, EVTS=25

TCKS    283521
EVTS    134
NO      0.000
FWDS    0.000    0.000
BAKS    0.002    0.019

=== LAT=50, MULT=2, EVTS=50

TCKS    283521
EVTS    244
NO      0.000
FWDS    0.000    0.001
BAKS    0.005    0.083

=== LAT=50, MULT=2, EVTS=100

TCKS    283521
EVTS    454
NO      0.000
FWDS    0.000    0.000
BAKS    0.011    0.216

=== LAT=50, MULT=2, EVTS=200

TCKS    283521
EVTS    930
NO      0.000
FWDS    0.000    0.000
BAKS    0.020    0.164

=== LAT=50, MULT=1, EVTS=5

TCKS    283521
EVTS    36
NO      0.000
FWDS    0.000    0.001
BAKS    0.001    0.006

=== LAT=50, MULT=1, EVTS=10

TCKS    283521
EVTS    58
NO      0.000
FWDS    0.000    0.001
BAKS    0.001    0.022

=== LAT=50, MULT=1, EVTS=25

TCKS    283521
EVTS    130
NO      0.000
FWDS    0.000    0.000
BAKS    0.004    0.064

=== LAT=50, MULT=1, EVTS=50

TCKS    283521
EVTS    264
NO      0.000
FWDS    0.000    0.000
BAKS    0.009    0.142

=== LAT=50, MULT=1, EVTS=100

TCKS    283521
EVTS    500
NO      0.000
FWDS    0.000    0.000
BAKS    0.019    0.421

=== LAT=50, MULT=1, EVTS=200

TCKS    283521
EVTS    970
NO      0.000
FWDS    0.000    0.000
BAKS    0.055    0.766

=== LAT=100, MULT=5, EVTS=5

TCKS    283521
EVTS    35
NO      0.190
FWDS    0.000    0.004
BAKS    0.000    0.001

=== LAT=100, MULT=5, EVTS=10

TCKS    283521
EVTS    62
NO      0.000
FWDS    0.000    0.001
BAKS    0.000    0.001

=== LAT=100, MULT=5, EVTS=25

TCKS    283521
EVTS    116
NO      0.000
FWDS    0.000    0.001
BAKS    0.000    0.001

=== LAT=100, MULT=5, EVTS=50

TCKS    283521
EVTS    254
NO      0.000
FWDS    0.000    0.000
BAKS    0.000    0.001

=== LAT=100, MULT=5, EVTS=100

TCKS    283521
EVTS    490
NO      0.000
FWDS    0.000    0.000
BAKS    0.000    0.000

=== LAT=100, MULT=5, EVTS=200

TCKS    283521
EVTS    912
NO      0.000
FWDS    0.000    0.000
BAKS    0.004    0.053

=== LAT=100, MULT=2, EVTS=5

NOS[2] = 180
NOS[5] = 100

TCKS    283521
EVTS    34
NO      0.134
FWDS    0.000    0.003
BAKS    0.000    0.008

=== LAT=100, MULT=2, EVTS=10

TCKS    283521
EVTS    66
NO      0.000
FWDS    0.000    0.001
BAKS    0.001    0.012

=== LAT=100, MULT=2, EVTS=25

TCKS    283521
EVTS    118
NO      0.003
FWDS    0.000    0.003
BAKS    0.002    0.070

=== LAT=100, MULT=2, EVTS=50

TCKS    283521
EVTS    233
NO      0.000
FWDS    0.000    0.000
BAKS    0.005    0.125

=== LAT=100, MULT=2, EVTS=100

TCKS    283521
EVTS    465
NO      0.000
FWDS    0.000    0.000
BAKS    0.013    0.464

=== LAT=100, MULT=2, EVTS=200

TCKS    283521
EVTS    936
NO      0.000
FWDS    0.000    0.000
BAKS    0.031    0.598

=== LAT=100, MULT=1, EVTS=5

TCKS    283521
EVTS    33
NO      0.000
FWDS    0.000    0.002
BAKS    0.001    0.027

=== LAT=100, MULT=1, EVTS=10

TCKS    283521
EVTS    62
NO      0.000
FWDS    0.000    0.001
BAKS    0.002    0.044

=== LAT=100, MULT=1, EVTS=25

TCKS    283521
EVTS    129
NO      0.000
FWDS    0.000    0.001
BAKS    0.005    0.129

=== LAT=100, MULT=1, EVTS=50

TCKS    283521
EVTS    252
NO      0.000
FWDS    0.000    0.001
BAKS    0.010    0.360

=== LAT=100, MULT=1, EVTS=100

TCKS    283521
EVTS    477
NO      0.000
FWDS    0.000    0.000
BAKS    0.025    0.610

=== LAT=100, MULT=1, EVTS=200

TCKS    283521
EVTS    853
NO      0.000
FWDS    0.000    0.000
BAKS    0.057    1.643

=== LAT=250, MULT=5, EVTS=5

NOS[2] = 380
NOS[8] = 380
NOS[14] = 38

TCKS    283521
EVTS    35
NO      0.735
FWDS    0.000    0.008
BAKS    0.000    0.000

=== LAT=250, MULT=5, EVTS=10

NOS[2] = 320
NOS[8] = 40
NOS[14] = 19

TCKS    283521
EVTS    67
NO      0.263
FWDS    0.000    0.006
BAKS    0.000    0.002

=== LAT=250, MULT=5, EVTS=25

NOS[2] = 183
NOS[8] = 44
NOS[14] = 19

TCKS    283521
EVTS    126
NO      0.147
FWDS    0.000    0.002
BAKS    0.000    0.001

=== LAT=250, MULT=5, EVTS=50

NOS[1] = 55

TCKS    283521
EVTS    252
NO      0.010
FWDS    0.000    0.003
BAKS    0.000    0.000

=== LAT=250, MULT=5, EVTS=100

NOS[1] = 9
NOS[2] = 7

TCKS    283521
EVTS    461
NO      0.003
FWDS    0.000    0.000
BAKS    0.000    0.000

=== LAT=250, MULT=5, EVTS=200

NOS[2] = 80
NOS[8] = 66
NOS[14] = 57

TCKS    283521
EVTS    909
NO      0.161
FWDS    0.000    0.000
BAKS    0.001    0.034

=== LAT=250, MULT=2, EVTS=5

NOS[2] = 273
NOS[8] = 140
NOS[14] = 133

TCKS    283521
EVTS    35
NO      0.397
FWDS    0.000    0.002
BAKS    0.000    0.016

=== LAT=250, MULT=2, EVTS=10

NOS[2] = 172
NOS[8] = 20
NOS[14] = 19

TCKS    283521
EVTS    58
NO      0.102
FWDS    0.000    0.006
BAKS    0.001    0.037

=== LAT=250, MULT=2, EVTS=25

NOS[2] = 360
NOS[8] = 7

TCKS    283521
EVTS    123
NO      0.192
FWDS    0.000    0.008
BAKS    0.003    0.162

=== LAT=250, MULT=2, EVTS=50

NOS[2] = 32
NOS[8] = 20
NOS[14] = 12

TCKS    283521
EVTS    254
NO      0.054
FWDS    0.000    0.000
BAKS    0.006    0.325

=== LAT=250, MULT=2, EVTS=100

NOS[1] = 10
NOS[2] = 12

TCKS    283521
EVTS    468
NO      0.004
FWDS    0.000    0.000
BAKS    0.017    0.807

=== LAT=250, MULT=2, EVTS=200

NOS[2] = 21
NOS[8] = 22
NOS[11] = 9

TCKS    283521
EVTS    902
NO      0.036
FWDS    0.000    0.000
BAKS    0.037    2.172

=== LAT=250, MULT=1, EVTS=5

NOS[2] = 240
NOS[5] = 180
NOS[7] = 15

TCKS    283521
EVTS    37
NO      0.195
FWDS    0.000    0.004
BAKS    0.001    0.041

=== LAT=250, MULT=1, EVTS=10

NOS[2] = 80
NOS[7] = 40
NOS[11] = 27

TCKS    283521
EVTS    67
NO      0.113
FWDS    0.000    0.003
BAKS    0.002    0.165

=== LAT=250, MULT=1, EVTS=25

NOS[2] = 60
NOS[3] = 60
NOS[4] = 43

TCKS    283521
EVTS    137
NO      0.035
FWDS    0.000    0.002
BAKS    0.006    0.450

=== LAT=250, MULT=1, EVTS=50

TCKS    283521
EVTS    257
NO      0.000
FWDS    0.000    0.001
BAKS    0.014    0.850

=== LAT=250, MULT=1, EVTS=100

TCKS    283521
EVTS    472
NO      0.000
FWDS    0.000    0.000
BAKS    0.037    2.300

=== LAT=250, MULT=1, EVTS=200

NOS[2] = 143
NOS[8] = 60
NOS[14] = 57

TCKS    283521
EVTS    946
NO      0.192
FWDS    0.000    0.000
BAKS    0.110    8.682

=== LAT=500, MULT=5, EVTS=5

NOS[2] = 280
NOS[8] = 160
NOS[14] = 152

TCKS    283521
EVTS    35
NO      0.448
FWDS    0.000    0.004
BAKS    0.000    0.000

=== LAT=500, MULT=5, EVTS=10

NOS[2] = 340
NOS[8] = 320
NOS[14] = 247

TCKS    283521
EVTS    56
NO      0.782
FWDS    0.000    0.004
BAKS    0.000    0.000

=== LAT=500, MULT=5, EVTS=25

NOS[2] = 200
NOS[8] = 200
NOS[14] = 210

TCKS    283521
EVTS    121
NO      0.496
FWDS    0.000    0.000
BAKS    0.000    0.000

=== LAT=500, MULT=5, EVTS=50

NOS[2] = 128
NOS[8] = 120
NOS[14] = 100

TCKS    283521
EVTS    247
NO      0.300
FWDS    0.000    0.001
BAKS    0.000    0.000

=== LAT=500, MULT=5, EVTS=100

NOS[2] = 42
NOS[8] = 42
NOS[14] = 38

TCKS    283521
EVTS    473
NO      0.101
FWDS    0.000    0.001
BAKS    0.000    0.000

=== LAT=500, MULT=5, EVTS=200

NOS[2] = 81
NOS[8] = 42
NOS[14] = 21

TCKS    283521
EVTS    830
NO      0.115
FWDS    0.000    0.001
BAKS    0.000    0.000

=== LAT=500, MULT=2, EVTS=5

NOS[2] = 300
NOS[8] = 260
NOS[14] = 247

TCKS    283521
EVTS    37
NO      0.686
FWDS    0.000    0.002
BAKS    0.000    0.023

=== LAT=500, MULT=2, EVTS=10

NOS[2] = 160
NOS[8] = 160
NOS[14] = 152

TCKS    283521
EVTS    63
NO      0.397
FWDS    0.000    0.000
BAKS    0.001    0.050

=== LAT=500, MULT=2, EVTS=25

NOS[2] = 286
NOS[8] = 120
NOS[14] = 95

TCKS    283521
EVTS    130
NO      0.352
FWDS    0.000    0.007
BAKS    0.003    0.219

=== LAT=500, MULT=2, EVTS=50

NOS[2] = 300
NOS[8] = 300
NOS[14] = 285

TCKS    283521
EVTS    236
NO      0.744
FWDS    0.000    0.001
BAKS    0.009    1.313

=== LAT=500, MULT=2, EVTS=100

NOS[2] = 220
NOS[8] = 216
NOS[14] = 190

TCKS    283521
EVTS    479
NO      0.520
FWDS    0.000    0.001
BAKS    0.025    1.836

=== LAT=500, MULT=2, EVTS=200

NOS[2] = 201
NOS[8] = 159
NOS[14] = 119

TCKS    283521
EVTS    836
NO      0.364
FWDS    0.000    0.001
BAKS    0.058    5.270

=== LAT=500, MULT=1, EVTS=5

NOS[2] = 380
NOS[8] = 240
NOS[14] = 228

TCKS    283521
EVTS    40
NO      0.723
FWDS    0.000    0.004
BAKS    0.001    0.107

=== LAT=500, MULT=1, EVTS=10

NOS[2] = 145
NOS[8] = 100
NOS[14] = 76

TCKS    283521
EVTS    67
NO      0.272
FWDS    0.000    0.003
BAKS    0.002    0.284

=== LAT=500, MULT=1, EVTS=25

NOS[2] = 400
NOS[8] = 240
NOS[14] = 228

TCKS    283521
EVTS    138
NO      0.693
FWDS    0.000    0.006
BAKS    0.008    1.266

=== LAT=500, MULT=1, EVTS=50

NOS[2] = 207
NOS[8] = 209
NOS[14] = 190

TCKS    283521
EVTS    240
NO      0.496
FWDS    0.000    0.001
BAKS    0.016    2.105

=== LAT=500, MULT=1, EVTS=100

NOS[2] = 90
NOS[8] = 59
NOS[14] = 19

TCKS    283521
EVTS    471
NO      0.119
FWDS    0.000    0.001
BAKS    0.054    5.965

=== LAT=500, MULT=1, EVTS=200

NOS[2] = 84
NOS[8] = 84
NOS[14] = 80

TCKS    283521
EVTS    912
NO      0.202
FWDS    0.000    0.000
BAKS    0.144    15.931

