Error: Cannot delete qdisc with handle of zero.
=== TOTAL=300, WAIT=30, LATENCY=5, EVENTS=1


real	5m0,364s
user	0m32,534s
sys	0m45,391s
NOS[0] = 0
NOS[1] = 0
NOS[2] = 0
NOS[3] = 0
NOS[4] = 0
NOS[5] = 0
NOS[6] = 0
NOS[7] = 0
NOS[8] = 0
NOS[9] = 0
NOS[10] = 0
NOS[11] = 0
NOS[12] = 0
NOS[13] = 0
NOS[14] = 0
NOS[15] = 0

TCKS    283521
EVTS    23
NO      0.000
FWDS    0.000    0.000
BAKS    0.000    0.000

=== TOTAL=300, WAIT=30, LATENCY=5, EVENTS=5


real	5m0,237s
user	0m32,179s
sys	0m45,712s
NOS[0] = 0
NOS[1] = 0
NOS[2] = 0
NOS[3] = 0
NOS[4] = 0
NOS[5] = 0
NOS[6] = 0
NOS[7] = 0
NOS[8] = 0
NOS[9] = 0
NOS[10] = 0
NOS[11] = 0
NOS[12] = 0
NOS[13] = 0
NOS[14] = 0
NOS[15] = 0

TCKS    283521
EVTS    36
NO      0.000
FWDS    0.000    0.000
BAKS    0.001    0.002

=== TOTAL=300, WAIT=30, LATENCY=5, EVENTS=10


real	5m0,360s
user	0m32,746s
sys	0m47,009s
NOS[0] = 0
NOS[1] = 0
NOS[2] = 0
NOS[3] = 0
NOS[4] = 0
NOS[5] = 0
NOS[6] = 0
NOS[7] = 0
NOS[8] = 0
NOS[9] = 0
NOS[10] = 0
NOS[11] = 0
NOS[12] = 0
NOS[13] = 0
NOS[14] = 0
NOS[15] = 0

TCKS    283521
EVTS    64
NO      0.000
FWDS    0.000    0.000
BAKS    0.002    0.003

=== TOTAL=300, WAIT=30, LATENCY=5, EVENTS=25


real	5m1,695s
user	0m31,497s
sys	0m48,805s
NOS[0] = 0
NOS[1] = 0
NOS[2] = 0
NOS[3] = 0
NOS[4] = 0
NOS[5] = 0
NOS[6] = 0
NOS[7] = 0
NOS[8] = 0
NOS[9] = 0
NOS[10] = 0
NOS[11] = 0
NOS[12] = 0
NOS[13] = 0
NOS[14] = 0
NOS[15] = 0

TCKS    283521
EVTS    132
NO      0.000
FWDS    0.000    0.000
BAKS    0.005    0.010

=== TOTAL=300, WAIT=30, LATENCY=5, EVENTS=50


real	5m0,056s
user	0m32,596s
sys	0m47,858s
NOS[0] = 0
NOS[1] = 0
NOS[2] = 0
NOS[3] = 0
NOS[4] = 0
NOS[5] = 0
NOS[6] = 0
NOS[7] = 0
NOS[8] = 0
NOS[9] = 0
NOS[10] = 0
NOS[11] = 0
NOS[12] = 0
NOS[13] = 0
NOS[14] = 0
NOS[15] = 0

TCKS    283521
EVTS    225
NO      0.000
FWDS    0.001    0.001
BAKS    0.008    0.018

=== TOTAL=300, WAIT=30, LATENCY=5, EVENTS=100


real	4m59,254s
user	0m32,389s
sys	0m46,760s
NOS[0] = 0
NOS[1] = 0
NOS[2] = 0
NOS[3] = 0
NOS[4] = 0
NOS[5] = 0
NOS[6] = 0
NOS[7] = 0
NOS[8] = 0
NOS[9] = 0
NOS[10] = 0
NOS[11] = 0
NOS[12] = 0
NOS[13] = 0
NOS[14] = 0
NOS[15] = 0

TCKS    283521
EVTS    447
NO      0.000
FWDS    0.001    0.001
BAKS    0.017    0.037

=== TOTAL=300, WAIT=30, LATENCY=5, EVENTS=250


real	4m59,266s
user	0m31,028s
sys	0m43,905s
NOS[0] = 0
NOS[1] = 0
NOS[2] = 0
NOS[3] = 0
NOS[4] = 0
NOS[5] = 0
NOS[6] = 0
NOS[7] = 0
NOS[8] = 0
NOS[9] = 0
NOS[10] = 0
NOS[11] = 0
NOS[12] = 0
NOS[13] = 0
NOS[14] = 0
NOS[15] = 0

TCKS    283521
EVTS    1029
NO      0.000
FWDS    0.001    0.001
BAKS    0.043    0.088

=== TOTAL=300, WAIT=30, LATENCY=5, EVENTS=500


real	5m0,052s
user	0m31,887s
sys	0m43,050s
NOS[0] = 0
NOS[1] = 0
NOS[2] = 0
NOS[3] = 0
NOS[4] = 0
NOS[5] = 0
NOS[6] = 0
NOS[7] = 0
NOS[8] = 0
NOS[9] = 0
NOS[10] = 0
NOS[11] = 0
NOS[12] = 0
NOS[13] = 0
NOS[14] = 0
NOS[15] = 0

TCKS    283521
EVTS    1583
NO      0.000
FWDS    0.000    0.000
BAKS    0.069    0.131

=== TOTAL=300, WAIT=30, LATENCY=25, EVENTS=1


real	5m0,935s
user	0m31,221s
sys	0m43,566s
NOS[0] = 0
NOS[1] = 0
NOS[2] = 0
NOS[3] = 0
NOS[4] = 0
NOS[5] = 0
NOS[6] = 0
NOS[7] = 0
NOS[8] = 0
NOS[9] = 0
NOS[10] = 0
NOS[11] = 0
NOS[12] = 0
NOS[13] = 0
NOS[14] = 0
NOS[15] = 0

TCKS    283521
EVTS    24
NO      0.000
FWDS    0.000    0.000
BAKS    0.000    0.001

=== TOTAL=300, WAIT=30, LATENCY=25, EVENTS=5


real	5m0,829s
user	0m30,821s
sys	0m45,505s
NOS[0] = 0
NOS[1] = 0
NOS[2] = 0
NOS[3] = 0
NOS[4] = 0
NOS[5] = 0
NOS[6] = 0
NOS[7] = 0
NOS[8] = 0
NOS[9] = 0
NOS[10] = 0
NOS[11] = 0
NOS[12] = 0
NOS[13] = 0
NOS[14] = 0
NOS[15] = 0

TCKS    283521
EVTS    31
NO      0.000
FWDS    0.000    0.000
BAKS    0.000    0.003

=== TOTAL=300, WAIT=30, LATENCY=25, EVENTS=10


real	5m0,784s
user	0m31,368s
sys	0m44,887s
NOS[0] = 0
NOS[1] = 0
NOS[2] = 0
NOS[3] = 0
NOS[4] = 0
NOS[5] = 0
NOS[6] = 0
NOS[7] = 0
NOS[8] = 0
NOS[9] = 0
NOS[10] = 0
NOS[11] = 0
NOS[12] = 0
NOS[13] = 0
NOS[14] = 0
NOS[15] = 0

TCKS    283521
EVTS    72
NO      0.000
FWDS    0.000    0.000
BAKS    0.002    0.015

=== TOTAL=300, WAIT=30, LATENCY=25, EVENTS=25


real	5m0,961s
user	0m31,635s
sys	0m46,554s
NOS[0] = 0
NOS[1] = 0
NOS[2] = 0
NOS[3] = 0
NOS[4] = 0
NOS[5] = 0
NOS[6] = 0
NOS[7] = 0
NOS[8] = 0
NOS[9] = 0
NOS[10] = 0
NOS[11] = 0
NOS[12] = 0
NOS[13] = 0
NOS[14] = 0
NOS[15] = 0

TCKS    283521
EVTS    124
NO      0.000
FWDS    0.000    0.000
BAKS    0.004    0.029

=== TOTAL=300, WAIT=30, LATENCY=25, EVENTS=50


real	5m1,038s
user	0m30,337s
sys	0m44,013s
NOS[0] = 0
NOS[1] = 0
NOS[2] = 0
NOS[3] = 0
NOS[4] = 0
NOS[5] = 0
NOS[6] = 0
NOS[7] = 0
NOS[8] = 0
NOS[9] = 0
NOS[10] = 0
NOS[11] = 0
NOS[12] = 0
NOS[13] = 0
NOS[14] = 0
NOS[15] = 0

TCKS    283521
EVTS    245
NO      0.000
FWDS    0.000    0.000
BAKS    0.009    0.069

=== TOTAL=300, WAIT=30, LATENCY=25, EVENTS=100


real	5m1,176s
user	0m30,249s
sys	0m44,536s
NOS[0] = 0
NOS[1] = 0
NOS[2] = 0
NOS[3] = 0
NOS[4] = 0
NOS[5] = 0
NOS[6] = 0
NOS[7] = 0
NOS[8] = 0
NOS[9] = 0
NOS[10] = 0
NOS[11] = 0
NOS[12] = 0
NOS[13] = 0
NOS[14] = 0
NOS[15] = 0

TCKS    283521
EVTS    488
NO      0.000
FWDS    0.000    0.000
BAKS    0.017    0.162

=== TOTAL=300, WAIT=30, LATENCY=25, EVENTS=250


real	5m0,594s
user	0m30,649s
sys	0m41,151s
NOS[0] = 0
NOS[1] = 0
NOS[2] = 0
NOS[3] = 0
NOS[4] = 0
NOS[5] = 0
NOS[6] = 0
NOS[7] = 0
NOS[8] = 0
NOS[9] = 0
NOS[10] = 0
NOS[11] = 0
NOS[12] = 0
NOS[13] = 0
NOS[14] = 0
NOS[15] = 0

TCKS    283521
EVTS    1112
NO      0.000
FWDS    0.000    0.000
BAKS    0.057    0.386

=== TOTAL=300, WAIT=30, LATENCY=25, EVENTS=500


real	5m0,871s
user	0m27,787s
sys	0m38,163s
NOS[0] = 0
NOS[1] = 0
NOS[2] = 0
NOS[3] = 0
NOS[4] = 0
NOS[5] = 0
NOS[6] = 0
NOS[7] = 0
NOS[8] = 0
NOS[9] = 0
NOS[10] = 0
NOS[11] = 0
NOS[12] = 0
NOS[13] = 0
NOS[14] = 0
NOS[15] = 0

TCKS    283521
EVTS    1268
NO      0.000
FWDS    0.000    0.000
BAKS    0.059    0.442

=== TOTAL=300, WAIT=30, LATENCY=50, EVENTS=1


real	5m2,487s
user	0m29,921s
sys	0m43,686s
NOS[0] = 0
NOS[1] = 0
NOS[2] = 0
NOS[3] = 0
NOS[4] = 0
NOS[5] = 0
NOS[6] = 0
NOS[7] = 0
NOS[8] = 0
NOS[9] = 0
NOS[10] = 0
NOS[11] = 0
NOS[12] = 0
NOS[13] = 0
NOS[14] = 0
NOS[15] = 0

TCKS    283521
EVTS    25
NO      0.000
FWDS    0.000    0.000
BAKS    0.000    0.003

=== TOTAL=300, WAIT=30, LATENCY=50, EVENTS=5


real	5m2,024s
user	0m30,107s
sys	0m46,324s
NOS[0] = 0
NOS[1] = 0
NOS[2] = 0
NOS[3] = 0
NOS[4] = 0
NOS[5] = 0
NOS[6] = 0
NOS[7] = 0
NOS[8] = 0
NOS[9] = 0
NOS[10] = 0
NOS[11] = 0
NOS[12] = 0
NOS[13] = 0
NOS[14] = 0
NOS[15] = 0

TCKS    283521
EVTS    33
NO      0.000
FWDS    0.000    0.000
BAKS    0.001    0.009

=== TOTAL=300, WAIT=30, LATENCY=50, EVENTS=10


real	5m2,201s
user	0m30,825s
sys	0m43,532s
NOS[0] = 0
NOS[1] = 0
NOS[2] = 0
NOS[3] = 0
NOS[4] = 0
NOS[5] = 0
NOS[6] = 0
NOS[7] = 0
NOS[8] = 0
NOS[9] = 0
NOS[10] = 0
NOS[11] = 0
NOS[12] = 0
NOS[13] = 0
NOS[14] = 0
NOS[15] = 0

TCKS    283521
EVTS    61
NO      0.000
FWDS    0.000    0.001
BAKS    0.001    0.029

=== TOTAL=300, WAIT=30, LATENCY=50, EVENTS=25


real	5m1,784s
user	0m30,691s
sys	0m42,565s
NOS[0] = 0
NOS[1] = 0
NOS[2] = 0
NOS[3] = 0
NOS[4] = 0
NOS[5] = 0
NOS[6] = 0
NOS[7] = 0
NOS[8] = 0
NOS[9] = 0
NOS[10] = 0
NOS[11] = 0
NOS[12] = 0
NOS[13] = 0
NOS[14] = 0
NOS[15] = 0

TCKS    283521
EVTS    131
NO      0.000
FWDS    0.000    0.001
BAKS    0.004    0.060

=== TOTAL=300, WAIT=30, LATENCY=50, EVENTS=50


real	5m2,678s
user	0m30,289s
sys	0m40,222s
NOS[0] = 0
NOS[1] = 0
NOS[2] = 0
NOS[3] = 0
NOS[4] = 0
NOS[5] = 0
NOS[6] = 0
NOS[7] = 0
NOS[8] = 0
NOS[9] = 0
NOS[10] = 0
NOS[11] = 0
NOS[12] = 0
NOS[13] = 0
NOS[14] = 0
NOS[15] = 0

TCKS    283521
EVTS    251
NO      0.000
FWDS    0.000    0.001
BAKS    0.007    0.158

=== TOTAL=300, WAIT=30, LATENCY=50, EVENTS=100


real	5m1,302s
user	0m29,315s
sys	0m41,970s
NOS[0] = 0
NOS[1] = 0
NOS[2] = 0
NOS[3] = 0
NOS[4] = 0
NOS[5] = 0
NOS[6] = 0
NOS[7] = 0
NOS[8] = 0
NOS[9] = 0
NOS[10] = 0
NOS[11] = 0
NOS[12] = 0
NOS[13] = 0
NOS[14] = 0
NOS[15] = 0

TCKS    283521
EVTS    429
NO      0.000
FWDS    0.000    0.000
BAKS    0.017    0.347

=== TOTAL=300, WAIT=30, LATENCY=50, EVENTS=250


real	5m1,677s
user	0m29,231s
sys	0m38,701s
NOS[0] = 0
NOS[1] = 0
NOS[2] = 0
NOS[3] = 0
NOS[4] = 0
NOS[5] = 0
NOS[6] = 0
NOS[7] = 0
NOS[8] = 0
NOS[9] = 0
NOS[10] = 0
NOS[11] = 0
NOS[12] = 0
NOS[13] = 0
NOS[14] = 0
NOS[15] = 0

TCKS    283521
EVTS    1132
NO      0.000
FWDS    0.000    0.000
BAKS    0.060    1.002

=== TOTAL=300, WAIT=30, LATENCY=50, EVENTS=500


real	5m2,005s
user	0m29,037s
sys	0m38,189s
NOS[0] = 0
NOS[1] = 0
NOS[2] = 0
NOS[3] = 0
NOS[4] = 0
NOS[5] = 0
NOS[6] = 0
NOS[7] = 0
NOS[8] = 0
NOS[9] = 0
NOS[10] = 0
NOS[11] = 0
NOS[12] = 0
NOS[13] = 0
NOS[14] = 0
NOS[15] = 0

TCKS    283521
EVTS    1430
NO      0.000
FWDS    0.000    0.000
BAKS    0.087    1.103

=== TOTAL=300, WAIT=30, LATENCY=100, EVENTS=1


real	5m3,449s
user	0m31,224s
sys	0m46,141s
NOS[0] = 0
NOS[1] = 0
NOS[2] = 0
NOS[3] = 0
NOS[4] = 0
NOS[5] = 0
NOS[6] = 0
NOS[7] = 0
NOS[8] = 0
NOS[9] = 0
NOS[10] = 0
NOS[11] = 0
NOS[12] = 0
NOS[13] = 0
NOS[14] = 0
NOS[15] = 0

TCKS    283521
EVTS    23
NO      0.000
FWDS    0.000    0.000
BAKS    0.000    0.003

=== TOTAL=300, WAIT=30, LATENCY=100, EVENTS=5


real	5m1,751s
user	0m31,165s
sys	0m45,552s
NOS[0] = 0
NOS[1] = 0
NOS[2] = 0
NOS[3] = 0
NOS[4] = 0
NOS[5] = 0
NOS[6] = 0
NOS[7] = 0
NOS[8] = 0
NOS[9] = 0
NOS[10] = 0
NOS[11] = 0
NOS[12] = 0
NOS[13] = 0
NOS[14] = 0
NOS[15] = 0

TCKS    283521
EVTS    36
NO      0.000
FWDS    0.000    0.002
BAKS    0.000    0.016

=== TOTAL=300, WAIT=30, LATENCY=100, EVENTS=10


real	5m1,395s
user	0m31,713s
sys	0m46,321s
NOS[0] = 0
NOS[1] = 0
NOS[2] = 0
NOS[3] = 0
NOS[4] = 0
NOS[5] = 0
NOS[6] = 0
NOS[7] = 0
NOS[8] = 0
NOS[9] = 0
NOS[10] = 0
NOS[11] = 0
NOS[12] = 0
NOS[13] = 0
NOS[14] = 0
NOS[15] = 0

TCKS    283521
EVTS    65
NO      0.000
FWDS    0.000    0.001
BAKS    0.002    0.054

=== TOTAL=300, WAIT=30, LATENCY=100, EVENTS=25


real	5m2,235s
user	0m31,309s
sys	0m44,808s
NOS[0] = 0
NOS[1] = 0
NOS[2] = 0
NOS[3] = 0
NOS[4] = 0
NOS[5] = 0
NOS[6] = 0
NOS[7] = 0
NOS[8] = 0
NOS[9] = 0
NOS[10] = 0
NOS[11] = 0
NOS[12] = 0
NOS[13] = 0
NOS[14] = 0
NOS[15] = 0

TCKS    283521
EVTS    125
NO      0.000
FWDS    0.000    0.002
BAKS    0.003    0.155

=== TOTAL=300, WAIT=30, LATENCY=100, EVENTS=50


real	5m1,416s
user	0m30,722s
sys	0m43,895s
NOS[0] = 0
NOS[1] = 0
NOS[2] = 0
NOS[3] = 0
NOS[4] = 0
NOS[5] = 0
NOS[6] = 0
NOS[7] = 0
NOS[8] = 0
NOS[9] = 0
NOS[10] = 0
NOS[11] = 0
NOS[12] = 0
NOS[13] = 0
NOS[14] = 0
NOS[15] = 0

TCKS    283521
EVTS    250
NO      0.000
FWDS    0.000    0.000
BAKS    0.011    0.286

=== TOTAL=300, WAIT=30, LATENCY=100, EVENTS=100


real	5m2,027s
user	0m28,223s
sys	0m39,804s
NOS[0] = 0
NOS[1] = 0
NOS[2] = 0
NOS[3] = 0
NOS[4] = 0
NOS[5] = 0
NOS[6] = 0
NOS[7] = 0
NOS[8] = 0
NOS[9] = 0
NOS[10] = 0
NOS[11] = 0
NOS[12] = 0
NOS[13] = 0
NOS[14] = 0
NOS[15] = 0

TCKS    283521
EVTS    467
NO      0.000
FWDS    0.000    0.000
BAKS    0.025    0.809

=== TOTAL=300, WAIT=30, LATENCY=100, EVENTS=250


real	5m1,869s
user	0m28,237s
sys	0m37,617s
NOS[0] = 0
NOS[1] = 0
NOS[2] = 0
NOS[3] = 0
NOS[4] = 0
NOS[5] = 0
NOS[6] = 0
NOS[7] = 0
NOS[8] = 0
NOS[9] = 0
NOS[10] = 0
NOS[11] = 0
NOS[12] = 0
NOS[13] = 0
NOS[14] = 0
NOS[15] = 0

TCKS    283521
EVTS    996
NO      0.000
FWDS    0.000    0.000
BAKS    0.075    2.814

=== TOTAL=300, WAIT=30, LATENCY=100, EVENTS=500


real	5m2,276s
user	0m27,719s
sys	0m36,107s
NOS[0] = 0
NOS[1] = 0
NOS[2] = 0
NOS[3] = 0
NOS[4] = 0
NOS[5] = 0
NOS[6] = 0
NOS[7] = 0
NOS[8] = 0
NOS[9] = 0
NOS[10] = 0
NOS[11] = 0
NOS[12] = 0
NOS[13] = 0
NOS[14] = 0
NOS[15] = 0

TCKS    283521
EVTS    1403
NO      0.000
FWDS    0.000    0.000
BAKS    0.115    4.116

=== TOTAL=300, WAIT=30, LATENCY=250, EVENTS=1


real	5m5,173s
user	0m30,549s
sys	0m45,483s
NOS[0] = 0
NOS[1] = 117
NOS[2] = 260
NOS[3] = 260
NOS[4] = 229
NOS[5] = 200
NOS[6] = 200
NOS[7] = 200
NOS[8] = 200
NOS[9] = 200
NOS[10] = 200
NOS[11] = 200
NOS[12] = 200
NOS[13] = 200
NOS[14] = 190
NOS[15] = 0

TCKS    283521
EVTS    28
NO      0.529
FWDS    0.000    0.001
BAKS    0.000    0.029

=== TOTAL=300, WAIT=30, LATENCY=250, EVENTS=5


real	5m5,562s
user	0m30,361s
sys	0m44,312s
NOS[0] = 0
NOS[1] = 117
NOS[2] = 260
NOS[3] = 260
NOS[4] = 260
NOS[5] = 259
NOS[6] = 240
NOS[7] = 240
NOS[8] = 240
NOS[9] = 240
NOS[10] = 240
NOS[11] = 240
NOS[12] = 237
NOS[13] = 180
NOS[14] = 171
NOS[15] = 0

TCKS    283521
EVTS    39
NO      0.590
FWDS    0.000    0.001
BAKS    0.001    0.067

=== TOTAL=300, WAIT=30, LATENCY=250, EVENTS=10


real	5m3,466s
user	0m29,372s
sys	0m41,195s
NOS[0] = 0
NOS[1] = 126
NOS[2] = 280
NOS[3] = 280
NOS[4] = 263
NOS[5] = 260
NOS[6] = 133
NOS[7] = 8
NOS[8] = 0
NOS[9] = 0
NOS[10] = 0
NOS[11] = 0
NOS[12] = 0
NOS[13] = 0
NOS[14] = 0
NOS[15] = 0

TCKS    283521
EVTS    59
NO      0.250
FWDS    0.000    0.004
BAKS    0.002    0.146

=== TOTAL=300, WAIT=30, LATENCY=250, EVENTS=25


real	5m5,272s
user	0m29,072s
sys	0m41,959s
NOS[0] = 0
NOS[1] = 108
NOS[2] = 240
NOS[3] = 229
NOS[4] = 200
NOS[5] = 200
NOS[6] = 204
NOS[7] = 200
NOS[8] = 200
NOS[9] = 200
NOS[10] = 200
NOS[11] = 200
NOS[12] = 200
NOS[13] = 200
NOS[14] = 200
NOS[15] = 0

TCKS    283521
EVTS    128
NO      0.513
FWDS    0.000    0.001
BAKS    0.004    0.500

=== TOTAL=300, WAIT=30, LATENCY=250, EVENTS=50


real	5m3,183s
user	0m29,317s
sys	0m39,322s
NOS[0] = 0
NOS[1] = 0
NOS[2] = 0
NOS[3] = 0
NOS[4] = 0
NOS[5] = 0
NOS[6] = 0
NOS[7] = 0
NOS[8] = 0
NOS[9] = 0
NOS[10] = 0
NOS[11] = 0
NOS[12] = 0
NOS[13] = 0
NOS[14] = 0
NOS[15] = 0

TCKS    283521
EVTS    270
NO      0.000
FWDS    0.000    0.000
BAKS    0.016    0.984

=== TOTAL=300, WAIT=30, LATENCY=250, EVENTS=100


real	5m4,117s
user	0m28,577s
sys	0m38,868s
NOS[0] = 0
NOS[1] = 9
NOS[2] = 20
NOS[3] = 18
NOS[4] = 0
NOS[5] = 0
NOS[6] = 0
NOS[7] = 0
NOS[8] = 0
NOS[9] = 0
NOS[10] = 0
NOS[11] = 0
NOS[12] = 0
NOS[13] = 0
NOS[14] = 0
NOS[15] = 0

TCKS    283521
EVTS    477
NO      0.009
FWDS    0.000    0.000
BAKS    0.035    2.245

=== TOTAL=300, WAIT=30, LATENCY=250, EVENTS=250


real	5m4,430s
user	0m29,560s
sys	0m35,720s
NOS[0] = 0
NOS[1] = 80
NOS[2] = 168
NOS[3] = 160
NOS[4] = 168
NOS[5] = 152
NOS[6] = 126
NOS[7] = 64
NOS[8] = 69
NOS[9] = 63
NOS[10] = 63
NOS[11] = 60
NOS[12] = 50
NOS[13] = 44
NOS[14] = 42
NOS[15] = 0

TCKS    283521
EVTS    1109
NO      0.232
FWDS    0.000    0.000
BAKS    0.151    13.016

=== TOTAL=300, WAIT=30, LATENCY=250, EVENTS=500


real	5m3,079s
user	0m31,938s
sys	0m35,027s
NOS[0] = 0
NOS[1] = 0
NOS[2] = 0
NOS[3] = 0
NOS[4] = 0
NOS[5] = 0
NOS[6] = 0
NOS[7] = 0
NOS[8] = 0
NOS[9] = 0
NOS[10] = 0
NOS[11] = 0
NOS[12] = 0
NOS[13] = 0
NOS[14] = 0
NOS[15] = 0

TCKS    283521
EVTS    1690
NO      0.000
FWDS    0.000    0.000
BAKS    0.298    17.526

=== TOTAL=300, WAIT=30, LATENCY=500, EVENTS=1


real	5m7,850s
user	0m29,445s
sys	0m42,555s
NOS[0] = 0
NOS[1] = 153
NOS[2] = 340
NOS[3] = 340
NOS[4] = 340
NOS[5] = 340
NOS[6] = 340
NOS[7] = 340
NOS[8] = 340
NOS[9] = 340
NOS[10] = 340
NOS[11] = 340
NOS[12] = 340
NOS[13] = 340
NOS[14] = 323
NOS[15] = 0

TCKS    283521
EVTS    24
NO      0.844
FWDS    0.000    0.001
BAKS    0.000    0.011

=== TOTAL=300, WAIT=30, LATENCY=500, EVENTS=5


real	5m6,568s
user	0m29,956s
sys	0m41,816s
NOS[0] = 0
NOS[1] = 153
NOS[2] = 340
NOS[3] = 340
NOS[4] = 340
NOS[5] = 340
NOS[6] = 340
NOS[7] = 340
NOS[8] = 324
NOS[9] = 320
NOS[10] = 320
NOS[11] = 320
NOS[12] = 329
NOS[13] = 294
NOS[14] = 228
NOS[15] = 0

TCKS    283521
EVTS    30
NO      0.800
FWDS    0.000    0.002
BAKS    0.000    0.046

=== TOTAL=300, WAIT=30, LATENCY=500, EVENTS=10


real	5m6,489s
user	0m29,143s
sys	0m41,790s
NOS[0] = 0
NOS[1] = 171
NOS[2] = 380
NOS[3] = 380
NOS[4] = 380
NOS[5] = 380
NOS[6] = 380
NOS[7] = 380
NOS[8] = 380
NOS[9] = 380
NOS[10] = 380
NOS[11] = 380
NOS[12] = 350
NOS[13] = 340
NOS[14] = 323
NOS[15] = 0

TCKS    283521
EVTS    62
NO      0.923
FWDS    0.000    0.004
BAKS    0.002    0.229

=== TOTAL=300, WAIT=30, LATENCY=500, EVENTS=25


real	5m7,073s
user	0m27,791s
sys	0m41,754s
NOS[0] = 0
NOS[1] = 118
NOS[2] = 240
NOS[3] = 240
NOS[4] = 240
NOS[5] = 240
NOS[6] = 240
NOS[7] = 240
NOS[8] = 240
NOS[9] = 240
NOS[10] = 240
NOS[11] = 250
NOS[12] = 240
NOS[13] = 240
NOS[14] = 228
NOS[15] = 0

TCKS    283521
EVTS    132
NO      0.597
FWDS    0.000    0.001
BAKS    0.007    1.009

=== TOTAL=300, WAIT=30, LATENCY=500, EVENTS=50


real	5m5,106s
user	0m28,968s
sys	0m40,087s
NOS[0] = 0
NOS[1] = 66
NOS[2] = 120
NOS[3] = 124
NOS[4] = 120
NOS[5] = 120
NOS[6] = 120
NOS[7] = 120
NOS[8] = 120
NOS[9] = 120
NOS[10] = 126
NOS[11] = 120
NOS[12] = 120
NOS[13] = 123
NOS[14] = 95
NOS[15] = 0

TCKS    283521
EVTS    249
NO      0.297
FWDS    0.000    0.001
BAKS    0.019    2.309

=== TOTAL=300, WAIT=30, LATENCY=500, EVENTS=100


real	5m6,914s
user	0m30,888s
sys	0m38,439s
NOS[0] = 0
NOS[1] = 90
NOS[2] = 200
NOS[3] = 200
NOS[4] = 200
NOS[5] = 210
NOS[6] = 210
NOS[7] = 200
NOS[8] = 200
NOS[9] = 200
NOS[10] = 185
NOS[11] = 183
NOS[12] = 180
NOS[13] = 180
NOS[14] = 180
NOS[15] = 0

TCKS    283521
EVTS    473
NO      0.480
FWDS    0.000    0.001
BAKS    0.054    7.804

=== TOTAL=300, WAIT=30, LATENCY=500, EVENTS=250


real	5m6,852s
user	0m32,507s
sys	0m39,055s
NOS[0] = 0
NOS[1] = 53
NOS[2] = 97
NOS[3] = 84
NOS[4] = 87
NOS[5] = 90
NOS[6] = 84
NOS[7] = 86
NOS[8] = 80
NOS[9] = 82
NOS[10] = 82
NOS[11] = 86
NOS[12] = 84
NOS[13] = 80
NOS[14] = 66
NOS[15] = 0

TCKS    283521
EVTS    1039
NO      0.201
FWDS    0.000    0.000
BAKS    0.203    23.086

=== TOTAL=300, WAIT=30, LATENCY=500, EVENTS=500


real	5m5,163s
user	0m33,716s
sys	0m37,947s
NOS[0] = 0
NOS[1] = 0
NOS[2] = 0
NOS[3] = 0
NOS[4] = 0
NOS[5] = 0
NOS[6] = 0
NOS[7] = 0
NOS[8] = 0
NOS[9] = 0
NOS[10] = 0
NOS[11] = 0
NOS[12] = 0
NOS[13] = 0
NOS[14] = 0
NOS[15] = 0

TCKS    283521
EVTS    1473
NO      0.000
FWDS    0.000    0.000
BAKS    0.270    30.953

=== TOTAL=300, WAIT=30, LATENCY=1000, EVENTS=1


real	5m12,279s
user	0m28,599s
sys	0m42,629s
NOS[0] = 0
NOS[1] = 162
NOS[2] = 360
NOS[3] = 360
NOS[4] = 360
NOS[5] = 360
NOS[6] = 360
NOS[7] = 360
NOS[8] = 360
NOS[9] = 360
NOS[10] = 360
NOS[11] = 360
NOS[12] = 360
NOS[13] = 360
NOS[14] = 342
NOS[15] = 0

TCKS    283521
EVTS    26
NO      0.893
FWDS    0.000    0.006
BAKS    0.000    0.049

=== TOTAL=300, WAIT=30, LATENCY=1000, EVENTS=5


real	5m9,641s
user	0m29,391s
sys	0m42,702s
ERR	5	(-2194,1872,-1,0)	(-1540,2526,0,1)
ERR	6	(-2194,1872,-1,0)	(-1540,2526,0,1)
ERR	9	(-2194,1872,-1,0)	(-1540,2526,0,1)
ERR	10	(-2194,1872,-1,0)	(-1540,2526,0,1)
ERR	11	(-2194,1872,-1,0)	(-1540,2526,0,1)
ERR	12	(-2194,1872,-1,0)	(-1540,2526,0,1)
ERR	13	(-2194,1872,-1,0)	(-1540,2526,0,1)
ERR	14	(-2194,1872,-1,0)	(-1540,2526,0,1)
ERR	15	(-2194,1872,-1,0)	(-1540,2526,0,1)
ERR	16	(-2194,1872,-1,0)	(-1540,2526,0,1)
ERR	17	(-2194,1872,-1,0)	(-1540,2526,0,1)
ERR	18	(-2194,1872,-1,0)	(-1540,2526,0,1)
ERR	19	(-2194,1872,-1,0)	(-1540,2526,0,1)
ERR	20	(-2194,1872,-1,0)	(-1540,2526,0,1)
NOS[0] = 0
NOS[1] = 126
NOS[2] = 280
NOS[3] = 280
NOS[4] = 280
NOS[5] = 280
NOS[6] = 280
NOS[7] = 280
NOS[8] = 260
NOS[9] = 260
NOS[10] = 260
NOS[11] = 260
NOS[12] = 260
NOS[13] = 260
NOS[14] = 247
NOS[15] = 0

TCKS    283521
EVTS    42
NO      0.669
FWDS    0.000    0.007
BAKS    0.001    0.225

=== TOTAL=300, WAIT=30, LATENCY=1000, EVENTS=10


real	5m8,884s
user	0m29,165s
sys	0m42,426s
ERR	19	(832,-1588,0,0)	(90,-1588,-1,0)
ERR	20	(832,-1588,0,0)	(90,-1588,-1,0)
NOS[0] = 0
NOS[1] = 162
NOS[2] = 360
NOS[3] = 368
NOS[4] = 360
NOS[5] = 360
NOS[6] = 360
NOS[7] = 360
NOS[8] = 360
NOS[9] = 360
NOS[10] = 360
NOS[11] = 360
NOS[12] = 353
NOS[13] = 340
NOS[14] = 323
NOS[15] = 0

TCKS    283521
EVTS    63
NO      0.885
FWDS    0.000    0.005
BAKS    0.002    0.475

=== TOTAL=300, WAIT=30, LATENCY=1000, EVENTS=25


real	5m10,265s
user	0m28,982s
sys	0m43,749s
ERR	1	(1132,-774,0,1)	(1744,-774,0,1)
ERR	2	(1132,-774,0,1)	(1744,-774,0,1)
ERR	3	(1132,-774,0,1)	(1744,-774,0,1)
ERR	4	(1132,-774,0,1)	(1744,-774,0,1)
ERR	5	(1132,-774,0,1)	(1744,-774,0,1)
ERR	6	(1132,-774,0,1)	(1744,-774,0,1)
ERR	7	(1132,-774,0,1)	(1744,-774,0,1)
ERR	8	(1132,-774,0,1)	(1744,-774,0,1)
ERR	9	(1132,-774,0,1)	(1744,-774,0,1)
ERR	10	(1132,-774,0,1)	(1744,-774,0,1)
ERR	11	(1132,-774,0,1)	(1744,-774,0,1)
ERR	12	(1132,-774,0,1)	(2458,-1488,1,0)
ERR	13	(1132,-774,0,1)	(2458,-1488,1,0)
ERR	14	(1132,-774,0,1)	(2458,-1488,1,0)
ERR	15	(1132,-774,0,1)	(2458,-1488,1,0)
ERR	16	(1132,-774,0,1)	(2458,-1488,1,0)
ERR	17	(1132,-774,0,1)	(2458,-1488,1,0)
ERR	18	(1132,-774,0,1)	(2458,-1488,1,0)
ERR	19	(1132,-774,0,1)	(2458,-1488,1,0)
ERR	20	(1132,-774,0,1)	(2460,-1490,1,0)
NOS[0] = 0
NOS[1] = 153
NOS[2] = 340
NOS[3] = 340
NOS[4] = 340
NOS[5] = 340
NOS[6] = 340
NOS[7] = 340
NOS[8] = 340
NOS[9] = 340
NOS[10] = 340
NOS[11] = 349
NOS[12] = 340
NOS[13] = 340
NOS[14] = 323
NOS[15] = 0

TCKS    283521
EVTS    118
NO      0.844
FWDS    0.000    0.006
BAKS    0.007    1.745

=== TOTAL=300, WAIT=30, LATENCY=1000, EVENTS=50


real	5m9,401s
user	0m30,640s
sys	0m42,337s
ERR	12	(-2398,-510,0,0)	(-1878,-510,1,0)
ERR	13	(-2398,-510,0,0)	(-1878,-510,1,0)
ERR	14	(-2398,-510,0,0)	(-1878,-510,1,0)
ERR	15	(-2398,-510,0,0)	(-1878,-510,1,0)
ERR	16	(-2398,-510,0,0)	(-1878,-510,1,0)
ERR	17	(-2398,-510,0,0)	(-1878,-510,1,0)
ERR	18	(-2398,-510,0,0)	(-1878,-510,1,0)
ERR	19	(-2398,-510,0,0)	(-2448,-2680,0,-1)
ERR	20	(-2398,-510,0,0)	(-2448,-2680,0,-1)
NOS[0] = 0
NOS[1] = 145
NOS[2] = 280
NOS[3] = 280
NOS[4] = 280
NOS[5] = 280
NOS[6] = 280
NOS[7] = 280
NOS[8] = 289
NOS[9] = 280
NOS[10] = 280
NOS[11] = 280
NOS[12] = 280
NOS[13] = 280
NOS[14] = 271
NOS[15] = 0

TCKS    283521
EVTS    248
NO      0.699
FWDS    0.000    0.003
BAKS    0.024    5.483

=== TOTAL=300, WAIT=30, LATENCY=1000, EVENTS=100


real	5m8,569s
user	0m30,978s
sys	0m42,102s
ERR	4	(-1162,1278,1,0)	(-1134,1278,1,0)
ERR	5	(-1162,1278,1,0)	(-1054,1278,1,0)
ERR	6	(-1162,1278,1,0)	(-1054,1278,1,0)
ERR	7	(-1162,1278,1,0)	(-1054,1278,1,0)
ERR	8	(-1162,1278,1,0)	(-1134,1278,1,0)
ERR	9	(-1162,1278,1,0)	(-1054,1278,1,0)
ERR	10	(-1162,1278,1,0)	(-1054,1278,1,0)
ERR	11	(-1162,1278,1,0)	(-1054,1278,1,0)
ERR	12	(-1162,1278,1,0)	(-1054,1278,1,0)
ERR	13	(-1162,1278,1,0)	(-1054,1278,1,0)
ERR	14	(-1162,1278,1,0)	(-1054,1278,1,0)
ERR	15	(-1162,1278,1,0)	(-990,1284,1,0)
ERR	16	(-1162,1278,1,0)	(-1054,1278,1,0)
ERR	17	(-1162,1278,1,0)	(-990,1284,1,0)
ERR	18	(-1162,1278,1,0)	(-990,1284,1,0)
ERR	19	(-1162,1278,1,0)	(-990,1284,1,0)
ERR	20	(-1162,1278,1,0)	(-1490,1284,0,0)
NOS[0] = 0
NOS[1] = 162
NOS[2] = 358
NOS[3] = 349
NOS[4] = 340
NOS[5] = 348
NOS[6] = 340
NOS[7] = 340
NOS[8] = 335
NOS[9] = 331
NOS[10] = 338
NOS[11] = 302
NOS[12] = 300
NOS[13] = 300
NOS[14] = 298
NOS[15] = 0

TCKS    283521
EVTS    462
NO      0.810
FWDS    0.000    0.001
BAKS    0.070    15.744

=== TOTAL=300, WAIT=30, LATENCY=1000, EVENTS=250


real	5m9,257s
user	0m34,600s
sys	0m41,637s
ERR	1	(-330,512,1,0)	(-330,470,1,0)
ERR	2	(-330,512,1,0)	(-216,470,1,0)
ERR	3	(-330,512,1,0)	(-1542,518,-1,0)
ERR	4	(-330,512,1,0)	(-1574,486,-1,0)
ERR	5	(-330,512,1,0)	(-1574,486,-1,0)
ERR	6	(-330,512,1,0)	(-1574,486,-1,0)
ERR	7	(-330,512,1,0)	(-1574,486,-1,0)
ERR	8	(-330,512,1,0)	(-1542,518,-1,0)
ERR	9	(-330,512,1,0)	(-1574,486,-1,0)
ERR	10	(-330,512,1,0)	(-1574,486,-1,0)
ERR	11	(-330,512,1,0)	(-1574,486,-1,0)
ERR	12	(-330,512,1,0)	(-1574,486,-1,0)
ERR	13	(-330,512,1,0)	(-1574,486,-1,0)
ERR	14	(-330,512,1,0)	(-1574,486,-1,0)
ERR	15	(-330,512,1,0)	(-1574,486,-1,0)
ERR	16	(-330,512,1,0)	(-1574,486,-1,0)
ERR	17	(-330,512,1,0)	(-1574,486,-1,0)
ERR	18	(-330,512,1,0)	(-1586,474,-1,0)
ERR	19	(-330,512,1,0)	(-1622,474,-1,0)
ERR	20	(-330,512,1,0)	(-1622,474,-1,0)
NOS[0] = 0
NOS[1] = 144
NOS[2] = 302
NOS[3] = 300
NOS[4] = 290
NOS[5] = 291
NOS[6] = 289
NOS[7] = 268
NOS[8] = 277
NOS[9] = 269
NOS[10] = 260
NOS[11] = 260
NOS[12] = 260
NOS[13] = 269
NOS[14] = 256
NOS[15] = 0

TCKS    283521
EVTS    1118
NO      0.670
FWDS    0.000    0.001
BAKS    0.236    52.968

=== TOTAL=300, WAIT=30, LATENCY=1000, EVENTS=500


real	5m8,306s
user	0m34,774s
sys	0m41,090s
ERR	1	(768,-478,0,-1)	(782,-492,0,-1)
ERR	2	(768,-478,0,-1)	(842,-492,0,-1)
ERR	3	(768,-478,0,-1)	(846,-488,0,-1)
ERR	4	(768,-478,0,-1)	(846,-488,0,-1)
ERR	5	(768,-478,0,-1)	(846,-488,0,-1)
ERR	6	(768,-478,0,-1)	(846,-488,0,-1)
ERR	7	(768,-478,0,-1)	(846,-488,0,-1)
ERR	8	(768,-478,0,-1)	(846,-488,0,-1)
ERR	9	(768,-478,0,-1)	(846,-488,0,-1)
ERR	10	(768,-478,0,-1)	(846,-488,0,-1)
ERR	11	(768,-478,0,-1)	(846,-488,0,-1)
ERR	12	(768,-478,0,-1)	(846,-480,0,-1)
ERR	13	(768,-478,0,-1)	(846,-480,0,-1)
ERR	14	(768,-478,0,-1)	(846,-480,0,-1)
ERR	15	(768,-478,0,-1)	(846,-480,0,-1)
ERR	16	(768,-478,0,-1)	(846,-480,0,-1)
ERR	17	(768,-478,0,-1)	(846,-480,0,-1)
ERR	18	(768,-478,0,-1)	(846,-480,0,-1)
ERR	19	(768,-478,0,-1)	(846,-480,0,-1)
ERR	20	(768,-478,0,-1)	(894,-480,0,-1)
NOS[0] = 0
NOS[1] = 171
NOS[2] = 343
NOS[3] = 349
NOS[4] = 358
NOS[5] = 346
NOS[6] = 384
NOS[7] = 351
NOS[8] = 352
NOS[9] = 354
NOS[10] = 340
NOS[11] = 347
NOS[12] = 358
NOS[13] = 367
NOS[14] = 323
NOS[15] = 0

TCKS    283521
EVTS    1360
NO      0.849
FWDS    0.000    0.001
BAKS    0.271    54.819

