=== TOTAL=300, WAIT=30, LATENCY=5, EVENTS=100

TCKS    283521
EVTS    481
NO      0.000
FWDS    0.000    0.001
BAKS    0.015    0.025

=== TOTAL=300, WAIT=30, LATENCY=25, EVENTS=100

TCKS    283521
EVTS    477
NO      0.000
FWDS    0.001    0.001
BAKS    0.017    0.089

=== TOTAL=300, WAIT=30, LATENCY=50, EVENTS=100

TCKS    283521
EVTS    480
NO      0.000
FWDS    0.000    0.001
BAKS    0.016    0.184

=== TOTAL=300, WAIT=30, LATENCY=250, EVENTS=100

TCKS    283521
EVTS    481
NO      0.004
FWDS    0.000    0.000
BAKS    0.037    1.971

=== TOTAL=300, WAIT=30, LATENCY=500, EVENTS=100

TCKS    283521
EVTS    488
NO      0.253
FWDS    0.006    0.011
BAKS    0.085    13.754
