=== TOTAL=300, WAIT=30, LATENCY=5, EVENTS=1

NOS[0] = 0
NOS[1] = 126
NOS[2] = 280
NOS[3] = 280
NOS[4] = 280
NOS[5] = 280
NOS[6] = 280
NOS[7] = 280
NOS[8] = 280
NOS[9] = 280
NOS[10] = 280
NOS[11] = 280
NOS[12] = 280
NOS[13] = 280
NOS[14] = 266
NOS[15] = 0

TCKS    283521
EVTS    26
NO      0.695
FWDS    0.002    0.004
BAKS    0.000    0.013

=== TOTAL=300, WAIT=30, LATENCY=5, EVENTS=5

NOS[0] = 0
NOS[1] = 0
NOS[2] = 0
NOS[3] = 0
NOS[4] = 0
NOS[5] = 0
NOS[6] = 0
NOS[7] = 0
NOS[8] = 0
NOS[9] = 0
NOS[10] = 0
NOS[11] = 0
NOS[12] = 0
NOS[13] = 0
NOS[14] = 0
NOS[15] = 0

TCKS    283521
EVTS    39
NO      0.000
FWDS    0.003    0.005
BAKS    0.001    0.009

=== TOTAL=300, WAIT=30, LATENCY=5, EVENTS=10

NOS[0] = 0
NOS[1] = 171
NOS[2] = 380
NOS[3] = 380
NOS[4] = 38
NOS[5] = 0
NOS[6] = 0
NOS[7] = 0
NOS[8] = 0
NOS[9] = 0
NOS[10] = 0
NOS[11] = 0
NOS[12] = 0
NOS[13] = 0
NOS[14] = 0
NOS[15] = 0

TCKS    283521
EVTS    60
NO      0.179
FWDS    0.011    0.021
BAKS    0.001    0.011

=== TOTAL=300, WAIT=30, LATENCY=5, EVENTS=25

NOS[0] = 0
NOS[1] = 0
NOS[2] = 0
NOS[3] = 0
NOS[4] = 0
NOS[5] = 0
NOS[6] = 0
NOS[7] = 0
NOS[8] = 0
NOS[9] = 0
NOS[10] = 0
NOS[11] = 0
NOS[12] = 0
NOS[13] = 0
NOS[14] = 0
NOS[15] = 0

TCKS    283521
EVTS    134
NO      0.000
FWDS    0.002    0.004
BAKS    0.004    0.013

=== TOTAL=300, WAIT=30, LATENCY=5, EVENTS=50

NOS[0] = 0
NOS[1] = 0
NOS[2] = 0
NOS[3] = 0
NOS[4] = 0
NOS[5] = 0
NOS[6] = 0
NOS[7] = 0
NOS[8] = 0
NOS[9] = 0
NOS[10] = 0
NOS[11] = 0
NOS[12] = 0
NOS[13] = 0
NOS[14] = 0
NOS[15] = 0

TCKS    283521
EVTS    245
NO      0.000
FWDS    0.003    0.005
BAKS    0.006    0.019

=== TOTAL=300, WAIT=30, LATENCY=5, EVENTS=100

NOS[0] = 0
NOS[1] = 0
NOS[2] = 0
NOS[3] = 0
NOS[4] = 0
NOS[5] = 0
NOS[6] = 0
NOS[7] = 0
NOS[8] = 0
NOS[9] = 0
NOS[10] = 0
NOS[11] = 0
NOS[12] = 0
NOS[13] = 0
NOS[14] = 0
NOS[15] = 0

TCKS    283521
EVTS    503
NO      0.000
FWDS    0.000    0.001
BAKS    0.013    0.031

=== TOTAL=300, WAIT=30, LATENCY=5, EVENTS=250

NOS[0] = 0
NOS[1] = 0
NOS[2] = 0
NOS[3] = 0
NOS[4] = 0
NOS[5] = 0
NOS[6] = 0
NOS[7] = 0
NOS[8] = 0
NOS[9] = 0
NOS[10] = 0
NOS[11] = 0
NOS[12] = 0
NOS[13] = 0
NOS[14] = 0
NOS[15] = 0

TCKS    283521
EVTS    897
NO      0.000
FWDS    0.000    0.000
BAKS    0.030    0.059

=== TOTAL=300, WAIT=30, LATENCY=5, EVENTS=500

NOS[0] = 0
NOS[1] = 0
NOS[2] = 0
NOS[3] = 0
NOS[4] = 0
NOS[5] = 0
NOS[6] = 0
NOS[7] = 0
NOS[8] = 0
NOS[9] = 0
NOS[10] = 0
NOS[11] = 0
NOS[12] = 0
NOS[13] = 0
NOS[14] = 0
NOS[15] = 0

TCKS    283521
EVTS    1713
NO      0.000
FWDS    0.000    0.000
BAKS    0.054    0.080

=== TOTAL=300, WAIT=30, LATENCY=25, EVENTS=1

NOS[0] = 0
NOS[1] = 153
NOS[2] = 340
NOS[3] = 340
NOS[4] = 340
NOS[5] = 340
NOS[6] = 340
NOS[7] = 340
NOS[8] = 340
NOS[9] = 340
NOS[10] = 340
NOS[11] = 340
NOS[12] = 340
NOS[13] = 340
NOS[14] = 323
NOS[15] = 0

TCKS    283521
EVTS    24
NO      0.844
FWDS    0.001    0.002
BAKS    0.000    0.011

=== TOTAL=300, WAIT=30, LATENCY=25, EVENTS=5

NOS[0] = 0
NOS[1] = 0
NOS[2] = 0
NOS[3] = 0
NOS[4] = 0
NOS[5] = 0
NOS[6] = 0
NOS[7] = 0
NOS[8] = 0
NOS[9] = 0
NOS[10] = 0
NOS[11] = 0
NOS[12] = 0
NOS[13] = 0
NOS[14] = 0
NOS[15] = 0

TCKS    283521
EVTS    37
NO      0.000
FWDS    0.003    0.005
BAKS    0.001    0.007

=== TOTAL=300, WAIT=30, LATENCY=25, EVENTS=10

NOS[0] = 0
NOS[1] = 5
NOS[2] = 0
NOS[3] = 0
NOS[4] = 0
NOS[5] = 0
NOS[6] = 0
NOS[7] = 0
NOS[8] = 0
NOS[9] = 0
NOS[10] = 0
NOS[11] = 0
NOS[12] = 0
NOS[13] = 0
NOS[14] = 0
NOS[15] = 0

TCKS    283521
EVTS    58
NO      0.001
FWDS    0.004    0.008
BAKS    0.001    0.014

=== TOTAL=300, WAIT=30, LATENCY=25, EVENTS=25

NOS[0] = 0
NOS[1] = 81
NOS[2] = 114
NOS[3] = 0
NOS[4] = 0
NOS[5] = 0
NOS[6] = 0
NOS[7] = 0
NOS[8] = 0
NOS[9] = 0
NOS[10] = 0
NOS[11] = 0
NOS[12] = 0
NOS[13] = 0
NOS[14] = 0
NOS[15] = 0

TCKS    283521
EVTS    133
NO      0.036
FWDS    0.007    0.014
BAKS    0.003    0.041

=== TOTAL=300, WAIT=30, LATENCY=25, EVENTS=50

NOS[0] = 0
NOS[1] = 0
NOS[2] = 0
NOS[3] = 0
NOS[4] = 0
NOS[5] = 0
NOS[6] = 0
NOS[7] = 0
NOS[8] = 0
NOS[9] = 0
NOS[10] = 0
NOS[11] = 0
NOS[12] = 0
NOS[13] = 0
NOS[14] = 0
NOS[15] = 0

TCKS    283521
EVTS    250
NO      0.000
FWDS    0.002    0.004
BAKS    0.007    0.049

=== TOTAL=300, WAIT=30, LATENCY=25, EVENTS=100

NOS[0] = 0
NOS[1] = 0
NOS[2] = 0
NOS[3] = 0
NOS[4] = 0
NOS[5] = 0
NOS[6] = 0
NOS[7] = 0
NOS[8] = 0
NOS[9] = 0
NOS[10] = 0
NOS[11] = 0
NOS[12] = 0
NOS[13] = 0
NOS[14] = 0
NOS[15] = 0

TCKS    283521
EVTS    480
NO      0.000
FWDS    0.001    0.001
BAKS    0.013    0.093

=== TOTAL=300, WAIT=30, LATENCY=25, EVENTS=250

NOS[0] = 0
NOS[1] = 0
NOS[2] = 0
NOS[3] = 0
NOS[4] = 0
NOS[5] = 0
NOS[6] = 0
NOS[7] = 0
NOS[8] = 0
NOS[9] = 0
NOS[10] = 0
NOS[11] = 0
NOS[12] = 0
NOS[13] = 0
NOS[14] = 0
NOS[15] = 0

TCKS    283521
EVTS    1023
NO      0.000
FWDS    0.000    0.000
BAKS    0.032    0.248

=== TOTAL=300, WAIT=30, LATENCY=25, EVENTS=500

NOS[0] = 0
NOS[1] = 0
NOS[2] = 0
NOS[3] = 0
NOS[4] = 0
NOS[5] = 0
NOS[6] = 0
NOS[7] = 0
NOS[8] = 0
NOS[9] = 0
NOS[10] = 0
NOS[11] = 0
NOS[12] = 0
NOS[13] = 0
NOS[14] = 0
NOS[15] = 0

TCKS    283521
EVTS    1746
NO      0.000
FWDS    0.000    0.000
BAKS    0.068    0.406

=== TOTAL=300, WAIT=30, LATENCY=50, EVENTS=1

NOS[0] = 0
NOS[1] = 108
NOS[2] = 240
NOS[3] = 240
NOS[4] = 240
NOS[5] = 240
NOS[6] = 240
NOS[7] = 240
NOS[8] = 240
NOS[9] = 240
NOS[10] = 240
NOS[11] = 240
NOS[12] = 240
NOS[13] = 240
NOS[14] = 228
NOS[15] = 0

TCKS    283521
EVTS    24
NO      0.596
FWDS    0.000    0.001
BAKS    0.000    0.010

=== TOTAL=300, WAIT=30, LATENCY=50, EVENTS=5

NOS[0] = 0
NOS[1] = 153
NOS[2] = 340
NOS[3] = 340
NOS[4] = 340
NOS[5] = 340
NOS[6] = 340
NOS[7] = 340
NOS[8] = 340
NOS[9] = 340
NOS[10] = 340
NOS[11] = 340
NOS[12] = 340
NOS[13] = 306
NOS[14] = 0
NOS[15] = 0

TCKS    283521
EVTS    36
NO      0.778
FWDS    0.007    0.014
BAKS    0.000    0.024

=== TOTAL=300, WAIT=30, LATENCY=50, EVENTS=10

NOS[0] = 0
NOS[1] = 0
NOS[2] = 0
NOS[3] = 0
NOS[4] = 0
NOS[5] = 0
NOS[6] = 0
NOS[7] = 0
NOS[8] = 0
NOS[9] = 0
NOS[10] = 0
NOS[11] = 0
NOS[12] = 0
NOS[13] = 0
NOS[14] = 0
NOS[15] = 0

TCKS    283521
EVTS    62
NO      0.000
FWDS    0.003    0.006
BAKS    0.001    0.022

=== TOTAL=300, WAIT=30, LATENCY=50, EVENTS=25

NOS[0] = 0
NOS[1] = 0
NOS[2] = 0
NOS[3] = 0
NOS[4] = 0
NOS[5] = 0
NOS[6] = 0
NOS[7] = 0
NOS[8] = 0
NOS[9] = 0
NOS[10] = 0
NOS[11] = 0
NOS[12] = 0
NOS[13] = 0
NOS[14] = 0
NOS[15] = 0

TCKS    283521
EVTS    132
NO      0.000
FWDS    0.003    0.006
BAKS    0.003    0.051

=== TOTAL=300, WAIT=30, LATENCY=50, EVENTS=50

NOS[0] = 0
NOS[1] = 0
NOS[2] = 0
NOS[3] = 0
NOS[4] = 0
NOS[5] = 0
NOS[6] = 0
NOS[7] = 0
NOS[8] = 0
NOS[9] = 0
NOS[10] = 0
NOS[11] = 0
NOS[12] = 0
NOS[13] = 0
NOS[14] = 0
NOS[15] = 0

TCKS    283521
EVTS    239
NO      0.000
FWDS    0.005    0.009
BAKS    0.008    0.097

=== TOTAL=300, WAIT=30, LATENCY=50, EVENTS=100

NOS[0] = 0
NOS[1] = 0
NOS[2] = 0
NOS[3] = 0
NOS[4] = 0
NOS[5] = 0
NOS[6] = 0
NOS[7] = 0
NOS[8] = 0
NOS[9] = 0
NOS[10] = 0
NOS[11] = 0
NOS[12] = 0
NOS[13] = 0
NOS[14] = 0
NOS[15] = 0

TCKS    283521
EVTS    476
NO      0.000
FWDS    0.000    0.000
BAKS    0.015    0.204

=== TOTAL=300, WAIT=30, LATENCY=50, EVENTS=250

NOS[0] = 0
NOS[1] = 0
NOS[2] = 0
NOS[3] = 0
NOS[4] = 0
NOS[5] = 0
NOS[6] = 0
NOS[7] = 0
NOS[8] = 0
NOS[9] = 0
NOS[10] = 0
NOS[11] = 0
NOS[12] = 0
NOS[13] = 0
NOS[14] = 0
NOS[15] = 0

TCKS    283521
EVTS    1114
NO      0.000
FWDS    0.000    0.000
BAKS    0.049    0.647

=== TOTAL=300, WAIT=30, LATENCY=50, EVENTS=500

NOS[0] = 0
NOS[1] = 0
NOS[2] = 0
NOS[3] = 0
NOS[4] = 0
NOS[5] = 0
NOS[6] = 0
NOS[7] = 0
NOS[8] = 0
NOS[9] = 0
NOS[10] = 0
NOS[11] = 0
NOS[12] = 0
NOS[13] = 0
NOS[14] = 0
NOS[15] = 0

TCKS    283521
EVTS    1441
NO      0.000
FWDS    0.000    0.000
BAKS    0.072    1.151

=== TOTAL=300, WAIT=30, LATENCY=100, EVENTS=1

NOS[0] = 0
NOS[1] = 153
NOS[2] = 220
NOS[3] = 80
NOS[4] = 80
NOS[5] = 80
NOS[6] = 80
NOS[7] = 80
NOS[8] = 63
NOS[9] = 0
NOS[10] = 0
NOS[11] = 0
NOS[12] = 0
NOS[13] = 0
NOS[14] = 0
NOS[15] = 0

TCKS    283521
EVTS    24
NO      0.155
FWDS    0.006    0.011
BAKS    0.000    0.006

=== TOTAL=300, WAIT=30, LATENCY=100, EVENTS=5

NOS[0] = 0
NOS[1] = 144
NOS[2] = 320
NOS[3] = 320
NOS[4] = 308
NOS[5] = 300
NOS[6] = 300
NOS[7] = 300
NOS[8] = 300
NOS[9] = 164
NOS[10] = 0
NOS[11] = 0
NOS[12] = 0
NOS[13] = 0
NOS[14] = 0
NOS[15] = 0

TCKS    283521
EVTS    39
NO      0.455
FWDS    0.008    0.015
BAKS    0.001    0.022

=== TOTAL=300, WAIT=30, LATENCY=100, EVENTS=10

NOS[0] = 0
NOS[1] = 9
NOS[2] = 20
NOS[3] = 9
NOS[4] = 0
NOS[5] = 0
NOS[6] = 0
NOS[7] = 0
NOS[8] = 0
NOS[9] = 0
NOS[10] = 0
NOS[11] = 0
NOS[12] = 0
NOS[13] = 0
NOS[14] = 0
NOS[15] = 0

TCKS    283521
EVTS    67
NO      0.007
FWDS    0.002    0.004
BAKS    0.002    0.032

=== TOTAL=300, WAIT=30, LATENCY=100, EVENTS=25

NOS[0] = 0
NOS[1] = 0
NOS[2] = 0
NOS[3] = 0
NOS[4] = 0
NOS[5] = 0
NOS[6] = 0
NOS[7] = 0
NOS[8] = 0
NOS[9] = 0
NOS[10] = 0
NOS[11] = 0
NOS[12] = 0
NOS[13] = 0
NOS[14] = 0
NOS[15] = 0

TCKS    283521
EVTS    125
NO      0.000
FWDS    0.002    0.004
BAKS    0.003    0.108

=== TOTAL=300, WAIT=30, LATENCY=100, EVENTS=50

NOS[0] = 0
NOS[1] = 0
NOS[2] = 0
NOS[3] = 0
NOS[4] = 0
NOS[5] = 0
NOS[6] = 0
NOS[7] = 0
NOS[8] = 0
NOS[9] = 0
NOS[10] = 0
NOS[11] = 0
NOS[12] = 0
NOS[13] = 0
NOS[14] = 0
NOS[15] = 0

TCKS    283521
EVTS    258
NO      0.000
FWDS    0.003    0.006
BAKS    0.007    0.214

=== TOTAL=300, WAIT=30, LATENCY=100, EVENTS=100

NOS[0] = 0
NOS[1] = 0
NOS[2] = 0
NOS[3] = 0
NOS[4] = 0
NOS[5] = 0
NOS[6] = 0
NOS[7] = 0
NOS[8] = 0
NOS[9] = 0
NOS[10] = 0
NOS[11] = 0
NOS[12] = 0
NOS[13] = 0
NOS[14] = 0
NOS[15] = 0

TCKS    283521
EVTS    482
NO      0.000
FWDS    0.000    0.001
BAKS    0.020    0.711

=== TOTAL=300, WAIT=30, LATENCY=100, EVENTS=250

NOS[0] = 0
NOS[1] = 0
NOS[2] = 0
NOS[3] = 0
NOS[4] = 0
NOS[5] = 0
NOS[6] = 0
NOS[7] = 0
NOS[8] = 0
NOS[9] = 0
NOS[10] = 0
NOS[11] = 0
NOS[12] = 0
NOS[13] = 0
NOS[14] = 0
NOS[15] = 0

TCKS    283521
EVTS    995
NO      0.000
FWDS    0.000    0.001
BAKS    0.059    2.146

=== TOTAL=300, WAIT=30, LATENCY=100, EVENTS=500

NOS[0] = 0
NOS[1] = 0
NOS[2] = 0
NOS[3] = 0
NOS[4] = 0
NOS[5] = 0
NOS[6] = 0
NOS[7] = 0
NOS[8] = 0
NOS[9] = 0
NOS[10] = 0
NOS[11] = 0
NOS[12] = 0
NOS[13] = 0
NOS[14] = 0
NOS[15] = 0

TCKS    283521
EVTS    1765
NO      0.000
FWDS    0.002    0.003
BAKS    0.239    10.836

=== TOTAL=300, WAIT=30, LATENCY=250, EVENTS=1

NOS[0] = 0
NOS[1] = 144
NOS[2] = 320
NOS[3] = 320
NOS[4] = 320
NOS[5] = 266
NOS[6] = 195
NOS[7] = 120
NOS[8] = 120
NOS[9] = 120
NOS[10] = 120
NOS[11] = 120
NOS[12] = 120
NOS[13] = 120
NOS[14] = 114
NOS[15] = 0

TCKS    283521
EVTS    26
NO      0.466
FWDS    0.006    0.012
BAKS    0.000    0.008

=== TOTAL=300, WAIT=30, LATENCY=250, EVENTS=5

NOS[0] = 0
NOS[1] = 162
NOS[2] = 330
NOS[3] = 320
NOS[4] = 320
NOS[5] = 320
NOS[6] = 320
NOS[7] = 320
NOS[8] = 320
NOS[9] = 320
NOS[10] = 296
NOS[11] = 120
NOS[12] = 83
NOS[13] = 80
NOS[14] = 76
NOS[15] = 0

TCKS    283521
EVTS    31
NO      0.627
FWDS    0.009    0.017
BAKS    0.000    0.008

=== TOTAL=300, WAIT=30, LATENCY=250, EVENTS=10

NOS[0] = 0
NOS[1] = 117
NOS[2] = 260
NOS[3] = 179
NOS[4] = 100
NOS[5] = 96
NOS[6] = 80
NOS[7] = 68
NOS[8] = 59
NOS[9] = 40
NOS[10] = 40
NOS[11] = 8
NOS[12] = 0
NOS[13] = 0
NOS[14] = 0
NOS[15] = 0

TCKS    283521
EVTS    63
NO      0.194
FWDS    0.005    0.010
BAKS    0.001    0.069

=== TOTAL=300, WAIT=30, LATENCY=250, EVENTS=25

NOS[0] = 0
NOS[1] = 54
NOS[2] = 1
NOS[3] = 0
NOS[4] = 0
NOS[5] = 0
NOS[6] = 0
NOS[7] = 0
NOS[8] = 0
NOS[9] = 0
NOS[10] = 0
NOS[11] = 0
NOS[12] = 0
NOS[13] = 0
NOS[14] = 0
NOS[15] = 0

TCKS    283521
EVTS    147
NO      0.010
FWDS    0.004    0.008
BAKS    0.005    0.233

=== TOTAL=300, WAIT=30, LATENCY=250, EVENTS=50

NOS[0] = 0
NOS[1] = 67
NOS[2] = 0
NOS[3] = 0
NOS[4] = 0
NOS[5] = 0
NOS[6] = 0
NOS[7] = 0
NOS[8] = 0
NOS[9] = 0
NOS[10] = 0
NOS[11] = 0
NOS[12] = 0
NOS[13] = 0
NOS[14] = 0
NOS[15] = 0

TCKS    283521
EVTS    235
NO      0.012
FWDS    0.005    0.010
BAKS    0.011    0.458

=== TOTAL=300, WAIT=30, LATENCY=250, EVENTS=100

NOS[0] = 0
NOS[1] = 4
NOS[2] = 0
NOS[3] = 0
NOS[4] = 0
NOS[5] = 0
NOS[6] = 0
NOS[7] = 0
NOS[8] = 0
NOS[9] = 0
NOS[10] = 0
NOS[11] = 0
NOS[12] = 0
NOS[13] = 0
NOS[14] = 0
NOS[15] = 0

TCKS    283521
EVTS    480
NO      0.001
FWDS    0.002    0.004
BAKS    0.033    1.674

=== TOTAL=300, WAIT=30, LATENCY=500, EVENTS=1

NOS[0] = 0
NOS[1] = 153
NOS[2] = 340
NOS[3] = 340
NOS[4] = 340
NOS[5] = 340
NOS[6] = 340
NOS[7] = 340
NOS[8] = 340
NOS[9] = 340
NOS[10] = 340
NOS[11] = 340
NOS[12] = 340
NOS[13] = 340
NOS[14] = 323
NOS[15] = 0

TCKS    283521
EVTS    21
NO      0.844
FWDS    0.000    0.000
BAKS    0.000    0.000

=== TOTAL=300, WAIT=30, LATENCY=500, EVENTS=5

NOS[0] = 0
NOS[1] = 144
NOS[2] = 320
NOS[3] = 320
NOS[4] = 320
NOS[5] = 334
NOS[6] = 320
NOS[7] = 320
NOS[8] = 286
NOS[9] = 255
NOS[10] = 240
NOS[11] = 240
NOS[12] = 240
NOS[13] = 240
NOS[14] = 228
NOS[15] = 0

TCKS    283521
EVTS    33
NO      0.703
FWDS    0.006    0.011
BAKS    0.000    0.037

=== TOTAL=300, WAIT=30, LATENCY=500, EVENTS=10

NOS[0] = 0
NOS[1] = 144
NOS[2] = 320
NOS[3] = 320
NOS[4] = 320
NOS[5] = 320
NOS[6] = 259
NOS[7] = 240
NOS[8] = 240
NOS[9] = 240
NOS[10] = 240
NOS[11] = 226
NOS[12] = 228
NOS[13] = 220
NOS[14] = 209
NOS[15] = 0

TCKS    283521
EVTS    57
NO      0.652
FWDS    0.003    0.006
BAKS    0.001    0.226

=== TOTAL=300, WAIT=30, LATENCY=500, EVENTS=25

NOS[0] = 0
NOS[1] = 153
NOS[2] = 218
NOS[3] = 66
NOS[4] = 27
NOS[5] = 0
NOS[6] = 0
NOS[7] = 0
NOS[8] = 0
NOS[9] = 0
NOS[10] = 0
NOS[11] = 0
NOS[12] = 0
NOS[13] = 0
NOS[14] = 0
NOS[15] = 0

TCKS    283521
EVTS    130
NO      0.086
FWDS    0.010    0.021
BAKS    0.006    0.508

=== TOTAL=300, WAIT=30, LATENCY=500, EVENTS=50

NOS[0] = 0
NOS[1] = 172
NOS[2] = 290
NOS[3] = 245
NOS[4] = 240
NOS[5] = 251
NOS[6] = 240
NOS[7] = 240
NOS[8] = 252
NOS[9] = 240
NOS[10] = 240
NOS[11] = 240
NOS[12] = 240
NOS[13] = 240
NOS[14] = 228
NOS[15] = 0

TCKS    283521
EVTS    248
NO      0.617
FWDS    0.004    0.008
BAKS    0.015    1.944

=== TOTAL=300, WAIT=30, LATENCY=500, EVENTS=100

NOS[0] = 0
NOS[1] = 94
NOS[2] = 142
NOS[3] = 120
NOS[4] = 109
NOS[5] = 100
NOS[6] = 80
NOS[7] = 83
NOS[8] = 83
NOS[9] = 80
NOS[10] = 82
NOS[11] = 83
NOS[12] = 86
NOS[13] = 84
NOS[14] = 76
NOS[15] = 0

TCKS    283521
EVTS    481
NO      0.236
FWDS    0.004    0.008
BAKS    0.091    15.809

=== TOTAL=300, WAIT=30, LATENCY=1000, EVENTS=1

NOS[0] = 0
NOS[1] = 144
NOS[2] = 320
NOS[3] = 320
NOS[4] = 320
NOS[5] = 320
NOS[6] = 320
NOS[7] = 320
NOS[8] = 320
NOS[9] = 320
NOS[10] = 320
NOS[11] = 327
NOS[12] = 320
NOS[13] = 320
NOS[14] = 304
NOS[15] = 0

TCKS    283521
EVTS    29
NO      0.794
FWDS    0.001    0.002
BAKS    0.002    2.048

=== TOTAL=300, WAIT=30, LATENCY=1000, EVENTS=5

NOS[0] = 0
NOS[1] = 162
NOS[2] = 360
NOS[3] = 360
NOS[4] = 310
NOS[5] = 300
NOS[6] = 300
NOS[7] = 300
NOS[8] = 300
NOS[9] = 300
NOS[10] = 300
NOS[11] = 300
NOS[12] = 300
NOS[13] = 300
NOS[14] = 285
NOS[15] = 0

TCKS    283521
EVTS    36
NO      0.774
FWDS    0.004    0.008
BAKS    0.001    1.192

=== TOTAL=300, WAIT=30, LATENCY=1000, EVENTS=10

NOS[0] = 0
NOS[1] = 135
NOS[2] = 300
NOS[3] = 300
NOS[4] = 300
NOS[5] = 300
NOS[6] = 299
NOS[7] = 289
NOS[8] = 274
NOS[9] = 260
NOS[10] = 260
NOS[11] = 260
NOS[12] = 260
NOS[13] = 260
NOS[14] = 247
NOS[15] = 0

TCKS    283521
EVTS    66
NO      0.692
FWDS    0.003    0.006
BAKS    0.005    3.691

=== TOTAL=300, WAIT=30, LATENCY=1000, EVENTS=25

NOS[0] = 0
NOS[1] = 162
NOS[2] = 335
NOS[3] = 280
NOS[4] = 280
NOS[5] = 280
NOS[6] = 280
NOS[7] = 287
NOS[8] = 280
NOS[9] = 280
NOS[10] = 269
NOS[11] = 260
NOS[12] = 260
NOS[13] = 260
NOS[14] = 253
NOS[15] = 0

TCKS    283521
EVTS    128
NO      0.694
FWDS    0.005    0.010
BAKS    0.009    2.310

=== TOTAL=300, WAIT=30, LATENCY=1000, EVENTS=50

NOS[0] = 0
NOS[1] = 126
NOS[2] = 273
NOS[3] = 256
NOS[4] = 240
NOS[5] = 240
NOS[6] = 240
NOS[7] = 249
NOS[8] = 240
NOS[9] = 240
NOS[10] = 219
NOS[11] = 180
NOS[12] = 154
NOS[13] = 143
NOS[14] = 133
NOS[15] = 0

TCKS    283521
EVTS    257
NO      0.539
FWDS    0.004    0.008
BAKS    0.062    33.574

