=== TOTAL=300, WAIT=30, LATENCY=5, EVENTS=1

NOS[2] = 380
NOS[8] = 380
NOS[14] = 361

TCKS    283521
EVTS    25
NO      0.943
FWDS    0.000    0.000
BAKS    0.000    0.003

=== TOTAL=300, WAIT=30, LATENCY=5, EVENTS=5

NOS[2] = 340
NOS[8] = 341
NOS[14] = 215

TCKS    283521
EVTS    37
NO      0.779
FWDS    0.000    0.000
BAKS    0.000    0.000

=== TOTAL=300, WAIT=30, LATENCY=5, EVENTS=10

NOS[2] = 260
NOS[8] = 101
NOS[14] = 114

TCKS    283521
EVTS    60
NO      0.365
FWDS    0.000    0.000
BAKS    0.000    0.005

=== TOTAL=300, WAIT=30, LATENCY=5, EVENTS=25

NOS[2] = 178
NOS[8] = 163
NOS[14] = 152

TCKS    283521
EVTS    142
NO      0.405
FWDS    0.000    0.000
BAKS    0.000    0.001

=== TOTAL=300, WAIT=30, LATENCY=5, EVENTS=50

NOS[2] = 140
NOS[8] = 140
NOS[14] = 133

TCKS    283521
EVTS    254
NO      0.352
FWDS    0.000    0.000
BAKS    0.000    0.000

=== TOTAL=300, WAIT=30, LATENCY=5, EVENTS=100

NOS[2] = 160
NOS[8] = 160
NOS[14] = 152

TCKS    283521
EVTS    441
NO      0.396
FWDS    0.000    0.000
BAKS    0.001    0.001

=== TOTAL=300, WAIT=30, LATENCY=5, EVENTS=250

NOS[2] = 100
NOS[8] = 102
NOS[14] = 99

TCKS    283521
EVTS    1189
NO      0.246
FWDS    0.000    0.000
BAKS    0.002    0.002

=== TOTAL=300, WAIT=30, LATENCY=5, EVENTS=500

NOS[2] = 41
NOS[8] = 40
NOS[14] = 57

TCKS    283521
EVTS    1865
NO      0.102
FWDS    0.000    0.000
BAKS    0.001    0.001

=== TOTAL=300, WAIT=30, LATENCY=25, EVENTS=1

NOS[2] = 240
NOS[8] = 220
NOS[14] = 209

TCKS    283521
EVTS    22
NO      0.560
FWDS    0.000    0.000
BAKS    0.000    0.000

=== TOTAL=300, WAIT=30, LATENCY=25, EVENTS=5

NOS[2] = 200
NOS[8] = 300
NOS[14] = 285

TCKS    283521
EVTS    33
NO      0.712
FWDS    0.000    0.000
BAKS    0.000    0.002

=== TOTAL=300, WAIT=30, LATENCY=25, EVENTS=10

NOS[2] = 200
NOS[8] = 200
NOS[14] = 171

TCKS    283521
EVTS    58
NO      0.483
FWDS    0.000    0.000
BAKS    0.000    0.001

=== TOTAL=300, WAIT=30, LATENCY=25, EVENTS=25

NOS[2] = 240
NOS[8] = 220
NOS[14] = 209

TCKS    283521
EVTS    149
NO      0.552
FWDS    0.000    0.000
BAKS    0.000    0.000

=== TOTAL=300, WAIT=30, LATENCY=25, EVENTS=50

NOS[2] = 260
NOS[8] = 260
NOS[14] = 247

TCKS    283521
EVTS    256
NO      0.645
FWDS    0.000    0.000
BAKS    0.000    0.004

=== TOTAL=300, WAIT=30, LATENCY=25, EVENTS=100

NOS[2] = 40
NOS[8] = 40
NOS[14] = 38

TCKS    283521
EVTS    483
NO      0.099
FWDS    0.000    0.000
BAKS    0.000    0.001

=== TOTAL=300, WAIT=30, LATENCY=25, EVENTS=250

NOS[2] = 160
NOS[8] = 160
NOS[14] = 152

TCKS    283521
EVTS    943
NO      0.397
FWDS    0.000    0.000
BAKS    0.000    0.000

=== TOTAL=300, WAIT=30, LATENCY=25, EVENTS=500

NOS[2] = 180
NOS[8] = 180
NOS[14] = 171

TCKS    283521
EVTS    1262
NO      0.447
FWDS    0.000    0.000
BAKS    0.001    0.002

=== TOTAL=300, WAIT=30, LATENCY=50, EVENTS=1

NOS[2] = 320
NOS[8] = 280
NOS[14] = 266

TCKS    283521
EVTS    28
NO      0.720
FWDS    0.000    0.000
BAKS    0.000    0.004

=== TOTAL=300, WAIT=30, LATENCY=50, EVENTS=5

NOS[2] = 320
NOS[8] = 320
NOS[14] = 304

TCKS    283521
EVTS    36
NO      0.794
FWDS    0.000    0.000
BAKS    0.000    0.002

=== TOTAL=300, WAIT=30, LATENCY=50, EVENTS=10

NOS[2] = 280
NOS[8] = 222
NOS[14] = 152

TCKS    283521
EVTS    72
NO      0.569
FWDS    0.000    0.000
BAKS    0.000    0.005

=== TOTAL=300, WAIT=30, LATENCY=50, EVENTS=25

NOS[2] = 230
NOS[8] = 220
NOS[14] = 209

TCKS    283521
EVTS    145
NO      0.549
FWDS    0.000    0.000
BAKS    0.000    0.003

=== TOTAL=300, WAIT=30, LATENCY=50, EVENTS=50

NOS[2] = 180
NOS[8] = 180
NOS[14] = 171

TCKS    283521
EVTS    247
NO      0.447
FWDS    0.000    0.000
BAKS    0.000    0.001

=== TOTAL=300, WAIT=30, LATENCY=50, EVENTS=100

NOS[2] = 200
NOS[8] = 200
NOS[14] = 190

TCKS    283521
EVTS    496
NO      0.496
FWDS    0.000    0.000
BAKS    0.000    0.000

=== TOTAL=300, WAIT=30, LATENCY=50, EVENTS=250

TCKS    283521
EVTS    1063
NO      0.000
FWDS    0.000    0.000
BAKS    0.001    0.005

=== TOTAL=300, WAIT=30, LATENCY=50, EVENTS=500

NOS[2] = 140
NOS[8] = 140
NOS[14] = 133

TCKS    283521
EVTS    1690
NO      0.347
FWDS    0.000    0.000
BAKS    0.000    0.000

=== TOTAL=300, WAIT=30, LATENCY=100, EVENTS=1

NOS[2] = 240
NOS[8] = 220
NOS[14] = 209

TCKS    283521
EVTS    25
NO      0.558
FWDS    0.000    0.000
BAKS    0.000    0.004

=== TOTAL=300, WAIT=30, LATENCY=100, EVENTS=5

NOS[2] = 280
NOS[8] = 280
NOS[14] = 209

TCKS    283521
EVTS    38
NO      0.655
FWDS    0.000    0.000
BAKS    0.000    0.002

=== TOTAL=300, WAIT=30, LATENCY=100, EVENTS=10

NOS[2] = 278
NOS[8] = 220
NOS[14] = 95

TCKS    283521
EVTS    59
NO      0.494
FWDS    0.000    0.000
BAKS    0.000    0.009

=== TOTAL=300, WAIT=30, LATENCY=100, EVENTS=25

NOS[2] = 180
NOS[8] = 100
NOS[14] = 95

TCKS    283521
EVTS    136
NO      0.270
FWDS    0.000    0.000
BAKS    0.000    0.001

=== TOTAL=300, WAIT=30, LATENCY=100, EVENTS=50

NOS[2] = 200
NOS[8] = 200
NOS[14] = 190

TCKS    283521
EVTS    255
NO      0.498
FWDS    0.000    0.000
BAKS    0.000    0.001

=== TOTAL=300, WAIT=30, LATENCY=100, EVENTS=100

NOS[2] = 142
NOS[8] = 140
NOS[14] = 133

TCKS    283521
EVTS    478
NO      0.346
FWDS    0.000    0.000
BAKS    0.000    0.000

=== TOTAL=300, WAIT=30, LATENCY=100, EVENTS=250

NOS[2] = 322
NOS[8] = 321
NOS[14] = 314

TCKS    283521
EVTS    1090
NO      0.788
FWDS    0.000    0.000
BAKS    0.002    0.018

=== TOTAL=300, WAIT=30, LATENCY=100, EVENTS=500

NOS[2] = 224
NOS[8] = 222
NOS[14] = 218

TCKS    283521
EVTS    1874
NO      0.545
FWDS    0.000    0.000
BAKS    0.000    0.001

=== TOTAL=300, WAIT=30, LATENCY=250, EVENTS=1

NOS[2] = 360
NOS[8] = 340
NOS[14] = 323

TCKS    283521
EVTS    22
NO      0.864
FWDS    0.000    0.000
BAKS    0.000    0.000

=== TOTAL=300, WAIT=30, LATENCY=250, EVENTS=5

NOS[2] = 320
NOS[8] = 320
NOS[14] = 247

TCKS    283521
EVTS    41
NO      0.742
FWDS    0.000    0.000
BAKS    0.000    0.003

=== TOTAL=300, WAIT=30, LATENCY=250, EVENTS=10

NOS[2] = 260
NOS[8] = 160
NOS[14] = 152

TCKS    283521
EVTS    68
NO      0.457
FWDS    0.000    0.000
BAKS    0.000    0.002

=== TOTAL=300, WAIT=30, LATENCY=250, EVENTS=25

NOS[2] = 176
NOS[8] = 160
NOS[14] = 152

TCKS    283521
EVTS    131
NO      0.407
FWDS    0.000    0.000
BAKS    0.000    0.009

=== TOTAL=300, WAIT=30, LATENCY=250, EVENTS=50

NOS[2] = 162
NOS[8] = 160
NOS[14] = 152

TCKS    283521
EVTS    260
NO      0.401
FWDS    0.000    0.000
BAKS    0.000    0.004

=== TOTAL=300, WAIT=30, LATENCY=250, EVENTS=100

NOS[2] = 200
NOS[8] = 200
NOS[14] = 190

TCKS    283521
EVTS    491
NO      0.496
FWDS    0.000    0.000
BAKS    0.000    0.002

=== TOTAL=300, WAIT=30, LATENCY=500, EVENTS=1

NOS[2] = 340
NOS[8] = 340
NOS[14] = 323

TCKS    283521
EVTS    26
NO      0.844
FWDS    0.000    0.000
BAKS    0.000    0.001

=== TOTAL=300, WAIT=30, LATENCY=500, EVENTS=5

NOS[2] = 280
NOS[8] = 280
NOS[14] = 228

TCKS    283521
EVTS    40
NO      0.662
FWDS    0.000    0.000
BAKS    0.000    0.002

=== TOTAL=300, WAIT=30, LATENCY=500, EVENTS=10

NOS[2] = 269
NOS[8] = 147
NOS[14] = 114

TCKS    283521
EVTS    64
NO      0.423
FWDS    0.000    0.000
BAKS    0.000    0.003

=== TOTAL=300, WAIT=30, LATENCY=500, EVENTS=25

NOS[2] = 283
NOS[8] = 80
NOS[14] = 76

TCKS    283521
EVTS    127
NO      0.315
FWDS    0.000    0.000
BAKS    0.000    0.004

=== TOTAL=300, WAIT=30, LATENCY=500, EVENTS=50

NOS[2] = 100
NOS[8] = 101
NOS[14] = 95

TCKS    283521
EVTS    245
NO      0.247
FWDS    0.000    0.000
BAKS    0.000    0.000

=== TOTAL=300, WAIT=30, LATENCY=500, EVENTS=100

NOS[2] = 144
NOS[8] = 140
NOS[14] = 133

TCKS    283521
EVTS    491
NO      0.344
FWDS    0.000    0.000
BAKS    0.001    0.041

=== TOTAL=300, WAIT=30, LATENCY=1000, EVENTS=1

NOS[2] = 400
NOS[8] = 380
NOS[14] = 361

TCKS    283521
EVTS    24
NO      0.965
FWDS    0.000    0.000
BAKS    0.000    0.001

=== TOTAL=300, WAIT=30, LATENCY=1000, EVENTS=5

NOS[2] = 260
NOS[8] = 260
NOS[14] = 247

TCKS    283521
EVTS    38
NO      0.645
FWDS    0.000    0.000
BAKS    0.000    0.001

=== TOTAL=300, WAIT=30, LATENCY=1000, EVENTS=10

NOS[2] = 200
NOS[8] = 148
NOS[14] = 133

TCKS    283521
EVTS    66
NO      0.413
FWDS    0.000    0.000
BAKS    0.000    0.001

=== TOTAL=300, WAIT=30, LATENCY=1000, EVENTS=25

NOS[2] = 281
NOS[8] = 220
NOS[14] = 209

TCKS    283521
EVTS    146
NO      0.566
FWDS    0.000    0.000
BAKS    0.000    0.007

=== TOTAL=300, WAIT=30, LATENCY=1000, EVENTS=50

NOS[2] = 340
NOS[8] = 340
NOS[14] = 323

TCKS    283521
EVTS    266
NO      0.844
FWDS    0.000    0.000
BAKS    0.000    0.000

