=== TOTAL=300, WAIT=30, LATENCY=5, EVENTS=1

TCKS    283521
EVTS    21
NO      0.893
FWDS    0.000    0.000
BAKS    0.000    0.000

=== TOTAL=300, WAIT=30, LATENCY=5, EVENTS=5

TCKS    283521
EVTS    35
NO      0.135
FWDS    0.006    0.012
BAKS    0.000    0.014

=== TOTAL=300, WAIT=30, LATENCY=5, EVENTS=10

TCKS    283521
EVTS    61
NO      0.262
FWDS    0.011    0.022
BAKS    0.001    0.021

=== TOTAL=300, WAIT=30, LATENCY=5, EVENTS=25

TCKS    283521
EVTS    136
NO      0.000
FWDS    0.003    0.006
BAKS    0.004    0.017

=== TOTAL=300, WAIT=30, LATENCY=5, EVENTS=50

TCKS    283521
EVTS    242
NO      0.000
FWDS    0.004    0.009
BAKS    0.007    0.019

=== TOTAL=300, WAIT=30, LATENCY=5, EVENTS=100

TCKS    283521
EVTS    485
NO      0.000
FWDS    0.000    0.001
BAKS    0.016    0.027

=== TOTAL=300, WAIT=30, LATENCY=5, EVENTS=250

TCKS    283521
EVTS    1040
NO      0.000
FWDS    0.000    0.000
BAKS    0.037    0.058

=== TOTAL=300, WAIT=30, LATENCY=5, EVENTS=500

TCKS    283521
EVTS    1625
NO      0.000
FWDS    0.000    0.000
BAKS    0.059    0.097

=== TOTAL=300, WAIT=30, LATENCY=25, EVENTS=1

TCKS    283521
EVTS    25
NO      0.774
FWDS    0.003    0.006
BAKS    0.000    0.008

=== TOTAL=300, WAIT=30, LATENCY=25, EVENTS=5

TCKS    283521
EVTS    40
NO      0.000
FWDS    0.002    0.005
BAKS    0.001    0.010

=== TOTAL=300, WAIT=30, LATENCY=25, EVENTS=10

TCKS    283521
EVTS    56
NO      0.056
FWDS    0.008    0.015
BAKS    0.001    0.014

=== TOTAL=300, WAIT=30, LATENCY=25, EVENTS=25

TCKS    283521
EVTS    124
NO      0.000
FWDS    0.004    0.008
BAKS    0.003    0.023

=== TOTAL=300, WAIT=30, LATENCY=25, EVENTS=50

TCKS    283521
EVTS    238
NO      0.000
FWDS    0.002    0.003
BAKS    0.006    0.049

=== TOTAL=300, WAIT=30, LATENCY=25, EVENTS=100

TCKS    283521
EVTS    442
NO      0.000
FWDS    0.000    0.000
BAKS    0.013    0.087

=== TOTAL=300, WAIT=30, LATENCY=25, EVENTS=250

TCKS    283521
EVTS    1100
NO      0.000
FWDS    0.000    0.000
BAKS    0.042    0.220

=== TOTAL=300, WAIT=30, LATENCY=25, EVENTS=500

TCKS    283521
EVTS    1413
NO      0.000
FWDS    0.000    0.000
BAKS    0.059    0.299

=== TOTAL=300, WAIT=30, LATENCY=50, EVENTS=1

TCKS    283521
EVTS    28
NO      0.209
FWDS    0.005    0.009
BAKS    0.000    0.008

=== TOTAL=300, WAIT=30, LATENCY=50, EVENTS=5

TCKS    283521
EVTS    35
NO      0.177
FWDS    0.008    0.016
BAKS    0.000    0.014

=== TOTAL=300, WAIT=30, LATENCY=50, EVENTS=10

TCKS    283521
EVTS    61
NO      0.027
FWDS    0.008    0.015
BAKS    0.001    0.024

=== TOTAL=300, WAIT=30, LATENCY=50, EVENTS=25

TCKS    283521
EVTS    128
NO      0.219
FWDS    0.011    0.021
BAKS    0.003    0.082

=== TOTAL=300, WAIT=30, LATENCY=50, EVENTS=50

