Error: Cannot delete qdisc with handle of zero.
=== TOTAL=300, WAIT=30, LATENCY=5, EVENTS=1


real	5m0,333s
user	0m32,184s
sys	0m47,132s
NOS[0] = 0
NOS[1] = 0
NOS[2] = 0
NOS[3] = 0
NOS[4] = 0
NOS[5] = 0
NOS[6] = 0
NOS[7] = 0
NOS[8] = 0
NOS[9] = 0
NOS[10] = 0
NOS[11] = 0
NOS[12] = 0
NOS[13] = 0
NOS[14] = 0
NOS[15] = 0

TCKS    283521
EVTS    23
NO      0.000
FWDS    0.000    0.000
BAKS    0.000    0.000

=== TOTAL=300, WAIT=30, LATENCY=5, EVENTS=5


real	5m1,083s
user	0m34,915s
sys	0m51,531s
NOS[0] = 0
NOS[1] = 0
NOS[2] = 0
NOS[3] = 0
NOS[4] = 0
NOS[5] = 0
NOS[6] = 0
NOS[7] = 0
NOS[8] = 0
NOS[9] = 0
NOS[10] = 0
NOS[11] = 0
NOS[12] = 0
NOS[13] = 0
NOS[14] = 0
NOS[15] = 0

TCKS    283521
EVTS    47
NO      0.000
FWDS    0.000    0.000
BAKS    0.001    0.002

=== TOTAL=300, WAIT=30, LATENCY=5, EVENTS=10


real	4m59,983s
user	0m36,091s
sys	0m52,563s
NOS[0] = 0
NOS[1] = 0
NOS[2] = 0
NOS[3] = 0
NOS[4] = 0
NOS[5] = 0
NOS[6] = 0
NOS[7] = 0
NOS[8] = 0
NOS[9] = 0
NOS[10] = 0
NOS[11] = 0
NOS[12] = 0
NOS[13] = 0
NOS[14] = 0
NOS[15] = 0

TCKS    283521
EVTS    58
NO      0.000
FWDS    0.000    0.000
BAKS    0.002    0.004

=== TOTAL=300, WAIT=30, LATENCY=5, EVENTS=25


real	5m0,268s
user	0m36,596s
sys	0m52,372s
NOS[0] = 0
NOS[1] = 0
NOS[2] = 0
NOS[3] = 0
NOS[4] = 0
NOS[5] = 0
NOS[6] = 0
NOS[7] = 0
NOS[8] = 0
NOS[9] = 0
NOS[10] = 0
NOS[11] = 0
NOS[12] = 0
NOS[13] = 0
NOS[14] = 0
NOS[15] = 0

TCKS    283521
EVTS    116
NO      0.000
FWDS    0.000    0.000
BAKS    0.004    0.008

=== TOTAL=300, WAIT=30, LATENCY=5, EVENTS=50


real	5m0,615s
user	0m35,465s
sys	0m51,560s
NOS[0] = 0
NOS[1] = 0
NOS[2] = 0
NOS[3] = 0
NOS[4] = 0
NOS[5] = 0
NOS[6] = 0
NOS[7] = 0
NOS[8] = 0
NOS[9] = 0
NOS[10] = 0
NOS[11] = 0
NOS[12] = 0
NOS[13] = 0
NOS[14] = 0
NOS[15] = 0

TCKS    283521
EVTS    242
NO      0.000
FWDS    0.000    0.000
BAKS    0.009    0.021

=== TOTAL=300, WAIT=30, LATENCY=5, EVENTS=100


real	4m59,562s
user	0m34,921s
sys	0m51,189s
NOS[0] = 0
NOS[1] = 0
NOS[2] = 0
NOS[3] = 0
NOS[4] = 0
NOS[5] = 0
NOS[6] = 0
NOS[7] = 0
NOS[8] = 0
NOS[9] = 0
NOS[10] = 0
NOS[11] = 0
NOS[12] = 0
NOS[13] = 0
NOS[14] = 0
NOS[15] = 0

TCKS    283521
EVTS    444
NO      0.000
FWDS    0.001    0.001
BAKS    0.017    0.037

=== TOTAL=300, WAIT=30, LATENCY=5, EVENTS=250


real	4m59,670s
user	0m33,917s
sys	0m49,650s
NOS[0] = 0
NOS[1] = 0
NOS[2] = 0
NOS[3] = 0
NOS[4] = 0
NOS[5] = 0
NOS[6] = 0
NOS[7] = 0
NOS[8] = 0
NOS[9] = 0
NOS[10] = 0
NOS[11] = 0
NOS[12] = 0
NOS[13] = 0
NOS[14] = 0
NOS[15] = 0

TCKS    283521
EVTS    952
NO      0.000
FWDS    0.001    0.001
BAKS    0.039    0.078

=== TOTAL=300, WAIT=30, LATENCY=5, EVENTS=500


real	4m59,410s
user	0m33,683s
sys	0m46,530s
NOS[0] = 0
NOS[1] = 0
NOS[2] = 0
NOS[3] = 0
NOS[4] = 0
NOS[5] = 0
NOS[6] = 0
NOS[7] = 0
NOS[8] = 0
NOS[9] = 0
NOS[10] = 0
NOS[11] = 0
NOS[12] = 0
NOS[13] = 0
NOS[14] = 0
NOS[15] = 0

TCKS    283521
EVTS    1765
NO      0.000
FWDS    0.001    0.001
BAKS    0.080    0.164

=== TOTAL=300, WAIT=30, LATENCY=25, EVENTS=1


real	5m1,149s
user	0m34,338s
sys	0m49,653s
NOS[0] = 0
NOS[1] = 0
NOS[2] = 0
NOS[3] = 0
NOS[4] = 0
NOS[5] = 0
NOS[6] = 0
NOS[7] = 0
NOS[8] = 0
NOS[9] = 0
NOS[10] = 0
NOS[11] = 0
NOS[12] = 0
NOS[13] = 0
NOS[14] = 0
NOS[15] = 0

TCKS    283521
EVTS    22
NO      0.000
FWDS    0.000    0.000
BAKS    0.000    0.000

=== TOTAL=300, WAIT=30, LATENCY=25, EVENTS=5


real	5m0,926s
user	0m33,099s
sys	0m48,322s
NOS[0] = 0
NOS[1] = 0
NOS[2] = 0
NOS[3] = 0
NOS[4] = 0
NOS[5] = 0
NOS[6] = 0
NOS[7] = 0
NOS[8] = 0
NOS[9] = 0
NOS[10] = 0
NOS[11] = 0
NOS[12] = 0
NOS[13] = 0
NOS[14] = 0
NOS[15] = 0

TCKS    283521
EVTS    33
NO      0.000
FWDS    0.000    0.000
BAKS    0.000    0.005

=== TOTAL=300, WAIT=30, LATENCY=25, EVENTS=10


real	5m1,071s
user	0m34,286s
sys	0m48,251s
NOS[0] = 0
NOS[1] = 0
NOS[2] = 0
NOS[3] = 0
NOS[4] = 0
NOS[5] = 0
NOS[6] = 0
NOS[7] = 0
NOS[8] = 0
NOS[9] = 0
NOS[10] = 0
NOS[11] = 0
NOS[12] = 0
NOS[13] = 0
NOS[14] = 0
NOS[15] = 0

TCKS    283521
EVTS    58
NO      0.000
FWDS    0.000    0.000
BAKS    0.001    0.011

=== TOTAL=300, WAIT=30, LATENCY=25, EVENTS=25


real	5m0,967s
user	0m34,169s
sys	0m48,764s
NOS[0] = 0
NOS[1] = 0
NOS[2] = 0
NOS[3] = 0
NOS[4] = 0
NOS[5] = 0
NOS[6] = 0
NOS[7] = 0
NOS[8] = 0
NOS[9] = 0
NOS[10] = 0
NOS[11] = 0
NOS[12] = 0
NOS[13] = 0
NOS[14] = 0
NOS[15] = 0

TCKS    283521
EVTS    133
NO      0.000
FWDS    0.000    0.000
BAKS    0.004    0.034

=== TOTAL=300, WAIT=30, LATENCY=25, EVENTS=50


real	5m0,961s
user	0m33,139s
sys	0m48,130s
NOS[0] = 0
NOS[1] = 0
NOS[2] = 0
NOS[3] = 0
NOS[4] = 0
NOS[5] = 0
NOS[6] = 0
NOS[7] = 0
NOS[8] = 0
NOS[9] = 0
NOS[10] = 0
NOS[11] = 0
NOS[12] = 0
NOS[13] = 0
NOS[14] = 0
NOS[15] = 0

TCKS    283521
EVTS    256
NO      0.000
FWDS    0.000    0.000
BAKS    0.008    0.068

=== TOTAL=300, WAIT=30, LATENCY=25, EVENTS=100


real	5m0,539s
user	0m32,030s
sys	0m46,093s
NOS[0] = 0
NOS[1] = 0
NOS[2] = 0
NOS[3] = 0
NOS[4] = 0
NOS[5] = 0
NOS[6] = 0
NOS[7] = 0
NOS[8] = 0
NOS[9] = 0
NOS[10] = 0
NOS[11] = 0
NOS[12] = 0
NOS[13] = 0
NOS[14] = 0
NOS[15] = 0

TCKS    283521
EVTS    463
NO      0.000
FWDS    0.000    0.000
BAKS    0.017    0.116

=== TOTAL=300, WAIT=30, LATENCY=25, EVENTS=250


real	5m0,723s
user	0m30,558s
sys	0m42,297s
NOS[0] = 0
NOS[1] = 0
NOS[2] = 0
NOS[3] = 0
NOS[4] = 0
NOS[5] = 0
NOS[6] = 0
NOS[7] = 0
NOS[8] = 0
NOS[9] = 0
NOS[10] = 0
NOS[11] = 0
NOS[12] = 0
NOS[13] = 0
NOS[14] = 0
NOS[15] = 0

TCKS    283521
EVTS    1023
NO      0.000
FWDS    0.000    0.000
BAKS    0.047    0.318

=== TOTAL=300, WAIT=30, LATENCY=25, EVENTS=500


real	5m1,367s
user	0m28,932s
sys	0m38,506s
NOS[0] = 0
NOS[1] = 0
NOS[2] = 0
NOS[3] = 0
NOS[4] = 0
NOS[5] = 0
NOS[6] = 0
NOS[7] = 0
NOS[8] = 0
NOS[9] = 0
NOS[10] = 0
NOS[11] = 0
NOS[12] = 0
NOS[13] = 0
NOS[14] = 0
NOS[15] = 0

TCKS    283521
EVTS    1351
NO      0.000
FWDS    0.000    0.000
BAKS    0.048    0.394

=== TOTAL=300, WAIT=30, LATENCY=50, EVENTS=1


real	5m1,622s
user	0m31,568s
sys	0m46,659s
NOS[0] = 0
NOS[1] = 0
NOS[2] = 0
NOS[3] = 0
NOS[4] = 0
NOS[5] = 0
NOS[6] = 0
NOS[7] = 0
NOS[8] = 0
NOS[9] = 0
NOS[10] = 0
NOS[11] = 0
NOS[12] = 0
NOS[13] = 0
NOS[14] = 0
NOS[15] = 0

TCKS    283521
EVTS    24
NO      0.000
FWDS    0.000    0.000
BAKS    0.000    0.002

=== TOTAL=300, WAIT=30, LATENCY=50, EVENTS=5


real	5m1,018s
user	0m32,456s
sys	0m46,873s
NOS[0] = 0
NOS[1] = 0
NOS[2] = 0
NOS[3] = 0
NOS[4] = 0
NOS[5] = 0
NOS[6] = 0
NOS[7] = 0
NOS[8] = 0
NOS[9] = 0
NOS[10] = 0
NOS[11] = 0
NOS[12] = 0
NOS[13] = 0
NOS[14] = 0
NOS[15] = 0

TCKS    283521
EVTS    37
NO      0.000
FWDS    0.000    0.000
BAKS    0.001    0.010

=== TOTAL=300, WAIT=30, LATENCY=50, EVENTS=10


real	5m0,925s
user	0m30,598s
sys	0m45,117s
NOS[0] = 0
NOS[1] = 0
NOS[2] = 0
NOS[3] = 0
NOS[4] = 0
NOS[5] = 0
NOS[6] = 0
NOS[7] = 0
NOS[8] = 0
NOS[9] = 0
NOS[10] = 0
NOS[11] = 0
NOS[12] = 0
NOS[13] = 0
NOS[14] = 0
NOS[15] = 0

TCKS    283521
EVTS    65
NO      0.000
FWDS    0.000    0.001
BAKS    0.001    0.026

=== TOTAL=300, WAIT=30, LATENCY=50, EVENTS=25


real	5m1,201s
user	0m29,987s
sys	0m44,244s
NOS[0] = 0
NOS[1] = 0
NOS[2] = 0
NOS[3] = 0
NOS[4] = 0
NOS[5] = 0
NOS[6] = 0
NOS[7] = 0
NOS[8] = 0
NOS[9] = 0
NOS[10] = 0
NOS[11] = 0
NOS[12] = 0
NOS[13] = 0
NOS[14] = 0
NOS[15] = 0

TCKS    283521
EVTS    135
NO      0.000
FWDS    0.000    0.001
BAKS    0.004    0.076

=== TOTAL=300, WAIT=30, LATENCY=50, EVENTS=50


real	5m1,453s
user	0m30,792s
sys	0m44,841s
NOS[0] = 0
NOS[1] = 0
NOS[2] = 0
NOS[3] = 0
NOS[4] = 0
NOS[5] = 0
NOS[6] = 0
NOS[7] = 0
NOS[8] = 0
NOS[9] = 0
NOS[10] = 0
NOS[11] = 0
NOS[12] = 0
NOS[13] = 0
NOS[14] = 0
NOS[15] = 0

TCKS    283521
EVTS    242
NO      0.000
FWDS    0.000    0.000
BAKS    0.010    0.146

=== TOTAL=300, WAIT=30, LATENCY=50, EVENTS=100


real	5m1,314s
user	0m30,863s
sys	0m43,013s
NOS[0] = 0
NOS[1] = 0
NOS[2] = 0
NOS[3] = 0
NOS[4] = 0
NOS[5] = 0
NOS[6] = 0
NOS[7] = 0
NOS[8] = 0
NOS[9] = 0
NOS[10] = 0
NOS[11] = 0
NOS[12] = 0
NOS[13] = 0
NOS[14] = 0
NOS[15] = 0

TCKS    283521
EVTS    509
NO      0.000
FWDS    0.000    0.000
BAKS    0.022    0.422

=== TOTAL=300, WAIT=30, LATENCY=50, EVENTS=250


real	5m1,358s
user	0m28,982s
sys	0m39,965s
NOS[0] = 0
NOS[1] = 0
NOS[2] = 0
NOS[3] = 0
NOS[4] = 0
NOS[5] = 0
NOS[6] = 0
NOS[7] = 0
NOS[8] = 0
NOS[9] = 0
NOS[10] = 0
NOS[11] = 0
NOS[12] = 0
NOS[13] = 0
NOS[14] = 0
NOS[15] = 0

TCKS    283521
EVTS    1033
NO      0.000
FWDS    0.000    0.000
BAKS    0.052    0.875

=== TOTAL=300, WAIT=30, LATENCY=50, EVENTS=500


real	5m1,936s
user	0m29,354s
sys	0m36,118s
ERR	10	(812,-356,1,0)	(812,-324,1,0)
ERR	11	(812,-356,1,0)	(812,-324,1,0)
ERR	12	(812,-356,1,0)	(812,-324,1,0)
ERR	13	(812,-356,1,0)	(812,-324,1,0)
ERR	14	(812,-356,1,0)	(812,-324,1,0)
ERR	15	(812,-356,1,0)	(812,-324,1,0)
ERR	16	(812,-356,1,0)	(812,-324,1,0)
ERR	17	(812,-356,1,0)	(812,-324,1,0)
ERR	18	(812,-356,1,0)	(812,-324,1,0)
ERR	19	(812,-356,1,0)	(812,-324,1,0)
ERR	20	(812,-356,1,0)	(812,-324,1,0)
NOS[0] = 0
NOS[1] = 0
NOS[2] = 0
NOS[3] = 0
NOS[4] = 0
NOS[5] = 0
NOS[6] = 0
NOS[7] = 0
NOS[8] = 0
NOS[9] = 0
NOS[10] = 0
NOS[11] = 0
NOS[12] = 0
NOS[13] = 0
NOS[14] = 0
NOS[15] = 0

TCKS    283521
EVTS    1824
NO      0.000
FWDS    0.000    0.000
BAKS    0.128    2.352

=== TOTAL=300, WAIT=30, LATENCY=100, EVENTS=1


real	5m2,226s
user	0m32,413s
sys	0m46,330s
NOS[0] = 0
NOS[1] = 0
NOS[2] = 0
NOS[3] = 0
NOS[4] = 0
NOS[5] = 0
NOS[6] = 0
NOS[7] = 0
NOS[8] = 0
NOS[9] = 0
NOS[10] = 0
NOS[11] = 0
NOS[12] = 0
NOS[13] = 0
NOS[14] = 0
NOS[15] = 0

TCKS    283521
EVTS    22
NO      0.000
FWDS    0.000    0.000
BAKS    0.000    0.000

=== TOTAL=300, WAIT=30, LATENCY=100, EVENTS=5


real	5m1,750s
user	0m32,800s
sys	0m46,331s
NOS[0] = 0
NOS[1] = 0
NOS[2] = 0
NOS[3] = 0
NOS[4] = 0
NOS[5] = 0
NOS[6] = 0
NOS[7] = 0
NOS[8] = 0
NOS[9] = 0
NOS[10] = 0
NOS[11] = 0
NOS[12] = 0
NOS[13] = 0
NOS[14] = 0
NOS[15] = 0

TCKS    283521
EVTS    34
NO      0.000
FWDS    0.000    0.001
BAKS    0.000    0.009

=== TOTAL=300, WAIT=30, LATENCY=100, EVENTS=10


real	5m2,281s
user	0m32,457s
sys	0m45,980s
NOS[0] = 0
NOS[1] = 0
NOS[2] = 0
NOS[3] = 0
NOS[4] = 0
NOS[5] = 0
NOS[6] = 0
NOS[7] = 0
NOS[8] = 0
NOS[9] = 0
NOS[10] = 0
NOS[11] = 0
NOS[12] = 0
NOS[13] = 0
NOS[14] = 0
NOS[15] = 0

TCKS    283521
EVTS    57
NO      0.000
FWDS    0.000    0.002
BAKS    0.002    0.046

=== TOTAL=300, WAIT=30, LATENCY=100, EVENTS=25


real	5m2,155s
user	0m31,490s
sys	0m46,011s
NOS[0] = 0
NOS[1] = 9
NOS[2] = 0
NOS[3] = 0
NOS[4] = 0
NOS[5] = 0
NOS[6] = 0
NOS[7] = 0
NOS[8] = 0
NOS[9] = 0
NOS[10] = 0
NOS[11] = 0
NOS[12] = 0
NOS[13] = 0
NOS[14] = 0
NOS[15] = 0

TCKS    283521
EVTS    132
NO      0.002
FWDS    0.000    0.001
BAKS    0.003    0.154

=== TOTAL=300, WAIT=30, LATENCY=100, EVENTS=50


real	5m1,773s
user	0m31,144s
sys	0m43,370s
NOS[0] = 0
NOS[1] = 0
NOS[2] = 0
NOS[3] = 0
NOS[4] = 0
NOS[5] = 0
NOS[6] = 0
NOS[7] = 0
NOS[8] = 0
NOS[9] = 0
NOS[10] = 0
NOS[11] = 0
NOS[12] = 0
NOS[13] = 0
NOS[14] = 0
NOS[15] = 0

TCKS    283521
EVTS    257
NO      0.000
FWDS    0.000    0.000
BAKS    0.011    0.337

=== TOTAL=300, WAIT=30, LATENCY=100, EVENTS=100


real	5m1,997s
user	0m30,096s
sys	0m42,741s
NOS[0] = 0
NOS[1] = 0
NOS[2] = 0
NOS[3] = 0
NOS[4] = 0
NOS[5] = 0
NOS[6] = 0
NOS[7] = 0
NOS[8] = 0
NOS[9] = 0
NOS[10] = 0
NOS[11] = 0
NOS[12] = 0
NOS[13] = 0
NOS[14] = 0
NOS[15] = 0

TCKS    283521
EVTS    439
NO      0.000
FWDS    0.000    0.000
BAKS    0.021    0.600

=== TOTAL=300, WAIT=30, LATENCY=100, EVENTS=250


real	5m2,607s
user	0m29,649s
sys	0m39,804s
NOS[0] = 0
NOS[1] = 0
NOS[2] = 0
NOS[3] = 0
NOS[4] = 0
NOS[5] = 0
NOS[6] = 0
NOS[7] = 0
NOS[8] = 0
NOS[9] = 0
NOS[10] = 0
NOS[11] = 0
NOS[12] = 0
NOS[13] = 0
NOS[14] = 0
NOS[15] = 0

TCKS    283521
EVTS    865
NO      0.000
FWDS    0.000    0.000
BAKS    0.061    2.183

=== TOTAL=300, WAIT=30, LATENCY=100, EVENTS=500


real	5m2,566s
user	0m29,951s
sys	0m37,057s
NOS[0] = 0
NOS[1] = 0
NOS[2] = 0
NOS[3] = 0
NOS[4] = 0
NOS[5] = 0
NOS[6] = 0
NOS[7] = 0
NOS[8] = 0
NOS[9] = 0
NOS[10] = 0
NOS[11] = 0
NOS[12] = 0
NOS[13] = 0
NOS[14] = 0
NOS[15] = 0

TCKS    283521
EVTS    1403
NO      0.000
FWDS    0.000    0.000
BAKS    0.119    3.258

=== TOTAL=300, WAIT=30, LATENCY=250, EVENTS=1


real	5m4,728s
user	0m31,074s
sys	0m45,697s
NOS[0] = 0
NOS[1] = 117
NOS[2] = 260
NOS[3] = 260
NOS[4] = 260
NOS[5] = 260
NOS[6] = 260
NOS[7] = 260
NOS[8] = 260
NOS[9] = 260
NOS[10] = 260
NOS[11] = 260
NOS[12] = 260
NOS[13] = 260
NOS[14] = 247
NOS[15] = 0

TCKS    283521
EVTS    22
NO      0.645
FWDS    0.000    0.000
BAKS    0.000    0.003

=== TOTAL=300, WAIT=30, LATENCY=250, EVENTS=5


real	5m4,023s
user	0m31,062s
sys	0m45,880s
NOS[0] = 0
NOS[1] = 144
NOS[2] = 320
NOS[3] = 320
NOS[4] = 320
NOS[5] = 320
NOS[6] = 320
NOS[7] = 320
NOS[8] = 320
NOS[9] = 320
NOS[10] = 320
NOS[11] = 320
NOS[12] = 320
NOS[13] = 320
NOS[14] = 304
NOS[15] = 0

TCKS    283521
EVTS    31
NO      0.794
FWDS    0.000    0.001
BAKS    0.001    0.043

=== TOTAL=300, WAIT=30, LATENCY=250, EVENTS=10


real	5m4,995s
user	0m31,209s
sys	0m45,084s
NOS[0] = 0
NOS[1] = 51
NOS[2] = 96
NOS[3] = 80
NOS[4] = 80
NOS[5] = 80
NOS[6] = 80
NOS[7] = 80
NOS[8] = 80
NOS[9] = 80
NOS[10] = 80
NOS[11] = 80
NOS[12] = 80
NOS[13] = 82
NOS[14] = 76
NOS[15] = 0

TCKS    283521
EVTS    65
NO      0.204
FWDS    0.000    0.001
BAKS    0.002    0.151

=== TOTAL=300, WAIT=30, LATENCY=250, EVENTS=25


real	5m4,071s
user	0m30,005s
sys	0m43,525s
NOS[0] = 0
NOS[1] = 117
NOS[2] = 260
NOS[3] = 165
NOS[4] = 64
NOS[5] = 20
NOS[6] = 20
NOS[7] = 21
NOS[8] = 11
NOS[9] = 0
NOS[10] = 0
NOS[11] = 0
NOS[12] = 0
NOS[13] = 0
NOS[14] = 0
NOS[15] = 0

TCKS    283521
EVTS    134
NO      0.125
FWDS    0.000    0.004
BAKS    0.006    0.455

=== TOTAL=300, WAIT=30, LATENCY=250, EVENTS=50


real	5m3,794s
user	0m29,236s
sys	0m43,594s
NOS[0] = 0
NOS[1] = 0
NOS[2] = 0
NOS[3] = 0
NOS[4] = 0
NOS[5] = 0
NOS[6] = 0
NOS[7] = 0
NOS[8] = 0
NOS[9] = 0
NOS[10] = 0
NOS[11] = 0
NOS[12] = 0
NOS[13] = 0
NOS[14] = 0
NOS[15] = 0

TCKS    283521
EVTS    249
NO      0.000
FWDS    0.000    0.001
BAKS    0.014    0.881

=== TOTAL=300, WAIT=30, LATENCY=250, EVENTS=100


real	5m2,918s
user	0m29,329s
sys	0m41,611s
NOS[0] = 0
NOS[1] = 9
NOS[2] = 20
NOS[3] = 8
NOS[4] = 0
NOS[5] = 0
NOS[6] = 0
NOS[7] = 0
NOS[8] = 0
NOS[9] = 0
NOS[10] = 0
NOS[11] = 0
NOS[12] = 0
NOS[13] = 0
NOS[14] = 0
NOS[15] = 0

TCKS    283521
EVTS    461
NO      0.007
FWDS    0.000    0.000
BAKS    0.037    2.366

=== TOTAL=300, WAIT=30, LATENCY=250, EVENTS=250


real	5m3,015s
user	0m31,231s
sys	0m37,909s
NOS[0] = 0
NOS[1] = 70
NOS[2] = 147
NOS[3] = 122
NOS[4] = 120
NOS[5] = 132
NOS[6] = 132
NOS[7] = 112
NOS[8] = 83
NOS[9] = 33
NOS[10] = 22
NOS[11] = 22
NOS[12] = 20
NOS[13] = 0
NOS[14] = 0
NOS[15] = 0

TCKS    283521
EVTS    1098
NO      0.182
FWDS    0.000    0.000
BAKS    0.111    7.610

=== TOTAL=300, WAIT=30, LATENCY=250, EVENTS=500


real	5m3,437s
user	0m31,551s
sys	0m38,413s
NOS[0] = 0
NOS[1] = 35
NOS[2] = 60
NOS[3] = 63
NOS[4] = 64
NOS[5] = 44
NOS[6] = 42
NOS[7] = 25
NOS[8] = 20
NOS[9] = 20
NOS[10] = 20
NOS[11] = 20
NOS[12] = 20
NOS[13] = 20
NOS[14] = 19
NOS[15] = 0

TCKS    283521
EVTS    1642
NO      0.084
FWDS    0.000    0.000
BAKS    0.240    17.948

=== TOTAL=300, WAIT=30, LATENCY=500, EVENTS=1


real	5m7,411s
user	0m30,158s
sys	0m44,701s
NOS[0] = 0
NOS[1] = 135
NOS[2] = 300
NOS[3] = 300
NOS[4] = 300
NOS[5] = 300
NOS[6] = 300
NOS[7] = 300
NOS[8] = 181
NOS[9] = 151
NOS[10] = 140
NOS[11] = 140
NOS[12] = 140
NOS[13] = 140
NOS[14] = 133
NOS[15] = 0

TCKS    283521
EVTS    24
NO      0.548
FWDS    0.000    0.004
BAKS    0.000    0.011

=== TOTAL=300, WAIT=30, LATENCY=500, EVENTS=5


real	5m8,700s
user	0m30,198s
sys	0m44,547s
NOS[0] = 0
NOS[1] = 171
NOS[2] = 380
NOS[3] = 380
NOS[4] = 380
NOS[5] = 380
NOS[6] = 380
NOS[7] = 380
NOS[8] = 380
NOS[9] = 380
NOS[10] = 380
NOS[11] = 380
NOS[12] = 380
NOS[13] = 380
NOS[14] = 361
NOS[15] = 0

TCKS    283521
EVTS    38
NO      0.943
FWDS    0.000    0.001
BAKS    0.001    0.090

=== TOTAL=300, WAIT=30, LATENCY=500, EVENTS=10


real	5m6,959s
user	0m29,185s
sys	0m44,851s
NOS[0] = 0
NOS[1] = 162
NOS[2] = 360
NOS[3] = 360
NOS[4] = 360
NOS[5] = 360
NOS[6] = 360
NOS[7] = 360
NOS[8] = 360
NOS[9] = 360
NOS[10] = 256
NOS[11] = 220
NOS[12] = 220
NOS[13] = 220
NOS[14] = 209
NOS[15] = 0

TCKS    283521
EVTS    54
NO      0.772
FWDS    0.000    0.006
BAKS    0.001    0.193

=== TOTAL=300, WAIT=30, LATENCY=500, EVENTS=25


real	5m7,755s
user	0m29,421s
sys	0m41,944s
NOS[0] = 0
NOS[1] = 201
NOS[2] = 340
NOS[3] = 240
NOS[4] = 240
NOS[5] = 241
NOS[6] = 240
NOS[7] = 240
NOS[8] = 251
NOS[9] = 240
NOS[10] = 240
NOS[11] = 240
NOS[12] = 250
NOS[13] = 240
NOS[14] = 228
NOS[15] = 0

TCKS    283521
EVTS    132
NO      0.629
FWDS    0.000    0.005
BAKS    0.006    0.963

=== TOTAL=300, WAIT=30, LATENCY=500, EVENTS=50


real	5m5,250s
user	0m29,085s
sys	0m41,470s
NOS[0] = 0
NOS[1] = 99
NOS[2] = 152
NOS[3] = 116
NOS[4] = 101
NOS[5] = 101
NOS[6] = 101
NOS[7] = 100
NOS[8] = 105
NOS[9] = 100
NOS[10] = 102
NOS[11] = 101
NOS[12] = 101
NOS[13] = 104
NOS[14] = 95
NOS[15] = 0

TCKS    283521
EVTS    254
NO      0.269
FWDS    0.000    0.002
BAKS    0.019    2.353

=== TOTAL=300, WAIT=30, LATENCY=500, EVENTS=100


real	5m7,428s
user	0m29,798s
sys	0m41,669s
ERR	19	(272,1744,0,1)	(194,1666,0,1)
ERR	20	(272,1744,0,1)	(194,1666,0,1)
NOS[0] = 0
NOS[1] = 90
NOS[2] = 203
NOS[3] = 200
NOS[4] = 203
NOS[5] = 202
NOS[6] = 218
NOS[7] = 202
NOS[8] = 200
NOS[9] = 196
NOS[10] = 180
NOS[11] = 180
NOS[12] = 173
NOS[13] = 160
NOS[14] = 152
NOS[15] = 0

TCKS    283521
EVTS    446
NO      0.469
FWDS    0.000    0.001
BAKS    0.061    8.950

=== TOTAL=300, WAIT=30, LATENCY=500, EVENTS=250


real	5m6,074s
user	0m33,524s
sys	0m41,065s
ERR	2	(8,1072,0,1)	(8,1048,0,1)
ERR	3	(8,1072,0,1)	(8,1048,0,1)
ERR	4	(8,1072,0,1)	(8,1048,0,1)
ERR	5	(8,1072,0,1)	(8,1048,0,1)
ERR	6	(8,1072,0,1)	(8,1048,0,1)
ERR	7	(8,1072,0,1)	(8,1048,0,1)
ERR	8	(8,1072,0,1)	(8,1048,0,1)
ERR	9	(8,1072,0,1)	(8,1048,0,1)
ERR	10	(8,1072,0,1)	(8,1048,0,1)
ERR	11	(8,1072,0,1)	(8,1048,0,1)
ERR	12	(8,1072,0,1)	(8,1048,0,1)
ERR	13	(8,1072,0,1)	(8,1048,0,1)
ERR	14	(8,1072,0,1)	(8,1048,0,1)
ERR	15	(8,1072,0,1)	(8,1048,0,1)
ERR	16	(8,1072,0,1)	(8,1048,0,1)
ERR	17	(8,1072,0,1)	(8,1048,0,1)
ERR	18	(8,1072,0,1)	(8,1048,0,1)
ERR	19	(8,1072,0,1)	(8,1048,0,1)
ERR	20	(8,1072,0,1)	(8,1048,0,1)
NOS[0] = 0
NOS[1] = 116
NOS[2] = 237
NOS[3] = 220
NOS[4] = 229
NOS[5] = 238
NOS[6] = 220
NOS[7] = 225
NOS[8] = 229
NOS[9] = 230
NOS[10] = 233
NOS[11] = 220
NOS[12] = 222
NOS[13] = 240
NOS[14] = 207
NOS[15] = 0

TCKS    283521
EVTS    1058
NO      0.552
FWDS    0.000    0.000
BAKS    0.179    25.481

=== TOTAL=300, WAIT=30, LATENCY=500, EVENTS=500


real	5m4,965s
user	0m35,640s
sys	0m39,574s
ERR	1	(622,170,0,0)	(622,162,0,0)
ERR	2	(622,170,0,0)	(622,162,0,0)
ERR	3	(622,170,0,0)	(622,162,0,0)
ERR	4	(622,170,0,0)	(622,162,0,0)
ERR	5	(622,170,0,0)	(622,162,0,0)
ERR	6	(622,170,0,0)	(622,162,0,0)
ERR	7	(622,170,0,0)	(622,162,0,0)
ERR	8	(622,170,0,0)	(622,162,0,0)
ERR	9	(622,170,0,0)	(622,162,0,0)
ERR	10	(622,170,0,0)	(622,162,0,0)
ERR	11	(622,170,0,0)	(622,162,0,0)
ERR	12	(622,170,0,0)	(622,162,0,0)
ERR	13	(622,170,0,0)	(622,162,0,0)
ERR	14	(622,170,0,0)	(622,162,0,0)
ERR	15	(622,170,0,0)	(622,162,0,0)
ERR	16	(622,170,0,0)	(622,162,0,0)
ERR	17	(622,170,0,0)	(622,162,0,0)
ERR	18	(622,170,0,0)	(622,162,0,0)
ERR	19	(622,170,0,0)	(622,162,0,0)
ERR	20	(622,170,0,0)	(622,162,0,0)
NOS[0] = 0
NOS[1] = 124
NOS[2] = 231
NOS[3] = 233
NOS[4] = 264
NOS[5] = 240
NOS[6] = 210
NOS[7] = 181
NOS[8] = 189
NOS[9] = 198
NOS[10] = 197
NOS[11] = 214
NOS[12] = 196
NOS[13] = 160
NOS[14] = 114
NOS[15] = 0

TCKS    283521
EVTS    1696
NO      0.475
FWDS    0.000    0.000
BAKS    0.303    35.156

=== TOTAL=300, WAIT=30, LATENCY=1000, EVENTS=1


real	5m15,082s
user	0m30,390s
sys	0m43,825s
NOS[0] = 0
NOS[1] = 180
NOS[2] = 400
NOS[3] = 400
NOS[4] = 400
NOS[5] = 400
NOS[6] = 400
NOS[7] = 400
NOS[8] = 400
NOS[9] = 400
NOS[10] = 400
NOS[11] = 400
NOS[12] = 400
NOS[13] = 400
NOS[14] = 380
NOS[15] = 0

TCKS    283521
EVTS    22
NO      0.993
FWDS    0.000    0.000
BAKS    0.000    0.015

=== TOTAL=300, WAIT=30, LATENCY=1000, EVENTS=5


real	5m10,913s
user	0m29,429s
sys	0m42,528s
NOS[0] = 0
NOS[1] = 171
NOS[2] = 344
NOS[3] = 340
NOS[4] = 340
NOS[5] = 340
NOS[6] = 340
NOS[7] = 340
NOS[8] = 340
NOS[9] = 340
NOS[10] = 340
NOS[11] = 344
NOS[12] = 340
NOS[13] = 340
NOS[14] = 323
NOS[15] = 0

TCKS    283521
EVTS    37
NO      0.848
FWDS    0.000    0.007
BAKS    0.001    0.206

=== TOTAL=300, WAIT=30, LATENCY=1000, EVENTS=10


real	5m10,354s
user	0m29,258s
sys	0m43,045s
ERR	3	(-5738,-886,-1,0)	(-4386,-886,1,0)
ERR	4	(-5738,-886,-1,0)	(-4996,-276,0,1)
ERR	5	(-5738,-886,-1,0)	(-4996,-276,0,1)
ERR	6	(-5738,-886,-1,0)	(-4996,-276,0,1)
ERR	7	(-5738,-886,-1,0)	(-4996,-276,0,1)
ERR	8	(-5738,-886,-1,0)	(-4996,-276,0,1)
ERR	9	(-5738,-886,-1,0)	(-4996,-276,0,1)
ERR	10	(-5738,-886,-1,0)	(-4996,-276,0,1)
ERR	11	(-5738,-886,-1,0)	(-4996,-276,0,1)
ERR	12	(-5738,-886,-1,0)	(-4996,-276,0,1)
ERR	13	(-5738,-886,-1,0)	(-4996,-276,0,1)
ERR	14	(-5738,-886,-1,0)	(-4996,-276,0,1)
ERR	15	(-5738,-886,-1,0)	(-4996,-276,0,1)
ERR	16	(-5738,-886,-1,0)	(-4996,-276,0,1)
ERR	17	(-5738,-886,-1,0)	(-4996,-276,0,1)
ERR	18	(-5738,-886,-1,0)	(-4996,-276,0,1)
ERR	19	(-5738,-886,-1,0)	(-4780,-276,0,1)
ERR	20	(-5738,-886,-1,0)	(-4780,-276,0,1)
NOS[0] = 0
NOS[1] = 171
NOS[2] = 380
NOS[3] = 380
NOS[4] = 380
NOS[5] = 380
NOS[6] = 380
NOS[7] = 380
NOS[8] = 380
NOS[9] = 372
NOS[10] = 360
NOS[11] = 344
NOS[12] = 320
NOS[13] = 320
NOS[14] = 304
NOS[15] = 0

TCKS    283521
EVTS    60
NO      0.898
FWDS    0.000    0.006
BAKS    0.002    0.433

=== TOTAL=300, WAIT=30, LATENCY=1000, EVENTS=25


real	5m8,478s
user	0m29,284s
sys	0m41,715s
NOS[0] = 0
NOS[1] = 171
NOS[2] = 350
NOS[3] = 340
NOS[4] = 340
NOS[5] = 340
NOS[6] = 340
NOS[7] = 340
NOS[8] = 340
NOS[9] = 340
NOS[10] = 337
NOS[11] = 329
NOS[12] = 320
NOS[13] = 321
NOS[14] = 313
NOS[15] = 0

TCKS    283521
EVTS    132
NO      0.837
FWDS    0.000    0.008
BAKS    0.010    2.215

=== TOTAL=300, WAIT=30, LATENCY=1000, EVENTS=50


real	5m9,252s
user	0m30,583s
sys	0m42,419s
ERR	2	(1132,-2704,1,0)	(1294,-2704,1,0)
ERR	3	(1132,-2704,1,0)	(350,-2704,0,0)
ERR	4	(1132,-2704,1,0)	(350,-2704,0,0)
ERR	5	(1132,-2704,1,0)	(350,-2704,0,0)
ERR	6	(1132,-2704,1,0)	(350,-2704,0,0)
ERR	7	(1132,-2704,1,0)	(350,-2704,0,0)
ERR	8	(1132,-2704,1,0)	(350,-2704,0,0)
ERR	9	(1132,-2704,1,0)	(350,-2704,0,0)
ERR	10	(1132,-2704,1,0)	(350,-2704,0,0)
ERR	11	(1132,-2704,1,0)	(350,-2704,0,0)
ERR	12	(1132,-2704,1,0)	(350,-2704,0,0)
ERR	13	(1132,-2704,1,0)	(350,-2704,0,0)
ERR	14	(1132,-2704,1,0)	(350,-2704,0,0)
ERR	15	(1132,-2704,1,0)	(350,-2704,0,0)
ERR	16	(1132,-2704,1,0)	(350,-2704,0,0)
ERR	17	(1132,-2704,1,0)	(350,-2704,0,0)
ERR	18	(1132,-2704,1,0)	(350,-2704,0,0)
ERR	19	(1132,-2704,1,0)	(350,-2704,0,0)
ERR	20	(1132,-2704,1,0)	(350,-2704,0,0)
NOS[0] = 0
NOS[1] = 162
NOS[2] = 348
NOS[3] = 347
NOS[4] = 340
NOS[5] = 340
NOS[6] = 351
NOS[7] = 340
NOS[8] = 340
NOS[9] = 340
NOS[10] = 346
NOS[11] = 346
NOS[12] = 361
NOS[13] = 340
NOS[14] = 323
NOS[15] = 0

TCKS    283521
EVTS    238
NO      0.846
FWDS    0.000    0.006
BAKS    0.025    5.565

=== TOTAL=300, WAIT=30, LATENCY=1000, EVENTS=100


real	5m9,900s
user	0m31,604s
sys	0m41,310s
ERR	1	(-812,-230,-1,0)	(-812,-376,-1,0)
ERR	2	(-812,-230,-1,0)	(-856,-344,-1,0)
ERR	3	(-812,-230,-1,0)	(-856,-344,-1,0)
ERR	4	(-812,-230,-1,0)	(-856,-344,-1,0)
ERR	5	(-812,-230,-1,0)	(-856,-344,-1,0)
ERR	6	(-812,-230,-1,0)	(-856,-344,-1,0)
ERR	7	(-812,-230,-1,0)	(-856,-344,-1,0)
ERR	8	(-812,-230,-1,0)	(-856,-344,-1,0)
ERR	9	(-812,-230,-1,0)	(-856,-344,-1,0)
ERR	10	(-812,-230,-1,0)	(-856,-344,-1,0)
ERR	11	(-812,-230,-1,0)	(-856,-344,-1,0)
ERR	12	(-812,-230,-1,0)	(-856,-344,-1,0)
ERR	13	(-812,-230,-1,0)	(-856,-344,-1,0)
ERR	14	(-812,-230,-1,0)	(-856,-344,-1,0)
ERR	15	(-812,-230,-1,0)	(-856,-344,-1,0)
ERR	16	(-812,-230,-1,0)	(-856,-344,-1,0)
ERR	17	(-812,-230,-1,0)	(-856,-344,-1,0)
ERR	18	(-812,-230,-1,0)	(-856,-282,-1,0)
ERR	19	(-812,-230,-1,0)	(-310,378,0,1)
ERR	20	(-812,-230,-1,0)	(-426,-362,0,0)
NOS[0] = 0
NOS[1] = 126
NOS[2] = 280
NOS[3] = 278
NOS[4] = 260
NOS[5] = 249
NOS[6] = 228
NOS[7] = 220
NOS[8] = 234
NOS[9] = 219
NOS[10] = 205
NOS[11] = 224
NOS[12] = 200
NOS[13] = 205
NOS[14] = 190
NOS[15] = 0

TCKS    283521
EVTS    428
NO      0.568
FWDS    0.000    0.002
BAKS    0.056    12.501

=== TOTAL=300, WAIT=30, LATENCY=1000, EVENTS=250


real	5m10,587s
user	0m35,082s
sys	0m41,318s
ERR	1	(326,-550,-1,0)	(390,-390,-1,0)
ERR	2	(326,-550,-1,0)	(356,-384,-1,0)
ERR	3	(326,-550,-1,0)	(292,-418,-1,0)
ERR	4	(326,-550,-1,0)	(292,-418,-1,0)
ERR	5	(326,-550,-1,0)	(274,-420,-1,0)
ERR	6	(326,-550,-1,0)	(274,-420,-1,0)
ERR	7	(326,-550,-1,0)	(274,-420,-1,0)
ERR	8	(326,-550,-1,0)	(284,-410,-1,0)
ERR	9	(326,-550,-1,0)	(274,-420,-1,0)
ERR	10	(326,-550,-1,0)	(274,-420,-1,0)
ERR	11	(326,-550,-1,0)	(274,-420,-1,0)
ERR	12	(326,-550,-1,0)	(274,-420,-1,0)
ERR	13	(326,-550,-1,0)	(274,-420,-1,0)
ERR	14	(326,-550,-1,0)	(274,-420,-1,0)
ERR	15	(326,-550,-1,0)	(274,-420,-1,0)
ERR	16	(326,-550,-1,0)	(274,-420,-1,0)
ERR	17	(326,-550,-1,0)	(274,-420,-1,0)
ERR	18	(326,-550,-1,0)	(274,-420,-1,0)
ERR	19	(326,-550,-1,0)	(274,-420,-1,0)
ERR	20	(326,-550,-1,0)	(780,-926,0,-1)
NOS[0] = 0
NOS[1] = 171
NOS[2] = 381
NOS[3] = 383
NOS[4] = 382
NOS[5] = 383
NOS[6] = 384
NOS[7] = 381
NOS[8] = 380
NOS[9] = 386
NOS[10] = 369
NOS[11] = 369
NOS[12] = 387
NOS[13] = 395
NOS[14] = 365
NOS[15] = 0

TCKS    283521
EVTS    1125
NO      0.901
FWDS    0.000    0.001
BAKS    0.214    52.317

=== TOTAL=300, WAIT=30, LATENCY=1000, EVENTS=500


real	5m9,404s
user	0m38,345s
sys	0m39,204s
ERR	1	(1078,610,0,1)	(1210,658,0,1)
ERR	2	(1078,610,0,1)	(1210,618,0,1)
ERR	3	(1078,610,0,1)	(998,594,0,1)
ERR	4	(1078,610,0,1)	(1216,592,0,1)
ERR	5	(1078,610,0,1)	(1244,540,0,1)
ERR	6	(1078,610,0,1)	(1244,540,0,1)
ERR	7	(1078,610,0,1)	(1244,540,0,1)
ERR	8	(1078,610,0,1)	(998,594,0,1)
ERR	9	(1078,610,0,1)	(1244,540,0,1)
ERR	10	(1078,610,0,1)	(1244,540,0,1)
ERR	11	(1078,610,0,1)	(1244,540,0,1)
ERR	12	(1078,610,0,1)	(1244,540,0,1)
ERR	13	(1078,610,0,1)	(1244,540,0,1)
ERR	14	(1078,610,0,1)	(1244,540,0,1)
ERR	15	(1078,610,0,1)	(1244,540,0,1)
ERR	16	(1078,610,0,1)	(1244,540,0,1)
ERR	17	(1078,610,0,1)	(1244,540,0,1)
ERR	18	(1078,610,0,1)	(1244,540,0,1)
ERR	19	(1078,610,0,1)	(1176,-18,0,0)
ERR	20	(1078,610,0,1)	(1182,-24,0,0)
NOS[0] = 0
NOS[1] = 158
NOS[2] = 387
NOS[3] = 353
NOS[4] = 347
NOS[5] = 329
NOS[6] = 361
NOS[7] = 328
NOS[8] = 336
NOS[9] = 351
NOS[10] = 329
NOS[11] = 328
NOS[12] = 343
NOS[13] = 333
NOS[14] = 285
NOS[15] = 0

TCKS    283521
EVTS    1703
NO      0.796
FWDS    0.000    0.001
BAKS    0.396    86.502

