=== TOTAL=300, WAIT=30, LATENCY=5, EVENTS=1

NOS[2] = 260
NOS[7] = 182

TCKS    283521
EVTS    24
NO      0.296
FWDS    0.000    0.000
BAKS    0.000    0.002

=== TOTAL=300, WAIT=30, LATENCY=5, EVENTS=5

TCKS    283521
EVTS    41
NO      0.000
FWDS    0.000    0.000
BAKS    0.001    0.001

=== TOTAL=300, WAIT=30, LATENCY=5, EVENTS=10

NOS[2] = 280
NOS[3] = 252

TCKS    283521
EVTS    60
NO      0.121
FWDS    0.000    0.000
BAKS    0.001    0.003

=== TOTAL=300, WAIT=30, LATENCY=5, EVENTS=25

NOS[2] = 108

TCKS    283521
EVTS    130
NO      0.043
FWDS    0.000    0.000
BAKS    0.004    0.022

=== TOTAL=300, WAIT=30, LATENCY=5, EVENTS=50

TCKS    283521
EVTS    252
NO      0.000
FWDS    0.000    0.000
BAKS    0.008    0.015

=== TOTAL=300, WAIT=30, LATENCY=5, EVENTS=100

TCKS    283521
EVTS    490
NO      0.000
FWDS    0.000    0.000
BAKS    0.015    0.028

=== TOTAL=300, WAIT=30, LATENCY=5, EVENTS=250

TCKS    283521
EVTS    1037
NO      0.000
FWDS    0.000    0.000
BAKS    0.035    0.057

=== TOTAL=300, WAIT=30, LATENCY=5, EVENTS=500

=== TOTAL=300, WAIT=30, LATENCY=25, EVENTS=1

NOS[2] = 260
NOS[8] = 260
NOS[14] = 247

TCKS    283521
EVTS    24
NO      0.645
FWDS    0.000    0.000
BAKS    0.000    0.017

=== TOTAL=300, WAIT=30, LATENCY=25, EVENTS=5

NOS[2] = 200
NOS[3] = 140

TCKS    283521
EVTS    35
NO      0.080
FWDS    0.000    0.000
BAKS    0.001    0.010

=== TOTAL=300, WAIT=30, LATENCY=25, EVENTS=10

NOS[2] = 95
NOS[3] = 57

TCKS    283521
EVTS    63
NO      0.041
FWDS    0.000    0.000
BAKS    0.001    0.029

=== TOTAL=300, WAIT=30, LATENCY=25, EVENTS=25

TCKS    283521
EVTS    123
NO      0.000
FWDS    0.000    0.000
BAKS    0.003    0.017

=== TOTAL=300, WAIT=30, LATENCY=25, EVENTS=50

TCKS    283521
EVTS    275
NO      0.000
FWDS    0.000    0.000
BAKS    0.007    0.044

=== TOTAL=300, WAIT=30, LATENCY=25, EVENTS=100

TCKS    283521
EVTS    491
NO      0.000
FWDS    0.000    0.000
BAKS    0.013    0.091

=== TOTAL=300, WAIT=30, LATENCY=25, EVENTS=250

TCKS    283521
EVTS    1123
NO      0.000
FWDS    0.000    0.000
BAKS    0.039    0.246

=== TOTAL=300, WAIT=30, LATENCY=25, EVENTS=500

TCKS    283521
EVTS    1635
NO      0.000
FWDS    0.000    0.000
BAKS    0.061    0.296

=== TOTAL=300, WAIT=30, LATENCY=50, EVENTS=1

NOS[2] = 340
NOS[5] = 92

TCKS    283521
EVTS    23
NO      0.234
FWDS    0.000    0.000
BAKS    0.000    0.000

=== TOTAL=300, WAIT=30, LATENCY=50, EVENTS=5

NOS[1] = 28

TCKS    283521
EVTS    35
NO      0.005
FWDS    0.000    0.000
BAKS    0.000    0.010

=== TOTAL=300, WAIT=30, LATENCY=50, EVENTS=10

TCKS    283521
EVTS    58
NO      0.000
FWDS    0.000    0.000
BAKS    0.001    0.016

=== TOTAL=300, WAIT=30, LATENCY=50, EVENTS=25

TCKS    283521
EVTS    139
NO      0.000
FWDS    0.000    0.000
BAKS    0.004    0.032

=== TOTAL=300, WAIT=30, LATENCY=50, EVENTS=50

NOS[1] = 30

TCKS    283521
EVTS    246
NO      0.006
FWDS    0.000    0.000
BAKS    0.007    0.091

=== TOTAL=300, WAIT=30, LATENCY=50, EVENTS=100

TCKS    283521
EVTS    510
NO      0.000
FWDS    0.000    0.000
BAKS    0.017    0.222

=== TOTAL=300, WAIT=30, LATENCY=50, EVENTS=250

TCKS    283521
EVTS    1063
NO      0.000
FWDS    0.000    0.000
BAKS    0.043    0.639

=== TOTAL=300, WAIT=30, LATENCY=50, EVENTS=500

TCKS    283521
EVTS    1600
NO      0.000
FWDS    0.000    0.000
BAKS    0.084    1.103

=== TOTAL=300, WAIT=30, LATENCY=100, EVENTS=1

NOS[2] = 280
NOS[8] = 280
NOS[14] = 266

TCKS    283521
EVTS    21
NO      0.695
FWDS    0.000    0.000
BAKS    0.000    0.000

=== TOTAL=300, WAIT=30, LATENCY=100, EVENTS=5

NOS[2] = 280
NOS[6] = 40
NOS[11] = 1

TCKS    283521
EVTS    37
NO      0.222
FWDS    0.000    0.000
BAKS    0.001    0.021

=== TOTAL=300, WAIT=30, LATENCY=100, EVENTS=10

NOS[2] = 160
NOS[5] = 24

TCKS    283521
EVTS    62
NO      0.107
FWDS    0.000    0.000
BAKS    0.001    0.033

=== TOTAL=300, WAIT=30, LATENCY=100, EVENTS=25

NOS[1] = 40

TCKS    283521
EVTS    143
NO      0.007
FWDS    0.000    0.000
BAKS    0.004    0.080

=== TOTAL=300, WAIT=30, LATENCY=100, EVENTS=50

TCKS    283521
EVTS    257
NO      0.000
FWDS    0.000    0.000
BAKS    0.007    0.207

=== TOTAL=300, WAIT=30, LATENCY=100, EVENTS=100

TCKS    283521
EVTS    494
NO      0.000
FWDS    0.000    0.000
BAKS    0.020    0.593

=== TOTAL=300, WAIT=30, LATENCY=100, EVENTS=250


=== TOTAL=300, WAIT=30, LATENCY=100, EVENTS=500

NOS[2] = 279
NOS[3] = 97

TCKS    283521
EVTS    1697
NO      0.082
FWDS    0.000    0.000
BAKS    0.379    44.380

=== TOTAL=300, WAIT=30, LATENCY=250, EVENTS=1

NOS[2] = 340
NOS[8] = 340
NOS[14] = 323

TCKS    283521
EVTS    21
NO      0.844
FWDS    0.000    0.000
BAKS    0.000    0.000

=== TOTAL=300, WAIT=30, LATENCY=250, EVENTS=5

NOS[2] = 320
NOS[6] = 100
NOS[10] = 27

TCKS    283521
EVTS    36
NO      0.285
FWDS    0.000    0.000
BAKS    0.001    0.037

=== TOTAL=300, WAIT=30, LATENCY=250, EVENTS=10

NOS[2] = 113
NOS[5] = 16

TCKS    283521
EVTS    57
NO      0.069
FWDS    0.000    0.000
BAKS    0.001    0.064

=== TOTAL=300, WAIT=30, LATENCY=250, EVENTS=25

NOS[2] = 28

TCKS    283521
EVTS    140
NO      0.014
FWDS    0.000    0.000
BAKS    0.005    0.236

=== TOTAL=300, WAIT=30, LATENCY=250, EVENTS=50

TCKS    283521
EVTS    243
NO      0.000
FWDS    0.000    0.000
BAKS    0.011    0.577

=== TOTAL=300, WAIT=30, LATENCY=250, EVENTS=100

NOS[2] = 24
NOS[8] = 20
NOS[14] = 19

TCKS    283521
EVTS    479
NO      0.052
FWDS    0.000    0.000
BAKS    0.033    2.062

=== TOTAL=300, WAIT=30, LATENCY=250, EVENTS=250

TCKS    283521
EVTS    1050
NO      0.000
FWDS    0.000    0.000
BAKS    0.723    289.362

=== TOTAL=300, WAIT=30, LATENCY=250, EVENTS=500


=== TOTAL=300, WAIT=30, LATENCY=500, EVENTS=1

NOS[2] = 240
NOS[8] = 240
NOS[14] = 199

TCKS    283521
EVTS    23
NO      0.590
FWDS    0.000    0.000
BAKS    0.000    0.011

=== TOTAL=300, WAIT=30, LATENCY=500, EVENTS=5

NOS[2] = 240
NOS[8] = 80
NOS[14] = 38

TCKS    283521
EVTS    44
NO      0.281
FWDS    0.000    0.000
BAKS    0.001    0.046

=== TOTAL=300, WAIT=30, LATENCY=500, EVENTS=10

NOS[2] = 200
NOS[6] = 123
NOS[9] = 96

TCKS    283521
EVTS    61
NO      0.214
FWDS    0.000    0.000
BAKS    0.001    0.140

=== TOTAL=300, WAIT=30, LATENCY=500, EVENTS=25

NOS[2] = 240
NOS[8] = 40
NOS[14] = 38

TCKS    283521
EVTS    142
NO      0.191
FWDS    0.000    0.000
BAKS    0.006    0.620

=== TOTAL=300, WAIT=30, LATENCY=500, EVENTS=50

NOS[2] = 11

TCKS    283521
EVTS    251
NO      0.007
FWDS    0.000    0.000
BAKS    0.015    1.450

=== TOTAL=300, WAIT=30, LATENCY=500, EVENTS=100

NOS[2] = 86
NOS[8] = 40
NOS[14] = 19

TCKS    283521
EVTS    454
NO      0.123
FWDS    0.000    0.000
BAKS    0.086    21.265

=== TOTAL=300, WAIT=30, LATENCY=500, EVENTS=250

NOS[2] = 120
NOS[8] = 121
NOS[14] = 114

TCKS    283521
EVTS    1160
NO      0.298
FWDS    0.000    0.000
BAKS    2.923    11900.694

=== TOTAL=300, WAIT=30, LATENCY=500, EVENTS=500

NOS[2] = 345
NOS[8] = 340
NOS[14] = 324

TCKS    283521
EVTS    1400
NO      0.844
FWDS    0.000    0.000
BAKS    3.955    20591.751

=== TOTAL=300, WAIT=30, LATENCY=1000, EVENTS=1

NOS[2] = 340
NOS[8] = 300
NOS[14] = 285

TCKS    283521
EVTS    24
NO      0.759
FWDS    0.000    0.000
BAKS    0.000    0.018

=== TOTAL=300, WAIT=30, LATENCY=1000, EVENTS=5

NOS[2] = 300
NOS[8] = 282
NOS[14] = 213

TCKS    283521
EVTS    32
NO      0.672
FWDS    0.000    0.000
BAKS    0.001    1.252

=== TOTAL=300, WAIT=30, LATENCY=1000, EVENTS=10

NOS[2] = 340
NOS[8] = 273
NOS[14] = 207

TCKS    283521
EVTS    68
NO      0.691
FWDS    0.000    0.000
BAKS    0.003    1.272

=== TOTAL=300, WAIT=30, LATENCY=1000, EVENTS=25

NOS[2] = 180
NOS[8] = 140
NOS[14] = 133

TCKS    283521
EVTS    133
NO      0.365
FWDS    0.000    0.000
BAKS    0.012    4.310

=== TOTAL=300, WAIT=30, LATENCY=1000, EVENTS=50

NOS[2] = 262
NOS[8] = 200
NOS[14] = 190

TCKS    283521
EVTS    227
NO      0.541
FWDS    0.000    0.000
BAKS    0.036    14.329

=== TOTAL=300, WAIT=30, LATENCY=1000, EVENTS=100

NOS[2] = 180
NOS[8] = 180
NOS[14] = 171

TCKS    283521
EVTS    457
NO      0.447
FWDS    0.000    0.000
BAKS    0.537    1684.659

=== TOTAL=300, WAIT=30, LATENCY=1000, EVENTS=250

NOS[2] = 280
NOS[8] = 280
NOS[14] = 266

TCKS    283521
EVTS    1002
NO      0.695
FWDS    0.000    0.000
BAKS    1.054    4897.933

=== TOTAL=300, WAIT=30, LATENCY=1000, EVENTS=500

NOS[2] = 200
NOS[8] = 240
NOS[14] = 228

TCKS    283521
EVTS    1696
NO      0.560
FWDS    0.000    0.000
BAKS    1.853    10074.327

