=== TOTAL=300, WAIT=30, LATENCY=5, EVENTS=1


real	5m1,219s
user	0m48,591s
sys	0m53,004s
ERR	3	(-18534,2324,0,-1)	(-18298,2324,0,-1)
ERR	4	(-18534,2324,0,-1)	(-18298,2324,0,-1)
ERR	5	(-18534,2324,0,-1)	(-18298,2324,0,-1)
ERR	6	(-18534,2324,0,-1)	(-18298,2324,0,-1)
ERR	7	(-18534,2324,0,-1)	(-18298,2324,0,-1)
ERR	8	(-18534,2324,0,-1)	(-18298,2324,0,-1)
ERR	9	(-18534,2324,0,-1)	(-18298,2324,0,-1)
ERR	10	(-18534,2324,0,-1)	(-18298,2324,0,-1)
ERR	11	(-18534,2324,0,-1)	(-18298,2324,0,-1)
ERR	12	(-18534,2324,0,-1)	(-18298,2324,0,-1)
ERR	13	(-18534,2324,0,-1)	(-18298,2324,0,-1)
ERR	14	(-18534,2324,0,-1)	(-18298,2324,0,-1)
ERR	15	(-18534,2324,0,-1)	(-18298,2324,0,-1)
ERR	16	(-18534,2324,0,-1)	(-18298,2324,0,-1)
ERR	17	(-18534,2324,0,-1)	(-18298,2324,0,-1)
ERR	18	(-18534,2324,0,-1)	(-18298,2324,0,-1)
ERR	19	(-18534,2324,0,-1)	(-18298,2324,0,-1)
ERR	20	(-18534,2324,0,-1)	(-18298,2324,0,-1)
NOS[0] = 0
NOS[1] = 0
NOS[2] = 0
NOS[3] = 0
NOS[4] = 0
NOS[5] = 0
NOS[6] = 0
NOS[7] = 0
NOS[8] = 0
NOS[9] = 0
NOS[10] = 0
NOS[11] = 0
NOS[12] = 0
NOS[13] = 0
NOS[14] = 0
NOS[15] = 0

TCKS    283521
EVTS    26
NO      0.000
FWDS    0.000    0.000
BAKS    0.568    1.347

=== TOTAL=300, WAIT=30, LATENCY=5, EVENTS=5


real	5m1,458s
user	0m49,655s
sys	0m50,948s
NOS[0] = 0
NOS[1] = 0
NOS[2] = 0
NOS[3] = 0
NOS[4] = 0
NOS[5] = 0
NOS[6] = 0
NOS[7] = 0
NOS[8] = 0
NOS[9] = 0
NOS[10] = 0
NOS[11] = 0
NOS[12] = 0
NOS[13] = 0
NOS[14] = 0
NOS[15] = 0

TCKS    283521
EVTS    36
NO      0.000
FWDS    0.000    0.000
BAKS    0.633    1.572

=== TOTAL=300, WAIT=30, LATENCY=5, EVENTS=10


real	5m1,382s
user	0m47,982s
sys	0m47,977s
NOS[0] = 0
NOS[1] = 0
NOS[2] = 0
NOS[3] = 0
NOS[4] = 0
NOS[5] = 0
NOS[6] = 0
NOS[7] = 0
NOS[8] = 0
NOS[9] = 0
NOS[10] = 0
NOS[11] = 0
NOS[12] = 0
NOS[13] = 0
NOS[14] = 0
NOS[15] = 0

TCKS    283521
EVTS    66
NO      0.000
FWDS    0.000    0.000
BAKS    0.619    1.503

=== TOTAL=300, WAIT=30, LATENCY=5, EVENTS=25


real	5m1,781s
user	0m46,274s
sys	0m45,412s
ERR	12	(4220,-3670,0,0)	(4354,-3670,0,0)
ERR	13	(4220,-3670,0,0)	(4354,-3670,0,0)
ERR	14	(4220,-3670,0,0)	(4354,-3670,0,0)
ERR	15	(4220,-3670,0,0)	(4354,-3670,0,0)
ERR	16	(4220,-3670,0,0)	(4354,-3670,0,0)
ERR	17	(4220,-3670,0,0)	(4354,-3670,0,0)
ERR	18	(4220,-3670,0,0)	(4354,-3670,0,0)
ERR	19	(4220,-3670,0,0)	(4354,-3670,0,0)
ERR	20	(4220,-3670,0,0)	(4354,-3670,0,0)
NOS[0] = 0
NOS[1] = 0
NOS[2] = 0
NOS[3] = 0
NOS[4] = 0
NOS[5] = 0
NOS[6] = 0
NOS[7] = 0
NOS[8] = 0
NOS[9] = 0
NOS[10] = 0
NOS[11] = 0
NOS[12] = 0
NOS[13] = 0
NOS[14] = 0
NOS[15] = 0

TCKS    283521
EVTS    125
NO      0.000
FWDS    0.000    0.000
BAKS    0.573    1.386

=== TOTAL=300, WAIT=30, LATENCY=5, EVENTS=50


real	5m2,093s
user	0m52,985s
sys	0m51,353s
NOS[0] = 0
NOS[1] = 0
NOS[2] = 0
NOS[3] = 0
NOS[4] = 0
NOS[5] = 0
NOS[6] = 0
NOS[7] = 0
NOS[8] = 0
NOS[9] = 0
NOS[10] = 0
NOS[11] = 0
NOS[12] = 0
NOS[13] = 0
NOS[14] = 0
NOS[15] = 0

TCKS    283521
EVTS    242
NO      0.000
FWDS    0.000    0.000
BAKS    0.831    2.266

=== TOTAL=300, WAIT=30, LATENCY=5, EVENTS=100


real	5m1,511s
user	0m54,055s
sys	0m51,631s
NOS[0] = 0
NOS[1] = 0
NOS[2] = 0
NOS[3] = 0
NOS[4] = 0
NOS[5] = 0
NOS[6] = 0
NOS[7] = 0
NOS[8] = 0
NOS[9] = 0
NOS[10] = 0
NOS[11] = 0
NOS[12] = 0
NOS[13] = 0
NOS[14] = 0
NOS[15] = 0

TCKS    283521
EVTS    458
NO      0.000
FWDS    0.000    0.000
BAKS    0.796    2.097

=== TOTAL=300, WAIT=30, LATENCY=5, EVENTS=250


real	5m1,674s
user	0m55,410s
sys	0m49,881s
NOS[0] = 0
NOS[1] = 0
NOS[2] = 0
NOS[3] = 0
NOS[4] = 0
NOS[5] = 0
NOS[6] = 0
NOS[7] = 0
NOS[8] = 0
NOS[9] = 0
NOS[10] = 0
NOS[11] = 0
NOS[12] = 0
NOS[13] = 0
NOS[14] = 0
NOS[15] = 0

TCKS    283521
EVTS    993
NO      0.000
FWDS    0.001    0.001
BAKS    0.849    2.280

=== TOTAL=300, WAIT=30, LATENCY=5, EVENTS=500


real	5m1,022s
user	0m55,018s
sys	0m50,045s
NOS[0] = 0
NOS[1] = 0
NOS[2] = 0
NOS[3] = 0
NOS[4] = 0
NOS[5] = 0
NOS[6] = 0
NOS[7] = 0
NOS[8] = 0
NOS[9] = 0
NOS[10] = 0
NOS[11] = 0
NOS[12] = 0
NOS[13] = 0
NOS[14] = 0
NOS[15] = 0

TCKS    283521
EVTS    1435
NO      0.000
FWDS    0.001    0.001
BAKS    0.861    2.233

=== TOTAL=300, WAIT=30, LATENCY=25, EVENTS=1


real	5m2,393s
user	0m50,878s
sys	0m38,823s
NOS[0] = 0
NOS[1] = 0
NOS[2] = 0
NOS[3] = 0
NOS[4] = 0
NOS[5] = 0
NOS[6] = 0
NOS[7] = 0
NOS[8] = 0
NOS[9] = 0
NOS[10] = 0
NOS[11] = 0
NOS[12] = 0
NOS[13] = 0
NOS[14] = 0
NOS[15] = 0

TCKS    283521
EVTS    26
NO      0.000
FWDS    0.000    0.000
BAKS    1.037    9.343

=== TOTAL=300, WAIT=30, LATENCY=25, EVENTS=5


real	5m2,384s
user	0m55,913s
sys	0m37,778s
NOS[0] = 0
NOS[1] = 0
NOS[2] = 0
NOS[3] = 0
NOS[4] = 0
NOS[5] = 0
NOS[6] = 0
NOS[7] = 0
NOS[8] = 0
NOS[9] = 0
NOS[10] = 0
NOS[11] = 0
NOS[12] = 0
NOS[13] = 0
NOS[14] = 0
NOS[15] = 0

TCKS    283521
EVTS    35
NO      0.000
FWDS    0.000    0.000
BAKS    1.209    10.161

=== TOTAL=300, WAIT=30, LATENCY=25, EVENTS=10


real	5m1,851s
user	0m52,477s
sys	0m37,740s
ERR	19	(-2462,-1854,0,-1)	(-2462,-2498,0,-1)
ERR	20	(-2462,-1854,0,-1)	(-2462,-2498,0,-1)
NOS[0] = 0
NOS[1] = 0
NOS[2] = 0
NOS[3] = 0
NOS[4] = 0
NOS[5] = 0
NOS[6] = 0
NOS[7] = 0
NOS[8] = 0
NOS[9] = 0
NOS[10] = 0
NOS[11] = 0
NOS[12] = 0
NOS[13] = 0
NOS[14] = 0
NOS[15] = 0

TCKS    283521
EVTS    67
NO      0.000
FWDS    0.000    0.001
BAKS    1.019    8.288

=== TOTAL=300, WAIT=30, LATENCY=25, EVENTS=25


real	5m2,965s
user	0m56,664s
sys	0m38,789s
NOS[0] = 0
NOS[1] = 0
NOS[2] = 0
NOS[3] = 0
NOS[4] = 0
NOS[5] = 0
NOS[6] = 0
NOS[7] = 0
NOS[8] = 0
NOS[9] = 0
NOS[10] = 0
NOS[11] = 0
NOS[12] = 0
NOS[13] = 0
NOS[14] = 0
NOS[15] = 0

TCKS    283521
EVTS    119
NO      0.000
FWDS    0.000    0.000
BAKS    1.404    15.504

=== TOTAL=300, WAIT=30, LATENCY=25, EVENTS=50


real	5m1,976s
user	0m54,851s
sys	0m37,702s
NOS[0] = 0
NOS[1] = 0
NOS[2] = 0
NOS[3] = 0
NOS[4] = 0
NOS[5] = 0
NOS[6] = 0
NOS[7] = 0
NOS[8] = 0
NOS[9] = 0
NOS[10] = 0
NOS[11] = 0
NOS[12] = 0
NOS[13] = 0
NOS[14] = 0
NOS[15] = 0

TCKS    283521
EVTS    241
NO      0.000
FWDS    0.000    0.001
BAKS    1.152    9.328

=== TOTAL=300, WAIT=30, LATENCY=25, EVENTS=100


real	5m2,542s
user	0m59,891s
sys	0m37,887s
NOS[0] = 0
NOS[1] = 0
NOS[2] = 0
NOS[3] = 0
NOS[4] = 0
NOS[5] = 0
NOS[6] = 0
NOS[7] = 0
NOS[8] = 0
NOS[9] = 0
NOS[10] = 0
NOS[11] = 0
NOS[12] = 0
NOS[13] = 0
NOS[14] = 0
NOS[15] = 0

TCKS    283521
EVTS    449
NO      0.000
FWDS    0.000    0.000
BAKS    1.469    15.512

=== TOTAL=300, WAIT=30, LATENCY=25, EVENTS=250


real	5m3,062s
user	1m2,593s
sys	0m37,239s
NOS[0] = 0
NOS[1] = 0
NOS[2] = 0
NOS[3] = 0
NOS[4] = 0
NOS[5] = 0
NOS[6] = 0
NOS[7] = 0
NOS[8] = 0
NOS[9] = 0
NOS[10] = 0
NOS[11] = 0
NOS[12] = 0
NOS[13] = 0
NOS[14] = 0
NOS[15] = 0

TCKS    283521
EVTS    1039
NO      0.000
FWDS    0.000    0.000
BAKS    1.531    15.289

=== TOTAL=300, WAIT=30, LATENCY=25, EVENTS=500


real	5m2,990s
user	1m0,575s
sys	0m36,343s
NOS[0] = 0
NOS[1] = 0
NOS[2] = 0
NOS[3] = 0
NOS[4] = 0
NOS[5] = 0
NOS[6] = 0
NOS[7] = 0
NOS[8] = 0
NOS[9] = 0
NOS[10] = 0
NOS[11] = 0
NOS[12] = 0
NOS[13] = 0
NOS[14] = 0
NOS[15] = 0

TCKS    283521
EVTS    1420
NO      0.000
FWDS    0.000    0.000
BAKS    1.361    11.766

=== TOTAL=300, WAIT=30, LATENCY=50, EVENTS=1


real	5m4,004s
user	1m5,006s
sys	0m31,423s
NOS[0] = 0
NOS[1] = 0
NOS[2] = 0
NOS[3] = 0
NOS[4] = 0
NOS[5] = 0
NOS[6] = 0
NOS[7] = 0
NOS[8] = 0
NOS[9] = 0
NOS[10] = 0
NOS[11] = 0
NOS[12] = 0
NOS[13] = 0
NOS[14] = 0
NOS[15] = 0

TCKS    283521
EVTS    22
NO      0.000
FWDS    0.000    0.001
BAKS    1.922    45.406

=== TOTAL=300, WAIT=30, LATENCY=50, EVENTS=5


real	5m3,842s
user	1m4,821s
sys	0m30,955s
NOS[0] = 0
NOS[1] = 0
NOS[2] = 0
NOS[3] = 0
NOS[4] = 0
NOS[5] = 0
NOS[6] = 0
NOS[7] = 0
NOS[8] = 0
NOS[9] = 0
NOS[10] = 0
NOS[11] = 0
NOS[12] = 0
NOS[13] = 0
NOS[14] = 0
NOS[15] = 0

TCKS    283521
EVTS    31
NO      0.000
FWDS    0.000    0.000
BAKS    1.918    45.555

=== TOTAL=300, WAIT=30, LATENCY=50, EVENTS=10


real	5m2,762s
user	1m2,486s
sys	0m31,546s
NOS[0] = 0
NOS[1] = 0
NOS[2] = 0
NOS[3] = 0
NOS[4] = 0
NOS[5] = 0
NOS[6] = 0
NOS[7] = 0
NOS[8] = 0
NOS[9] = 0
NOS[10] = 0
NOS[11] = 0
NOS[12] = 0
NOS[13] = 0
NOS[14] = 0
NOS[15] = 0

TCKS    283521
EVTS    63
NO      0.000
FWDS    0.001    0.002
BAKS    1.562    27.692

=== TOTAL=300, WAIT=30, LATENCY=50, EVENTS=25


real	5m2,976s
user	1m3,106s
sys	0m31,607s
NOS[0] = 0
NOS[1] = 0
NOS[2] = 0
NOS[3] = 0
NOS[4] = 0
NOS[5] = 0
NOS[6] = 0
NOS[7] = 0
NOS[8] = 0
NOS[9] = 0
NOS[10] = 0
NOS[11] = 0
NOS[12] = 0
NOS[13] = 0
NOS[14] = 0
NOS[15] = 0

TCKS    283521
EVTS    119
NO      0.000
FWDS    0.000    0.001
BAKS    1.660    33.183

=== TOTAL=300, WAIT=30, LATENCY=50, EVENTS=50


real	5m2,906s
user	1m5,389s
sys	0m31,694s
NOS[0] = 0
NOS[1] = 0
NOS[2] = 0
NOS[3] = 0
NOS[4] = 0
NOS[5] = 0
NOS[6] = 0
NOS[7] = 0
NOS[8] = 0
NOS[9] = 0
NOS[10] = 0
NOS[11] = 0
NOS[12] = 0
NOS[13] = 0
NOS[14] = 0
NOS[15] = 0

TCKS    283521
EVTS    237
NO      0.000
FWDS    0.001    0.001
BAKS    1.704    31.841

=== TOTAL=300, WAIT=30, LATENCY=50, EVENTS=100


real	5m4,049s
user	1m9,839s
sys	0m31,102s
NOS[0] = 0
NOS[1] = 0
NOS[2] = 0
NOS[3] = 0
NOS[4] = 0
NOS[5] = 0
NOS[6] = 0
NOS[7] = 0
NOS[8] = 0
NOS[9] = 0
NOS[10] = 0
NOS[11] = 0
NOS[12] = 0
NOS[13] = 0
NOS[14] = 0
NOS[15] = 0

TCKS    283521
EVTS    469
NO      0.000
FWDS    0.000    0.000
BAKS    2.040    46.236

=== TOTAL=300, WAIT=30, LATENCY=50, EVENTS=250


real	5m3,485s
user	1m10,961s
sys	0m31,647s
NOS[0] = 0
NOS[1] = 0
NOS[2] = 0
NOS[3] = 0
NOS[4] = 0
NOS[5] = 0
NOS[6] = 0
NOS[7] = 0
NOS[8] = 0
NOS[9] = 0
NOS[10] = 0
NOS[11] = 0
NOS[12] = 0
NOS[13] = 0
NOS[14] = 0
NOS[15] = 0

TCKS    283521
EVTS    1120
NO      0.000
FWDS    0.000    0.000
BAKS    1.892    37.244

=== TOTAL=300, WAIT=30, LATENCY=50, EVENTS=500


real	5m4,209s
user	1m13,151s
sys	0m32,423s
NOS[0] = 0
NOS[1] = 0
NOS[2] = 0
NOS[3] = 0
NOS[4] = 0
NOS[5] = 0
NOS[6] = 0
NOS[7] = 0
NOS[8] = 0
NOS[9] = 0
NOS[10] = 0
NOS[11] = 0
NOS[12] = 0
NOS[13] = 0
NOS[14] = 0
NOS[15] = 0

TCKS    283521
EVTS    1766
NO      0.000
FWDS    0.000    0.000
BAKS    1.781    29.390

=== TOTAL=300, WAIT=30, LATENCY=100, EVENTS=1


real	5m4,710s
user	1m17,944s
sys	0m30,101s
NOS[0] = 0
NOS[1] = 0
NOS[2] = 0
NOS[3] = 0
NOS[4] = 0
NOS[5] = 0
NOS[6] = 0
NOS[7] = 0
NOS[8] = 0
NOS[9] = 0
NOS[10] = 0
NOS[11] = 0
NOS[12] = 0
NOS[13] = 0
NOS[14] = 0
NOS[15] = 0

TCKS    283521
EVTS    23
NO      0.000
FWDS    0.000    0.000
BAKS    2.147    85.338

=== TOTAL=300, WAIT=30, LATENCY=100, EVENTS=5


real	5m4,875s
user	1m14,103s
sys	0m30,360s
NOS[0] = 0
NOS[1] = 0
NOS[2] = 0
NOS[3] = 0
NOS[4] = 0
NOS[5] = 0
NOS[6] = 0
NOS[7] = 0
NOS[8] = 0
NOS[9] = 0
NOS[10] = 0
NOS[11] = 0
NOS[12] = 0
NOS[13] = 0
NOS[14] = 0
NOS[15] = 0

TCKS    283521
EVTS    31
NO      0.000
FWDS    0.000    0.000
BAKS    1.978    74.722

=== TOTAL=300, WAIT=30, LATENCY=100, EVENTS=10


real	5m4,380s
user	1m19,434s
sys	0m30,387s
NOS[0] = 0
NOS[1] = 0
NOS[2] = 0
NOS[3] = 0
NOS[4] = 0
NOS[5] = 0
NOS[6] = 0
NOS[7] = 0
NOS[8] = 0
NOS[9] = 0
NOS[10] = 0
NOS[11] = 0
NOS[12] = 0
NOS[13] = 0
NOS[14] = 0
NOS[15] = 0

TCKS    283521
EVTS    50
NO      0.000
FWDS    0.000    0.001
BAKS    2.216    86.395

=== TOTAL=300, WAIT=30, LATENCY=100, EVENTS=25


real	5m5,510s
user	1m9,224s
sys	0m29,443s
NOS[0] = 0
NOS[1] = 0
NOS[2] = 0
NOS[3] = 0
NOS[4] = 0
NOS[5] = 0
NOS[6] = 0
NOS[7] = 0
NOS[8] = 0
NOS[9] = 0
NOS[10] = 0
NOS[11] = 0
NOS[12] = 0
NOS[13] = 0
NOS[14] = 0
NOS[15] = 0

TCKS    283521
EVTS    135
NO      0.000
FWDS    0.000    0.002
BAKS    1.719    61.090

=== TOTAL=300, WAIT=30, LATENCY=100, EVENTS=50


real	5m4,356s
user	1m19,283s
sys	0m28,124s
NOS[0] = 0
NOS[1] = 0
NOS[2] = 0
NOS[3] = 0
NOS[4] = 0
NOS[5] = 0
NOS[6] = 0
NOS[7] = 0
NOS[8] = 0
NOS[9] = 0
NOS[10] = 0
NOS[11] = 0
NOS[12] = 0
NOS[13] = 0
NOS[14] = 0
NOS[15] = 0

TCKS    283521
EVTS    237
NO      0.000
FWDS    0.000    0.001
BAKS    2.133    78.703

=== TOTAL=300, WAIT=30, LATENCY=100, EVENTS=100


real	5m4,466s
user	1m23,695s
sys	0m29,231s
ERR	19	(1682,1766,0,1)	(1784,1664,0,1)
ERR	20	(1682,1766,0,1)	(1784,1664,0,1)
NOS[0] = 0
NOS[1] = 0
NOS[2] = 0
NOS[3] = 0
NOS[4] = 0
NOS[5] = 0
NOS[6] = 0
NOS[7] = 0
NOS[8] = 0
NOS[9] = 0
NOS[10] = 0
NOS[11] = 0
NOS[12] = 0
NOS[13] = 0
NOS[14] = 0
NOS[15] = 0

TCKS    283521
EVTS    414
NO      0.000
FWDS    0.001    0.001
BAKS    2.297    88.313

=== TOTAL=300, WAIT=30, LATENCY=100, EVENTS=250


real	5m4,538s
user	1m26,225s
sys	0m30,026s
NOS[0] = 0
NOS[1] = 0
NOS[2] = 0
NOS[3] = 0
NOS[4] = 0
NOS[5] = 0
NOS[6] = 0
NOS[7] = 0
NOS[8] = 0
NOS[9] = 0
NOS[10] = 0
NOS[11] = 0
NOS[12] = 0
NOS[13] = 0
NOS[14] = 0
NOS[15] = 0

TCKS    283521
EVTS    951
NO      0.000
FWDS    0.000    0.000
BAKS    2.398    86.578

=== TOTAL=300, WAIT=30, LATENCY=100, EVENTS=500


real	5m5,638s
user	1m31,975s
sys	0m29,320s
NOS[0] = 0
NOS[1] = 0
NOS[2] = 0
NOS[3] = 0
NOS[4] = 0
NOS[5] = 0
NOS[6] = 0
NOS[7] = 0
NOS[8] = 0
NOS[9] = 0
NOS[10] = 0
NOS[11] = 0
NOS[12] = 0
NOS[13] = 0
NOS[14] = 0
NOS[15] = 0

TCKS    283521
EVTS    1564
NO      0.000
FWDS    0.000    0.000
BAKS    2.559    92.498

=== TOTAL=300, WAIT=30, LATENCY=250, EVENTS=1


real	5m7,098s
user	1m32,759s
sys	0m29,401s
NOS[0] = 0
NOS[1] = 540
NOS[2] = 1154
NOS[3] = 1093
NOS[4] = 1126
NOS[5] = 1014
NOS[6] = 1034
NOS[7] = 947
NOS[8] = 964
NOS[9] = 967
NOS[10] = 894
NOS[11] = 799
NOS[12] = 678
NOS[13] = 605
NOS[14] = 549
NOS[15] = 0

TCKS    283521
EVTS    24
NO      0.765
FWDS    0.000    0.000
BAKS    2.702    278.032

=== TOTAL=300, WAIT=30, LATENCY=250, EVENTS=5


real	5m7,376s
user	1m38,546s
sys	0m29,182s
NOS[0] = 0
NOS[1] = 457
NOS[2] = 875
NOS[3] = 674
NOS[4] = 620
NOS[5] = 644
NOS[6] = 507
NOS[7] = 455
NOS[8] = 429
NOS[9] = 347
NOS[10] = 191
NOS[11] = 117
NOS[12] = 58
NOS[13] = 68
NOS[14] = 30
NOS[15] = 0

TCKS    283521
EVTS    31
NO      0.393
FWDS    0.000    0.002
BAKS    2.921    282.312

=== TOTAL=300, WAIT=30, LATENCY=250, EVENTS=10


real	5m8,506s
user	1m46,467s
sys	0m29,697s
NOS[0] = 0
NOS[1] = 515
NOS[2] = 1111
NOS[3] = 1083
NOS[4] = 987
NOS[5] = 918
NOS[6] = 787
NOS[7] = 669
NOS[8] = 463
NOS[9] = 439
NOS[10] = 406
NOS[11] = 272
NOS[12] = 142
NOS[13] = 78
NOS[14] = 66
NOS[15] = 0

TCKS    283521
EVTS    61
NO      0.493
FWDS    0.000    0.002
BAKS    3.293    337.756

=== TOTAL=300, WAIT=30, LATENCY=250, EVENTS=25


real	5m6,181s
user	1m38,278s
sys	0m29,381s
NOS[0] = 0
NOS[1] = 384
NOS[2] = 690
NOS[3] = 55
NOS[4] = 0
NOS[5] = 0
NOS[6] = 0
NOS[7] = 0
NOS[8] = 0
NOS[9] = 0
NOS[10] = 0
NOS[11] = 0
NOS[12] = 0
NOS[13] = 0
NOS[14] = 0
NOS[15] = 0

TCKS    283521
EVTS    125
NO      0.107
FWDS    0.000    0.004
BAKS    2.945    284.771

=== TOTAL=300, WAIT=30, LATENCY=250, EVENTS=50


real	5m7,267s
user	1m42,817s
sys	0m28,900s
NOS[0] = 0
NOS[1] = 140
NOS[2] = 304
NOS[3] = 227
NOS[4] = 101
NOS[5] = 61
NOS[6] = 45
NOS[7] = 45
NOS[8] = 42
NOS[9] = 30
NOS[10] = 21
NOS[11] = 20
NOS[12] = 2
NOS[13] = 0
NOS[14] = 0
NOS[15] = 0

TCKS    283521
EVTS    261
NO      0.139
FWDS    0.000    0.001
BAKS    3.093    297.694

=== TOTAL=300, WAIT=30, LATENCY=250, EVENTS=100


real	5m6,404s
user	1m20,116s
sys	0m30,436s
NOS[0] = 0
NOS[1] = 209
NOS[2] = 346
NOS[3] = 190
NOS[4] = 167
NOS[5] = 152
NOS[6] = 145
NOS[7] = 116
NOS[8] = 49
NOS[9] = 2
NOS[10] = 0
NOS[11] = 0
NOS[12] = 0
NOS[13] = 0
NOS[14] = 0
NOS[15] = 0

TCKS    283521
EVTS    459
NO      0.206
FWDS    0.000    0.001
BAKS    2.060    172.710

=== TOTAL=300, WAIT=30, LATENCY=250, EVENTS=250


real	5m5,723s
user	1m31,396s
sys	0m29,941s
NOS[0] = 0
NOS[1] = 0
NOS[2] = 0
NOS[3] = 0
NOS[4] = 0
NOS[5] = 0
NOS[6] = 0
NOS[7] = 0
NOS[8] = 0
NOS[9] = 0
NOS[10] = 0
NOS[11] = 0
NOS[12] = 0
NOS[13] = 0
NOS[14] = 0
NOS[15] = 0

TCKS    283521
EVTS    1102
NO      0.000
FWDS    0.000    0.000
BAKS    2.545    220.786

=== TOTAL=300, WAIT=30, LATENCY=250, EVENTS=500


real	5m5,202s
user	1m28,546s
sys	0m30,304s
NOS[0] = 0
NOS[1] = 0
NOS[2] = 0
NOS[3] = 0
NOS[4] = 0
NOS[5] = 0
NOS[6] = 0
NOS[7] = 0
NOS[8] = 0
NOS[9] = 0
NOS[10] = 0
NOS[11] = 0
NOS[12] = 0
NOS[13] = 0
NOS[14] = 0
NOS[15] = 0

TCKS    283521
EVTS    1736
NO      0.000
FWDS    0.000    0.000
BAKS    2.427    210.435

=== TOTAL=300, WAIT=30, LATENCY=500, EVENTS=1


real	5m10,586s
user	1m51,638s
sys	0m30,746s
NOS[0] = 0
NOS[1] = 543
NOS[2] = 1184
NOS[3] = 1152
NOS[4] = 1113
NOS[5] = 1119
NOS[6] = 1117
NOS[7] = 1107
NOS[8] = 1090
NOS[9] = 1092
NOS[10] = 1073
NOS[11] = 1053
NOS[12] = 1030
NOS[13] = 1076
NOS[14] = 1033
NOS[15] = 0

TCKS    283521
EVTS    22
NO      0.924
FWDS    0.000    0.000
BAKS    3.377    646.398

=== TOTAL=300, WAIT=30, LATENCY=500, EVENTS=5


real	5m9,203s
user	2m5,528s
sys	0m29,778s
NOS[0] = 0
NOS[1] = 381
NOS[2] = 733
NOS[3] = 642
NOS[4] = 525
NOS[5] = 410
NOS[6] = 365
NOS[7] = 308
NOS[8] = 288
NOS[9] = 254
NOS[10] = 202
NOS[11] = 64
NOS[12] = 20
NOS[13] = 20
NOS[14] = 20
NOS[15] = 0

TCKS    283521
EVTS    34
NO      0.405
FWDS    0.000    0.001
BAKS    4.183    888.066

=== TOTAL=300, WAIT=30, LATENCY=500, EVENTS=10


real	5m9,366s
user	1m52,419s
sys	0m30,765s
NOS[0] = 0
NOS[1] = 622
NOS[2] = 1243
NOS[3] = 1145
NOS[4] = 1125
NOS[5] = 1071
NOS[6] = 1063
NOS[7] = 850
NOS[8] = 667
NOS[9] = 621
NOS[10] = 562
NOS[11] = 495
NOS[12] = 530
NOS[13] = 341
NOS[14] = 209
NOS[15] = 0

TCKS    283521
EVTS    65
NO      0.809
FWDS    0.000    0.006
BAKS    3.393    685.125

=== TOTAL=300, WAIT=30, LATENCY=500, EVENTS=25


real	5m8,556s
user	1m27,746s
sys	0m32,827s
NOS[0] = 0
NOS[1] = 582
NOS[2] = 1120
NOS[3] = 745
NOS[4] = 660
NOS[5] = 697
NOS[6] = 571
NOS[7] = 414
NOS[8] = 400
NOS[9] = 394
NOS[10] = 384
NOS[11] = 339
NOS[12] = 300
NOS[13] = 337
NOS[14] = 323
NOS[15] = 0

TCKS    283521
EVTS    138
NO      0.811
FWDS    0.000    0.006
BAKS    2.386    425.449

=== TOTAL=300, WAIT=30, LATENCY=500, EVENTS=50


real	5m7,836s
user	1m41,974s
sys	0m31,709s
NOS[0] = 0
NOS[1] = 143
NOS[2] = 291
NOS[3] = 233
NOS[4] = 216
NOS[5] = 206
NOS[6] = 205
NOS[7] = 214
NOS[8] = 205
NOS[9] = 196
NOS[10] = 184
NOS[11] = 178
NOS[12] = 144
NOS[13] = 72
NOS[14] = 21
NOS[15] = 0

TCKS    283521
EVTS    260
NO      0.361
FWDS    0.000    0.001
BAKS    2.989    598.953

=== TOTAL=300, WAIT=30, LATENCY=500, EVENTS=100


real	5m7,177s
user	1m34,792s
sys	0m31,631s
NOS[0] = 0
NOS[1] = 251
NOS[2] = 374
NOS[3] = 253
NOS[4] = 193
NOS[5] = 176
NOS[6] = 170
NOS[7] = 162
NOS[8] = 143
NOS[9] = 127
NOS[10] = 107
NOS[11] = 109
NOS[12] = 105
NOS[13] = 113
NOS[14] = 97
NOS[15] = 0

TCKS    283521
EVTS    501
NO      0.376
FWDS    0.000    0.001
BAKS    2.669    480.093

=== TOTAL=300, WAIT=30, LATENCY=500, EVENTS=250


real	5m9,698s
user	1m44,073s
sys	0m31,312s
NOS[0] = 0
NOS[1] = 114
NOS[2] = 239
NOS[3] = 183
NOS[4] = 148
NOS[5] = 102
NOS[6] = 115
NOS[7] = 102
NOS[8] = 99
NOS[9] = 84
NOS[10] = 70
NOS[11] = 60
NOS[12] = 63
NOS[13] = 65
NOS[14] = 24
NOS[15] = 0

TCKS    283521
EVTS    1035
NO      0.253
FWDS    0.000    0.001
BAKS    3.085    599.878

=== TOTAL=300, WAIT=30, LATENCY=500, EVENTS=500


real	5m8,129s
user	1m32,318s
sys	0m31,920s
NOS[0] = 0
NOS[1] = 108
NOS[2] = 278
NOS[3] = 215
NOS[4] = 211
NOS[5] = 200
NOS[6] = 229
NOS[7] = 231
NOS[8] = 186
NOS[9] = 184
NOS[10] = 167
NOS[11] = 148
NOS[12] = 146
NOS[13] = 151
NOS[14] = 137
NOS[15] = 0

TCKS    283521
EVTS    1573
NO      0.442
FWDS    0.000    0.001
BAKS    2.475    410.797

=== TOTAL=300, WAIT=30, LATENCY=1000, EVENTS=1


real	5m15,355s
user	2m21,233s
sys	0m31,367s
NOS[0] = 0
NOS[1] = 595
NOS[2] = 1228
NOS[3] = 1146
NOS[4] = 921
NOS[5] = 911
NOS[6] = 870
NOS[7] = 884
NOS[8] = 876
NOS[9] = 858
NOS[10] = 860
NOS[11] = 887
NOS[12] = 901
NOS[13] = 896
NOS[14] = 875
NOS[15] = 0

TCKS    283521
EVTS    26
NO      0.954
FWDS    0.000    0.003
BAKS    4.606    1782.545

=== TOTAL=300, WAIT=30, LATENCY=1000, EVENTS=5


real	5m18,354s
user	2m16,571s
sys	0m31,374s
NOS[0] = 0
NOS[1] = 634
NOS[2] = 1389
NOS[3] = 1291
NOS[4] = 1227
NOS[5] = 1250
NOS[6] = 1072
NOS[7] = 1026
NOS[8] = 1013
NOS[9] = 953
NOS[10] = 992
NOS[11] = 914
NOS[12] = 860
NOS[13] = 881
NOS[14] = 822
NOS[15] = 0

TCKS    283521
EVTS    31
NO      0.902
FWDS    0.000    0.004
BAKS    4.449    1696.041

=== TOTAL=300, WAIT=30, LATENCY=1000, EVENTS=10


real	5m15,501s
user	2m1,342s
sys	0m32,993s
ERR	9	(-3550,3084,-1,0)	(-3548,3084,-1,0)
ERR	10	(-3550,3084,-1,0)	(-3548,3084,-1,0)
ERR	11	(-3550,3084,-1,0)	(-3548,3084,-1,0)
ERR	12	(-3550,3084,-1,0)	(-3548,3084,-1,0)
ERR	13	(-3550,3084,-1,0)	(-3548,3084,-1,0)
ERR	14	(-3550,3084,-1,0)	(-3548,3084,-1,0)
ERR	15	(-3550,3084,-1,0)	(-3548,3084,-1,0)
ERR	16	(-3550,3084,-1,0)	(-3548,3084,-1,0)
ERR	17	(-3550,3084,-1,0)	(-3548,3084,-1,0)
ERR	18	(-3550,3084,-1,0)	(-3548,3084,-1,0)
ERR	19	(-3550,3084,-1,0)	(-3548,3084,-1,0)
ERR	20	(-3550,3084,-1,0)	(-2332,3084,1,0)
NOS[0] = 0
NOS[1] = 677
NOS[2] = 1517
NOS[3] = 1446
NOS[4] = 1267
NOS[5] = 1238
NOS[6] = 907
NOS[7] = 684
NOS[8] = 580
NOS[9] = 534
NOS[10] = 503
NOS[11] = 459
NOS[12] = 461
NOS[13] = 437
NOS[14] = 424
NOS[15] = 0

TCKS    283521
EVTS    62
NO      0.916
FWDS    0.000    0.008
BAKS    3.867    1448.293

=== TOTAL=300, WAIT=30, LATENCY=1000, EVENTS=25


real	5m13,115s
user	1m59,407s
sys	0m32,491s
NOS[0] = 0
NOS[1] = 426
NOS[2] = 697
NOS[3] = 514
NOS[4] = 405
NOS[5] = 362
NOS[6] = 362
NOS[7] = 340
NOS[8] = 342
NOS[9] = 318
NOS[10] = 342
NOS[11] = 306
NOS[12] = 295
NOS[13] = 308
NOS[14] = 296
NOS[15] = 0

TCKS    283521
EVTS    128
NO      0.687
FWDS    0.000    0.006
BAKS    3.689    1338.024

=== TOTAL=300, WAIT=30, LATENCY=1000, EVENTS=50


real	5m14,603s
user	2m10,031s
sys	0m32,211s
ERR	5	(804,-56,1,0)	(940,80,1,0)
ERR	6	(804,-56,1,0)	(940,80,1,0)
ERR	9	(804,-56,1,0)	(940,80,1,0)
ERR	10	(804,-56,1,0)	(940,80,1,0)
ERR	11	(804,-56,1,0)	(1120,-100,1,0)
ERR	12	(804,-56,1,0)	(1120,-100,1,0)
ERR	13	(804,-56,1,0)	(1120,-100,1,0)
ERR	14	(804,-56,1,0)	(1120,-100,1,0)
ERR	15	(804,-56,1,0)	(1120,-100,1,0)
ERR	16	(804,-56,1,0)	(1120,-100,1,0)
ERR	17	(804,-56,1,0)	(1120,-100,1,0)
ERR	18	(804,-56,1,0)	(1120,-100,1,0)
ERR	19	(804,-56,1,0)	(1120,-100,1,0)
ERR	20	(804,-56,1,0)	(1120,-100,1,0)
NOS[0] = 0
NOS[1] = 244
NOS[2] = 443
NOS[3] = 464
NOS[4] = 351
NOS[5] = 366
NOS[6] = 340
NOS[7] = 335
NOS[8] = 302
NOS[9] = 303
NOS[10] = 324
NOS[11] = 318
NOS[12] = 298
NOS[13] = 314
NOS[14] = 318
NOS[15] = 0

TCKS    283521
EVTS    254
NO      0.718
FWDS    0.000    0.002
BAKS    4.204    1694.941

=== TOTAL=300, WAIT=30, LATENCY=1000, EVENTS=100


real	5m11,041s
user	1m33,889s
sys	0m34,597s
ERR	2	(-428,-690,0,0)	(-422,-664,0,0)
ERR	3	(-428,-690,0,0)	(-364,-606,0,0)
ERR	4	(-428,-690,0,0)	(-364,-606,0,0)
ERR	5	(-428,-690,0,0)	(-364,-606,0,0)
ERR	6	(-428,-690,0,0)	(-364,-606,0,0)
ERR	7	(-428,-690,0,0)	(-364,-606,0,0)
ERR	8	(-428,-690,0,0)	(-364,-606,0,0)
ERR	9	(-428,-690,0,0)	(-364,-606,0,0)
ERR	10	(-428,-690,0,0)	(-364,-606,0,0)
ERR	11	(-428,-690,0,0)	(-364,-606,0,0)
ERR	12	(-428,-690,0,0)	(-364,-606,0,0)
ERR	13	(-428,-690,0,0)	(-364,-606,0,0)
ERR	14	(-428,-690,0,0)	(-364,-606,0,0)
ERR	15	(-428,-690,0,0)	(-364,-606,0,0)
ERR	16	(-428,-690,0,0)	(-364,-606,0,0)
ERR	17	(-428,-690,0,0)	(-364,-606,0,0)
ERR	18	(-428,-690,0,0)	(-364,-606,0,0)
ERR	19	(-428,-690,0,0)	(-364,-606,0,0)
ERR	20	(-428,-690,0,0)	(-508,-454,0,0)
NOS[0] = 0
NOS[1] = 142
NOS[2] = 337
NOS[3] = 322
NOS[4] = 298
NOS[5] = 282
NOS[6] = 265
NOS[7] = 264
NOS[8] = 242
NOS[9] = 250
NOS[10] = 222
NOS[11] = 207
NOS[12] = 187
NOS[13] = 181
NOS[14] = 191
NOS[15] = 0

TCKS    283521
EVTS    454
NO      0.561
FWDS    0.000    0.001
BAKS    2.640    937.528

=== TOTAL=300, WAIT=30, LATENCY=1000, EVENTS=250


real	5m10,864s
user	1m12,765s
sys	0m36,060s
ERR	3	(1922,744,-1,0)	(2460,744,0,0)
ERR	4	(1922,744,-1,0)	(2460,744,0,0)
ERR	5	(1922,744,-1,0)	(2460,744,0,0)
ERR	6	(1922,744,-1,0)	(2460,744,0,0)
ERR	7	(1922,744,-1,0)	(2460,744,0,0)
ERR	8	(1922,744,-1,0)	(2460,744,0,0)
ERR	9	(1922,744,-1,0)	(2460,744,0,0)
ERR	10	(1922,744,-1,0)	(2460,744,0,0)
ERR	11	(1922,744,-1,0)	(2460,744,0,0)
ERR	12	(1922,744,-1,0)	(2422,782,0,0)
ERR	13	(1922,744,-1,0)	(2422,782,0,0)
ERR	14	(1922,744,-1,0)	(2462,782,0,0)
ERR	15	(1922,744,-1,0)	(2462,782,0,0)
ERR	16	(1922,744,-1,0)	(2462,782,0,0)
ERR	17	(1922,744,-1,0)	(2462,782,0,0)
ERR	18	(1922,744,-1,0)	(2612,780,0,0)
ERR	19	(1922,744,-1,0)	(2646,746,0,0)
ERR	20	(1922,744,-1,0)	(2658,746,0,0)
NOS[0] = 0
NOS[1] = 194
NOS[2] = 431
NOS[3] = 384
NOS[4] = 396
NOS[5] = 370
NOS[6] = 372
NOS[7] = 374
NOS[8] = 368
NOS[9] = 384
NOS[10] = 379
NOS[11] = 377
NOS[12] = 371
NOS[13] = 388
NOS[14] = 353
NOS[15] = 0

TCKS    283521
EVTS    1005
NO      0.901
FWDS    0.000    0.002
BAKS    1.715    609.062

=== TOTAL=300, WAIT=30, LATENCY=1000, EVENTS=500


real	5m10,791s
user	1m34,093s
sys	0m33,673s
ERR	2	(-270,-934,-1,0)	(-108,-928,-1,0)
ERR	3	(-270,-934,-1,0)	(-136,-1066,-1,0)
ERR	4	(-270,-934,-1,0)	(-136,-1066,-1,0)
ERR	5	(-270,-934,-1,0)	(-120,-1030,-1,0)
ERR	6	(-270,-934,-1,0)	(-120,-1030,-1,0)
ERR	7	(-270,-934,-1,0)	(-136,-1066,-1,0)
ERR	8	(-270,-934,-1,0)	(-136,-1066,-1,0)
ERR	9	(-270,-934,-1,0)	(-120,-1030,-1,0)
ERR	10	(-270,-934,-1,0)	(-120,-1030,-1,0)
ERR	11	(-270,-934,-1,0)	(-120,-1030,-1,0)
ERR	12	(-270,-934,-1,0)	(-120,-1030,-1,0)
ERR	13	(-270,-934,-1,0)	(892,-1030,1,0)
ERR	14	(-270,-934,-1,0)	(892,-1030,1,0)
ERR	15	(-270,-934,-1,0)	(892,-1030,1,0)
ERR	16	(-270,-934,-1,0)	(892,-1030,1,0)
ERR	17	(-270,-934,-1,0)	(892,-1030,1,0)
ERR	18	(-270,-934,-1,0)	(952,-918,1,0)
ERR	19	(-270,-934,-1,0)	(952,-918,1,0)
ERR	20	(-270,-934,-1,0)	(952,-918,1,0)
NOS[0] = 0
NOS[1] = 127
NOS[2] = 264
NOS[3] = 236
NOS[4] = 234
NOS[5] = 203
NOS[6] = 207
NOS[7] = 216
NOS[8] = 200
NOS[9] = 200
NOS[10] = 201
NOS[11] = 208
NOS[12] = 200
NOS[13] = 189
NOS[14] = 158
NOS[15] = 0

TCKS    283521
EVTS    1469
NO      0.506
FWDS    0.000    0.001
BAKS    2.350    770.095

