=== TOTAL=300, WAIT=30, LATENCY=5, EVENTS=1

NOS[2] = 220
NOS[14] = 209

TCKS    283521
EVTS    25
NO      0.546
FWDS    0.000    0.000
BAKS    0.000    0.027

=== TOTAL=300, WAIT=30, LATENCY=5, EVENTS=5

NOS[4] = 300

TCKS    283521
EVTS    34
NO      0.201
FWDS    0.007    0.013
BAKS    0.000    0.012

=== TOTAL=300, WAIT=30, LATENCY=5, EVENTS=10

NOS[1] = 117

TCKS    283521
EVTS    57
NO      0.022
FWDS    0.006    0.012
BAKS    0.001    0.009

=== TOTAL=300, WAIT=30, LATENCY=5, EVENTS=25

NOS[1] = 48

TCKS    283521
EVTS    131
NO      0.009
FWDS    0.006    0.011
BAKS    0.004    0.018

=== TOTAL=300, WAIT=30, LATENCY=5, EVENTS=50

TCKS    283521
EVTS    253
NO      0.000
FWDS    0.001    0.002
BAKS    0.008    0.016

=== TOTAL=300, WAIT=30, LATENCY=5, EVENTS=100

TCKS    283521
EVTS    507
NO      0.000
FWDS    0.002    0.004
BAKS    0.016    0.032

=== TOTAL=300, WAIT=30, LATENCY=5, EVENTS=250

TCKS    283521
EVTS    1020
NO      0.000
FWDS    0.000    0.000
BAKS    0.032    0.052

=== TOTAL=300, WAIT=30, LATENCY=5, EVENTS=500

TCKS    283521
EVTS    1668
NO      0.000
FWDS    0.000    0.000
BAKS    0.057    0.086

=== TOTAL=300, WAIT=30, LATENCY=25, EVENTS=1

NOS[2] = 280
NOS[14] = 266

TCKS    283521
EVTS    23
NO      0.695
FWDS    0.001    0.001
BAKS    0.000    0.007

=== TOTAL=300, WAIT=30, LATENCY=25, EVENTS=5

NOS[1] = 45

TCKS    283521
EVTS    34
NO      0.011
FWDS    0.003    0.006
BAKS    0.000    0.007

=== TOTAL=300, WAIT=30, LATENCY=25, EVENTS=10

NOS[1] = 37

TCKS    283521
EVTS    57
NO      0.007
FWDS    0.008    0.015
BAKS    0.001    0.015

=== TOTAL=300, WAIT=30, LATENCY=25, EVENTS=25

TCKS    283521
EVTS    128
NO      0.000
FWDS    0.003    0.006
BAKS    0.003    0.024

=== TOTAL=300, WAIT=30, LATENCY=25, EVENTS=50

TCKS    283521
EVTS    249
NO      0.000
FWDS    0.001    0.002
BAKS    0.006    0.048

=== TOTAL=300, WAIT=30, LATENCY=25, EVENTS=100

TCKS    283521
EVTS    495
NO      0.000
FWDS    0.000    0.001
BAKS    0.016    0.099

=== TOTAL=300, WAIT=30, LATENCY=25, EVENTS=250

TCKS    283521
EVTS    1072
NO      0.000
FWDS    0.000    0.000
BAKS    0.039    0.220

=== TOTAL=300, WAIT=30, LATENCY=25, EVENTS=500


=== TOTAL=300, WAIT=30, LATENCY=50, EVENTS=1

NOS[2] = 300
NOS[10] = 150
NOS[14] = 19

TCKS    283521
EVTS    24
NO      0.535
FWDS    0.005    0.011
BAKS    0.000    0.002

=== TOTAL=300, WAIT=30, LATENCY=50, EVENTS=5

NOS[1] = 108
NOS[12] = 68

TCKS    283521
EVTS    38
NO      0.259
FWDS    0.003    0.007
BAKS    0.001    0.018

=== TOTAL=300, WAIT=30, LATENCY=50, EVENTS=10

NOS[3] = 257

TCKS    283521
EVTS    56
NO      0.118
FWDS    0.010    0.019
BAKS    0.001    0.017

=== TOTAL=300, WAIT=30, LATENCY=50, EVENTS=25

TCKS    283521
EVTS    140
NO      0.000
FWDS    0.005    0.009
BAKS    0.004    0.055

=== TOTAL=300, WAIT=30, LATENCY=50, EVENTS=50

TCKS    283521
EVTS    279
NO      0.000
FWDS    0.002    0.004
BAKS    0.008    0.093

=== TOTAL=300, WAIT=30, LATENCY=50, EVENTS=100

TCKS    283521
EVTS    435
NO      0.000
FWDS    0.000    0.001
BAKS    0.015    0.169

=== TOTAL=300, WAIT=30, LATENCY=50, EVENTS=250

TCKS    283521
EVTS    1084
NO      0.000
FWDS    0.000    0.000
BAKS    0.047    0.482

=== TOTAL=300, WAIT=30, LATENCY=50, EVENTS=500

TCKS    283521
EVTS    1949
NO      0.000
FWDS    0.000    0.000
BAKS    0.132    1.476

=== TOTAL=300, WAIT=30, LATENCY=100, EVENTS=1

NOS[1] = 153
NOS[10] = 340
NOS[14] = 323

TCKS    283521
EVTS    23
NO      0.844
FWDS    0.000    0.001
BAKS    0.000    0.011

=== TOTAL=300, WAIT=30, LATENCY=100, EVENTS=5

NOS[2] = 280
NOS[10] = 100
NOS[14] = 76

TCKS    283521
EVTS    37
NO      0.440
FWDS    0.003    0.006
BAKS    0.001    0.024

=== TOTAL=300, WAIT=30, LATENCY=100, EVENTS=10

NOS[1] = 121
NOS[6] = 160
NOS[7] = 29

TCKS    283521
EVTS    67
NO      0.178
FWDS    0.006    0.012
BAKS    0.001    0.045

=== TOTAL=300, WAIT=30, LATENCY=100, EVENTS=25

NOS[1] = 90
NOS[2] = 186
NOS[3] = 91

TCKS    283521
EVTS    124
NO      0.068
FWDS    0.004    0.008
BAKS    0.003    0.086

=== TOTAL=300, WAIT=30, LATENCY=100, EVENTS=50

NOS[1] = 15

TCKS    283521
EVTS    241
NO      0.003
FWDS    0.004    0.008
BAKS    0.008    0.175

=== TOTAL=300, WAIT=30, LATENCY=100, EVENTS=100

TCKS    283521
EVTS    450
NO      0.000
FWDS    0.000    0.001
BAKS    0.018    0.337

=== TOTAL=300, WAIT=30, LATENCY=100, EVENTS=250

TCKS    283521
EVTS    1127
NO      0.000
FWDS    0.000    0.001
BAKS    0.085    1.895

=== TOTAL=300, WAIT=30, LATENCY=100, EVENTS=500

TCKS    283521
EVTS    1436
NO      0.000
FWDS    0.001    0.001
BAKS    0.141    3.414

=== TOTAL=300, WAIT=30, LATENCY=250, EVENTS=1

NOS[2] = 360
NOS[8] = 360
NOS[14] = 342

TCKS    283521
EVTS    22
NO      0.893
FWDS    0.001    0.002
BAKS    0.000    0.005

=== TOTAL=300, WAIT=30, LATENCY=250, EVENTS=5

NOS[2] = 220
NOS[7] = 198
NOS[8] = 18

TCKS    283521
EVTS    39
NO      0.255
FWDS    0.008    0.016
BAKS    0.000    0.023

=== TOTAL=300, WAIT=30, LATENCY=250, EVENTS=10

NOS[2] = 320
NOS[6] = 175
NOS[14] = 19

TCKS    283521
EVTS    63
NO      0.274
FWDS    0.011    0.021
BAKS    0.001    0.100

=== TOTAL=300, WAIT=30, LATENCY=250, EVENTS=25

NOS[2] = 314
NOS[3] = 248

TCKS    283521
EVTS    136
NO      0.131
FWDS    0.006    0.012
BAKS    0.004    0.208

=== TOTAL=300, WAIT=30, LATENCY=250, EVENTS=50

NOS[1] = 115

TCKS    283521
EVTS    247
NO      0.022
FWDS    0.004    0.007
BAKS    0.011    0.500

=== TOTAL=300, WAIT=30, LATENCY=250, EVENTS=100

TCKS    283521
EVTS    450
NO      0.000
FWDS    0.001    0.002
BAKS    0.030    1.519

=== TOTAL=300, WAIT=30, LATENCY=500, EVENTS=1

NOS[1] = 117
NOS[8] = 260
NOS[14] = 247

TCKS    283521
EVTS    24
NO      0.645
FWDS    0.001    0.003
BAKS    0.000    0.023

=== TOTAL=300, WAIT=30, LATENCY=500, EVENTS=5

NOS[1] = 144
NOS[8] = 320
NOS[14] = 209

TCKS    283521
EVTS    34
NO      0.722
FWDS    0.006    0.013
BAKS    0.000    0.029

=== TOTAL=300, WAIT=30, LATENCY=500, EVENTS=10

NOS[2] = 223
NOS[8] = 52
NOS[14] = 38

TCKS    283521
EVTS    66
NO      0.204
FWDS    0.005    0.011
BAKS    0.002    0.165

=== TOTAL=300, WAIT=30, LATENCY=500, EVENTS=25

NOS[2] = 318
NOS[8] = 100
NOS[14] = 46

TCKS    283521
EVTS    132
NO      0.306
FWDS    0.004    0.008
BAKS    0.006    0.543

=== TOTAL=300, WAIT=30, LATENCY=500, EVENTS=50

NOS[2] = 147
NOS[3] = 42
NOS[4] = 29

TCKS    283521
EVTS    259
NO      0.058
FWDS    0.002    0.004
BAKS    0.018    1.867

=== TOTAL=300, WAIT=30, LATENCY=500, EVENTS=100

NOS[1] = 41
NOS[8] = 105
NOS[14] = 106

TCKS    283521
EVTS    486
NO      0.221
FWDS    0.002    0.005
BAKS    0.078    11.223

=== TOTAL=300, WAIT=30, LATENCY=1000, EVENTS=1

NOS[1] = 146
NOS[8] = 320
NOS[14] = 304

TCKS    283521
EVTS    23
NO      0.794
FWDS    0.002    0.004
BAKS    0.002    2.256

=== TOTAL=300, WAIT=30, LATENCY=1000, EVENTS=5

NOS[1] = 148
NOS[8] = 320
NOS[14] = 304

TCKS    283521
EVTS    35
NO      0.795
FWDS    0.004    0.007
BAKS    0.002    3.397

=== TOTAL=300, WAIT=30, LATENCY=1000, EVENTS=10

NOS[2] = 304
NOS[8] = 319
NOS[14] = 266

TCKS    283521
EVTS    62
NO      0.750
FWDS    0.004    0.008
BAKS    0.004    3.057

=== TOTAL=300, WAIT=30, LATENCY=1000, EVENTS=25

NOS[2] = 260
NOS[8] = 200
NOS[14] = 190

TCKS    283521
EVTS    131
NO      0.554
FWDS    0.002    0.003
BAKS    0.011    4.239

=== TOTAL=300, WAIT=30, LATENCY=1000, EVENTS=50


