=== TOTAL=300, WAIT=30, LATENCY=5, EVENTS=100

TCKS	283521
EVTS	497
NO  	0	0.0
FWDS	149	0.00052553426377588	89	0.0003139097280272
BAKS	7924	0.027948547021208	4508	0.015900056785917

=== TOTAL=300, WAIT=30, LATENCY=25, EVENTS=100

TCKS    283521
EVTS    482
NO      0.000
FWDS    0.001    0.001
BAKS    0.017    0.085

=== TOTAL=300, WAIT=30, LATENCY=100, EVENTS=100

TCKS    283521
EVTS    475
NO      0.000
FWDS    0.001    0.003
BAKS    0.020    0.362

=== TOTAL=300, WAIT=30, LATENCY=250, EVENTS=100

TCKS    283521
EVTS    494
NO      0.000
FWDS    0.001    0.001
BAKS    0.038    2.033

=== TOTAL=300, WAIT=30, LATENCY=500, EVENTS=100

TCKS    283521
EVTS    465
NO      0.000
FWDS    0.005    0.009
BAKS    0.076    13.059
