=== TOTAL=300, WAIT=30, LATENCY=5, EVENTS=1

TCKS    283521
EVTS    25
NO      0.000
FWDS    0.000    0.000
BAKS    0.000    0.000

=== TOTAL=300, WAIT=30, LATENCY=5, EVENTS=5

TCKS    283521
EVTS    33
NO      0.000
FWDS    0.000    0.000
BAKS    0.001    0.001

=== TOTAL=300, WAIT=30, LATENCY=5, EVENTS=10

TCKS    283521
EVTS    57
NO      0.000
FWDS    0.000    0.000
BAKS    0.001    0.003

=== TOTAL=300, WAIT=30, LATENCY=5, EVENTS=25

TCKS    283521
EVTS    130
NO      0.000
FWDS    0.000    0.000
BAKS    0.004    0.010

=== TOTAL=300, WAIT=30, LATENCY=5, EVENTS=50

TCKS    283521
EVTS    238
NO      0.000
FWDS    0.001    0.001
BAKS    0.009    0.019

=== TOTAL=300, WAIT=30, LATENCY=5, EVENTS=100

TCKS    283521
EVTS    440
NO      0.000
FWDS    0.000    0.000
BAKS    0.019    0.037

=== TOTAL=300, WAIT=30, LATENCY=5, EVENTS=500

TCKS    283521
EVTS    1437
NO      0.000
FWDS    0.002    0.002
BAKS    0.056    0.125

=== TOTAL=300, WAIT=30, LATENCY=25, EVENTS=1

TCKS    283521
EVTS    24
NO      0.000
FWDS    0.000    0.000
BAKS    0.000    0.002

=== TOTAL=300, WAIT=30, LATENCY=25, EVENTS=5

TCKS    283521
EVTS    32
NO      0.000
FWDS    0.000    0.000
BAKS    0.000    0.004

=== TOTAL=300, WAIT=30, LATENCY=25, EVENTS=10

TCKS    283521
EVTS    60
NO      0.000
FWDS    0.000    0.000
BAKS    0.001    0.010

=== TOTAL=300, WAIT=30, LATENCY=25, EVENTS=25

TCKS    283521
EVTS    120
NO      0.000
FWDS    0.000    0.000
BAKS    0.003    0.027

=== TOTAL=300, WAIT=30, LATENCY=25, EVENTS=50

TCKS    283521
EVTS    226
NO      0.000
FWDS    0.000    0.000
BAKS    0.007    0.069

=== TOTAL=300, WAIT=30, LATENCY=25, EVENTS=100

TCKS    283521
EVTS    468
NO      0.000
FWDS    0.000    0.000
BAKS    0.019    0.128

=== TOTAL=300, WAIT=30, LATENCY=25, EVENTS=250

TCKS    283521
EVTS    1034
NO      0.000
FWDS    0.000    0.000
BAKS    0.046    0.366

=== TOTAL=300, WAIT=30, LATENCY=25, EVENTS=500

TCKS    283521
EVTS    1595
NO      0.000
FWDS    0.000    0.000
BAKS    0.077    0.553

=== TOTAL=300, WAIT=30, LATENCY=50, EVENTS=1

TCKS    283521
EVTS    26
NO      0.000
FWDS    0.000    0.000
BAKS    0.000    0.004

=== TOTAL=300, WAIT=30, LATENCY=50, EVENTS=5

TCKS    283521
EVTS    35
NO      0.000
FWDS    0.000    0.001
BAKS    0.000    0.006

=== TOTAL=300, WAIT=30, LATENCY=50, EVENTS=10

TCKS    283521
EVTS    67
NO      0.000
FWDS    0.000    0.001
BAKS    0.001    0.024

=== TOTAL=300, WAIT=30, LATENCY=50, EVENTS=25

TCKS    283521
EVTS    132
NO      0.000
FWDS    0.000    0.000
BAKS    0.004    0.077

=== TOTAL=300, WAIT=30, LATENCY=50, EVENTS=50

TCKS    283521
EVTS    232
NO      0.000
FWDS    0.000    0.001
BAKS    0.009    0.135

=== TOTAL=300, WAIT=30, LATENCY=50, EVENTS=100

TCKS    283521
EVTS    473
NO      0.000
FWDS    0.000    0.000
BAKS    0.020    0.377

=== TOTAL=300, WAIT=30, LATENCY=50, EVENTS=250

TCKS    283521
EVTS    1079
NO      0.000
FWDS    0.000    0.000
BAKS    0.064    0.945

=== TOTAL=300, WAIT=30, LATENCY=50, EVENTS=500

TCKS    283521
EVTS    1243
NO      0.000
FWDS    0.000    0.000
BAKS    0.068    0.790

=== TOTAL=300, WAIT=30, LATENCY=100, EVENTS=1

TCKS    283521
EVTS    23
NO      0.000
FWDS    0.000    0.000
BAKS    0.000    0.001

=== TOTAL=300, WAIT=30, LATENCY=100, EVENTS=5

TCKS    283521
EVTS    45
NO      0.000
FWDS    0.000    0.001
BAKS    0.001    0.042

=== TOTAL=300, WAIT=30, LATENCY=100, EVENTS=10

TCKS    283521
EVTS    70
NO      0.000
FWDS    0.000    0.002
BAKS    0.001    0.050

=== TOTAL=300, WAIT=30, LATENCY=100, EVENTS=25

TCKS    283521
EVTS    138
NO      0.000
FWDS    0.000    0.002
BAKS    0.005    0.146

=== TOTAL=300, WAIT=30, LATENCY=100, EVENTS=50

TCKS    283521
EVTS    240
NO      0.000
FWDS    0.000    0.001
BAKS    0.008    0.376

=== TOTAL=300, WAIT=30, LATENCY=100, EVENTS=100

TCKS    283521
EVTS    475
NO      0.000
FWDS    0.000    0.000
BAKS    0.024    1.035

=== TOTAL=300, WAIT=30, LATENCY=100, EVENTS=250

TCKS    283521
EVTS    1096
NO      0.000
FWDS    0.000    0.000
BAKS    0.076    1.854

=== TOTAL=300, WAIT=30, LATENCY=100, EVENTS=500

TCKS    283521
EVTS    1551
NO      0.000
FWDS    0.000    0.000
BAKS    0.158    4.039

=== TOTAL=300, WAIT=30, LATENCY=250, EVENTS=1

TCKS    283521
EVTS    24
NO      0.472
FWDS    0.000    0.000
BAKS    0.000    0.011

=== TOTAL=300, WAIT=30, LATENCY=250, EVENTS=5

NOS[2] = 78
NOS[8] = 60
NOS[14] = 57

TCKS    283521
EVTS    35
NO      0.154
FWDS    0.000    0.001
BAKS    0.001    0.042

=== TOTAL=300, WAIT=30, LATENCY=250, EVENTS=10

NOS[2] = 109
NOS[7] = 57

TCKS    283521
EVTS    63
NO      0.100
FWDS    0.000    0.002
BAKS    0.002    0.150

=== TOTAL=300, WAIT=30, LATENCY=250, EVENTS=25

NOS[2] = 154
NOS[6] = 10

TCKS    283521
EVTS    123
NO      0.077
FWDS    0.000    0.004
BAKS    0.005    0.401

=== TOTAL=300, WAIT=30, LATENCY=250, EVENTS=50

TCKS    283521
EVTS    256
NO      0.000
FWDS    0.000    0.000
BAKS    0.013    0.973

=== TOTAL=300, WAIT=30, LATENCY=250, EVENTS=100

TCKS    283521
EVTS    464
NO      0.000
FWDS    0.000    0.000
BAKS    0.035    2.041

=== TOTAL=300, WAIT=30, LATENCY=250, EVENTS=250

TCKS    283521
EVTS    981
NO      0.000
FWDS    0.000    0.000
BAKS    0.094    5.710

=== TOTAL=300, WAIT=30, LATENCY=250, EVENTS=500

NOS[2] = 20
NOS[5] = 21
NOS[8] = 16

TCKS    283521
EVTS    1741
NO      0.027
FWDS    0.000    0.000
BAKS    0.309    20.573

=== TOTAL=300, WAIT=30, LATENCY=500, EVENTS=1

NOS[2] = 340
NOS[8] = 280
NOS[14] = 266

TCKS    283521
EVTS    23
NO      0.712
FWDS    0.000    0.002
BAKS    0.000    0.003

=== TOTAL=300, WAIT=30, LATENCY=500, EVENTS=5

NOS[2] = 300
NOS[8] = 274
NOS[14] = 57

TCKS    283521
EVTS    40
NO      0.618
FWDS    0.000    0.006
BAKS    0.001    0.106

=== TOTAL=300, WAIT=30, LATENCY=500, EVENTS=10

NOS[2] = 281
NOS[8] = 160
NOS[14] = 114

TCKS    283521
EVTS    63
NO      0.410
FWDS    0.000    0.007
BAKS    0.002    0.252

=== TOTAL=300, WAIT=30, LATENCY=500, EVENTS=25

NOS[2] = 220
NOS[8] = 220
NOS[14] = 215

TCKS    283521
EVTS    137
NO      0.545
FWDS    0.000    0.001
BAKS    0.007    0.867

=== TOTAL=300, WAIT=30, LATENCY=500, EVENTS=50

NOS[2] = 87
NOS[8] = 63
NOS[14] = 57

TCKS    283521
EVTS    237
NO      0.160
FWDS    0.000    0.001
BAKS    0.017    1.912

=== TOTAL=300, WAIT=30, LATENCY=500, EVENTS=100

NOS[2] = 120
NOS[8] = 80
NOS[14] = 76

TCKS    283521
EVTS    455
NO      0.237
FWDS    0.000    0.001
BAKS    0.045    5.076

=== TOTAL=300, WAIT=30, LATENCY=500, EVENTS=250

NOS[2] = 40
NOS[8] = 20
NOS[14] = 19

TCKS    283521
EVTS    980
NO      0.058
FWDS    0.000    0.000
BAKS    0.181    20.365

=== TOTAL=300, WAIT=30, LATENCY=500, EVENTS=500

NOS[2] = 226
NOS[8] = 228
NOS[14] = 179

TCKS    283521
EVTS    1639
NO      0.490
FWDS    0.000    0.001
BAKS    0.408    53.574

=== TOTAL=300, WAIT=30, LATENCY=1000, EVENTS=1

NOS[2] = 380
NOS[8] = 380
NOS[14] = 361

TCKS    283521
EVTS    22
NO      0.943
FWDS    0.000    0.001
BAKS    0.000    0.015

=== TOTAL=300, WAIT=30, LATENCY=1000, EVENTS=5

NOS[2] = 320
NOS[8] = 320
NOS[14] = 304

TCKS    283521
EVTS    38
NO      0.794
FWDS    0.000    0.001
BAKS    0.001    0.245

=== TOTAL=300, WAIT=30, LATENCY=1000, EVENTS=10

ERR	3	(-1732,-250,0,1)	(-2522,-1040,-1,0)

NOS[2] = 407
NOS[8] = 380
NOS[14] = 361

TCKS    283521
EVTS    59
NO      0.952
FWDS    0.000    0.011
BAKS    0.002    0.475

=== TOTAL=300, WAIT=30, LATENCY=1000, EVENTS=25

ERR	15	(3236,-1072,0,-1)	(3294,-1014,0,-1)

NOS[2] = 373
NOS[8] = 373
NOS[14] = 342

TCKS    283521
EVTS    141
NO      0.897
FWDS    0.000    0.001
BAKS    0.009    2.431

=== TOTAL=300, WAIT=30, LATENCY=1000, EVENTS=50

ERR	1	(2020,918,0,0)	(2020,-238,0,-1)

NOS[2] = 300
NOS[8] = 300
NOS[14] = 290

TCKS    283521
EVTS    245
NO      0.745
FWDS    0.000    0.002
BAKS    0.024    5.294

=== TOTAL=300, WAIT=30, LATENCY=1000, EVENTS=100

ERR	2	(1056,354,0,1)	(1056,174,0,1)

NOS[2] = 222
NOS[8] = 200
NOS[14] = 191

TCKS    283521
EVTS    490
NO      0.517
FWDS    0.000    0.001
BAKS    0.083    19.000

=== TOTAL=300, WAIT=30, LATENCY=1000, EVENTS=250

ERR	1	(1630,-976,0,-1)	(1644,-976,0,-1)

NOS[2] = 224
NOS[8] = 216
NOS[14] = 198

TCKS    283521
EVTS    1008
NO      0.520
FWDS    0.000    0.002
BAKS    0.223    48.626

=== TOTAL=300, WAIT=30, LATENCY=1000, EVENTS=500

ERR	1	(-650,-746,0,0)	(-128,-722,1,0)

NOS[2] = 306
NOS[8] = 263
NOS[14] = 209

TCKS    283521
EVTS    1536
NO      0.656
FWDS    0.000    0.001
BAKS    0.437    108.030

