=== TOTAL=300, WAIT=30, LATENCY=5, EVENTS=1

NOS[2] = 380
NOS[8] = 380
NOS[14] = 361

TCKS    283521
EVTS    25
NO      0.943
FWDS    0.000    0.000
BAKS    0.000    0.008

=== TOTAL=300, WAIT=30, LATENCY=5, EVENTS=5

NOS[2] = 320
NOS[4] = 304

TCKS    283521
EVTS    41
NO      0.201
FWDS    0.000    0.005
BAKS    0.001    0.014

=== TOTAL=300, WAIT=30, LATENCY=5, EVENTS=10

NOS[1] = 171
NOS[2] = 38

TCKS    283521
EVTS    59
NO      0.039
FWDS    0.000    0.009
BAKS    0.001    0.006

=== TOTAL=300, WAIT=30, LATENCY=5, EVENTS=25

TCKS    283521
EVTS    123
NO      0.000
FWDS    0.000    0.002
BAKS    0.004    0.008

=== TOTAL=300, WAIT=30, LATENCY=5, EVENTS=50

TCKS    283521
EVTS    237
NO      0.000
FWDS    0.001    0.001
BAKS    0.007    0.014

=== TOTAL=300, WAIT=30, LATENCY=5, EVENTS=100

TCKS    283521
EVTS    448
NO      0.000
FWDS    0.001    0.001
BAKS    0.016    0.027

=== TOTAL=300, WAIT=30, LATENCY=5, EVENTS=250

TCKS    283521
EVTS    1017
NO      0.000
FWDS    0.002    0.002
BAKS    0.036    0.069

=== TOTAL=300, WAIT=30, LATENCY=5, EVENTS=500

TCKS    283521
EVTS    1712
NO      0.000
FWDS    0.000    0.000
BAKS    0.063    0.102

=== TOTAL=300, WAIT=30, LATENCY=25, EVENTS=1

TCKS    283521
EVTS    23
NO      0.000
FWDS    0.000    0.000
BAKS    0.000    0.000

=== TOTAL=300, WAIT=30, LATENCY=25, EVENTS=5

TCKS    283521
EVTS    44
NO      0.000
FWDS    0.000    0.000
BAKS    0.001    0.005

=== TOTAL=300, WAIT=30, LATENCY=25, EVENTS=10

NOS[2] = 340
NOS[4] = 289

TCKS    283521
EVTS    62
NO      0.207
FWDS    0.000    0.006
BAKS    0.001    0.020

=== TOTAL=300, WAIT=30, LATENCY=25, EVENTS=25

TCKS    283521
EVTS    133
NO      0.000
FWDS    0.000    0.000
BAKS    0.004    0.018

=== TOTAL=300, WAIT=30, LATENCY=25, EVENTS=50

TCKS    283521
EVTS    248
NO      0.000
FWDS    0.000    0.000
BAKS    0.008    0.037

=== TOTAL=300, WAIT=30, LATENCY=25, EVENTS=100

TCKS    283521
EVTS    473
NO      0.000
FWDS    0.000    0.000
BAKS    0.016    0.073

=== TOTAL=300, WAIT=30, LATENCY=25, EVENTS=250

TCKS    283521
EVTS    1093
NO      0.000
FWDS    0.000    0.000
BAKS    0.042    0.210

=== TOTAL=300, WAIT=30, LATENCY=25, EVENTS=500

TCKS    283521
EVTS    1546
NO      0.000
FWDS    0.000    0.000
BAKS    0.057    0.273

=== TOTAL=300, WAIT=30, LATENCY=50, EVENTS=1

NOS[2] = 40
NOS[6] = 21

TCKS    283521
EVTS    23
NO      0.037
FWDS    0.000    0.005
BAKS    0.000    0.002

=== TOTAL=300, WAIT=30, LATENCY=50, EVENTS=5

NOS[1] = 153
NOS[2] = 208

TCKS    283521
EVTS    39
NO      0.067
FWDS    0.000    0.011
BAKS    0.000    0.006

=== TOTAL=300, WAIT=30, LATENCY=50, EVENTS=10

TCKS    283521
EVTS    59
NO      0.000
FWDS    0.000    0.000
BAKS    0.001    0.013

=== TOTAL=300, WAIT=30, LATENCY=50, EVENTS=25

TCKS    283521
EVTS    128
NO      0.000
FWDS    0.000    0.003
BAKS    0.004    0.035

=== TOTAL=300, WAIT=30, LATENCY=50, EVENTS=50

TCKS    283521
EVTS    242
NO      0.000
FWDS    0.000    0.000
BAKS    0.007    0.071

=== TOTAL=300, WAIT=30, LATENCY=50, EVENTS=100

TCKS    283521
EVTS    451
NO      0.000
FWDS    0.000    0.000
BAKS    0.014    0.171

=== TOTAL=300, WAIT=30, LATENCY=50, EVENTS=250

TCKS    283521
EVTS    1088
NO      0.000
FWDS    0.000    0.000
BAKS    0.042    0.552

=== TOTAL=300, WAIT=30, LATENCY=50, EVENTS=500

TCKS    283521
EVTS    1586
NO      0.000
FWDS    0.000    0.000
BAKS    0.087    0.859

=== TOTAL=300, WAIT=30, LATENCY=100, EVENTS=1

NOS[2] = 200
NOS[8] = 180
NOS[14] = 171

TCKS    283521
EVTS    23
NO      0.465
FWDS    0.000    0.000
BAKS    0.000    0.001

=== TOTAL=300, WAIT=30, LATENCY=100, EVENTS=5

TCKS    283521
EVTS    30
NO      0.000
FWDS    0.000    0.000
BAKS    0.000    0.019

=== TOTAL=300, WAIT=30, LATENCY=100, EVENTS=10

NOS[1] = 18
NOS[2] = 29

TCKS    283521
EVTS    63
NO      0.009
FWDS    0.000    0.004
BAKS    0.001    0.029

=== TOTAL=300, WAIT=30, LATENCY=100, EVENTS=25

TCKS    283521
EVTS    134
NO      0.000
FWDS    0.000    0.002
BAKS    0.004    0.083

=== TOTAL=300, WAIT=30, LATENCY=100, EVENTS=50

TCKS    283521
EVTS    254
NO      0.000
FWDS    0.000    0.002
BAKS    0.007    0.209

=== TOTAL=300, WAIT=30, LATENCY=100, EVENTS=100

TCKS    283521
EVTS    487
NO      0.000
FWDS    0.000    0.000
BAKS    0.018    0.601

=== TOTAL=300, WAIT=30, LATENCY=100, EVENTS=250

TCKS    283521
EVTS    1108
NO      0.000
FWDS    0.000    0.000
BAKS    0.074    1.616

=== TOTAL=300, WAIT=30, LATENCY=100, EVENTS=500

TCKS    283521
EVTS    1528
NO      0.000
FWDS    0.000    0.000
BAKS    0.152    4.381

=== TOTAL=300, WAIT=30, LATENCY=250, EVENTS=1

NOS[2] = 220
NOS[8] = 60
NOS[14] = 57

TCKS    283521
EVTS    26
NO      0.242
FWDS    0.000    0.003
BAKS    0.000    0.012

=== TOTAL=300, WAIT=30, LATENCY=250, EVENTS=5

NOS[2] = 240
NOS[8] = 240
NOS[14] = 89

TCKS    283521
EVTS    36
NO      0.515
FWDS    0.000    0.005
BAKS    0.001    0.051

=== TOTAL=300, WAIT=30, LATENCY=250, EVENTS=10

NOS[1] = 45
NOS[2] = 6

TCKS    283521
EVTS    64
NO      0.009
FWDS    0.000    0.003
BAKS    0.001    0.069

=== TOTAL=300, WAIT=30, LATENCY=250, EVENTS=25

NOS[2] = 80
NOS[8] = 40
NOS[14] = 38

TCKS    283521
EVTS    120
NO      0.134
FWDS    0.000    0.006
BAKS    0.004    0.273

=== TOTAL=300, WAIT=30, LATENCY=250, EVENTS=50

TCKS    283521
EVTS    240
NO      0.000
FWDS    0.000    0.001
BAKS    0.011    0.497

=== TOTAL=300, WAIT=30, LATENCY=250, EVENTS=100

TCKS    283521
EVTS    440
NO      0.000
FWDS    0.000    0.000
BAKS    0.028    1.309

=== TOTAL=300, WAIT=30, LATENCY=250, EVENTS=250

NOS[2] = 40
NOS[5] = 21
NOS[8] = 6

TCKS    283521
EVTS    1013
NO      0.033
FWDS    0.000    0.001
BAKS    0.252    28.080

=== TOTAL=300, WAIT=30, LATENCY=250, EVENTS=500

ERR	11	(-606,-572,-1,0)	(-666,-646,-1,0)

NOS[2] = 223
NOS[8] = 221
NOS[14] = 213

TCKS    283521
EVTS    1191
NO      0.547
FWDS    0.000    0.001
BAKS    4.048    6818.397

=== TOTAL=300, WAIT=30, LATENCY=500, EVENTS=1

NOS[2] = 280
NOS[8] = 260
NOS[14] = 247

TCKS    283521
EVTS    26
NO      0.662
FWDS    0.000    0.002
BAKS    0.000    0.034

=== TOTAL=300, WAIT=30, LATENCY=500, EVENTS=5

NOS[2] = 240
NOS[8] = 240
NOS[14] = 76

TCKS    283521
EVTS    36
NO      0.466
FWDS    0.000    0.003
BAKS    0.001    0.057

=== TOTAL=300, WAIT=30, LATENCY=500, EVENTS=10

NOS[2] = 240
NOS[8] = 120
NOS[14] = 95

TCKS    283521
EVTS    60
NO      0.363
FWDS    0.000    0.004
BAKS    0.001    0.130

=== TOTAL=300, WAIT=30, LATENCY=500, EVENTS=25

NOS[2] = 109
NOS[8] = 40
NOS[14] = 38

TCKS    283521
EVTS    136
NO      0.137
FWDS    0.000    0.002
BAKS    0.006    0.527

=== TOTAL=300, WAIT=30, LATENCY=500, EVENTS=50

NOS[2] = 83
NOS[8] = 42
NOS[14] = 19

TCKS    283521
EVTS    248
NO      0.107
FWDS    0.000    0.001
BAKS    0.018    1.928

=== TOTAL=300, WAIT=30, LATENCY=500, EVENTS=100

NOS[1] = 15
NOS[2] = 22
NOS[3] = 4

TCKS    283521
EVTS    479
NO      0.007
FWDS    0.000    0.001
BAKS    0.080    12.138

=== TOTAL=300, WAIT=30, LATENCY=500, EVENTS=250

ERR	2	(-636,-882,-1,0)	(-766,-902,-1,0)

NOS[2] = 201
NOS[8] = 202
NOS[14] = 116

TCKS    283521
EVTS    1089
NO      0.440
FWDS    0.000    0.000
BAKS    2.735    10920.970

=== TOTAL=300, WAIT=30, LATENCY=500, EVENTS=500

ERR	2	(-6586,-292,-1,0)	(-6682,-658,-1,0)

NOS[2] = 223
NOS[8] = 221
NOS[14] = 222

TCKS    283521
EVTS    1257
NO      0.549
FWDS    0.000    0.000
BAKS    3.768    19427.300

=== TOTAL=300, WAIT=30, LATENCY=1000, EVENTS=1

NOS[2] = 260
NOS[8] = 260
NOS[14] = 247

TCKS    283521
EVTS    21
NO      0.645
FWDS    0.000    0.000
BAKS    0.001    0.920

=== TOTAL=300, WAIT=30, LATENCY=1000, EVENTS=5

NOS[2] = 300
NOS[8] = 180
NOS[14] = 95

TCKS    283521
EVTS    33
NO      0.434
FWDS    0.000    0.009
BAKS    0.001    1.157

=== TOTAL=300, WAIT=30, LATENCY=1000, EVENTS=10

NOS[2] = 300
NOS[8] = 300
NOS[14] = 206

TCKS    283521
EVTS    63
NO      0.712
FWDS    0.000    0.008
BAKS    0.005    3.972

=== TOTAL=300, WAIT=30, LATENCY=1000, EVENTS=25

NOS[2] = 300
NOS[8] = 248
NOS[14] = 209

TCKS    283521
EVTS    119
NO      0.606
FWDS    0.000    0.007
BAKS    0.007    1.625

=== TOTAL=300, WAIT=30, LATENCY=1000, EVENTS=50

ERR	4	(2704,-358,0,-1)	(2704,-322,0,-1)

NOS[2] = 360
NOS[8] = 300
NOS[14] = 285

TCKS    283521
EVTS    262
NO      0.788
FWDS    0.000    0.003
BAKS    0.051    21.348

=== TOTAL=300, WAIT=30, LATENCY=1000, EVENTS=100

ERR	1	(-780,1118,0,1)	(-762,1076,0,1)

NOS[2] = 180
NOS[8] = 180
NOS[14] = 172

TCKS    283521
EVTS    499
NO      0.443
FWDS    0.000    0.000
BAKS    0.602    2079.796

=== TOTAL=300, WAIT=30, LATENCY=1000, EVENTS=250

ERR	1	(-828,1314,0,1)	(-1578,564,-1,0)

NOS[2] = 300
NOS[8] = 300
NOS[14] = 285

TCKS    283521
EVTS    939
NO      0.744
FWDS    0.000    0.000
BAKS    1.082    5252.242

=== TOTAL=300, WAIT=30, LATENCY=1000, EVENTS=500

ERR	1	(-1806,-208,0,0)	(-1326,-2030,1,0)

NOS[2] = 261
NOS[8] = 295
NOS[14] = 312

TCKS    283521
EVTS    1672
NO      0.702
FWDS    0.000    0.000
BAKS    1.804    9801.745
