=== TOTAL=300, WAIT=30, LATENCY=5, EVENTS=1

NOS[3] = 280
NOS[4] = 182

TCKS    283521
EVTS    25
NO      0.161
FWDS    0.005    0.010
BAKS    0.000    0.003

=== TOTAL=300, WAIT=30, LATENCY=5, EVENTS=5

NOS[2] = 354
NOS[3] = 136

TCKS    283521
EVTS    40
NO      0.120
FWDS    0.007    0.013
BAKS    0.001    0.010

=== TOTAL=300, WAIT=30, LATENCY=5, EVENTS=10

TCKS    283521
EVTS    67
NO      0.000
FWDS    0.003    0.006
BAKS    0.002    0.009

=== TOTAL=300, WAIT=30, LATENCY=5, EVENTS=25

TCKS    283521
EVTS    148
NO      0.000
FWDS    0.002    0.003
BAKS    0.004    0.011

=== TOTAL=300, WAIT=30, LATENCY=5, EVENTS=50

TCKS    283521
EVTS    245
NO      0.000
FWDS    0.004    0.007
BAKS    0.008    0.017

=== TOTAL=300, WAIT=30, LATENCY=5, EVENTS=100

TCKS    283521
EVTS    461
NO      0.000
FWDS    0.001    0.001
BAKS    0.015    0.026

=== TOTAL=300, WAIT=30, LATENCY=5, EVENTS=250

TCKS    283521
EVTS    1053
NO      0.000
FWDS    0.000    0.000
BAKS    0.036    0.058

=== TOTAL=300, WAIT=30, LATENCY=5, EVENTS=500

TCKS    283521
EVTS    1915
NO      0.000
FWDS    0.000    0.000
BAKS    0.067    0.102

=== TOTAL=300, WAIT=30, LATENCY=25, EVENTS=1

NOS[2] = 240
NOS[12] = 33

TCKS    283521
EVTS    24
NO      0.416
FWDS    0.004    0.007
BAKS    0.000    0.000

=== TOTAL=300, WAIT=30, LATENCY=25, EVENTS=5

TCKS    283521
EVTS    46
NO      0.000
FWDS    0.001    0.003
BAKS    0.001    0.010

=== TOTAL=300, WAIT=30, LATENCY=25, EVENTS=10

TCKS    283521
EVTS    54
NO      0.000
FWDS    0.002    0.005
BAKS    0.001    0.014

=== TOTAL=300, WAIT=30, LATENCY=25, EVENTS=25

NOS[1] = 108
NOS[2] = 44

TCKS    283521
EVTS    131
NO      0.028
FWDS    0.006    0.011
BAKS    0.003    0.031

=== TOTAL=300, WAIT=30, LATENCY=25, EVENTS=50

TCKS    283521
EVTS    251
NO      0.000
FWDS    0.002    0.004
BAKS    0.006    0.049

=== TOTAL=300, WAIT=30, LATENCY=25, EVENTS=100

TCKS    283521
EVTS    501
NO      0.000
FWDS    0.000    0.001
BAKS    0.017    0.097

=== TOTAL=300, WAIT=30, LATENCY=25, EVENTS=250

TCKS    283521
EVTS    1081
NO      0.000
FWDS    0.000    0.000
BAKS    0.037    0.219

=== TOTAL=300, WAIT=30, LATENCY=25, EVENTS=500

TCKS    283521
EVTS    1479
NO      0.000
FWDS    0.000    0.000
BAKS    0.060    0.317

=== TOTAL=300, WAIT=30, LATENCY=50, EVENTS=1

NOS[2] = 300
NOS[8] = 300
NOS[13] = 137

TCKS    283521
EVTS    25
NO      0.661
FWDS    0.005    0.011
BAKS    0.000    0.005

=== TOTAL=300, WAIT=30, LATENCY=50, EVENTS=5

NOS[2] = 240
NOS[4] = 217

TCKS    283521
EVTS    38
NO      0.149
FWDS    0.006    0.011
BAKS    0.000    0.018

=== TOTAL=300, WAIT=30, LATENCY=50, EVENTS=10

NOS[2] = 142

TCKS    283521
EVTS    61
NO      0.049
FWDS    0.006    0.011
BAKS    0.001    0.032

=== TOTAL=300, WAIT=30, LATENCY=50, EVENTS=25

NOS[1] = 81
NOS[2] = 18

TCKS    283521
EVTS    131
NO      0.018
FWDS    0.005    0.009
BAKS    0.003    0.052

=== TOTAL=300, WAIT=30, LATENCY=50, EVENTS=50

TCKS    283521
EVTS    228
NO      0.000
FWDS    0.004    0.009
BAKS    0.007    0.085

=== TOTAL=300, WAIT=30, LATENCY=50, EVENTS=100

TCKS    283521
EVTS    493
NO      0.000
FWDS    0.000    0.001
BAKS    0.019    0.179

=== TOTAL=300, WAIT=30, LATENCY=50, EVENTS=250

TCKS    283521
EVTS    1108
NO      0.000
FWDS    0.000    0.000
BAKS    0.051    0.535

=== TOTAL=300, WAIT=30, LATENCY=50, EVENTS=500

TCKS    283521
EVTS    1490
NO      0.000
FWDS    0.000    0.000
BAKS    0.090    1.087

=== TOTAL=300, WAIT=30, LATENCY=100, EVENTS=1

NOS[2] = 280
NOS[7] = 256
NOS[10] = 16

TCKS    283521
EVTS    26
NO      0.363
FWDS    0.005    0.010
BAKS    0.000    0.004

=== TOTAL=300, WAIT=30, LATENCY=100, EVENTS=5

NOS[2] = 220
NOS[8] = 200
NOS[14] = 57

TCKS    283521
EVTS    31
NO      0.410
FWDS    0.004    0.009
BAKS    0.000    0.022

=== TOTAL=300, WAIT=30, LATENCY=100, EVENTS=10

NOS[2] = 200
NOS[6] = 64

TCKS    283521
EVTS    56
NO      0.153
FWDS    0.004    0.009
BAKS    0.001    0.029

=== TOTAL=300, WAIT=30, LATENCY=100, EVENTS=25

NOS[2] = 50

TCKS    283521
EVTS    122
NO      0.028
FWDS    0.008    0.015
BAKS    0.003    0.065

=== TOTAL=300, WAIT=30, LATENCY=100, EVENTS=50

TCKS    283521
EVTS    252
NO      0.000
FWDS    0.003    0.005
BAKS    0.009    0.193

=== TOTAL=300, WAIT=30, LATENCY=100, EVENTS=100

TCKS    283521
EVTS    490
NO      0.000
FWDS    0.002    0.004
BAKS    0.021    0.411

=== TOTAL=300, WAIT=30, LATENCY=100, EVENTS=250

TCKS    283521
EVTS    1078
NO      0.000
FWDS    0.000    0.000
BAKS    0.077    1.589

=== TOTAL=300, WAIT=30, LATENCY=100, EVENTS=500

TCKS    283521
EVTS    1593
NO      0.000
FWDS    0.001    0.002
BAKS    0.190    5.074

=== TOTAL=300, WAIT=30, LATENCY=250, EVENTS=1

NOS[2] = 360
NOS[8] = 360
NOS[14] = 342

TCKS    283521
EVTS    24
NO      0.893
FWDS    0.001    0.002
BAKS    0.000    0.019

=== TOTAL=300, WAIT=30, LATENCY=250, EVENTS=5

NOS[2] = 280
NOS[8] = 40
NOS[14] = 19

TCKS    283521
EVTS    41
NO      0.267
FWDS    0.005    0.009
BAKS    0.001    0.041

=== TOTAL=300, WAIT=30, LATENCY=250, EVENTS=10

NOS[2] = 146
NOS[4] = 100
NOS[5] = 7

TCKS    283521
EVTS    67
NO      0.082
FWDS    0.003    0.006
BAKS    0.002    0.091

=== TOTAL=300, WAIT=30, LATENCY=250, EVENTS=25

NOS[2] = 320
NOS[3] = 188

TCKS    283521
EVTS    128
NO      0.121
FWDS    0.008    0.015
BAKS    0.004    0.225

=== TOTAL=300, WAIT=30, LATENCY=250, EVENTS=50

NOS[2] = 12

TCKS    283521
EVTS    246
NO      0.007
FWDS    0.003    0.005
BAKS    0.011    0.513

=== TOTAL=300, WAIT=30, LATENCY=250, EVENTS=100

=== TOTAL=300, WAIT=30, LATENCY=500, EVENTS=1

NOS[2] = 260
NOS[8] = 260

TCKS    283521
EVTS    22
NO      0.645
FWDS    0.000    0.000
BAKS    0.000    0.000

=== TOTAL=300, WAIT=30, LATENCY=500, EVENTS=5

NOS[2] = 360
NOS[8] = 220
NOS[14] = 199

TCKS    283521
EVTS    34
NO      0.661
FWDS    0.005    0.011
BAKS    0.000    0.039

=== TOTAL=300, WAIT=30, LATENCY=500, EVENTS=10

NOS[2] = 299
NOS[8] = 220
NOS[14] = 109

TCKS    283521
EVTS    66
NO      0.502
FWDS    0.005    0.010
BAKS    0.002    0.148

=== TOTAL=300, WAIT=30, LATENCY=500, EVENTS=25

NOS[2] = 260
NOS[8] = 40
NOS[14] = 37

TCKS    283521
EVTS    142
NO      0.202
FWDS    0.004    0.009
BAKS    0.007    0.599

=== TOTAL=300, WAIT=30, LATENCY=500, EVENTS=50

NOS[2] = 186
NOS[8] = 16
NOS[14] = 19

TCKS    283521
EVTS    233
NO      0.167
FWDS    0.003    0.006
BAKS    0.016    1.623

=== TOTAL=300, WAIT=30, LATENCY=500, EVENTS=100

NOS[2] = 36
NOS[8] = 95
NOS[14] = 113

TCKS    283521
EVTS    482
NO      0.203
FWDS    0.004    0.007
BAKS    0.078    11.523

=== TOTAL=300, WAIT=30, LATENCY=1000, EVENTS=1

NOS[2] = 300
NOS[8] = 300
NOS[14] = 285

TCKS    283521
EVTS    22
NO      0.745
FWDS    0.000    0.000
BAKS    0.002    2.125

=== TOTAL=300, WAIT=30, LATENCY=1000, EVENTS=5

NOS[2] = 360
NOS[8] = 360
NOS[14] = 304

TCKS    283521
EVTS    38
NO      0.871
FWDS    0.006    0.011
BAKS    0.001    0.749

=== TOTAL=300, WAIT=30, LATENCY=1000, EVENTS=10

NOS[2] = 340
NOS[8] = 297
NOS[14] = 247

TCKS    283521
EVTS    67
NO      0.762
FWDS    0.003    0.007
BAKS    0.003    1.587

=== TOTAL=300, WAIT=30, LATENCY=1000, EVENTS=25

=== TOTAL=300, WAIT=30, LATENCY=1000, EVENTS=50


