=== TOTAL=300, WAIT=30, LATENCY=5, EVENTS=1

TCKS    283521
EVTS    24
NO      0.000
FWDS    0.000    0.000
BAKS    0.000    0.000

=== TOTAL=300, WAIT=30, LATENCY=5, EVENTS=5

TCKS    283521
EVTS    37
NO      0.000
FWDS    0.000    0.004
BAKS    0.001    0.008

=== TOTAL=300, WAIT=30, LATENCY=5, EVENTS=10

TCKS    283521
EVTS    63
NO      0.000
FWDS    0.000    0.002
BAKS    0.001    0.003

=== TOTAL=300, WAIT=30, LATENCY=5, EVENTS=25

TCKS    283521
EVTS    132
NO      0.000
FWDS    0.000    0.000
BAKS    0.004    0.007

=== TOTAL=300, WAIT=30, LATENCY=5, EVENTS=50

TCKS    283521
EVTS    245
NO      0.000
FWDS    0.000    0.000
BAKS    0.008    0.014

=== TOTAL=300, WAIT=30, LATENCY=5, EVENTS=100

TCKS    283521
EVTS    439
NO      0.000
FWDS    0.001    0.001
BAKS    0.016    0.031

=== TOTAL=300, WAIT=30, LATENCY=5, EVENTS=250

TCKS    283521
EVTS    998
NO      0.000
FWDS    0.002    0.002
BAKS    0.035    0.065

=== TOTAL=300, WAIT=30, LATENCY=5, EVENTS=500

TCKS    283521
EVTS    1686
NO      0.000
FWDS    0.001    0.001
BAKS    0.060    0.107

=== TOTAL=300, WAIT=30, LATENCY=25, EVENTS=1

TCKS    283521
EVTS    23
NO      0.000
FWDS    0.000    0.003
BAKS    0.000    0.000

=== TOTAL=300, WAIT=30, LATENCY=25, EVENTS=5

TCKS    283521
EVTS    40
NO      0.000
FWDS    0.000    0.000
BAKS    0.001    0.003

=== TOTAL=300, WAIT=30, LATENCY=25, EVENTS=10

TCKS    283521
EVTS    62
NO      0.000
FWDS    0.000    0.003
BAKS    0.001    0.007

=== TOTAL=300, WAIT=30, LATENCY=25, EVENTS=25

TCKS    283521
EVTS    123
NO      0.000
FWDS    0.000    0.004
BAKS    0.003    0.021

=== TOTAL=300, WAIT=30, LATENCY=25, EVENTS=50

TCKS    283521
EVTS    229
NO      0.000
FWDS    0.000    0.000
BAKS    0.006    0.038

=== TOTAL=300, WAIT=30, LATENCY=25, EVENTS=100

TCKS    283521
EVTS    466
NO      0.000
FWDS    0.000    0.000
BAKS    0.015    0.074

=== TOTAL=300, WAIT=30, LATENCY=25, EVENTS=250

TCKS    283521
EVTS    1069
NO      0.000
FWDS    0.000    0.000
BAKS    0.039    0.257

=== TOTAL=300, WAIT=30, LATENCY=25, EVENTS=500

TCKS    283521
EVTS    1695
NO      0.000
FWDS    0.000    0.000
BAKS    0.077    0.387

=== TOTAL=300, WAIT=30, LATENCY=50, EVENTS=1

NOS[2] = 144
NOS[8] = 20
NOS[14] = 19

TCKS    283521
EVTS    24
NO      0.098
FWDS    0.000    0.002
BAKS    0.000    0.003

=== TOTAL=300, WAIT=30, LATENCY=50, EVENTS=5

TCKS    283521
EVTS    32
NO      0.000
FWDS    0.000    0.001
BAKS    0.000    0.009

=== TOTAL=300, WAIT=30, LATENCY=50, EVENTS=10

NOS[2] = 300
NOS[3] = 106

TCKS    283521
EVTS    60
NO      0.100
FWDS    0.000    0.007
BAKS    0.001    0.025

=== TOTAL=300, WAIT=30, LATENCY=50, EVENTS=25

TCKS    283521
EVTS    133
NO      0.000
FWDS    0.000    0.000
BAKS    0.003    0.035

=== TOTAL=300, WAIT=30, LATENCY=50, EVENTS=50

TCKS    283521
EVTS    241
NO      0.000
FWDS    0.000    0.003
BAKS    0.006    0.105

=== TOTAL=300, WAIT=30, LATENCY=50, EVENTS=100

TCKS    283521
EVTS    468
NO      0.000
FWDS    0.000    0.000
BAKS    0.014    0.210

=== TOTAL=300, WAIT=30, LATENCY=50, EVENTS=250

TCKS    283521
EVTS    1058
NO      0.000
FWDS    0.000    0.000
BAKS    0.049    0.552

=== TOTAL=300, WAIT=30, LATENCY=50, EVENTS=500

TCKS    283521
EVTS    1324
NO      0.000
FWDS    0.000    0.000
BAKS    0.068    0.704

=== TOTAL=300, WAIT=30, LATENCY=100, EVENTS=1

NOS[2] = 60
NOS[6] = 60
NOS[10] = 45

TCKS    283521
EVTS    22
NO      0.102
FWDS    0.000    0.001
BAKS    0.000    0.002

=== TOTAL=300, WAIT=30, LATENCY=100, EVENTS=5

TCKS    283521
EVTS    38
NO      0.000
FWDS    0.000    0.002
BAKS    0.000    0.014

=== TOTAL=300, WAIT=30, LATENCY=100, EVENTS=10

TCKS    283521
EVTS    64
NO      0.000
FWDS    0.000    0.000
BAKS    0.001    0.029

=== TOTAL=300, WAIT=30, LATENCY=100, EVENTS=25

NOS[1] = 9

TCKS    283521
EVTS    130
NO      0.002
FWDS    0.000    0.003
BAKS    0.003    0.083

=== TOTAL=300, WAIT=30, LATENCY=100, EVENTS=50

TCKS    283521
EVTS    248
NO      0.000
FWDS    0.000    0.001
BAKS    0.009    0.161

=== TOTAL=300, WAIT=30, LATENCY=100, EVENTS=100

TCKS    283521
EVTS    492
NO      0.000
FWDS    0.000    0.000
BAKS    0.023    0.515

=== TOTAL=300, WAIT=30, LATENCY=100, EVENTS=250

TCKS    283521
EVTS    1123
NO      0.000
FWDS    0.000    0.000
BAKS    0.075    1.815

=== TOTAL=300, WAIT=30, LATENCY=100, EVENTS=500

TCKS    283521
EVTS    1390
NO      0.000
FWDS    0.000    0.000
BAKS    0.111    3.353

=== TOTAL=300, WAIT=30, LATENCY=250, EVENTS=1

NOS[2] = 158
NOS[8] = 120
NOS[14] = 114

TCKS    283521
EVTS    22
NO      0.316
FWDS    0.000    0.003
BAKS    0.000    0.001

=== TOTAL=300, WAIT=30, LATENCY=250, EVENTS=5

NOS[2] = 300
NOS[8] = 300
NOS[14] = 285

TCKS    283521
EVTS    31
NO      0.745
FWDS    0.000    0.001
BAKS    0.000    0.021

=== TOTAL=300, WAIT=30, LATENCY=250, EVENTS=10

NOS[2] = 183
NOS[7] = 40
NOS[12] = 12

TCKS    283521
EVTS    70
NO      0.132
FWDS    0.000    0.006
BAKS    0.001    0.064

=== TOTAL=300, WAIT=30, LATENCY=250, EVENTS=25

NOS[2] = 163
NOS[6] = 20
NOS[10] = 1

TCKS    283521
EVTS    121
NO      0.092
FWDS    0.000    0.002
BAKS    0.004    0.237

=== TOTAL=300, WAIT=30, LATENCY=250, EVENTS=50

NOS[2] = 114
NOS[8] = 20
NOS[14] = 19

TCKS    283521
EVTS    252
NO      0.113
FWDS    0.000    0.002
BAKS    0.009    0.714

=== TOTAL=300, WAIT=30, LATENCY=250, EVENTS=100

ERR	18	(1226,-28,-1,0)	(1132,66,-1,0)

TCKS    283521
EVTS    463
NO      0.000
FWDS    0.000    0.000
BAKS    0.033    1.734

=== TOTAL=300, WAIT=30, LATENCY=250, EVENTS=250

TCKS    283521
EVTS    1021
NO      0.000
FWDS    0.000    0.000
BAKS    0.431    94.468

=== TOTAL=300, WAIT=30, LATENCY=250, EVENTS=500

ERR	1	(2192,178,1,0)	(2222,196,1,0)

NOS[2] = 140
NOS[8] = 80
NOS[14] = 342

TCKS    283521
EVTS    1420
NO      0.455
FWDS    0.000    0.000
BAKS    8.271    27134.770

=== TOTAL=300, WAIT=30, LATENCY=500, EVENTS=1

NOS[2] = 320
NOS[8] = 320
NOS[14] = 304

TCKS    283521
EVTS    24
NO      0.794
FWDS    0.000    0.002
BAKS    0.000    0.006

=== TOTAL=300, WAIT=30, LATENCY=500, EVENTS=5

NOS[2] = 340
NOS[8] = 140
NOS[14] = 95

TCKS    283521
EVTS    39
NO      0.386
FWDS    0.000    0.006
BAKS    0.001    0.096

=== TOTAL=300, WAIT=30, LATENCY=500, EVENTS=10

NOS[2] = 180
NOS[8] = 40
NOS[14] = 38

TCKS    283521
EVTS    68
NO      0.143
FWDS    0.000    0.005
BAKS    0.002    0.161

=== TOTAL=300, WAIT=30, LATENCY=500, EVENTS=25

NOS[2] = 220
NOS[8] = 80
NOS[14] = 76

TCKS    283521
EVTS    126
NO      0.266
FWDS    0.000    0.008
BAKS    0.005    0.621

=== TOTAL=300, WAIT=30, LATENCY=500, EVENTS=50

NOS[2] = 324
NOS[8] = 240
NOS[14] = 228

TCKS    283521
EVTS    242
NO      0.636
FWDS    0.000    0.004
BAKS    0.016    1.700

=== TOTAL=300, WAIT=30, LATENCY=500, EVENTS=100

NOS[2] = 98
NOS[8] = 20
NOS[14] = 19

TCKS    283521
EVTS    470
NO      0.091
FWDS    0.000    0.002
BAKS    0.077    12.923

=== TOTAL=300, WAIT=30, LATENCY=500, EVENTS=250

ERR	2	(456,2062,0,1)	(648,2062,0,1)

NOS[2] = 61
NOS[8] = 84
NOS[14] = 133

TCKS    283521
EVTS    1021
NO      0.229
FWDS    0.000    0.000
BAKS    2.608    10011.925

=== TOTAL=300, WAIT=30, LATENCY=500, EVENTS=500

ERR	1	(206,-1180,0,-1)	(152,-1018,0,-1)

NOS[2] = 142
NOS[8] = 171
NOS[14] = 306

TCKS    283521
EVTS    1797
NO      0.487
FWDS    0.000    0.000
BAKS    4.397    22015.069

=== TOTAL=300, WAIT=30, LATENCY=1000, EVENTS=1

NOS[2] = 300
NOS[8] = 280
NOS[14] = 266

TCKS    283521
EVTS    23
NO      0.718
FWDS    0.000    0.003
BAKS    0.000    0.183

=== TOTAL=300, WAIT=30, LATENCY=1000, EVENTS=5

NOS[2] = 240
NOS[8] = 220
NOS[14] = 209

TCKS    283521
EVTS    41
NO      0.558
FWDS    0.000    0.001
BAKS    0.005    4.827

=== TOTAL=300, WAIT=30, LATENCY=1000, EVENTS=10

NOS[2] = 280
NOS[8] = 124
NOS[14] = 76

TCKS    283521
EVTS    57
NO      0.437
FWDS    0.000    0.009
BAKS    0.003    1.363

=== TOTAL=300, WAIT=30, LATENCY=1000, EVENTS=25

ERR	1	(3160,-3396,0,0)	(3160,-2482,0,1)

NOS[2] = 233
NOS[8] = 100
NOS[14] = 95

TCKS    283521
EVTS    125
NO      0.318
FWDS    0.000    0.005
BAKS    0.009    3.557

=== TOTAL=300, WAIT=30, LATENCY=1000, EVENTS=50

ERR	2	(3146,134,0,-1)	(2870,410,0,-1)

NOS[2] = 340
NOS[8] = 340
NOS[14] = 304

TCKS    283521
EVTS    269
NO      0.827
FWDS    0.000    0.002
BAKS    0.071    36.994

=== TOTAL=300, WAIT=30, LATENCY=1000, EVENTS=100

ERR	1	(1596,-3066,0,0)	(1102,-3066,0,0)

NOS[2] = 200
NOS[8] = 200
NOS[14] = 190

TCKS    283521
EVTS    475
NO      0.495
FWDS    0.000    0.000
BAKS    0.587    1954.667

=== TOTAL=300, WAIT=30, LATENCY=1000, EVENTS=250

ERR	1	(1126,1212,1,0)	(862,558,0,-1)

NOS[2] = 303
NOS[8] = 291
NOS[14] = 247

TCKS    283521
EVTS    1088
NO      0.709
FWDS    0.000    0.000
BAKS    1.183    5659.042

=== TOTAL=300, WAIT=30, LATENCY=1000, EVENTS=500

ERR	1	(-1496,370,0,1)	(-1358,-638,0,0)

NOS[2] = 320
NOS[8] = 340
NOS[14] = 325

TCKS    283521
EVTS    1708
NO      0.822
FWDS    0.000    0.000
BAKS    1.902    10125.833

