=== TOTAL=300, WAIT=30, LATENCY=5, EVENTS=100

TCKS    283521
EVTS    466
NO      0.000
FWDS    0.000    0.000
BAKS    0.015    0.025

=== TOTAL=300, WAIT=30, LATENCY=25, EVENTS=100

TCKS    283521
EVTS    482
NO      0.000
FWDS    0.001    0.001
BAKS    0.015    0.074

=== TOTAL=300, WAIT=30, LATENCY=50, EVENTS=100

TCKS    283521
EVTS    500
NO      0.000
FWDS    0.001    0.001
BAKS    0.016    0.190

=== TOTAL=300, WAIT=30, LATENCY=100, EVENTS=100

TCKS    283521
EVTS    481
NO      0.000
FWDS    0.001    0.001
BAKS    0.021    0.359

=== TOTAL=300, WAIT=30, LATENCY=250, EVENTS=100

TCKS    283521
EVTS    493
NO      0.000
FWDS    0.001    0.002
BAKS    0.038    1.914

=== TOTAL=300, WAIT=30, LATENCY=500, EVENTS=100

TCKS    283521
EVTS    482
NO      0.312
FWDS    0.006    0.012
BAKS    0.085    14.061
