=== TOTAL=300, WAIT=30, LATENCY=5, EVENTS=1

NOS[2] = 320
NOS[8] = 320
NOS[14] = 304

TCKS    283521
EVTS    21
NO      0.794
FWDS    0.000    0.000
BAKS    0.000    0.000

=== TOTAL=300, WAIT=30, LATENCY=5, EVENTS=5

TCKS    283521
EVTS    35
NO      0.000
FWDS    0.002    0.003
BAKS    0.001    0.005

=== TOTAL=300, WAIT=30, LATENCY=5, EVENTS=10

NOS[2] = 280
NOS[3] = 192

TCKS    283521
EVTS    65
NO      0.111
FWDS    0.006    0.012
BAKS    0.001    0.015

=== TOTAL=300, WAIT=30, LATENCY=5, EVENTS=25

TCKS    283521
EVTS    128
NO      0.000
FWDS    0.002    0.004
BAKS    0.003    0.012

=== TOTAL=300, WAIT=30, LATENCY=5, EVENTS=50

TCKS    283521
EVTS    245
NO      0.000
FWDS    0.001    0.003
BAKS    0.008    0.016

=== TOTAL=300, WAIT=30, LATENCY=5, EVENTS=100

TCKS    283521
EVTS    477
NO      0.000
FWDS    0.001    0.001
BAKS    0.016    0.030

=== TOTAL=300, WAIT=30, LATENCY=5, EVENTS=250

TCKS    283521
EVTS    1047
NO      0.000
FWDS    0.000    0.000
BAKS    0.037    0.061

=== TOTAL=300, WAIT=30, LATENCY=5, EVENTS=500

TCKS    283521
EVTS    1636
NO      0.000
FWDS    0.000    0.000
BAKS    0.060    0.094

=== TOTAL=300, WAIT=30, LATENCY=25, EVENTS=1

NOS[2] = 320
NOS[8] = 320
NOS[14] = 304

TCKS    283521
EVTS    22
NO      0.794
FWDS    0.000    0.000
BAKS    0.000    0.009

=== TOTAL=300, WAIT=30, LATENCY=25, EVENTS=5

NOS[2] = 291
NOS[3] = 18

TCKS    283521
EVTS    42
NO      0.082
FWDS    0.009    0.019
BAKS    0.001    0.007

=== TOTAL=300, WAIT=30, LATENCY=25, EVENTS=10

NOS[2] = 180
NOS[3] = 167
NOS[4] = 64

TCKS    283521
EVTS    61
NO      0.091
FWDS    0.005    0.010
BAKS    0.001    0.016

=== TOTAL=300, WAIT=30, LATENCY=25, EVENTS=25

TCKS    283521
EVTS    131
NO      0.000
FWDS    0.003    0.005
BAKS    0.003    0.031

=== TOTAL=300, WAIT=30, LATENCY=25, EVENTS=50

TCKS    283521
EVTS    250
NO      0.000
FWDS    0.003    0.006
BAKS    0.006    0.054

=== TOTAL=300, WAIT=30, LATENCY=25, EVENTS=100

TCKS    283521
EVTS    469
NO      0.000
FWDS    0.001    0.001
BAKS    0.013    0.093

=== TOTAL=300, WAIT=30, LATENCY=25, EVENTS=250

TCKS    283521
EVTS    1087
NO      0.000
FWDS    0.000    0.000
BAKS    0.043    0.247

=== TOTAL=300, WAIT=30, LATENCY=25, EVENTS=500

TCKS    283521
EVTS    1447
NO      0.000
FWDS    0.000    0.000
BAKS    0.054    0.282

=== TOTAL=300, WAIT=30, LATENCY=50, EVENTS=1

NOS[2] = 320
NOS[8] = 320
NOS[14] = 304

TCKS    283521
EVTS    23
NO      0.794
FWDS    0.000    0.000
BAKS    0.000    0.006

=== TOTAL=300, WAIT=30, LATENCY=50, EVENTS=5

NOS[2] = 300
NOS[5] = 130

TCKS    283521
EVTS    32
NO      0.215
FWDS    0.005    0.009
BAKS    0.000    0.011

=== TOTAL=300, WAIT=30, LATENCY=50, EVENTS=10

TCKS    283521
EVTS    60
NO      0.000
FWDS    0.002    0.004
BAKS    0.001    0.015

=== TOTAL=300, WAIT=30, LATENCY=50, EVENTS=25

TCKS    283521
EVTS    140
NO      0.000
FWDS    0.004    0.007
BAKS    0.004    0.050

=== TOTAL=300, WAIT=30, LATENCY=50, EVENTS=50

TCKS    283521
EVTS    267
NO      0.000
FWDS    0.001    0.001
BAKS    0.007    0.097

=== TOTAL=300, WAIT=30, LATENCY=50, EVENTS=250

TCKS    283521
EVTS    1118
NO      0.000
FWDS    0.000    0.000
BAKS    0.053    0.583

=== TOTAL=300, WAIT=30, LATENCY=100, EVENTS=1

NOS[2] = 340
NOS[8] = 340
NOS[14] = 323

TCKS    283521
EVTS    24
NO      0.844
FWDS    0.003    0.006
BAKS    0.000    0.003

=== TOTAL=300, WAIT=30, LATENCY=100, EVENTS=5

NOS[2] = 260
NOS[4] = 166

TCKS    283521
EVTS    42
NO      0.149
FWDS    0.003    0.005
BAKS    0.001    0.027

=== TOTAL=300, WAIT=30, LATENCY=100, EVENTS=10

NOS[2] = 20
NOS[3] = 18

TCKS    283521
EVTS    58
NO      0.017
FWDS    0.004    0.007
BAKS    0.001    0.025

=== TOTAL=300, WAIT=30, LATENCY=100, EVENTS=25

NOS[2] = 380
NOS[3] = 284

TCKS    283521
EVTS    126
NO      0.154
FWDS    0.005    0.011
BAKS    0.003    0.087

=== TOTAL=300, WAIT=30, LATENCY=100, EVENTS=50

TCKS    283521
EVTS    244
NO      0.000
FWDS    0.002    0.004
BAKS    0.010    0.191

=== TOTAL=300, WAIT=30, LATENCY=100, EVENTS=100

TCKS    283521
EVTS    481
NO      0.000
FWDS    0.000    0.000
BAKS    0.021    0.403

=== TOTAL=300, WAIT=30, LATENCY=100, EVENTS=250

TCKS    283521
EVTS    927
NO      0.000
FWDS    0.000    0.000
BAKS    0.061    1.379

=== TOTAL=300, WAIT=30, LATENCY=100, EVENTS=500

TCKS    283521
EVTS    1649
NO      0.000
FWDS    0.001    0.001
BAKS    0.180    4.581

=== TOTAL=300, WAIT=30, LATENCY=250, EVENTS=1

NOS[2] = 380
NOS[8] = 380
NOS[14] = 361

TCKS    283521
EVTS    21
NO      0.943
FWDS    0.000    0.000
BAKS    0.000    0.000

=== TOTAL=300, WAIT=30, LATENCY=250, EVENTS=5

NOS[2] = 300
NOS[8] = 270
NOS[14] = 82

TCKS    283521
EVTS    36
NO      0.653
FWDS    0.006    0.012
BAKS    0.000    0.041

=== TOTAL=300, WAIT=30, LATENCY=250, EVENTS=10

NOS[2] = 140
NOS[3] = 13

TCKS    283521
EVTS    66
NO      0.040
FWDS    0.003    0.005
BAKS    0.001    0.067

=== TOTAL=300, WAIT=30, LATENCY=250, EVENTS=25

NOS[2] = 196
NOS[8] = 12

TCKS    283521
EVTS    127
NO      0.103
FWDS    0.002    0.005
BAKS    0.004    0.250

=== TOTAL=300, WAIT=30, LATENCY=250, EVENTS=50

NOS[2] = 21
NOS[3] = 13

TCKS    283521
EVTS    221
NO      0.012
FWDS    0.002    0.004
BAKS    0.009    0.450

=== TOTAL=300, WAIT=30, LATENCY=250, EVENTS=100

TCKS    283521
EVTS    472
NO      0.000
FWDS    0.001    0.001
BAKS    0.035    1.826

=== TOTAL=300, WAIT=30, LATENCY=500, EVENTS=1

NOS[2] = 260
NOS[8] = 260
NOS[14] = 171

TCKS    283521
EVTS    26
NO      0.596
FWDS    0.003    0.007
BAKS    0.000    0.028

=== TOTAL=300, WAIT=30, LATENCY=500, EVENTS=5

NOS[2] = 360
NOS[8] = 360
NOS[14] = 342

TCKS    283521
EVTS    37
NO      0.893
FWDS    0.004    0.007
BAKS    0.001    0.078

=== TOTAL=300, WAIT=30, LATENCY=500, EVENTS=10

NOS[2] = 220
NOS[8] = 80
NOS[13] = 4

TCKS    283521
EVTS    62
NO      0.252
FWDS    0.004    0.008
BAKS    0.002    0.130

=== TOTAL=300, WAIT=30, LATENCY=500, EVENTS=25

NOS[2] = 218
NOS[8] = 40
NOS[14] = 19

TCKS    283521
EVTS    137
NO      0.188
FWDS    0.003    0.005
BAKS    0.006    0.566

=== TOTAL=300, WAIT=30, LATENCY=500, EVENTS=50

NOS[2] = 66
NOS[8] = 3
NOS[14] = 57

TCKS    283521
EVTS    273
NO      0.079
FWDS    0.002    0.003
BAKS    0.022    2.294

=== TOTAL=300, WAIT=30, LATENCY=500, EVENTS=100

NOS[2] = 183
NOS[8] = 90
NOS[14] = 83

TCKS    283521
EVTS    484
NO      0.310
FWDS    0.004    0.008
BAKS    0.095    17.285

=== TOTAL=300, WAIT=30, LATENCY=1000, EVENTS=1

NOS[2] = 287
NOS[8] = 280
NOS[14] = 285

TCKS    283521
EVTS    24
NO      0.718
FWDS    0.000    0.001
BAKS    0.003    3.639

=== TOTAL=300, WAIT=30, LATENCY=1000, EVENTS=5

NOS[2] = 320
NOS[8] = 320
NOS[14] = 304

TCKS    283521
EVTS    36
NO      0.792
FWDS    0.002    0.005
BAKS    0.003    3.655

=== TOTAL=300, WAIT=30, LATENCY=1000, EVENTS=50

NOS[2] = 312
NOS[8] = 209
NOS[14] = 215

TCKS    283521
EVTS    262
NO      0.579
FWDS    0.005    0.009
BAKS    0.052    22.508

