=== TOTAL=300, WAIT=30, LATENCY=5, EVENTS=100

TCKS    283521
EVTS    468
NO      0.000
FWDS    0.001    0.001
BAKS    0.015    0.028

=== TOTAL=300, WAIT=30, LATENCY=25, EVENTS=100

TCKS    283521
EVTS    480
NO      0.000
FWDS    0.001    0.003
BAKS    0.016    0.097

=== TOTAL=300, WAIT=30, LATENCY=50, EVENTS=100

TCKS    283521
EVTS    468
NO      0.000
FWDS    0.003    0.006
BAKS    0.017    0.192

=== TOTAL=300, WAIT=30, LATENCY=100, EVENTS=100

TCKS    283521
EVTS    484
NO      0.000
FWDS    0.001    0.003
BAKS    0.021    0.418

=== TOTAL=300, WAIT=30, LATENCY=250, EVENTS=100

TCKS    283521
EVTS    493
NO      0.000
FWDS    0.001    0.002
BAKS    0.036    1.854

=== TOTAL=300, WAIT=30, LATENCY=500, EVENTS=100

TCKS    283521
EVTS    451
NO      0.326
FWDS    0.005    0.010
BAKS    0.070    10.307

=== TOTAL=300, WAIT=30, LATENCY=1000, EVENTS=100

