Error: Cannot delete qdisc with handle of zero.
=== LAT=5, MULT=5, EVTS=5


real	5m1,948s
user	0m31,314s
sys	0m47,781s
NOS[0] = 0
NOS[1] = 0
NOS[2] = 0
NOS[3] = 0
NOS[4] = 0
NOS[5] = 0
NOS[6] = 0
NOS[7] = 0
NOS[8] = 0
NOS[9] = 0
NOS[10] = 0
NOS[11] = 0
NOS[12] = 0
NOS[13] = 0
NOS[14] = 0
NOS[15] = 0

TCKS    283521
EVTS    34
NO      0.000
FWDS    0.000    0.000
BAKS    0.000    0.000

=== LAT=5, MULT=5, EVTS=10


real	5m0,320s
user	0m33,875s
sys	0m51,735s
NOS[0] = 0
NOS[1] = 0
NOS[2] = 0
NOS[3] = 0
NOS[4] = 0
NOS[5] = 0
NOS[6] = 0
NOS[7] = 0
NOS[8] = 0
NOS[9] = 0
NOS[10] = 0
NOS[11] = 0
NOS[12] = 0
NOS[13] = 0
NOS[14] = 0
NOS[15] = 0

TCKS    283521
EVTS    75
NO      0.000
FWDS    0.000    0.000
BAKS    0.000    0.000

=== LAT=5, MULT=5, EVTS=25


real	5m0,552s
user	0m36,465s
sys	0m52,750s
NOS[0] = 0
NOS[1] = 0
NOS[2] = 0
NOS[3] = 0
NOS[4] = 0
NOS[5] = 0
NOS[6] = 0
NOS[7] = 0
NOS[8] = 0
NOS[9] = 0
NOS[10] = 0
NOS[11] = 0
NOS[12] = 0
NOS[13] = 0
NOS[14] = 0
NOS[15] = 0

TCKS    283521
EVTS    140
NO      0.000
FWDS    0.000    0.000
BAKS    0.000    0.000

=== LAT=5, MULT=5, EVTS=50


real	5m0,202s
user	0m34,761s
sys	0m54,056s
NOS[0] = 0
NOS[1] = 0
NOS[2] = 0
NOS[3] = 0
NOS[4] = 0
NOS[5] = 0
NOS[6] = 0
NOS[7] = 0
NOS[8] = 0
NOS[9] = 0
NOS[10] = 0
NOS[11] = 0
NOS[12] = 0
NOS[13] = 0
NOS[14] = 0
NOS[15] = 0

TCKS    283521
EVTS    238
NO      0.000
FWDS    0.001    0.001
BAKS    0.000    0.000

=== LAT=5, MULT=5, EVTS=100


real	4m59,638s
user	0m33,291s
sys	0m49,867s
NOS[0] = 0
NOS[1] = 0
NOS[2] = 0
NOS[3] = 0
NOS[4] = 0
NOS[5] = 0
NOS[6] = 0
NOS[7] = 0
NOS[8] = 0
NOS[9] = 0
NOS[10] = 0
NOS[11] = 0
NOS[12] = 0
NOS[13] = 0
NOS[14] = 0
NOS[15] = 0

TCKS    283521
EVTS    454
NO      0.000
FWDS    0.001    0.001
BAKS    0.000    0.000

=== LAT=5, MULT=5, EVTS=200


real	5m1,397s
user	0m32,576s
sys	0m47,538s
NOS[0] = 0
NOS[1] = 0
NOS[2] = 0
NOS[3] = 0
NOS[4] = 0
NOS[5] = 0
NOS[6] = 0
NOS[7] = 0
NOS[8] = 0
NOS[9] = 0
NOS[10] = 0
NOS[11] = 0
NOS[12] = 0
NOS[13] = 0
NOS[14] = 0
NOS[15] = 0

TCKS    283521
EVTS    846
NO      0.000
FWDS    0.002    0.002
BAKS    0.001    0.001

=== LAT=5, MULT=2, EVTS=5


real	5m0,357s
user	0m32,408s
sys	0m49,614s
NOS[0] = 0
NOS[1] = 0
NOS[2] = 0
NOS[3] = 0
NOS[4] = 0
NOS[5] = 0
NOS[6] = 0
NOS[7] = 0
NOS[8] = 0
NOS[9] = 0
NOS[10] = 0
NOS[11] = 0
NOS[12] = 0
NOS[13] = 0
NOS[14] = 0
NOS[15] = 0

TCKS    283521
EVTS    35
NO      0.000
FWDS    0.000    0.000
BAKS    0.000    0.001

=== LAT=5, MULT=2, EVTS=10


real	5m0,462s
user	0m32,806s
sys	0m48,600s
NOS[0] = 0
NOS[1] = 0
NOS[2] = 0
NOS[3] = 0
NOS[4] = 0
NOS[5] = 0
NOS[6] = 0
NOS[7] = 0
NOS[8] = 0
NOS[9] = 0
NOS[10] = 0
NOS[11] = 0
NOS[12] = 0
NOS[13] = 0
NOS[14] = 0
NOS[15] = 0

TCKS    283521
EVTS    59
NO      0.000
FWDS    0.000    0.000
BAKS    0.001    0.002

=== LAT=5, MULT=2, EVTS=25


real	5m0,480s
user	0m32,848s
sys	0m48,903s
NOS[0] = 0
NOS[1] = 0
NOS[2] = 0
NOS[3] = 0
NOS[4] = 0
NOS[5] = 0
NOS[6] = 0
NOS[7] = 0
NOS[8] = 0
NOS[9] = 0
NOS[10] = 0
NOS[11] = 0
NOS[12] = 0
NOS[13] = 0
NOS[14] = 0
NOS[15] = 0

TCKS    283521
EVTS    133
NO      0.000
FWDS    0.000    0.000
BAKS    0.002    0.006

=== LAT=5, MULT=2, EVTS=50


real	4m59,880s
user	0m31,871s
sys	0m49,285s
NOS[0] = 0
NOS[1] = 0
NOS[2] = 0
NOS[3] = 0
NOS[4] = 0
NOS[5] = 0
NOS[6] = 0
NOS[7] = 0
NOS[8] = 0
NOS[9] = 0
NOS[10] = 0
NOS[11] = 0
NOS[12] = 0
NOS[13] = 0
NOS[14] = 0
NOS[15] = 0

TCKS    283521
EVTS    258
NO      0.000
FWDS    0.001    0.001
BAKS    0.006    0.011

=== LAT=5, MULT=2, EVTS=100


real	4m59,686s
user	0m31,163s
sys	0m48,637s
NOS[0] = 0
NOS[1] = 0
NOS[2] = 0
NOS[3] = 0
NOS[4] = 0
NOS[5] = 0
NOS[6] = 0
NOS[7] = 0
NOS[8] = 0
NOS[9] = 0
NOS[10] = 0
NOS[11] = 0
NOS[12] = 0
NOS[13] = 0
NOS[14] = 0
NOS[15] = 0

TCKS    283521
EVTS    456
NO      0.000
FWDS    0.001    0.001
BAKS    0.011    0.021

=== LAT=5, MULT=2, EVTS=200


real	5m0,004s
user	0m30,945s
sys	0m47,509s
NOS[0] = 0
NOS[1] = 0
NOS[2] = 0
NOS[3] = 0
NOS[4] = 0
NOS[5] = 0
NOS[6] = 0
NOS[7] = 0
NOS[8] = 0
NOS[9] = 0
NOS[10] = 0
NOS[11] = 0
NOS[12] = 0
NOS[13] = 0
NOS[14] = 0
NOS[15] = 0

TCKS    283521
EVTS    903
NO      0.000
FWDS    0.001    0.001
BAKS    0.022    0.039

=== LAT=5, MULT=1, EVTS=5


real	5m0,522s
user	0m32,520s
sys	0m49,720s
NOS[0] = 0
NOS[1] = 0
NOS[2] = 0
NOS[3] = 0
NOS[4] = 0
NOS[5] = 0
NOS[6] = 0
NOS[7] = 0
NOS[8] = 0
NOS[9] = 0
NOS[10] = 0
NOS[11] = 0
NOS[12] = 0
NOS[13] = 0
NOS[14] = 0
NOS[15] = 0

TCKS    283521
EVTS    46
NO      0.000
FWDS    0.000    0.000
BAKS    0.001    0.002

=== LAT=5, MULT=1, EVTS=10


real	5m0,398s
user	0m32,523s
sys	0m48,968s
NOS[0] = 0
NOS[1] = 0
NOS[2] = 0
NOS[3] = 0
NOS[4] = 0
NOS[5] = 0
NOS[6] = 0
NOS[7] = 0
NOS[8] = 0
NOS[9] = 0
NOS[10] = 0
NOS[11] = 0
NOS[12] = 0
NOS[13] = 0
NOS[14] = 0
NOS[15] = 0

TCKS    283521
EVTS    59
NO      0.000
FWDS    0.000    0.000
BAKS    0.002    0.004

=== LAT=5, MULT=1, EVTS=25


real	5m0,015s
user	0m31,968s
sys	0m50,082s
NOS[0] = 0
NOS[1] = 0
NOS[2] = 0
NOS[3] = 0
NOS[4] = 0
NOS[5] = 0
NOS[6] = 0
NOS[7] = 0
NOS[8] = 0
NOS[9] = 0
NOS[10] = 0
NOS[11] = 0
NOS[12] = 0
NOS[13] = 0
NOS[14] = 0
NOS[15] = 0

TCKS    283521
EVTS    127
NO      0.000
FWDS    0.000    0.000
BAKS    0.004    0.010

=== LAT=5, MULT=1, EVTS=50


real	5m0,618s
user	0m33,448s
sys	0m48,081s
NOS[0] = 0
NOS[1] = 0
NOS[2] = 0
NOS[3] = 0
NOS[4] = 0
NOS[5] = 0
NOS[6] = 0
NOS[7] = 0
NOS[8] = 0
NOS[9] = 0
NOS[10] = 0
NOS[11] = 0
NOS[12] = 0
NOS[13] = 0
NOS[14] = 0
NOS[15] = 0

TCKS    283521
EVTS    231
NO      0.000
FWDS    0.001    0.001
BAKS    0.008    0.017

=== LAT=5, MULT=1, EVTS=100


real	4m59,843s
user	0m32,174s
sys	0m48,183s
NOS[0] = 0
NOS[1] = 0
NOS[2] = 0
NOS[3] = 0
NOS[4] = 0
NOS[5] = 0
NOS[6] = 0
NOS[7] = 0
NOS[8] = 0
NOS[9] = 0
NOS[10] = 0
NOS[11] = 0
NOS[12] = 0
NOS[13] = 0
NOS[14] = 0
NOS[15] = 0

TCKS    283521
EVTS    466
NO      0.000
FWDS    0.001    0.001
BAKS    0.019    0.041

=== LAT=5, MULT=1, EVTS=200


real	5m0,440s
user	0m31,524s
sys	0m47,386s
NOS[0] = 0
NOS[1] = 0
NOS[2] = 0
NOS[3] = 0
NOS[4] = 0
NOS[5] = 0
NOS[6] = 0
NOS[7] = 0
NOS[8] = 0
NOS[9] = 0
NOS[10] = 0
NOS[11] = 0
NOS[12] = 0
NOS[13] = 0
NOS[14] = 0
NOS[15] = 0

TCKS    283521
EVTS    860
NO      0.000
FWDS    0.001    0.001
BAKS    0.036    0.074

=== LAT=25, MULT=5, EVTS=5


real	5m0,972s
user	0m30,686s
sys	0m47,672s
NOS[0] = 0
NOS[1] = 0
NOS[2] = 0
NOS[3] = 0
NOS[4] = 0
NOS[5] = 0
NOS[6] = 0
NOS[7] = 0
NOS[8] = 0
NOS[9] = 0
NOS[10] = 0
NOS[11] = 0
NOS[12] = 0
NOS[13] = 0
NOS[14] = 0
NOS[15] = 0

TCKS    283521
EVTS    40
NO      0.000
FWDS    0.000    0.002
BAKS    0.000    0.001

=== LAT=25, MULT=5, EVTS=10


real	5m0,596s
user	0m31,172s
sys	0m47,581s
NOS[0] = 0
NOS[1] = 0
NOS[2] = 0
NOS[3] = 0
NOS[4] = 0
NOS[5] = 0
NOS[6] = 0
NOS[7] = 0
NOS[8] = 0
NOS[9] = 0
NOS[10] = 0
NOS[11] = 0
NOS[12] = 0
NOS[13] = 0
NOS[14] = 0
NOS[15] = 0

TCKS    283521
EVTS    59
NO      0.000
FWDS    0.000    0.002
BAKS    0.000    0.001

=== LAT=25, MULT=5, EVTS=25


real	5m0,948s
user	0m31,116s
sys	0m46,931s
NOS[0] = 0
NOS[1] = 0
NOS[2] = 0
NOS[3] = 0
NOS[4] = 0
NOS[5] = 0
NOS[6] = 0
NOS[7] = 0
NOS[8] = 0
NOS[9] = 0
NOS[10] = 0
NOS[11] = 0
NOS[12] = 0
NOS[13] = 0
NOS[14] = 0
NOS[15] = 0

TCKS    283521
EVTS    128
NO      0.000
FWDS    0.000    0.001
BAKS    0.000    0.000

=== LAT=25, MULT=5, EVTS=50


real	5m1,180s
user	0m30,017s
sys	0m47,562s
NOS[0] = 0
NOS[1] = 0
NOS[2] = 0
NOS[3] = 0
NOS[4] = 0
NOS[5] = 0
NOS[6] = 0
NOS[7] = 0
NOS[8] = 0
NOS[9] = 0
NOS[10] = 0
NOS[11] = 0
NOS[12] = 0
NOS[13] = 0
NOS[14] = 0
NOS[15] = 0

TCKS    283521
EVTS    233
NO      0.000
FWDS    0.000    0.002
BAKS    0.000    0.001

=== LAT=25, MULT=5, EVTS=100


real	5m0,668s
user	0m29,674s
sys	0m44,685s
NOS[0] = 0
NOS[1] = 0
NOS[2] = 0
NOS[3] = 0
NOS[4] = 0
NOS[5] = 0
NOS[6] = 0
NOS[7] = 0
NOS[8] = 0
NOS[9] = 0
NOS[10] = 0
NOS[11] = 0
NOS[12] = 0
NOS[13] = 0
NOS[14] = 0
NOS[15] = 0

TCKS    283521
EVTS    462
NO      0.000
FWDS    0.000    0.000
BAKS    0.000    0.000

=== LAT=25, MULT=5, EVTS=200


real	5m0,699s
user	0m28,020s
sys	0m42,066s
NOS[0] = 0
NOS[1] = 0
NOS[2] = 0
NOS[3] = 0
NOS[4] = 0
NOS[5] = 0
NOS[6] = 0
NOS[7] = 0
NOS[8] = 0
NOS[9] = 0
NOS[10] = 0
NOS[11] = 0
NOS[12] = 0
NOS[13] = 0
NOS[14] = 0
NOS[15] = 0

TCKS    283521
EVTS    880
NO      0.000
FWDS    0.000    0.000
BAKS    0.001    0.002

=== LAT=25, MULT=2, EVTS=5


real	5m0,703s
user	0m30,944s
sys	0m47,984s
NOS[0] = 0
NOS[1] = 0
NOS[2] = 0
NOS[3] = 0
NOS[4] = 0
NOS[5] = 0
NOS[6] = 0
NOS[7] = 0
NOS[8] = 0
NOS[9] = 0
NOS[10] = 0
NOS[11] = 0
NOS[12] = 0
NOS[13] = 0
NOS[14] = 0
NOS[15] = 0

TCKS    283521
EVTS    38
NO      0.000
FWDS    0.000    0.000
BAKS    0.000    0.003

=== LAT=25, MULT=2, EVTS=10


real	5m1,316s
user	0m30,996s
sys	0m47,673s
NOS[0] = 0
NOS[1] = 0
NOS[2] = 0
NOS[3] = 0
NOS[4] = 0
NOS[5] = 0
NOS[6] = 0
NOS[7] = 0
NOS[8] = 0
NOS[9] = 0
NOS[10] = 0
NOS[11] = 0
NOS[12] = 0
NOS[13] = 0
NOS[14] = 0
NOS[15] = 0

TCKS    283521
EVTS    59
NO      0.000
FWDS    0.000    0.001
BAKS    0.001    0.005

=== LAT=25, MULT=2, EVTS=25


real	5m0,941s
user	0m30,317s
sys	0m47,201s
NOS[0] = 0
NOS[1] = 0
NOS[2] = 0
NOS[3] = 0
NOS[4] = 0
NOS[5] = 0
NOS[6] = 0
NOS[7] = 0
NOS[8] = 0
NOS[9] = 0
NOS[10] = 0
NOS[11] = 0
NOS[12] = 0
NOS[13] = 0
NOS[14] = 0
NOS[15] = 0

TCKS    283521
EVTS    134
NO      0.000
FWDS    0.000    0.000
BAKS    0.002    0.017

=== LAT=25, MULT=2, EVTS=50


real	5m0,939s
user	0m30,645s
sys	0m47,256s
NOS[0] = 0
NOS[1] = 0
NOS[2] = 0
NOS[3] = 0
NOS[4] = 0
NOS[5] = 0
NOS[6] = 0
NOS[7] = 0
NOS[8] = 0
NOS[9] = 0
NOS[10] = 0
NOS[11] = 0
NOS[12] = 0
NOS[13] = 0
NOS[14] = 0
NOS[15] = 0

TCKS    283521
EVTS    239
NO      0.000
FWDS    0.000    0.000
BAKS    0.004    0.021

=== LAT=25, MULT=2, EVTS=100


real	5m1,033s
user	0m30,423s
sys	0m44,627s
NOS[0] = 0
NOS[1] = 0
NOS[2] = 0
NOS[3] = 0
NOS[4] = 0
NOS[5] = 0
NOS[6] = 0
NOS[7] = 0
NOS[8] = 0
NOS[9] = 0
NOS[10] = 0
NOS[11] = 0
NOS[12] = 0
NOS[13] = 0
NOS[14] = 0
NOS[15] = 0

TCKS    283521
EVTS    475
NO      0.000
FWDS    0.000    0.000
BAKS    0.009    0.045

=== LAT=25, MULT=2, EVTS=200


real	5m0,770s
user	0m28,931s
sys	0m43,941s
NOS[0] = 0
NOS[1] = 0
NOS[2] = 0
NOS[3] = 0
NOS[4] = 0
NOS[5] = 0
NOS[6] = 0
NOS[7] = 0
NOS[8] = 0
NOS[9] = 0
NOS[10] = 0
NOS[11] = 0
NOS[12] = 0
NOS[13] = 0
NOS[14] = 0
NOS[15] = 0

TCKS    283521
EVTS    867
NO      0.000
FWDS    0.000    0.000
BAKS    0.018    0.096

=== LAT=25, MULT=1, EVTS=5


real	5m1,206s
user	0m32,567s
sys	0m48,661s
NOS[0] = 0
NOS[1] = 0
NOS[2] = 0
NOS[3] = 0
NOS[4] = 0
NOS[5] = 0
NOS[6] = 0
NOS[7] = 0
NOS[8] = 0
NOS[9] = 0
NOS[10] = 0
NOS[11] = 0
NOS[12] = 0
NOS[13] = 0
NOS[14] = 0
NOS[15] = 0

TCKS    283521
EVTS    33
NO      0.000
FWDS    0.000    0.000
BAKS    0.000    0.002

=== LAT=25, MULT=1, EVTS=10


real	5m0,713s
user	0m34,608s
sys	0m51,873s
NOS[0] = 0
NOS[1] = 0
NOS[2] = 0
NOS[3] = 0
NOS[4] = 0
NOS[5] = 0
NOS[6] = 0
NOS[7] = 0
NOS[8] = 0
NOS[9] = 0
NOS[10] = 0
NOS[11] = 0
NOS[12] = 0
NOS[13] = 0
NOS[14] = 0
NOS[15] = 0

TCKS    283521
EVTS    60
NO      0.000
FWDS    0.000    0.000
BAKS    0.001    0.010

=== LAT=25, MULT=1, EVTS=25


real	5m1,948s
user	0m32,247s
sys	0m48,904s
NOS[0] = 0
NOS[1] = 0
NOS[2] = 0
NOS[3] = 0
NOS[4] = 0
NOS[5] = 0
NOS[6] = 0
NOS[7] = 0
NOS[8] = 0
NOS[9] = 0
NOS[10] = 0
NOS[11] = 0
NOS[12] = 0
NOS[13] = 0
NOS[14] = 0
NOS[15] = 0

TCKS    283521
EVTS    132
NO      0.000
FWDS    0.000    0.000
BAKS    0.003    0.030

=== LAT=25, MULT=1, EVTS=50


real	5m0,643s
user	0m31,755s
sys	0m46,883s
NOS[0] = 0
NOS[1] = 0
NOS[2] = 0
NOS[3] = 0
NOS[4] = 0
NOS[5] = 0
NOS[6] = 0
NOS[7] = 0
NOS[8] = 0
NOS[9] = 0
NOS[10] = 0
NOS[11] = 0
NOS[12] = 0
NOS[13] = 0
NOS[14] = 0
NOS[15] = 0

TCKS    283521
EVTS    240
NO      0.000
FWDS    0.000    0.000
BAKS    0.009    0.062

=== LAT=25, MULT=1, EVTS=100


real	5m1,000s
user	0m30,800s
sys	0m45,158s
NOS[0] = 0
NOS[1] = 0
NOS[2] = 0
NOS[3] = 0
NOS[4] = 0
NOS[5] = 0
NOS[6] = 0
NOS[7] = 0
NOS[8] = 0
NOS[9] = 0
NOS[10] = 0
NOS[11] = 0
NOS[12] = 0
NOS[13] = 0
NOS[14] = 0
NOS[15] = 0

TCKS    283521
EVTS    465
NO      0.000
FWDS    0.000    0.000
BAKS    0.019    0.128

=== LAT=25, MULT=1, EVTS=200


real	5m1,664s
user	0m30,342s
sys	0m43,439s
NOS[0] = 0
NOS[1] = 0
NOS[2] = 0
NOS[3] = 0
NOS[4] = 0
NOS[5] = 0
NOS[6] = 0
NOS[7] = 0
NOS[8] = 0
NOS[9] = 0
NOS[10] = 0
NOS[11] = 0
NOS[12] = 0
NOS[13] = 0
NOS[14] = 0
NOS[15] = 0

TCKS    283521
EVTS    918
NO      0.000
FWDS    0.000    0.000
BAKS    0.042    0.271

=== LAT=50, MULT=5, EVTS=5


real	5m0,841s
user	0m31,623s
sys	0m47,091s
NOS[0] = 0
NOS[1] = 0
NOS[2] = 0
NOS[3] = 0
NOS[4] = 0
NOS[5] = 0
NOS[6] = 0
NOS[7] = 0
NOS[8] = 0
NOS[9] = 0
NOS[10] = 0
NOS[11] = 0
NOS[12] = 0
NOS[13] = 0
NOS[14] = 0
NOS[15] = 0

TCKS    283521
EVTS    32
NO      0.000
FWDS    0.000    0.002
BAKS    0.000    0.000

=== LAT=50, MULT=5, EVTS=10


real	5m1,462s
user	0m30,244s
sys	0m49,776s
NOS[0] = 0
NOS[1] = 0
NOS[2] = 0
NOS[3] = 0
NOS[4] = 0
NOS[5] = 0
NOS[6] = 0
NOS[7] = 0
NOS[8] = 0
NOS[9] = 0
NOS[10] = 0
NOS[11] = 0
NOS[12] = 0
NOS[13] = 0
NOS[14] = 0
NOS[15] = 0

TCKS    283521
EVTS    57
NO      0.000
FWDS    0.000    0.002
BAKS    0.000    0.000

=== LAT=50, MULT=5, EVTS=25


real	5m0,916s
user	0m32,714s
sys	0m48,104s
NOS[0] = 0
NOS[1] = 0
NOS[2] = 0
NOS[3] = 0
NOS[4] = 0
NOS[5] = 0
NOS[6] = 0
NOS[7] = 0
NOS[8] = 0
NOS[9] = 0
NOS[10] = 0
NOS[11] = 0
NOS[12] = 0
NOS[13] = 0
NOS[14] = 0
NOS[15] = 0

TCKS    283521
EVTS    127
NO      0.000
FWDS    0.000    0.001
BAKS    0.000    0.000

=== LAT=50, MULT=5, EVTS=50


real	5m0,990s
user	0m30,081s
sys	0m45,791s
NOS[0] = 0
NOS[1] = 0
NOS[2] = 0
NOS[3] = 0
NOS[4] = 0
NOS[5] = 0
NOS[6] = 0
NOS[7] = 0
NOS[8] = 0
NOS[9] = 0
NOS[10] = 0
NOS[11] = 0
NOS[12] = 0
NOS[13] = 0
NOS[14] = 0
NOS[15] = 0

TCKS    283521
EVTS    260
NO      0.000
FWDS    0.000    0.000
BAKS    0.000    0.000

=== LAT=50, MULT=5, EVTS=100


real	5m1,704s
user	0m28,304s
sys	0m40,693s
NOS[0] = 0
NOS[1] = 0
NOS[2] = 0
NOS[3] = 0
NOS[4] = 0
NOS[5] = 0
NOS[6] = 0
NOS[7] = 0
NOS[8] = 0
NOS[9] = 0
NOS[10] = 0
NOS[11] = 0
NOS[12] = 0
NOS[13] = 0
NOS[14] = 0
NOS[15] = 0

TCKS    283521
EVTS    446
NO      0.000
FWDS    0.000    0.000
BAKS    0.000    0.000

=== LAT=50, MULT=5, EVTS=200


real	5m0,968s
user	0m27,005s
sys	0m41,932s
NOS[0] = 0
NOS[1] = 0
NOS[2] = 0
NOS[3] = 0
NOS[4] = 0
NOS[5] = 0
NOS[6] = 0
NOS[7] = 0
NOS[8] = 0
NOS[9] = 0
NOS[10] = 0
NOS[11] = 0
NOS[12] = 0
NOS[13] = 0
NOS[14] = 0
NOS[15] = 0

TCKS    283521
EVTS    820
NO      0.000
FWDS    0.000    0.000
BAKS    0.000    0.000

=== LAT=50, MULT=2, EVTS=5


real	5m2,546s
user	0m32,436s
sys	0m48,554s
NOS[0] = 0
NOS[1] = 0
NOS[2] = 0
NOS[3] = 0
NOS[4] = 0
NOS[5] = 0
NOS[6] = 0
NOS[7] = 0
NOS[8] = 0
NOS[9] = 0
NOS[10] = 0
NOS[11] = 0
NOS[12] = 0
NOS[13] = 0
NOS[14] = 0
NOS[15] = 0

TCKS    283521
EVTS    38
NO      0.000
FWDS    0.000    0.000
BAKS    0.000    0.005

=== LAT=50, MULT=2, EVTS=10


real	5m1,250s
user	0m33,366s
sys	0m50,166s
NOS[0] = 0
NOS[1] = 0
NOS[2] = 0
NOS[3] = 0
NOS[4] = 0
NOS[5] = 0
NOS[6] = 0
NOS[7] = 0
NOS[8] = 0
NOS[9] = 0
NOS[10] = 0
NOS[11] = 0
NOS[12] = 0
NOS[13] = 0
NOS[14] = 0
NOS[15] = 0

TCKS    283521
EVTS    72
NO      0.000
FWDS    0.000    0.002
BAKS    0.001    0.011

=== LAT=50, MULT=2, EVTS=25


real	5m1,172s
user	0m31,786s
sys	0m47,786s
NOS[0] = 0
NOS[1] = 0
NOS[2] = 0
NOS[3] = 0
NOS[4] = 0
NOS[5] = 0
NOS[6] = 0
NOS[7] = 0
NOS[8] = 0
NOS[9] = 0
NOS[10] = 0
NOS[11] = 0
NOS[12] = 0
NOS[13] = 0
NOS[14] = 0
NOS[15] = 0

TCKS    283521
EVTS    120
NO      0.000
FWDS    0.000    0.000
BAKS    0.002    0.026

=== LAT=50, MULT=2, EVTS=50


real	5m1,516s
user	0m32,420s
sys	0m49,345s
NOS[0] = 0
NOS[1] = 0
NOS[2] = 0
NOS[3] = 0
NOS[4] = 0
NOS[5] = 0
NOS[6] = 0
NOS[7] = 0
NOS[8] = 0
NOS[9] = 0
NOS[10] = 0
NOS[11] = 0
NOS[12] = 0
NOS[13] = 0
NOS[14] = 0
NOS[15] = 0

TCKS    283521
EVTS    247
NO      0.000
FWDS    0.000    0.000
BAKS    0.004    0.049

=== LAT=50, MULT=2, EVTS=100


real	5m1,033s
user	0m30,025s
sys	0m45,429s
NOS[0] = 0
NOS[1] = 0
NOS[2] = 0
NOS[3] = 0
NOS[4] = 0
NOS[5] = 0
NOS[6] = 0
NOS[7] = 0
NOS[8] = 0
NOS[9] = 0
NOS[10] = 0
NOS[11] = 0
NOS[12] = 0
NOS[13] = 0
NOS[14] = 0
NOS[15] = 0

TCKS    283521
EVTS    426
NO      0.000
FWDS    0.000    0.000
BAKS    0.008    0.093

=== LAT=50, MULT=2, EVTS=200


real	5m1,258s
user	0m28,615s
sys	0m43,831s
NOS[0] = 0
NOS[1] = 0
NOS[2] = 0
NOS[3] = 0
NOS[4] = 0
NOS[5] = 0
NOS[6] = 0
NOS[7] = 0
NOS[8] = 0
NOS[9] = 0
NOS[10] = 0
NOS[11] = 0
NOS[12] = 0
NOS[13] = 0
NOS[14] = 0
NOS[15] = 0

TCKS    283521
EVTS    935
NO      0.000
FWDS    0.000    0.000
BAKS    0.024    0.234

=== LAT=50, MULT=1, EVTS=5


real	5m1,076s
user	0m33,603s
sys	0m50,418s
NOS[0] = 0
NOS[1] = 0
NOS[2] = 0
NOS[3] = 0
NOS[4] = 0
NOS[5] = 0
NOS[6] = 0
NOS[7] = 0
NOS[8] = 0
NOS[9] = 0
NOS[10] = 0
NOS[11] = 0
NOS[12] = 0
NOS[13] = 0
NOS[14] = 0
NOS[15] = 0

TCKS    283521
EVTS    35
NO      0.000
FWDS    0.000    0.000
BAKS    0.001    0.008

=== LAT=50, MULT=1, EVTS=10


real	5m1,095s
user	0m32,935s
sys	0m50,187s
NOS[0] = 0
NOS[1] = 0
NOS[2] = 0
NOS[3] = 0
NOS[4] = 0
NOS[5] = 0
NOS[6] = 0
NOS[7] = 0
NOS[8] = 0
NOS[9] = 0
NOS[10] = 0
NOS[11] = 0
NOS[12] = 0
NOS[13] = 0
NOS[14] = 0
NOS[15] = 0

TCKS    283521
EVTS    56
NO      0.000
FWDS    0.000    0.001
BAKS    0.001    0.017

=== LAT=50, MULT=1, EVTS=25


real	5m1,068s
user	0m32,770s
sys	0m50,268s
NOS[0] = 0
NOS[1] = 0
NOS[2] = 0
NOS[3] = 0
NOS[4] = 0
NOS[5] = 0
NOS[6] = 0
NOS[7] = 0
NOS[8] = 0
NOS[9] = 0
NOS[10] = 0
NOS[11] = 0
NOS[12] = 0
NOS[13] = 0
NOS[14] = 0
NOS[15] = 0

TCKS    283521
EVTS    130
NO      0.000
FWDS    0.000    0.000
BAKS    0.004    0.065

=== LAT=50, MULT=1, EVTS=50


real	5m1,282s
user	0m31,433s
sys	0m48,911s
NOS[0] = 0
NOS[1] = 0
NOS[2] = 0
NOS[3] = 0
NOS[4] = 0
NOS[5] = 0
NOS[6] = 0
NOS[7] = 0
NOS[8] = 0
NOS[9] = 0
NOS[10] = 0
NOS[11] = 0
NOS[12] = 0
NOS[13] = 0
NOS[14] = 0
NOS[15] = 0

TCKS    283521
EVTS    261
NO      0.000
FWDS    0.000    0.000
BAKS    0.008    0.169

=== LAT=50, MULT=1, EVTS=100


real	5m1,811s
user	0m30,930s
sys	0m47,172s
NOS[0] = 0
NOS[1] = 0
NOS[2] = 0
NOS[3] = 0
NOS[4] = 0
NOS[5] = 0
NOS[6] = 0
NOS[7] = 0
NOS[8] = 0
NOS[9] = 0
NOS[10] = 0
NOS[11] = 0
NOS[12] = 0
NOS[13] = 0
NOS[14] = 0
NOS[15] = 0

TCKS    283521
EVTS    480
NO      0.000
FWDS    0.000    0.000
BAKS    0.020    0.291

=== LAT=50, MULT=1, EVTS=200


real	5m1,391s
user	0m29,271s
sys	0m44,548s
NOS[0] = 0
NOS[1] = 0
NOS[2] = 0
NOS[3] = 0
NOS[4] = 0
NOS[5] = 0
NOS[6] = 0
NOS[7] = 0
NOS[8] = 0
NOS[9] = 0
NOS[10] = 0
NOS[11] = 0
NOS[12] = 0
NOS[13] = 0
NOS[14] = 0
NOS[15] = 0

TCKS    283521
EVTS    877
NO      0.000
FWDS    0.000    0.001
BAKS    0.048    0.724

=== LAT=100, MULT=5, EVTS=5


real	5m2,528s
user	0m31,929s
sys	0m50,334s
NOS[0] = 0
NOS[1] = 0
NOS[2] = 0
NOS[3] = 0
NOS[4] = 0
NOS[5] = 0
NOS[6] = 0
NOS[7] = 0
NOS[8] = 0
NOS[9] = 0
NOS[10] = 0
NOS[11] = 0
NOS[12] = 0
NOS[13] = 0
NOS[14] = 0
NOS[15] = 0

TCKS    283521
EVTS    37
NO      0.000
FWDS    0.000    0.001
BAKS    0.000    0.000

=== LAT=100, MULT=5, EVTS=10


real	5m2,111s
user	0m32,796s
sys	0m49,569s
NOS[0] = 0
NOS[1] = 57
NOS[2] = 0
NOS[3] = 0
NOS[4] = 0
NOS[5] = 0
NOS[6] = 0
NOS[7] = 0
NOS[8] = 0
NOS[9] = 0
NOS[10] = 0
NOS[11] = 0
NOS[12] = 0
NOS[13] = 0
NOS[14] = 0
NOS[15] = 0

TCKS    283521
EVTS    63
NO      0.010
FWDS    0.000    0.006
BAKS    0.000    0.001

=== LAT=100, MULT=5, EVTS=25


real	5m1,553s
user	0m31,238s
sys	0m49,758s
NOS[0] = 0
NOS[1] = 162
NOS[2] = 274
NOS[3] = 124
NOS[4] = 8
NOS[5] = 0
NOS[6] = 0
NOS[7] = 0
NOS[8] = 0
NOS[9] = 0
NOS[10] = 0
NOS[11] = 0
NOS[12] = 0
NOS[13] = 0
NOS[14] = 0
NOS[15] = 0

TCKS    283521
EVTS    125
NO      0.104
FWDS    0.000    0.008
BAKS    0.000    0.002

=== LAT=100, MULT=5, EVTS=50


real	5m1,629s
user	0m30,779s
sys	0m49,445s
NOS[0] = 0
NOS[1] = 0
NOS[2] = 0
NOS[3] = 0
NOS[4] = 0
NOS[5] = 0
NOS[6] = 0
NOS[7] = 0
NOS[8] = 0
NOS[9] = 0
NOS[10] = 0
NOS[11] = 0
NOS[12] = 0
NOS[13] = 0
NOS[14] = 0
NOS[15] = 0

TCKS    283521
EVTS    225
NO      0.000
FWDS    0.000    0.001
BAKS    0.000    0.000

=== LAT=100, MULT=5, EVTS=100


real	5m2,411s
user	0m29,506s
sys	0m47,344s
NOS[0] = 0
NOS[1] = 0
NOS[2] = 0
NOS[3] = 0
NOS[4] = 0
NOS[5] = 0
NOS[6] = 0
NOS[7] = 0
NOS[8] = 0
NOS[9] = 0
NOS[10] = 0
NOS[11] = 0
NOS[12] = 0
NOS[13] = 0
NOS[14] = 0
NOS[15] = 0

TCKS    283521
EVTS    473
NO      0.000
FWDS    0.000    0.000
BAKS    0.000    0.000

=== LAT=100, MULT=5, EVTS=200


real	5m2,195s
user	0m27,590s
sys	0m44,328s
NOS[0] = 0
NOS[1] = 0
NOS[2] = 0
NOS[3] = 0
NOS[4] = 0
NOS[5] = 0
NOS[6] = 0
NOS[7] = 0
NOS[8] = 0
NOS[9] = 0
NOS[10] = 0
NOS[11] = 0
NOS[12] = 0
NOS[13] = 0
NOS[14] = 0
NOS[15] = 0

TCKS    283521
EVTS    883
NO      0.000
FWDS    0.000    0.000
BAKS    0.002    0.016

=== LAT=100, MULT=2, EVTS=5


real	5m2,435s
user	0m32,798s
sys	0m49,820s
NOS[0] = 0
NOS[1] = 63
NOS[2] = 44
NOS[3] = 20
NOS[4] = 20
NOS[5] = 15
NOS[6] = 0
NOS[7] = 0
NOS[8] = 0
NOS[9] = 0
NOS[10] = 0
NOS[11] = 0
NOS[12] = 0
NOS[13] = 0
NOS[14] = 0
NOS[15] = 0

TCKS    283521
EVTS    38
NO      0.030
FWDS    0.000    0.002
BAKS    0.000    0.020

=== LAT=100, MULT=2, EVTS=10


real	5m2,268s
user	0m32,546s
sys	0m49,843s
NOS[0] = 0
NOS[1] = 0
NOS[2] = 0
NOS[3] = 0
NOS[4] = 0
NOS[5] = 0
NOS[6] = 0
NOS[7] = 0
NOS[8] = 0
NOS[9] = 0
NOS[10] = 0
NOS[11] = 0
NOS[12] = 0
NOS[13] = 0
NOS[14] = 0
NOS[15] = 0

TCKS    283521
EVTS    64
NO      0.000
FWDS    0.000    0.002
BAKS    0.001    0.023

=== LAT=100, MULT=2, EVTS=25


real	5m1,900s
user	0m31,708s
sys	0m49,134s
NOS[0] = 0
NOS[1] = 30
NOS[2] = 15
NOS[3] = 0
NOS[4] = 0
NOS[5] = 0
NOS[6] = 0
NOS[7] = 0
NOS[8] = 0
NOS[9] = 0
NOS[10] = 0
NOS[11] = 0
NOS[12] = 0
NOS[13] = 0
NOS[14] = 0
NOS[15] = 0

TCKS    283521
EVTS    127
NO      0.008
FWDS    0.000    0.003
BAKS    0.002    0.066

=== LAT=100, MULT=2, EVTS=50


real	5m1,584s
user	0m31,696s
sys	0m48,350s
NOS[0] = 0
NOS[1] = 0
NOS[2] = 0
NOS[3] = 0
NOS[4] = 0
NOS[5] = 0
NOS[6] = 0
NOS[7] = 0
NOS[8] = 0
NOS[9] = 0
NOS[10] = 0
NOS[11] = 0
NOS[12] = 0
NOS[13] = 0
NOS[14] = 0
NOS[15] = 0

TCKS    283521
EVTS    246
NO      0.000
FWDS    0.000    0.000
BAKS    0.006    0.100

=== LAT=100, MULT=2, EVTS=100


real	5m1,939s
user	0m29,942s
sys	0m46,685s
NOS[0] = 0
NOS[1] = 0
NOS[2] = 0
NOS[3] = 0
NOS[4] = 0
NOS[5] = 0
NOS[6] = 0
NOS[7] = 0
NOS[8] = 0
NOS[9] = 0
NOS[10] = 0
NOS[11] = 0
NOS[12] = 0
NOS[13] = 0
NOS[14] = 0
NOS[15] = 0

TCKS    283521
EVTS    489
NO      0.000
FWDS    0.000    0.000
BAKS    0.013    0.441

=== LAT=100, MULT=2, EVTS=200


real	5m1,744s
user	0m27,789s
sys	0m43,965s
NOS[0] = 0
NOS[1] = 0
NOS[2] = 0
NOS[3] = 0
NOS[4] = 0
NOS[5] = 0
NOS[6] = 0
NOS[7] = 0
NOS[8] = 0
NOS[9] = 0
NOS[10] = 0
NOS[11] = 0
NOS[12] = 0
NOS[13] = 0
NOS[14] = 0
NOS[15] = 0

TCKS    283521
EVTS    902
NO      0.000
FWDS    0.000    0.000
BAKS    0.029    0.471

=== LAT=100, MULT=1, EVTS=5


real	5m2,236s
user	0m32,422s
sys	0m51,250s
NOS[0] = 0
NOS[1] = 0
NOS[2] = 0
NOS[3] = 0
NOS[4] = 0
NOS[5] = 0
NOS[6] = 0
NOS[7] = 0
NOS[8] = 0
NOS[9] = 0
NOS[10] = 0
NOS[11] = 0
NOS[12] = 0
NOS[13] = 0
NOS[14] = 0
NOS[15] = 0

TCKS    283521
EVTS    33
NO      0.000
FWDS    0.000    0.001
BAKS    0.000    0.013

=== LAT=100, MULT=1, EVTS=10


real	5m2,197s
user	0m32,333s
sys	0m50,470s
NOS[0] = 0
NOS[1] = 0
NOS[2] = 0
NOS[3] = 0
NOS[4] = 0
NOS[5] = 0
NOS[6] = 0
NOS[7] = 0
NOS[8] = 0
NOS[9] = 0
NOS[10] = 0
NOS[11] = 0
NOS[12] = 0
NOS[13] = 0
NOS[14] = 0
NOS[15] = 0

TCKS    283521
EVTS    60
NO      0.000
FWDS    0.000    0.001
BAKS    0.001    0.049

=== LAT=100, MULT=1, EVTS=25


real	5m1,318s
user	0m30,328s
sys	0m45,958s
NOS[0] = 0
NOS[1] = 0
NOS[2] = 0
NOS[3] = 0
NOS[4] = 0
NOS[5] = 0
NOS[6] = 0
NOS[7] = 0
NOS[8] = 0
NOS[9] = 0
NOS[10] = 0
NOS[11] = 0
NOS[12] = 0
NOS[13] = 0
NOS[14] = 0
NOS[15] = 0

TCKS    283521
EVTS    130
NO      0.000
FWDS    0.000    0.002
BAKS    0.005    0.125

=== LAT=100, MULT=1, EVTS=50


real	5m2,335s
user	0m29,394s
sys	0m44,886s
NOS[0] = 0
NOS[1] = 0
NOS[2] = 0
NOS[3] = 0
NOS[4] = 0
NOS[5] = 0
NOS[6] = 0
NOS[7] = 0
NOS[8] = 0
NOS[9] = 0
NOS[10] = 0
NOS[11] = 0
NOS[12] = 0
NOS[13] = 0
NOS[14] = 0
NOS[15] = 0

TCKS    283521
EVTS    242
NO      0.000
FWDS    0.000    0.000
BAKS    0.010    0.270

=== LAT=100, MULT=1, EVTS=100


real	5m1,706s
user	0m28,052s
sys	0m43,735s
NOS[0] = 0
NOS[1] = 0
NOS[2] = 0
NOS[3] = 0
NOS[4] = 0
NOS[5] = 0
NOS[6] = 0
NOS[7] = 0
NOS[8] = 0
NOS[9] = 0
NOS[10] = 0
NOS[11] = 0
NOS[12] = 0
NOS[13] = 0
NOS[14] = 0
NOS[15] = 0

TCKS    283521
EVTS    471
NO      0.000
FWDS    0.000    0.000
BAKS    0.027    0.720

=== LAT=100, MULT=1, EVTS=200


real	5m1,784s
user	0m27,337s
sys	0m39,287s
NOS[0] = 0
NOS[1] = 0
NOS[2] = 0
NOS[3] = 0
NOS[4] = 0
NOS[5] = 0
NOS[6] = 0
NOS[7] = 0
NOS[8] = 0
NOS[9] = 0
NOS[10] = 0
NOS[11] = 0
NOS[12] = 0
NOS[13] = 0
NOS[14] = 0
NOS[15] = 0

TCKS    283521
EVTS    887
NO      0.000
FWDS    0.000    0.000
BAKS    0.059    1.637

=== LAT=250, MULT=5, EVTS=5


real	5m4,115s
user	0m30,226s
sys	0m45,180s
NOS[0] = 0
NOS[1] = 73
NOS[2] = 152
NOS[3] = 140
NOS[4] = 120
NOS[5] = 40
NOS[6] = 40
NOS[7] = 40
NOS[8] = 40
NOS[9] = 40
NOS[10] = 40
NOS[11] = 40
NOS[12] = 40
NOS[13] = 40
NOS[14] = 38
NOS[15] = 0

TCKS    283521
EVTS    40
NO      0.164
FWDS    0.000    0.001
BAKS    0.000    0.000

=== LAT=250, MULT=5, EVTS=10


real	5m4,613s
user	0m30,276s
sys	0m44,705s
NOS[0] = 0
NOS[1] = 90
NOS[2] = 182
NOS[3] = 160
NOS[4] = 160
NOS[5] = 160
NOS[6] = 160
NOS[7] = 160
NOS[8] = 136
NOS[9] = 126
NOS[10] = 120
NOS[11] = 120
NOS[12] = 116
NOS[13] = 100
NOS[14] = 95
NOS[15] = 0

TCKS    283521
EVTS    59
NO      0.348
FWDS    0.000    0.002
BAKS    0.000    0.000

=== LAT=250, MULT=5, EVTS=25


real	5m4,811s
user	0m29,240s
sys	0m43,737s
NOS[0] = 0
NOS[1] = 81
NOS[2] = 180
NOS[3] = 160
NOS[4] = 160
NOS[5] = 160
NOS[6] = 160
NOS[7] = 160
NOS[8] = 168
NOS[9] = 160
NOS[10] = 160
NOS[11] = 160
NOS[12] = 168
NOS[13] = 160
NOS[14] = 152
NOS[15] = 0

TCKS    283521
EVTS    141
NO      0.402
FWDS    0.000    0.001
BAKS    0.000    0.002

=== LAT=250, MULT=5, EVTS=50


real	5m3,791s
user	0m29,743s
sys	0m43,409s
NOS[0] = 0
NOS[1] = 52
NOS[2] = 60
NOS[3] = 60
NOS[4] = 60
NOS[5] = 50
NOS[6] = 40
NOS[7] = 42
NOS[8] = 40
NOS[9] = 40
NOS[10] = 42
NOS[11] = 40
NOS[12] = 40
NOS[13] = 40
NOS[14] = 38
NOS[15] = 0

TCKS    283521
EVTS    253
NO      0.118
FWDS    0.000    0.003
BAKS    0.000    0.000

=== LAT=250, MULT=5, EVTS=100


real	5m2,429s
user	0m28,208s
sys	0m45,043s
NOS[0] = 0
NOS[1] = 0
NOS[2] = 0
NOS[3] = 0
NOS[4] = 0
NOS[5] = 0
NOS[6] = 0
NOS[7] = 0
NOS[8] = 0
NOS[9] = 0
NOS[10] = 0
NOS[11] = 0
NOS[12] = 0
NOS[13] = 0
NOS[14] = 0
NOS[15] = 0

TCKS    283521
EVTS    479
NO      0.000
FWDS    0.000    0.000
BAKS    0.000    0.000

=== LAT=250, MULT=5, EVTS=200


real	5m5,288s
user	0m27,047s
sys	0m44,510s
NOS[0] = 0
NOS[1] = 122
NOS[2] = 242
NOS[3] = 242
NOS[4] = 242
NOS[5] = 242
NOS[6] = 227
NOS[7] = 210
NOS[8] = 200
NOS[9] = 210
NOS[10] = 210
NOS[11] = 220
NOS[12] = 200
NOS[13] = 220
NOS[14] = 200
NOS[15] = 0

TCKS    283521
EVTS    873
NO      0.515
FWDS    0.000    0.001
BAKS    0.004    0.147

=== LAT=250, MULT=2, EVTS=5


real	5m3,552s
user	0m32,583s
sys	0m50,098s
NOS[0] = 0
NOS[1] = 153
NOS[2] = 340
NOS[3] = 340
NOS[4] = 340
NOS[5] = 340
NOS[6] = 340
NOS[7] = 340
NOS[8] = 340
NOS[9] = 340
NOS[10] = 284
NOS[11] = 40
NOS[12] = 40
NOS[13] = 40
NOS[14] = 38
NOS[15] = 0

TCKS    283521
EVTS    42
NO      0.614
FWDS    0.000    0.006
BAKS    0.001    0.035

=== LAT=250, MULT=2, EVTS=10


real	5m4,053s
user	0m32,040s
sys	0m49,008s
NOS[0] = 0
NOS[1] = 45
NOS[2] = 100
NOS[3] = 100
NOS[4] = 76
NOS[5] = 12
NOS[6] = 0
NOS[7] = 0
NOS[8] = 0
NOS[9] = 0
NOS[10] = 0
NOS[11] = 0
NOS[12] = 0
NOS[13] = 0
NOS[14] = 0
NOS[15] = 0

TCKS    283521
EVTS    67
NO      0.061
FWDS    0.000    0.002
BAKS    0.001    0.058

=== LAT=250, MULT=2, EVTS=25


real	5m3,729s
user	0m31,520s
sys	0m49,117s
NOS[0] = 0
NOS[1] = 67
NOS[2] = 68
NOS[3] = 0
NOS[4] = 0
NOS[5] = 0
NOS[6] = 0
NOS[7] = 0
NOS[8] = 0
NOS[9] = 0
NOS[10] = 0
NOS[11] = 0
NOS[12] = 0
NOS[13] = 0
NOS[14] = 0
NOS[15] = 0

TCKS    283521
EVTS    132
NO      0.025
FWDS    0.000    0.003
BAKS    0.003    0.118

=== LAT=250, MULT=2, EVTS=50


real	5m4,460s
user	0m30,607s
sys	0m48,488s
NOS[0] = 0
NOS[1] = 90
NOS[2] = 196
NOS[3] = 180
NOS[4] = 189
NOS[5] = 180
NOS[6] = 180
NOS[7] = 186
NOS[8] = 180
NOS[9] = 186
NOS[10] = 189
NOS[11] = 180
NOS[12] = 180
NOS[13] = 180
NOS[14] = 171
NOS[15] = 0

TCKS    283521
EVTS    248
NO      0.453
FWDS    0.000    0.001
BAKS    0.009    0.825

=== LAT=250, MULT=2, EVTS=100


real	5m4,623s
user	0m29,525s
sys	0m45,800s
NOS[0] = 0
NOS[1] = 63
NOS[2] = 140
NOS[3] = 140
NOS[4] = 128
NOS[5] = 120
NOS[6] = 120
NOS[7] = 138
NOS[8] = 120
NOS[9] = 120
NOS[10] = 120
NOS[11] = 120
NOS[12] = 126
NOS[13] = 120
NOS[14] = 114
NOS[15] = 0

TCKS    283521
EVTS    481
NO      0.308
FWDS    0.000    0.000
BAKS    0.018    1.256

=== LAT=250, MULT=2, EVTS=200


real	5m3,805s
user	0m28,220s
sys	0m44,122s
ERR	10	(884,1280,1,0)	(880,1280,1,0)
ERR	11	(884,1280,1,0)	(880,1280,1,0)
ERR	12	(884,1280,1,0)	(880,1280,1,0)
ERR	13	(884,1280,1,0)	(880,1280,1,0)
ERR	14	(884,1280,1,0)	(880,1280,1,0)
ERR	15	(884,1280,1,0)	(880,1280,1,0)
ERR	16	(884,1280,1,0)	(880,1280,1,0)
ERR	17	(884,1280,1,0)	(880,1280,1,0)
ERR	18	(884,1280,1,0)	(880,1280,1,0)
ERR	19	(884,1280,1,0)	(880,1280,1,0)
ERR	20	(884,1280,1,0)	(880,1280,1,0)
NOS[0] = 0
NOS[1] = 45
NOS[2] = 100
NOS[3] = 105
NOS[4] = 100
NOS[5] = 100
NOS[6] = 90
NOS[7] = 49
NOS[8] = 30
NOS[9] = 21
NOS[10] = 1
NOS[11] = 0
NOS[12] = 0
NOS[13] = 0
NOS[14] = 0
NOS[15] = 0

TCKS    283521
EVTS    784
NO      0.116
FWDS    0.000    0.000
BAKS    0.037    2.148

=== LAT=250, MULT=1, EVTS=5


real	5m4,327s
user	0m32,045s
sys	0m50,434s
NOS[0] = 0
NOS[1] = 99
NOS[2] = 220
NOS[3] = 220
NOS[4] = 94
NOS[5] = 60
NOS[6] = 60
NOS[7] = 60
NOS[8] = 60
NOS[9] = 60
NOS[10] = 60
NOS[11] = 60
NOS[12] = 60
NOS[13] = 60
NOS[14] = 57
NOS[15] = 0

TCKS    283521
EVTS    40
NO      0.228
FWDS    0.000    0.003
BAKS    0.001    0.040

=== LAT=250, MULT=1, EVTS=10


real	5m4,050s
user	0m31,932s
sys	0m50,078s
NOS[0] = 0
NOS[1] = 81
NOS[2] = 172
NOS[3] = 100
NOS[4] = 100
NOS[5] = 100
NOS[6] = 100
NOS[7] = 92
NOS[8] = 80
NOS[9] = 80
NOS[10] = 80
NOS[11] = 80
NOS[12] = 20
NOS[13] = 0
NOS[14] = 0
NOS[15] = 0

TCKS    283521
EVTS    61
NO      0.201
FWDS    0.000    0.003
BAKS    0.002    0.125

=== LAT=250, MULT=1, EVTS=25


real	5m4,315s
user	0m31,531s
sys	0m49,492s
NOS[0] = 0
NOS[1] = 36
NOS[2] = 25
NOS[3] = 0
NOS[4] = 0
NOS[5] = 0
NOS[6] = 0
NOS[7] = 0
NOS[8] = 0
NOS[9] = 0
NOS[10] = 0
NOS[11] = 0
NOS[12] = 0
NOS[13] = 0
NOS[14] = 0
NOS[15] = 0

TCKS    283521
EVTS    130
NO      0.011
FWDS    0.000    0.003
BAKS    0.006    0.372

=== LAT=250, MULT=1, EVTS=50


real	5m2,587s
user	0m31,086s
sys	0m48,136s
NOS[0] = 0
NOS[1] = 36
NOS[2] = 27
NOS[3] = 0
NOS[4] = 0
NOS[5] = 0
NOS[6] = 0
NOS[7] = 0
NOS[8] = 0
NOS[9] = 0
NOS[10] = 0
NOS[11] = 0
NOS[12] = 0
NOS[13] = 0
NOS[14] = 0
NOS[15] = 0

TCKS    283521
EVTS    243
NO      0.012
FWDS    0.000    0.002
BAKS    0.013    0.882

=== LAT=250, MULT=1, EVTS=100


real	5m5,062s
user	0m29,690s
sys	0m45,753s
NOS[0] = 0
NOS[1] = 9
NOS[2] = 21
NOS[3] = 20
NOS[4] = 21
NOS[5] = 20
NOS[6] = 20
NOS[7] = 21
NOS[8] = 20
NOS[9] = 20
NOS[10] = 20
NOS[11] = 20
NOS[12] = 20
NOS[13] = 20
NOS[14] = 19
NOS[15] = 0

TCKS    283521
EVTS    500
NO      0.050
FWDS    0.000    0.000
BAKS    0.044    3.181

=== LAT=250, MULT=1, EVTS=200


real	5m2,936s
user	0m29,388s
sys	0m43,061s
NOS[0] = 0
NOS[1] = 0
NOS[2] = 0
NOS[3] = 0
NOS[4] = 0
NOS[5] = 0
NOS[6] = 0
NOS[7] = 0
NOS[8] = 0
NOS[9] = 0
NOS[10] = 0
NOS[11] = 0
NOS[12] = 0
NOS[13] = 0
NOS[14] = 0
NOS[15] = 0

TCKS    283521
EVTS    826
NO      0.000
FWDS    0.000    0.000
BAKS    0.092    5.237

=== LAT=500, MULT=5, EVTS=5


real	5m7,266s
user	0m32,017s
sys	0m50,692s
NOS[0] = 0
NOS[1] = 135
NOS[2] = 274
NOS[3] = 240
NOS[4] = 235
NOS[5] = 220
NOS[6] = 220
NOS[7] = 220
NOS[8] = 220
NOS[9] = 217
NOS[10] = 200
NOS[11] = 200
NOS[12] = 200
NOS[13] = 193
NOS[14] = 171
NOS[15] = 0

TCKS    283521
EVTS    38
NO      0.545
FWDS    0.000    0.005
BAKS    0.000    0.000

=== LAT=500, MULT=5, EVTS=10


real	5m8,648s
user	0m32,161s
sys	0m49,675s
NOS[0] = 0
NOS[1] = 162
NOS[2] = 360
NOS[3] = 360
NOS[4] = 360
NOS[5] = 360
NOS[6] = 360
NOS[7] = 360
NOS[8] = 360
NOS[9] = 360
NOS[10] = 227
NOS[11] = 220
NOS[12] = 187
NOS[13] = 180
NOS[14] = 171
NOS[15] = 0

TCKS    283521
EVTS    55
NO      0.746
FWDS    0.000    0.007
BAKS    0.000    0.001

=== LAT=500, MULT=5, EVTS=25


real	5m5,645s
user	0m31,634s
sys	0m49,008s
NOS[0] = 0
NOS[1] = 97
NOS[2] = 99
NOS[3] = 84
NOS[4] = 80
NOS[5] = 80
NOS[6] = 80
NOS[7] = 80
NOS[8] = 80
NOS[9] = 80
NOS[10] = 80
NOS[11] = 84
NOS[12] = 80
NOS[13] = 80
NOS[14] = 76
NOS[15] = 0

TCKS    283521
EVTS    139
NO      0.212
FWDS    0.000    0.003
BAKS    0.000    0.000

=== LAT=500, MULT=5, EVTS=50


real	5m4,977s
user	0m31,233s
sys	0m48,228s
NOS[0] = 0
NOS[1] = 45
NOS[2] = 100
NOS[3] = 100
NOS[4] = 110
NOS[5] = 110
NOS[6] = 95
NOS[7] = 80
NOS[8] = 80
NOS[9] = 80
NOS[10] = 80
NOS[11] = 80
NOS[12] = 84
NOS[13] = 80
NOS[14] = 84
NOS[15] = 0

TCKS    283521
EVTS    249
NO      0.217
FWDS    0.000    0.001
BAKS    0.000    0.000

=== LAT=500, MULT=5, EVTS=100


real	5m5,800s
user	0m30,400s
sys	0m48,206s
NOS[0] = 0
NOS[1] = 108
NOS[2] = 239
NOS[3] = 231
NOS[4] = 220
NOS[5] = 220
NOS[6] = 222
NOS[7] = 187
NOS[8] = 172
NOS[9] = 129
NOS[10] = 126
NOS[11] = 126
NOS[12] = 120
NOS[13] = 120
NOS[14] = 114
NOS[15] = 0

TCKS    283521
EVTS    463
NO      0.426
FWDS    0.000    0.001
BAKS    0.000    0.000

=== LAT=500, MULT=5, EVTS=200


real	5m6,137s
user	0m29,876s
sys	0m47,870s
NOS[0] = 0
NOS[1] = 73
NOS[2] = 138
NOS[3] = 132
NOS[4] = 120
NOS[5] = 132
NOS[6] = 126
NOS[7] = 126
NOS[8] = 132
NOS[9] = 138
NOS[10] = 126
NOS[11] = 120
NOS[12] = 150
NOS[13] = 126
NOS[14] = 114
NOS[15] = 0

TCKS    283521
EVTS    877
NO      0.300
FWDS    0.000    0.000
BAKS    0.000    0.000

=== LAT=500, MULT=2, EVTS=5


real	5m5,953s
user	0m32,508s
sys	0m49,796s
NOS[0] = 0
NOS[1] = 135
NOS[2] = 300
NOS[3] = 300
NOS[4] = 300
NOS[5] = 300
NOS[6] = 300
NOS[7] = 300
NOS[8] = 300
NOS[9] = 300
NOS[10] = 300
NOS[11] = 300
NOS[12] = 300
NOS[13] = 289
NOS[14] = 247
NOS[15] = 0

TCKS    283521
EVTS    39
NO      0.735
FWDS    0.000    0.003
BAKS    0.000    0.035

=== LAT=500, MULT=2, EVTS=10


real	5m6,334s
user	0m31,538s
sys	0m49,787s
NOS[0] = 0
NOS[1] = 144
NOS[2] = 320
NOS[3] = 320
NOS[4] = 320
NOS[5] = 320
NOS[6] = 320
NOS[7] = 320
NOS[8] = 320
NOS[9] = 320
NOS[10] = 289
NOS[11] = 200
NOS[12] = 200
NOS[13] = 200
NOS[14] = 190
NOS[15] = 0

TCKS    283521
EVTS    63
NO      0.701
FWDS    0.000    0.006
BAKS    0.001    0.108

=== LAT=500, MULT=2, EVTS=25


real	5m5,321s
user	0m31,738s
sys	0m48,532s
NOS[0] = 0
NOS[1] = 153
NOS[2] = 340
NOS[3] = 340
NOS[4] = 340
NOS[5] = 172
NOS[6] = 160
NOS[7] = 153
NOS[8] = 124
NOS[9] = 126
NOS[10] = 120
NOS[11] = 120
NOS[12] = 120
NOS[13] = 120
NOS[14] = 114
NOS[15] = 0

TCKS    283521
EVTS    140
NO      0.462
FWDS    0.000    0.006
BAKS    0.003    0.226

=== LAT=500, MULT=2, EVTS=50


real	5m6,405s
user	0m30,978s
sys	0m48,587s
NOS[0] = 0
NOS[1] = 117
NOS[2] = 243
NOS[3] = 240
NOS[4] = 240
NOS[5] = 240
NOS[6] = 240
NOS[7] = 240
NOS[8] = 240
NOS[9] = 240
NOS[10] = 240
NOS[11] = 240
NOS[12] = 240
NOS[13] = 240
NOS[14] = 228
NOS[15] = 0

TCKS    283521
EVTS    249
NO      0.598
FWDS    0.000    0.001
BAKS    0.007    0.711

=== LAT=500, MULT=2, EVTS=100


real	5m6,516s
user	0m30,480s
sys	0m47,409s
NOS[0] = 0
NOS[1] = 100
NOS[2] = 200
NOS[3] = 180
NOS[4] = 180
NOS[5] = 180
NOS[6] = 189
NOS[7] = 196
NOS[8] = 196
NOS[9] = 189
NOS[10] = 180
NOS[11] = 188
NOS[12] = 189
NOS[13] = 196
NOS[14] = 171
NOS[15] = 0

TCKS    283521
EVTS    473
NO      0.457
FWDS    0.000    0.001
BAKS    0.024    2.092

=== LAT=500, MULT=2, EVTS=200


real	5m7,458s
user	0m31,513s
sys	0m47,655s
NOS[0] = 0
NOS[1] = 99
NOS[2] = 231
NOS[3] = 220
NOS[4] = 220
NOS[5] = 234
NOS[6] = 200
NOS[7] = 210
NOS[8] = 200
NOS[9] = 219
NOS[10] = 200
NOS[11] = 229
NOS[12] = 220
NOS[13] = 220
NOS[14] = 200
NOS[15] = 0

TCKS    283521
EVTS    798
NO      0.516
FWDS    0.000    0.002
BAKS    0.068    8.537

=== LAT=500, MULT=1, EVTS=5


real	5m6,947s
user	0m32,226s
sys	0m50,378s
NOS[0] = 0
NOS[1] = 162
NOS[2] = 360
NOS[3] = 360
NOS[4] = 360
NOS[5] = 360
NOS[6] = 360
NOS[7] = 360
NOS[8] = 360
NOS[9] = 360
NOS[10] = 360
NOS[11] = 360
NOS[12] = 359
NOS[13] = 301
NOS[14] = 285
NOS[15] = 0

TCKS    283521
EVTS    34
NO      0.872
FWDS    0.000    0.003
BAKS    0.001    0.066

=== LAT=500, MULT=1, EVTS=10


real	5m5,908s
user	0m31,978s
sys	0m50,011s
NOS[0] = 0
NOS[1] = 135
NOS[2] = 300
NOS[3] = 300
NOS[4] = 300
NOS[5] = 300
NOS[6] = 299
NOS[7] = 222
NOS[8] = 220
NOS[9] = 220
NOS[10] = 206
NOS[11] = 200
NOS[12] = 200
NOS[13] = 210
NOS[14] = 190
NOS[15] = 0

TCKS    283521
EVTS    64
NO      0.610
FWDS    0.000    0.004
BAKS    0.002    0.265

=== LAT=500, MULT=1, EVTS=25


real	5m5,550s
user	0m31,745s
sys	0m48,531s
NOS[0] = 0
NOS[1] = 180
NOS[2] = 400
NOS[3] = 394
NOS[4] = 340
NOS[5] = 340
NOS[6] = 351
NOS[7] = 340
NOS[8] = 340
NOS[9] = 340
NOS[10] = 340
NOS[11] = 340
NOS[12] = 340
NOS[13] = 340
NOS[14] = 323
NOS[15] = 0

TCKS    283521
EVTS    133
NO      0.870
FWDS    0.000    0.007
BAKS    0.007    0.965

=== LAT=500, MULT=1, EVTS=50


real	5m5,622s
user	0m30,298s
sys	0m49,087s
NOS[0] = 0
NOS[1] = 28
NOS[2] = 63
NOS[3] = 60
NOS[4] = 60
NOS[5] = 60
NOS[6] = 63
NOS[7] = 63
NOS[8] = 60
NOS[9] = 60
NOS[10] = 60
NOS[11] = 60
NOS[12] = 63
NOS[13] = 60
NOS[14] = 57
NOS[15] = 0

TCKS    283521
EVTS    249
NO      0.150
FWDS    0.000    0.000
BAKS    0.020    2.439

=== LAT=500, MULT=1, EVTS=100


real	5m7,484s
user	0m31,448s
sys	0m47,483s
NOS[0] = 0
NOS[1] = 72
NOS[2] = 160
NOS[3] = 168
NOS[4] = 172
NOS[5] = 164
NOS[6] = 160
NOS[7] = 163
NOS[8] = 163
NOS[9] = 160
NOS[10] = 160
NOS[11] = 147
NOS[12] = 111
NOS[13] = 85
NOS[14] = 59
NOS[15] = 0

TCKS    283521
EVTS    448
NO      0.351
FWDS    0.000    0.001
BAKS    0.052    6.813

=== LAT=500, MULT=1, EVTS=200


real	5m5,462s
user	0m33,260s
sys	0m46,597s
NOS[0] = 0
NOS[1] = 118
NOS[2] = 255
NOS[3] = 218
NOS[4] = 214
NOS[5] = 218
NOS[6] = 200
NOS[7] = 206
NOS[8] = 200
NOS[9] = 209
NOS[10] = 213
NOS[11] = 209
NOS[12] = 227
NOS[13] = 209
NOS[14] = 190
NOS[15] = 0

TCKS    283521
EVTS    929
NO      0.512
FWDS    0.000    0.001
BAKS    0.140    17.176

