=== TOTAL=300, WAIT=30, LATENCY=5, EVENTS=1

NOS[2] = 380
NOS[8] = 380
NOS[14] = 361

TCKS    283521
EVTS    23
NO      0.943
FWDS    0.000    0.000
BAKS    0.000    0.000

=== TOTAL=300, WAIT=30, LATENCY=5, EVENTS=5

NOS[1] = 48

TCKS    283521
EVTS    38
NO      0.009
FWDS    0.000    0.000
BAKS    0.001    0.001

=== TOTAL=300, WAIT=30, LATENCY=5, EVENTS=10

NOS[2] = 340
NOS[3] = 155

TCKS    283521
EVTS    59
NO      0.120
FWDS    0.000    0.000
BAKS    0.001    0.014

=== TOTAL=300, WAIT=30, LATENCY=5, EVENTS=25

TCKS    283521
EVTS    140
NO      0.000
FWDS    0.000    0.000
BAKS    0.004    0.008

=== TOTAL=300, WAIT=30, LATENCY=5, EVENTS=50

TCKS    283521
EVTS    246
NO      0.000
FWDS    0.001    0.001
BAKS    0.008    0.016

=== TOTAL=300, WAIT=30, LATENCY=5, EVENTS=100

TCKS    283521
EVTS    486
NO      0.000
FWDS    0.001    0.001
BAKS    0.016    0.032

=== TOTAL=300, WAIT=30, LATENCY=5, EVENTS=250

TCKS    283521
EVTS    1074
NO      0.000
FWDS    0.002    0.002
BAKS    0.038    0.069

=== TOTAL=300, WAIT=30, LATENCY=5, EVENTS=500

TCKS    283521
EVTS    1466
NO      0.000
FWDS    0.001    0.001
BAKS    0.045    0.067

=== TOTAL=300, WAIT=30, LATENCY=25, EVENTS=1

NOS[2] = 260
NOS[3] = 13

TCKS    283521
EVTS    25
NO      0.072
FWDS    0.000    0.000
BAKS    0.000    0.004

=== TOTAL=300, WAIT=30, LATENCY=25, EVENTS=5

NOS[1] = 144
NOS[2] = 64

TCKS    283521
EVTS    38
NO      0.039
FWDS    0.000    0.000
BAKS    0.000    0.016

=== TOTAL=300, WAIT=30, LATENCY=25, EVENTS=10

NOS[1] = 162
NOS[2] = 360
NOS[3] = 18

TCKS    283521
EVTS    64
NO      0.100
FWDS    0.000    0.000
BAKS    0.001    0.015

=== TOTAL=300, WAIT=30, LATENCY=25, EVENTS=25

TCKS    283521
EVTS    130
NO      0.000
FWDS    0.000    0.000
BAKS    0.003    0.025

=== TOTAL=300, WAIT=30, LATENCY=25, EVENTS=50

TCKS    283521
EVTS    234
NO      0.000
FWDS    0.000    0.000
BAKS    0.005    0.042

=== TOTAL=300, WAIT=30, LATENCY=25, EVENTS=100

TCKS    283521
EVTS    468
NO      0.000
FWDS    0.000    0.000
BAKS    0.013    0.077

=== TOTAL=300, WAIT=30, LATENCY=25, EVENTS=250

TCKS    283521
EVTS    1091
NO      0.000
FWDS    0.000    0.000
BAKS    0.036    0.210

=== TOTAL=300, WAIT=30, LATENCY=25, EVENTS=500

TCKS    283521
EVTS    1540
NO      0.000
FWDS    0.000    0.000
BAKS    0.058    0.300

=== TOTAL=300, WAIT=30, LATENCY=50, EVENTS=1

NOS[2] = 340
NOS[6] = 280

TCKS    283521
EVTS    26
NO      0.332
FWDS    0.000    0.000
BAKS    0.000    0.023

=== TOTAL=300, WAIT=30, LATENCY=50, EVENTS=5

TCKS    283521
EVTS    39
NO      0.000
FWDS    0.000    0.000
BAKS    0.001    0.014

=== TOTAL=300, WAIT=30, LATENCY=50, EVENTS=10

NOS[1] = 168
NOS[2] = 324

TCKS    283521
EVTS    57
NO      0.091
FWDS    0.000    0.000
BAKS    0.001    0.024

=== TOTAL=300, WAIT=30, LATENCY=50, EVENTS=25

TCKS    283521
EVTS    126
NO      0.000
FWDS    0.000    0.000
BAKS    0.002    0.039

=== TOTAL=300, WAIT=30, LATENCY=50, EVENTS=50

TCKS    283521
EVTS    244
NO      0.000
FWDS    0.000    0.000
BAKS    0.008    0.067

=== TOTAL=300, WAIT=30, LATENCY=50, EVENTS=100

TCKS    283521
EVTS    494
NO      0.000
FWDS    0.000    0.000
BAKS    0.014    0.181

=== TOTAL=300, WAIT=30, LATENCY=50, EVENTS=250

TCKS    283521
EVTS    1171
NO      0.000
FWDS    0.000    0.000
BAKS    0.048    0.663

=== TOTAL=300, WAIT=30, LATENCY=50, EVENTS=500

TCKS    283521
EVTS    1430
NO      0.000
FWDS    0.000    0.000
BAKS    0.063    0.698

=== TOTAL=300, WAIT=30, LATENCY=100, EVENTS=1

NOS[2] = 360
NOS[8] = 360
NOS[14] = 342

TCKS    283521
EVTS    22
NO      0.893
FWDS    0.000    0.000
BAKS    0.000    0.003

=== TOTAL=300, WAIT=30, LATENCY=100, EVENTS=5

NOS[2] = 293
NOS[5] = 40
NOS[6] = 1

TCKS    283521
EVTS    38
NO      0.102
FWDS    0.000    0.000
BAKS    0.001    0.024

=== TOTAL=300, WAIT=30, LATENCY=100, EVENTS=10

TCKS    283521
EVTS    59
NO      0.000
FWDS    0.000    0.000
BAKS    0.001    0.021

=== TOTAL=300, WAIT=30, LATENCY=100, EVENTS=25

TCKS    283521
EVTS    132
NO      0.000
FWDS    0.000    0.000
BAKS    0.003    0.091

=== TOTAL=300, WAIT=30, LATENCY=100, EVENTS=50

TCKS    283521
EVTS    268
NO      0.000
FWDS    0.000    0.000
BAKS    0.009    0.160

=== TOTAL=300, WAIT=30, LATENCY=100, EVENTS=100

TCKS    283521
EVTS    495
NO      0.000
FWDS    0.000    0.000
BAKS    0.020    0.486

=== TOTAL=300, WAIT=30, LATENCY=100, EVENTS=250

TCKS    283521
EVTS    1029
NO      0.000
FWDS    0.000    0.000
BAKS    0.056    1.753

=== TOTAL=300, WAIT=30, LATENCY=100, EVENTS=500

TCKS    283521
EVTS    1771
NO      0.000
FWDS    0.000    0.000
BAKS    0.690    161.044

=== TOTAL=300, WAIT=30, LATENCY=250, EVENTS=1

NOS[2] = 240
NOS[8] = 240
NOS[14] = 228

TCKS    283521
EVTS    22
NO      0.596
FWDS    0.000    0.000
BAKS    0.000    0.009

=== TOTAL=300, WAIT=30, LATENCY=250, EVENTS=5

NOS[2] = 320
NOS[8] = 202
NOS[9] = 9

TCKS    283521
EVTS    37
NO      0.421
FWDS    0.000    0.000
BAKS    0.000    0.034

=== TOTAL=300, WAIT=30, LATENCY=250, EVENTS=10

NOS[2] = 160
NOS[7] = 20
NOS[11] = 2

TCKS    283521
EVTS    63
NO      0.091
FWDS    0.000    0.000
BAKS    0.001    0.079

=== TOTAL=300, WAIT=30, LATENCY=250, EVENTS=25

TCKS    283521
EVTS    132
NO      0.000
FWDS    0.000    0.000
BAKS    0.004    0.169

=== TOTAL=300, WAIT=30, LATENCY=250, EVENTS=50

TCKS    283521
EVTS    249
NO      0.000
FWDS    0.000    0.000
BAKS    0.011    0.473

=== TOTAL=300, WAIT=30, LATENCY=250, EVENTS=100

NOS[2] = 21
NOS[8] = 20
NOS[14] = 19

TCKS    283521
EVTS    469
NO      0.051
FWDS    0.000    0.000
BAKS    0.031    2.049

=== TOTAL=300, WAIT=30, LATENCY=500, EVENTS=1

NOS[2] = 360
NOS[8] = 360
NOS[14] = 342

TCKS    283521
EVTS    23
NO      0.893
FWDS    0.000    0.000
BAKS    0.000    0.017

=== TOTAL=300, WAIT=30, LATENCY=1000, EVENTS=1

NOS[2] = 340
NOS[8] = 340
NOS[14] = 323

TCKS    283521
EVTS    28
NO      0.844
FWDS    0.000    0.000
BAKS    0.001    0.497

=== TOTAL=300, WAIT=30, LATENCY=1000, EVENTS=5

NOS[2] = 240
NOS[8] = 220
NOS[14] = 209

TCKS    283521
EVTS    38
NO      0.556
FWDS    0.000    0.000
BAKS    0.002    2.163

=== TOTAL=300, WAIT=30, LATENCY=1000, EVENTS=10

NOS[2] = 280
NOS[8] = 140
NOS[14] = 95

TCKS    283521
EVTS    59
NO      0.414
FWDS    0.000    0.000
BAKS    0.004    2.757

=== TOTAL=300, WAIT=30, LATENCY=1000, EVENTS=25

NOS[2] = 340
NOS[8] = 277
NOS[14] = 247

TCKS    283521
EVTS    127
NO      0.730
FWDS    0.000    0.000
BAKS    0.010    4.684

=== TOTAL=300, WAIT=30, LATENCY=1000, EVENTS=50

NOS[2] = 250
NOS[8] = 140
NOS[14] = 114

TCKS    283521
EVTS    259
NO      0.401
FWDS    0.000    0.000
BAKS    0.058    27.228
