=== TOTAL=300, WAIT=30, LATENCY=5, EVENTS=1

NOS[0] = 0
NOS[1] = 135
NOS[2] = 300
NOS[3] = 300
NOS[4] = 300
NOS[5] = 300
NOS[6] = 267
NOS[7] = 240
NOS[8] = 240
NOS[9] = 241
NOS[10] = 240
NOS[11] = 240
NOS[12] = 240
NOS[13] = 240
NOS[14] = 228
NOS[15] = 0

TCKS    283521
EVTS    27
NO      0.650
FWDS    0.000    0.000
BAKS    0.000    0.009

=== TOTAL=300, WAIT=30, LATENCY=5, EVENTS=5

NOS[0] = 0
NOS[1] = 153
NOS[2] = 340
NOS[3] = 340
NOS[4] = 340
NOS[5] = 340
NOS[6] = 335
NOS[7] = 320
NOS[8] = 320
NOS[9] = 320
NOS[10] = 320
NOS[11] = 224
NOS[12] = 220
NOS[13] = 220
NOS[14] = 209
NOS[15] = 0

TCKS    283521
EVTS    39
NO      0.741
FWDS    0.000    0.000
BAKS    0.000    0.002

=== TOTAL=300, WAIT=30, LATENCY=5, EVENTS=10

NOS[0] = 0
NOS[1] = 162
NOS[2] = 361
NOS[3] = 306
NOS[4] = 240
NOS[5] = 240
NOS[6] = 240
NOS[7] = 155
NOS[8] = 140
NOS[9] = 140
NOS[10] = 140
NOS[11] = 140
NOS[12] = 140
NOS[13] = 140
NOS[14] = 133
NOS[15] = 0

TCKS    283521
EVTS    70
NO      0.496
FWDS    0.000    0.000
BAKS    0.000    0.019

=== TOTAL=300, WAIT=30, LATENCY=5, EVENTS=25

NOS[0] = 0
NOS[1] = 110
NOS[2] = 200
NOS[3] = 200
NOS[4] = 200
NOS[5] = 200
NOS[6] = 200
NOS[7] = 200
NOS[8] = 200
NOS[9] = 200
NOS[10] = 202
NOS[11] = 200
NOS[12] = 200
NOS[13] = 200
NOS[14] = 190
NOS[15] = 0

TCKS    283521
EVTS    130
NO      0.499
FWDS    0.000    0.000
BAKS    0.000    0.002

=== TOTAL=300, WAIT=30, LATENCY=5, EVENTS=50

NOS[0] = 0
NOS[1] = 64
NOS[2] = 140
NOS[3] = 140
NOS[4] = 140
NOS[5] = 140
NOS[6] = 140
NOS[7] = 140
NOS[8] = 142
NOS[9] = 140
NOS[10] = 140
NOS[11] = 140
NOS[12] = 140
NOS[13] = 140
NOS[14] = 133
NOS[15] = 0

TCKS    283521
EVTS    249
NO      0.347
FWDS    0.000    0.000
BAKS    0.001    0.001

=== TOTAL=300, WAIT=30, LATENCY=5, EVENTS=100

NOS[0] = 0
NOS[1] = 54
NOS[2] = 120
NOS[3] = 120
NOS[4] = 120
NOS[5] = 120
NOS[6] = 120
NOS[7] = 120
NOS[8] = 122
NOS[9] = 120
NOS[10] = 122
NOS[11] = 120
NOS[12] = 120
NOS[13] = 141
NOS[14] = 171
NOS[15] = 0

TCKS    283521
EVTS    512
NO      0.311
FWDS    0.000    0.000
BAKS    0.000    0.001

=== TOTAL=300, WAIT=30, LATENCY=5, EVENTS=250

NOS[0] = 0
NOS[1] = 90
NOS[2] = 206
NOS[3] = 201
NOS[4] = 200
NOS[5] = 203
NOS[6] = 204
NOS[7] = 205
NOS[8] = 200
NOS[9] = 202
NOS[10] = 202
NOS[11] = 200
NOS[12] = 202
NOS[13] = 202
NOS[14] = 190
NOS[15] = 0

TCKS    283521
EVTS    1146
NO      0.490
FWDS    0.000    0.000
BAKS    0.001    0.001

=== TOTAL=300, WAIT=30, LATENCY=5, EVENTS=500

NOS[0] = 0
NOS[1] = 143
NOS[2] = 309
NOS[3] = 308
NOS[4] = 308
NOS[5] = 300
NOS[6] = 308
NOS[7] = 308
NOS[8] = 310
NOS[9] = 305
NOS[10] = 303
NOS[11] = 300
NOS[12] = 303
NOS[13] = 306
NOS[14] = 288
NOS[15] = 0

TCKS    283521
EVTS    1704
NO      0.743
FWDS    0.000    0.000
BAKS    0.003    0.003

=== TOTAL=300, WAIT=30, LATENCY=25, EVENTS=1

NOS[0] = 0
NOS[1] = 144
NOS[2] = 320
NOS[3] = 320
NOS[4] = 320
NOS[5] = 320
NOS[6] = 320
NOS[7] = 320
NOS[8] = 320
NOS[9] = 320
NOS[10] = 320
NOS[11] = 320
NOS[12] = 320
NOS[13] = 320
NOS[14] = 304
NOS[15] = 0

TCKS    283521
EVTS    23
NO      0.794
FWDS    0.000    0.000
BAKS    0.000    0.000

=== TOTAL=300, WAIT=30, LATENCY=25, EVENTS=5

NOS[0] = 0
NOS[1] = 108
NOS[2] = 228
NOS[3] = 200
NOS[4] = 200
NOS[5] = 200
NOS[6] = 200
NOS[7] = 200
NOS[8] = 200
NOS[9] = 200
NOS[10] = 200
NOS[11] = 200
NOS[12] = 200
NOS[13] = 200
NOS[14] = 190
NOS[15] = 0

TCKS    283521
EVTS    37
NO      0.505
FWDS    0.000    0.000
BAKS    0.000    0.001

=== TOTAL=300, WAIT=30, LATENCY=25, EVENTS=10

NOS[0] = 0
NOS[1] = 81
NOS[2] = 180
NOS[3] = 180
NOS[4] = 180
NOS[5] = 180
NOS[6] = 179
NOS[7] = 180
NOS[8] = 178
NOS[9] = 160
NOS[10] = 160
NOS[11] = 160
NOS[12] = 144
NOS[13] = 140
NOS[14] = 133
NOS[15] = 0

TCKS    283521
EVTS    64
NO      0.414
FWDS    0.000    0.000
BAKS    0.000    0.005

=== TOTAL=300, WAIT=30, LATENCY=25, EVENTS=25

NOS[0] = 0
NOS[1] = 99
NOS[2] = 220
NOS[3] = 220
NOS[4] = 219
NOS[5] = 200
NOS[6] = 200
NOS[7] = 200
NOS[8] = 200
NOS[9] = 200
NOS[10] = 200
NOS[11] = 200
NOS[12] = 200
NOS[13] = 200
NOS[14] = 190
NOS[15] = 0

TCKS    283521
EVTS    130
NO      0.509
FWDS    0.000    0.000
BAKS    0.000    0.002

=== TOTAL=300, WAIT=30, LATENCY=25, EVENTS=50

NOS[0] = 0
NOS[1] = 72
NOS[2] = 140
NOS[3] = 140
NOS[4] = 140
NOS[5] = 140
NOS[6] = 140
NOS[7] = 140
NOS[8] = 140
NOS[9] = 140
NOS[10] = 140
NOS[11] = 140
NOS[12] = 140
NOS[13] = 140
NOS[14] = 133
NOS[15] = 0

TCKS    283521
EVTS    245
NO      0.349
FWDS    0.000    0.000
BAKS    0.000    0.000

=== TOTAL=300, WAIT=30, LATENCY=25, EVENTS=100

NOS[0] = 0
NOS[1] = 81
NOS[2] = 180
NOS[3] = 180
NOS[4] = 180
NOS[5] = 180
NOS[6] = 180
NOS[7] = 180
NOS[8] = 180
NOS[9] = 180
NOS[10] = 180
NOS[11] = 180
NOS[12] = 180
NOS[13] = 180
NOS[14] = 171
NOS[15] = 0

TCKS    283521
EVTS    478
NO      0.447
FWDS    0.000    0.000
BAKS    0.000    0.000

=== TOTAL=300, WAIT=30, LATENCY=25, EVENTS=250

NOS[0] = 0
NOS[1] = 36
NOS[2] = 80
NOS[3] = 80
NOS[4] = 80
NOS[5] = 80
NOS[6] = 80
NOS[7] = 80
NOS[8] = 80
NOS[9] = 80
NOS[10] = 80
NOS[11] = 80
NOS[12] = 80
NOS[13] = 80
NOS[14] = 76
NOS[15] = 0

TCKS    283521
EVTS    1099
NO      0.199
FWDS    0.000    0.000
BAKS    0.000    0.000

=== TOTAL=300, WAIT=30, LATENCY=25, EVENTS=500

NOS[0] = 0
NOS[1] = 117
NOS[2] = 260
NOS[3] = 260
NOS[4] = 260
NOS[5] = 260
NOS[6] = 260
NOS[7] = 260
NOS[8] = 260
NOS[9] = 260
NOS[10] = 260
NOS[11] = 260
NOS[12] = 260
NOS[13] = 260
NOS[14] = 247
NOS[15] = 0

TCKS    283521
EVTS    1705
NO      0.645
FWDS    0.000    0.000
BAKS    0.000    0.000

=== TOTAL=300, WAIT=30, LATENCY=50, EVENTS=1

NOS[0] = 0
NOS[1] = 144
NOS[2] = 318
NOS[3] = 280
NOS[4] = 275
NOS[5] = 260
NOS[6] = 260
NOS[7] = 260
NOS[8] = 260
NOS[9] = 260
NOS[10] = 260
NOS[11] = 260
NOS[12] = 260
NOS[13] = 260
NOS[14] = 247
NOS[15] = 0

TCKS    283521
EVTS    24
NO      0.667
FWDS    0.000    0.000
BAKS    0.000    0.000

=== TOTAL=300, WAIT=30, LATENCY=50, EVENTS=5

NOS[0] = 0
NOS[1] = 117
NOS[2] = 260
NOS[3] = 260
NOS[4] = 260
NOS[5] = 260
NOS[6] = 226
NOS[7] = 220
NOS[8] = 220
NOS[9] = 220
NOS[10] = 220
NOS[11] = 220
NOS[12] = 220
NOS[13] = 220
NOS[14] = 209
NOS[15] = 0

TCKS    283521
EVTS    32
NO      0.580
FWDS    0.000    0.000
BAKS    0.000    0.001

=== TOTAL=300, WAIT=30, LATENCY=50, EVENTS=10

NOS[0] = 0
NOS[1] = 144
NOS[2] = 320
NOS[3] = 320
NOS[4] = 320
NOS[5] = 320
NOS[6] = 301
NOS[7] = 260
NOS[8] = 260
NOS[9] = 260
NOS[10] = 260
NOS[11] = 260
NOS[12] = 260
NOS[13] = 260
NOS[14] = 247
NOS[15] = 0

TCKS    283521
EVTS    61
NO      0.702
FWDS    0.000    0.000
BAKS    0.000    0.003

=== TOTAL=300, WAIT=30, LATENCY=50, EVENTS=25

NOS[0] = 0
NOS[1] = 90
NOS[2] = 173
NOS[3] = 140
NOS[4] = 140
NOS[5] = 140
NOS[6] = 140
NOS[7] = 140
NOS[8] = 140
NOS[9] = 140
NOS[10] = 140
NOS[11] = 140
NOS[12] = 140
NOS[13] = 140
NOS[14] = 133
NOS[15] = 0

TCKS    283521
EVTS    146
NO      0.359
FWDS    0.000    0.000
BAKS    0.000    0.006

=== TOTAL=300, WAIT=30, LATENCY=50, EVENTS=50

NOS[0] = 0
NOS[1] = 45
NOS[2] = 100
NOS[3] = 100
NOS[4] = 100
NOS[5] = 100
NOS[6] = 100
NOS[7] = 100
NOS[8] = 100
NOS[9] = 100
NOS[10] = 100
NOS[11] = 100
NOS[12] = 100
NOS[13] = 100
NOS[14] = 95
NOS[15] = 0

TCKS    283521
EVTS    257
NO      0.248
FWDS    0.000    0.000
BAKS    0.000    0.001

=== TOTAL=300, WAIT=30, LATENCY=50, EVENTS=100

NOS[0] = 0
NOS[1] = 45
NOS[2] = 100
NOS[3] = 100
NOS[4] = 100
NOS[5] = 100
NOS[6] = 100
NOS[7] = 100
NOS[8] = 100
NOS[9] = 100
NOS[10] = 100
NOS[11] = 100
NOS[12] = 100
NOS[13] = 100
NOS[14] = 95
NOS[15] = 0

TCKS    283521
EVTS    467
NO      0.248
FWDS    0.000    0.000
BAKS    0.001    0.004

=== TOTAL=300, WAIT=30, LATENCY=50, EVENTS=250

NOS[0] = 0
NOS[1] = 99
NOS[2] = 220
NOS[3] = 220
NOS[4] = 220
NOS[5] = 220
NOS[6] = 220
NOS[7] = 220
NOS[8] = 220
NOS[9] = 220
NOS[10] = 220
NOS[11] = 220
NOS[12] = 220
NOS[13] = 220
NOS[14] = 209
NOS[15] = 0

TCKS    283521
EVTS    940
NO      0.546
FWDS    0.000    0.000
BAKS    0.000    0.000

=== TOTAL=300, WAIT=30, LATENCY=50, EVENTS=500

NOS[0] = 0
NOS[1] = 63
NOS[2] = 140
NOS[3] = 140
NOS[4] = 140
NOS[5] = 140
NOS[6] = 140
NOS[7] = 140
NOS[8] = 140
NOS[9] = 140
NOS[10] = 140
NOS[11] = 140
NOS[12] = 140
NOS[13] = 140
NOS[14] = 133
NOS[15] = 0

TCKS    283521
EVTS    1611
NO      0.347
FWDS    0.000    0.000
BAKS    0.001    0.073

=== TOTAL=300, WAIT=30, LATENCY=100, EVENTS=1

NOS[0] = 0
NOS[1] = 81
NOS[2] = 180
NOS[3] = 180
NOS[4] = 180
NOS[5] = 180
NOS[6] = 180
NOS[7] = 180
NOS[8] = 180
NOS[9] = 180
NOS[10] = 180
NOS[11] = 180
NOS[12] = 180
NOS[13] = 180
NOS[14] = 171
NOS[15] = 0

TCKS    283521
EVTS    23
NO      0.447
FWDS    0.000    0.000
BAKS    0.000    0.000

=== TOTAL=300, WAIT=30, LATENCY=100, EVENTS=5

NOS[0] = 0
NOS[1] = 126
NOS[2] = 280
NOS[3] = 280
NOS[4] = 280
NOS[5] = 280
NOS[6] = 280
NOS[7] = 280
NOS[8] = 280
NOS[9] = 235
NOS[10] = 200
NOS[11] = 200
NOS[12] = 200
NOS[13] = 200
NOS[14] = 190
NOS[15] = 0

TCKS    283521
EVTS    32
NO      0.613
FWDS    0.000    0.000
BAKS    0.000    0.001

=== TOTAL=300, WAIT=30, LATENCY=100, EVENTS=10

NOS[0] = 0
NOS[1] = 126
NOS[2] = 280
NOS[3] = 280
NOS[4] = 280
NOS[5] = 280
NOS[6] = 235
NOS[7] = 220
NOS[8] = 214
NOS[9] = 144
NOS[10] = 97
NOS[11] = 80
NOS[12] = 80
NOS[13] = 80
NOS[14] = 76
NOS[15] = 0

TCKS    283521
EVTS    63
NO      0.457
FWDS    0.000    0.000
BAKS    0.000    0.012

=== TOTAL=300, WAIT=30, LATENCY=100, EVENTS=25

NOS[0] = 0
NOS[1] = 128
NOS[2] = 279
NOS[3] = 261
NOS[4] = 260
NOS[5] = 260
NOS[6] = 260
NOS[7] = 260
NOS[8] = 260
NOS[9] = 260
NOS[10] = 261
NOS[11] = 260
NOS[12] = 262
NOS[13] = 260
NOS[14] = 247
NOS[15] = 0

TCKS    283521
EVTS    136
NO      0.650
FWDS    0.000    0.000
BAKS    0.000    0.002

=== TOTAL=300, WAIT=30, LATENCY=100, EVENTS=50

NOS[0] = 0
NOS[1] = 108
NOS[2] = 146
NOS[3] = 142
NOS[4] = 140
NOS[5] = 142
NOS[6] = 140
NOS[7] = 141
NOS[8] = 140
NOS[9] = 140
NOS[10] = 140
NOS[11] = 140
NOS[12] = 140
NOS[13] = 140
NOS[14] = 133
NOS[15] = 0

TCKS    283521
EVTS    247
NO      0.356
FWDS    0.000    0.000
BAKS    0.000    0.004

=== TOTAL=300, WAIT=30, LATENCY=100, EVENTS=100

NOS[0] = 0
NOS[1] = 65
NOS[2] = 141
NOS[3] = 140
NOS[4] = 140
NOS[5] = 140
NOS[6] = 140
NOS[7] = 141
NOS[8] = 140
NOS[9] = 141
NOS[10] = 144
NOS[11] = 143
NOS[12] = 140
NOS[13] = 140
NOS[14] = 133
NOS[15] = 0

TCKS    283521
EVTS    482
NO      0.345
FWDS    0.000    0.000
BAKS    0.000    0.000

=== TOTAL=300, WAIT=30, LATENCY=100, EVENTS=250

NOS[0] = 0
NOS[1] = 36
NOS[2] = 84
NOS[3] = 80
NOS[4] = 82
NOS[5] = 80
NOS[6] = 80
NOS[7] = 86
NOS[8] = 80
NOS[9] = 82
NOS[10] = 84
NOS[11] = 82
NOS[12] = 80
NOS[13] = 80
NOS[14] = 76
NOS[15] = 0

TCKS    283521
EVTS    1061
NO      0.195
FWDS    0.000    0.000
BAKS    0.001    0.006

=== TOTAL=300, WAIT=30, LATENCY=100, EVENTS=500

NOS[0] = 0
NOS[1] = 84
NOS[2] = 180
NOS[3] = 182
NOS[4] = 184
NOS[5] = 180
NOS[6] = 188
NOS[7] = 182
NOS[8] = 180
NOS[9] = 181
NOS[10] = 183
NOS[11] = 182
NOS[12] = 180
NOS[13] = 180
NOS[14] = 171
NOS[15] = 0

TCKS    283521
EVTS    1495
NO      0.442
FWDS    0.000    0.000
BAKS    0.000    0.001

=== TOTAL=300, WAIT=30, LATENCY=250, EVENTS=1

NOS[0] = 0
NOS[1] = 116
NOS[2] = 200
NOS[3] = 200
NOS[4] = 200
NOS[5] = 200
NOS[6] = 200
NOS[7] = 200
NOS[8] = 200
NOS[9] = 200
NOS[10] = 200
NOS[11] = 200
NOS[12] = 200
NOS[13] = 200
NOS[14] = 190
NOS[15] = 0

TCKS    283521
EVTS    23
NO      0.501
FWDS    0.000    0.000
BAKS    0.000    0.000

=== TOTAL=300, WAIT=30, LATENCY=250, EVENTS=5

NOS[0] = 0
NOS[1] = 135
NOS[2] = 300
NOS[3] = 300
NOS[4] = 300
NOS[5] = 300
NOS[6] = 290
NOS[7] = 280
NOS[8] = 280
NOS[9] = 280
NOS[10] = 280
NOS[11] = 280
NOS[12] = 280
NOS[13] = 280
NOS[14] = 266
NOS[15] = 0

TCKS    283521
EVTS    38
NO      0.713
FWDS    0.000    0.000
BAKS    0.000    0.000

=== TOTAL=300, WAIT=30, LATENCY=250, EVENTS=10

NOS[0] = 0
NOS[1] = 135
NOS[2] = 300
NOS[3] = 274
NOS[4] = 245
NOS[5] = 240
NOS[6] = 238
NOS[7] = 200
NOS[8] = 200
NOS[9] = 200
NOS[10] = 200
NOS[11] = 200
NOS[12] = 200
NOS[13] = 200
NOS[14] = 190
NOS[15] = 0

TCKS    283521
EVTS    55
NO      0.560
FWDS    0.000    0.000
BAKS    0.000    0.000

=== TOTAL=300, WAIT=30, LATENCY=250, EVENTS=25

NOS[0] = 0
NOS[1] = 140
NOS[2] = 262
NOS[3] = 180
NOS[4] = 180
NOS[5] = 180
NOS[6] = 180
NOS[7] = 180
NOS[8] = 180
NOS[9] = 180
NOS[10] = 180
NOS[11] = 180
NOS[12] = 180
NOS[13] = 180
NOS[14] = 171
NOS[15] = 0

TCKS    283521
EVTS    146
NO      0.473
FWDS    0.000    0.000
BAKS    0.000    0.000

=== TOTAL=300, WAIT=30, LATENCY=250, EVENTS=50

NOS[0] = 0
NOS[1] = 64
NOS[2] = 140
NOS[3] = 140
NOS[4] = 140
NOS[5] = 140
NOS[6] = 140
NOS[7] = 140
NOS[8] = 140
NOS[9] = 140
NOS[10] = 140
NOS[11] = 140
NOS[12] = 140
NOS[13] = 140
NOS[14] = 133
NOS[15] = 0

TCKS    283521
EVTS    238
NO      0.348
FWDS    0.000    0.000
BAKS    0.000    0.000

=== TOTAL=300, WAIT=30, LATENCY=250, EVENTS=100

NOS[0] = 0
NOS[1] = 99
NOS[2] = 220
NOS[3] = 220
NOS[4] = 220
NOS[5] = 220
NOS[6] = 220
NOS[7] = 220
NOS[8] = 220
NOS[9] = 220
NOS[10] = 220
NOS[11] = 220
NOS[12] = 220
NOS[13] = 220
NOS[14] = 209
NOS[15] = 0

TCKS    283521
EVTS    502
NO      0.546
FWDS    0.000    0.000
BAKS    0.000    0.000

=== TOTAL=300, WAIT=30, LATENCY=250, EVENTS=250

NOS[0] = 0
NOS[1] = 108
NOS[2] = 240
NOS[3] = 240
NOS[4] = 240
NOS[5] = 240
NOS[6] = 240
NOS[7] = 240
NOS[8] = 240
NOS[9] = 240
NOS[10] = 240
NOS[11] = 240
NOS[12] = 240
NOS[13] = 240
NOS[14] = 228
NOS[15] = 0

TCKS    283521
EVTS    1083
NO      0.596
FWDS    0.000    0.000
BAKS    0.002    0.072

=== TOTAL=300, WAIT=30, LATENCY=250, EVENTS=500


=== TOTAL=300, WAIT=30, LATENCY=500, EVENTS=1

NOS[0] = 0
NOS[1] = 144
NOS[2] = 320
NOS[3] = 320
NOS[4] = 320
NOS[5] = 320
NOS[6] = 320
NOS[7] = 320
NOS[8] = 320
NOS[9] = 320
NOS[10] = 320
NOS[11] = 318
NOS[12] = 182
NOS[13] = 180
NOS[14] = 171
NOS[15] = 0

TCKS    283521
EVTS    26
NO      0.718
FWDS    0.000    0.000
BAKS    0.000    0.004

=== TOTAL=300, WAIT=30, LATENCY=500, EVENTS=5

NOS[0] = 0
NOS[1] = 153
NOS[2] = 291
NOS[3] = 191
NOS[4] = 160
NOS[5] = 160
NOS[6] = 160
NOS[7] = 160
NOS[8] = 160
NOS[9] = 160
NOS[10] = 160
NOS[11] = 160
NOS[12] = 160
NOS[13] = 160
NOS[14] = 152
NOS[15] = 0

TCKS    283521
EVTS    42
NO      0.442
FWDS    0.000    0.000
BAKS    0.000    0.000

=== TOTAL=300, WAIT=30, LATENCY=500, EVENTS=10

NOS[0] = 0
NOS[1] = 171
NOS[2] = 380
NOS[3] = 380
NOS[4] = 380
NOS[5] = 380
NOS[6] = 380
NOS[7] = 380
NOS[8] = 380
NOS[9] = 380
NOS[10] = 380
NOS[11] = 380
NOS[12] = 380
NOS[13] = 380
NOS[14] = 361
NOS[15] = 0

TCKS    283521
EVTS    63
NO      0.943
FWDS    0.000    0.000
BAKS    0.000    0.001

=== TOTAL=300, WAIT=30, LATENCY=500, EVENTS=25

NOS[0] = 0
NOS[1] = 109
NOS[2] = 240
NOS[3] = 221
NOS[4] = 172
NOS[5] = 160
NOS[6] = 160
NOS[7] = 160
NOS[8] = 165
NOS[9] = 165
NOS[10] = 160
NOS[11] = 165
NOS[12] = 161
NOS[13] = 160
NOS[14] = 152
NOS[15] = 0

TCKS    283521
EVTS    130
NO      0.433
FWDS    0.000    0.000
BAKS    0.000    0.004

=== TOTAL=300, WAIT=30, LATENCY=500, EVENTS=50

NOS[0] = 0
NOS[1] = 81
NOS[2] = 164
NOS[3] = 162
NOS[4] = 160
NOS[5] = 160
NOS[6] = 160
NOS[7] = 160
NOS[8] = 160
NOS[9] = 160
NOS[10] = 160
NOS[11] = 160
NOS[12] = 160
NOS[13] = 166
NOS[14] = 152
NOS[15] = 0

TCKS    283521
EVTS    246
NO      0.400
FWDS    0.000    0.000
BAKS    0.000    0.002

=== TOTAL=300, WAIT=30, LATENCY=500, EVENTS=100

NOS[0] = 0
NOS[1] = 84
NOS[2] = 169
NOS[3] = 166
NOS[4] = 163
NOS[5] = 163
NOS[6] = 163
NOS[7] = 162
NOS[8] = 160
NOS[9] = 160
NOS[10] = 160
NOS[11] = 165
NOS[12] = 160
NOS[13] = 163
NOS[14] = 152
NOS[15] = 0

TCKS    283521
EVTS    497
NO      0.399
FWDS    0.000    0.000
BAKS    0.000    0.007

=== TOTAL=300, WAIT=30, LATENCY=500, EVENTS=250


=== TOTAL=300, WAIT=30, LATENCY=500, EVENTS=500

NOS[0] = 0
NOS[1] = 90
NOS[2] = 211
NOS[3] = 204
NOS[4] = 204
NOS[5] = 201
NOS[6] = 201
NOS[7] = 202
NOS[8] = 200
NOS[9] = 204
NOS[10] = 205
NOS[11] = 205
NOS[12] = 200
NOS[13] = 200
NOS[14] = 196
NOS[15] = 0

TCKS    283521
EVTS    1480
NO      0.494
FWDS    0.000    0.000
BAKS    0.001    0.023

=== TOTAL=300, WAIT=30, LATENCY=1000, EVENTS=1

NOS[0] = 0
NOS[1] = 126
NOS[2] = 280
NOS[3] = 280
NOS[4] = 280
NOS[5] = 280
NOS[6] = 280
NOS[7] = 280
NOS[8] = 280
NOS[9] = 280
NOS[10] = 280
NOS[11] = 280
NOS[12] = 280
NOS[13] = 280
NOS[14] = 266
NOS[15] = 0

TCKS    283521
EVTS    23
NO      0.695
FWDS    0.000    0.000
BAKS    0.000    0.000

=== TOTAL=300, WAIT=30, LATENCY=1000, EVENTS=5

NOS[0] = 0
NOS[1] = 126
NOS[2] = 280
NOS[3] = 280
NOS[4] = 280
NOS[5] = 280
NOS[6] = 280
NOS[7] = 246
NOS[8] = 240
NOS[9] = 239
NOS[10] = 220
NOS[11] = 220
NOS[12] = 220
NOS[13] = 220
NOS[14] = 209
NOS[15] = 0

TCKS    283521
EVTS    34
NO      0.619
FWDS    0.000    0.000
BAKS    0.000    0.002

=== TOTAL=300, WAIT=30, LATENCY=1000, EVENTS=10

NOS[0] = 0
NOS[1] = 144
NOS[2] = 284
NOS[3] = 260
NOS[4] = 260
NOS[5] = 260
NOS[6] = 260
NOS[7] = 245
NOS[8] = 240
NOS[9] = 240
NOS[10] = 240
NOS[11] = 240
NOS[12] = 240
NOS[13] = 240
NOS[14] = 228
NOS[15] = 0

TCKS    283521
EVTS    65
NO      0.626
FWDS    0.000    0.000
BAKS    0.000    0.001

=== TOTAL=300, WAIT=30, LATENCY=1000, EVENTS=25

NOS[0] = 0
NOS[1] = 135
NOS[2] = 287
NOS[3] = 271
NOS[4] = 260
NOS[5] = 260
NOS[6] = 260
NOS[7] = 260
NOS[8] = 260
NOS[9] = 260
NOS[10] = 260
NOS[11] = 260
NOS[12] = 260
NOS[13] = 260
NOS[14] = 247
NOS[15] = 0

TCKS    283521
EVTS    134
NO      0.656
FWDS    0.000    0.000
BAKS    0.000    0.000

=== TOTAL=300, WAIT=30, LATENCY=1000, EVENTS=50

NOS[0] = 0
NOS[1] = 92
NOS[2] = 187
NOS[3] = 180
NOS[4] = 180
NOS[5] = 180
NOS[6] = 165
NOS[7] = 160
NOS[8] = 160
NOS[9] = 160
NOS[10] = 160
NOS[11] = 160
NOS[12] = 160
NOS[13] = 160
NOS[14] = 152
NOS[15] = 0

TCKS    283521
EVTS    268
NO      0.418
FWDS    0.000    0.000
BAKS    0.000    0.006

=== TOTAL=300, WAIT=30, LATENCY=1000, EVENTS=100

NOS[0] = 0
NOS[1] = 81
NOS[2] = 180
NOS[3] = 180
NOS[4] = 180
NOS[5] = 180
NOS[6] = 180
NOS[7] = 180
NOS[8] = 180
NOS[9] = 180
NOS[10] = 180
NOS[11] = 180
NOS[12] = 180
NOS[13] = 180
NOS[14] = 171
NOS[15] = 0

TCKS    283521
EVTS    447
NO      0.447
FWDS    0.000    0.000
BAKS    0.000    0.000

=== TOTAL=300, WAIT=30, LATENCY=1000, EVENTS=250


=== TOTAL=300, WAIT=30, LATENCY=1000, EVENTS=500

NOS[0] = 0
NOS[1] = 144
NOS[2] = 320
NOS[3] = 320
NOS[4] = 320
NOS[5] = 320
NOS[6] = 320
NOS[7] = 320
NOS[8] = 320
NOS[9] = 320
NOS[10] = 320
NOS[11] = 320
NOS[12] = 320
NOS[13] = 320
NOS[14] = 304
NOS[15] = 0

TCKS    283521
EVTS    1813
NO      0.794
FWDS    0.000    0.000
BAKS    0.413    1566.091

