=== TOTAL=300, WAIT=30, LATENCY=5, EVENTS=1

TCKS    283521
EVTS    23
NO      0.000
FWDS    0.000    0.000
BAKS    0.000    0.001

=== TOTAL=300, WAIT=30, LATENCY=5, EVENTS=5

TCKS    283521
EVTS    31
NO      0.000
FWDS    0.000    0.002
BAKS    0.000    0.001

=== TOTAL=300, WAIT=30, LATENCY=5, EVENTS=10

TCKS    283521
EVTS    55
NO      0.000
FWDS    0.000    0.000
BAKS    0.001    0.003

=== TOTAL=300, WAIT=30, LATENCY=5, EVENTS=25

NOS[2] = 280
NOS[3] = 84

TCKS    283521
EVTS    106
NO      0.090
FWDS    0.000    0.008
BAKS    0.003    0.019

=== TOTAL=300, WAIT=30, LATENCY=5, EVENTS=50

TCKS    283521
EVTS    189
NO      0.000
FWDS    0.000    0.000
BAKS    0.006    0.010

=== TOTAL=300, WAIT=30, LATENCY=5, EVENTS=100

TCKS    283521
EVTS    360
NO      0.000
FWDS    0.001    0.001
BAKS    0.011    0.020

=== TOTAL=300, WAIT=30, LATENCY=5, EVENTS=250

TCKS    283521
EVTS    761
NO      0.000
FWDS    0.002    0.002
BAKS    0.026    0.049

=== TOTAL=300, WAIT=30, LATENCY=5, EVENTS=500

TCKS    283521
EVTS    1015
NO      0.000
FWDS    0.001    0.001
BAKS    0.036    0.070

=== TOTAL=300, WAIT=30, LATENCY=25, EVENTS=1

TCKS    283521
EVTS    24
NO      0.000
FWDS    0.000    0.000
BAKS    0.000    0.001

=== TOTAL=300, WAIT=30, LATENCY=25, EVENTS=5

TCKS    283521
EVTS    35
NO      0.000
FWDS    0.000    0.005
BAKS    0.000    0.005

=== TOTAL=300, WAIT=30, LATENCY=25, EVENTS=10

TCKS    283521
EVTS    46
NO      0.000
FWDS    0.000    0.002
BAKS    0.001    0.005

=== TOTAL=300, WAIT=30, LATENCY=25, EVENTS=25

TCKS    283521
EVTS    108
NO      0.000
FWDS    0.000    0.000
BAKS    0.003    0.016

=== TOTAL=300, WAIT=30, LATENCY=25, EVENTS=50

TCKS    283521
EVTS    222
NO      0.000
FWDS    0.000    0.000
BAKS    0.007    0.035

=== TOTAL=300, WAIT=30, LATENCY=25, EVENTS=100

TCKS    283521
EVTS    380
NO      0.000
FWDS    0.000    0.000
BAKS    0.012    0.063

=== TOTAL=300, WAIT=30, LATENCY=25, EVENTS=250

TCKS    283521
EVTS    887
NO      0.000
FWDS    0.000    0.000
BAKS    0.034    0.169

=== TOTAL=300, WAIT=30, LATENCY=25, EVENTS=500

TCKS    283521
EVTS    1453
NO      0.000
FWDS    0.000    0.000
BAKS    0.066    0.334

=== TOTAL=300, WAIT=30, LATENCY=50, EVENTS=1

NOS[2] = 51
NOS[7] = 51
NOS[11] = 21

TCKS    283521
EVTS    25
NO      0.083
FWDS    0.000    0.001
BAKS    0.000    0.005

=== TOTAL=300, WAIT=30, LATENCY=50, EVENTS=5

NOS[2] = 320
NOS[4] = 239

TCKS    283521
EVTS    30
NO      0.189
FWDS    0.000    0.009
BAKS    0.000    0.006

=== TOTAL=300, WAIT=30, LATENCY=50, EVENTS=10

TCKS    283521
EVTS    51
NO      0.000
FWDS    0.000    0.004
BAKS    0.001    0.016

=== TOTAL=300, WAIT=30, LATENCY=50, EVENTS=25

TCKS    283521
EVTS    104
NO      0.000
FWDS    0.000    0.001
BAKS    0.003    0.028

=== TOTAL=300, WAIT=30, LATENCY=50, EVENTS=50

TCKS    283521
EVTS    194
NO      0.000
FWDS    0.000    0.000
BAKS    0.005    0.062

=== TOTAL=300, WAIT=30, LATENCY=50, EVENTS=100

TCKS    283521
EVTS    429
NO      0.000
FWDS    0.000    0.000
BAKS    0.014    0.167

=== TOTAL=300, WAIT=30, LATENCY=50, EVENTS=250

TCKS    283521
EVTS    818
NO      0.000
FWDS    0.000    0.000
BAKS    0.037    0.356

=== TOTAL=300, WAIT=30, LATENCY=50, EVENTS=500

TCKS    283521
EVTS    1354
NO      0.000
FWDS    0.000    0.000
BAKS    0.080    0.836

=== TOTAL=300, WAIT=30, LATENCY=100, EVENTS=1

NOS[1] = 153
NOS[7] = 340
NOS[13] = 340

TCKS    283521
EVTS    21
NO      0.844
FWDS    0.000    0.000
BAKS    0.000    0.000

=== TOTAL=300, WAIT=30, LATENCY=100, EVENTS=5

NOS[2] = 28

TCKS    283521
EVTS    31
NO      0.008
FWDS    0.000    0.002
BAKS    0.000    0.008

=== TOTAL=300, WAIT=30, LATENCY=100, EVENTS=10

NOS[2] = 7

TCKS    283521
EVTS    52
NO      0.003
FWDS    0.000    0.002
BAKS    0.001    0.030

=== TOTAL=300, WAIT=30, LATENCY=100, EVENTS=25

TCKS    283521
EVTS    110
NO      0.000
FWDS    0.000    0.000
BAKS    0.003    0.086

=== TOTAL=300, WAIT=30, LATENCY=100, EVENTS=50

TCKS    283521
EVTS    216
NO      0.000
FWDS    0.000    0.001
BAKS    0.006    0.197

=== TOTAL=300, WAIT=30, LATENCY=100, EVENTS=100

TCKS    283521
EVTS    384
NO      0.000
FWDS    0.000    0.000
BAKS    0.014    0.414

=== TOTAL=300, WAIT=30, LATENCY=100, EVENTS=250

TCKS    283521
EVTS    976
NO      0.000
FWDS    0.000    0.000
BAKS    0.067    1.341

=== TOTAL=300, WAIT=30, LATENCY=100, EVENTS=500

TCKS    283521
EVTS    1214
NO      0.000
FWDS    0.000    0.000
BAKS    0.100    2.605

=== TOTAL=300, WAIT=30, LATENCY=250, EVENTS=1

NOS[2] = 340
NOS[8] = 340
NOS[14] = 323

TCKS    283521
EVTS    22
NO      0.844
FWDS    0.000    0.000
BAKS    0.000    0.008

=== TOTAL=300, WAIT=30, LATENCY=250, EVENTS=5

NOS[2] = 112
NOS[8] = 20
NOS[14] = 19

TCKS    283521
EVTS    35
NO      0.080
FWDS    0.000    0.004
BAKS    0.000    0.021

=== TOTAL=300, WAIT=30, LATENCY=250, EVENTS=10

NOS[2] = 100
NOS[8] = 60
NOS[14] = 57

TCKS    283521
EVTS    51
NO      0.175
FWDS    0.000    0.004
BAKS    0.001    0.079

=== TOTAL=300, WAIT=30, LATENCY=250, EVENTS=25

NOS[2] = 37
NOS[8] = 20
NOS[14] = 19

TCKS    283521
EVTS    109
NO      0.065
FWDS    0.000    0.002
BAKS    0.004    0.210

=== TOTAL=300, WAIT=30, LATENCY=250, EVENTS=50

TCKS    283521
EVTS    201
NO      0.000
FWDS    0.000    0.000
BAKS    0.008    0.369

=== TOTAL=300, WAIT=30, LATENCY=250, EVENTS=100

TCKS    283521
EVTS    396
NO      0.000
FWDS    0.000    0.000
BAKS    0.027    1.366

=== TOTAL=300, WAIT=30, LATENCY=250, EVENTS=250

TCKS    283521
EVTS    995
NO      0.021
FWDS    0.000    0.000
BAKS    1.084    558.618

=== TOTAL=300, WAIT=30, LATENCY=250, EVENTS=500

NOS[2] = 240
NOS[8] = 220
NOS[14] = 171

TCKS    283521
EVTS    1447
NO      0.532
FWDS    0.000    0.000
BAKS    9.324    35070.176

=== TOTAL=300, WAIT=30, LATENCY=500, EVENTS=1

NOS[2] = 280
NOS[8] = 100
NOS[14] = 95

TCKS    283521
EVTS    22
NO      0.320
FWDS    0.000    0.007
BAKS    0.000    0.000

=== TOTAL=300, WAIT=30, LATENCY=500, EVENTS=5

NOS[2] = 180
NOS[8] = 180
NOS[14] = 133

TCKS    283521
EVTS    36
NO      0.415
FWDS    0.000    0.003
BAKS    0.000    0.065

=== TOTAL=300, WAIT=30, LATENCY=500, EVENTS=10

NOS[2] = 100
NOS[8] = 40
NOS[14] = 38

TCKS    283521
EVTS    58
NO      0.148
FWDS    0.000    0.005
BAKS    0.001    0.090

=== TOTAL=300, WAIT=30, LATENCY=500, EVENTS=25

NOS[2] = 120
NOS[5] = 13

TCKS    283521
EVTS    110
NO      0.079
FWDS    0.000    0.001
BAKS    0.004    0.393

=== TOTAL=300, WAIT=30, LATENCY=500, EVENTS=50

NOS[2] = 33
NOS[3] = 20
NOS[4] = 15

TCKS    283521
EVTS    203
NO      0.020
FWDS    0.000    0.002
BAKS    0.012    1.167

=== TOTAL=300, WAIT=30, LATENCY=500, EVENTS=100

NOS[1] = 9
NOS[2] = 8

TCKS    283521
EVTS    413
NO      0.003
FWDS    0.000    0.001
BAKS    0.073    12.759

=== TOTAL=300, WAIT=30, LATENCY=500, EVENTS=250

NOS[2] = 181
NOS[8] = 201
NOS[14] = 172

TCKS    283521
EVTS    948
NO      0.473
FWDS    0.000    0.000
BAKS    2.674    10838.960

=== TOTAL=300, WAIT=30, LATENCY=500, EVENTS=500

NOS[2] = 101
NOS[8] = 80
NOS[14] = 76

TCKS    283521
EVTS    1149
NO      0.215
FWDS    0.000    0.000
BAKS    3.645    18751.129

=== TOTAL=300, WAIT=30, LATENCY=1000, EVENTS=1

NOS[2] = 340
NOS[8] = 337
NOS[14] = 266

TCKS    283521
EVTS    28
NO      0.789
FWDS    0.000    0.003
BAKS    0.001    1.239

=== TOTAL=300, WAIT=30, LATENCY=1000, EVENTS=5

NOS[2] = 260
NOS[8] = 140
NOS[14] = 133

TCKS    283521
EVTS    35
NO      0.453
FWDS    0.000    0.007
BAKS    0.001    0.917

=== TOTAL=300, WAIT=30, LATENCY=1000, EVENTS=10

NOS[2] = 280
NOS[8] = 200
NOS[14] = 190

TCKS    283521
EVTS    56
NO      0.568
FWDS    0.000    0.005
BAKS    0.002    0.629

=== TOTAL=300, WAIT=30, LATENCY=1000, EVENTS=25

NOS[2] = 309
NOS[8] = 220
NOS[14] = 209

TCKS    283521
EVTS    121
NO      0.582
FWDS    0.000    0.004
BAKS    0.011    6.031

=== TOTAL=300, WAIT=30, LATENCY=1000, EVENTS=50

NOS[2] = 245
NOS[8] = 198
NOS[14] = 171

TCKS    283521
EVTS    217
NO      0.522
FWDS    0.000    0.002
BAKS    0.066    42.191

=== TOTAL=300, WAIT=30, LATENCY=1000, EVENTS=100

NOS[2] = 221
NOS[8] = 210
NOS[14] = 208

TCKS    283521
EVTS    407
NO      0.544
FWDS    0.000    0.000
BAKS    0.552    1871.590

=== TOTAL=300, WAIT=30, LATENCY=1000, EVENTS=250

NOS[2] = 260
NOS[8] = 260
NOS[14] = 247

TCKS    283521
EVTS    879
NO      0.645
FWDS    0.000    0.000
BAKS    1.194    6070.941

=== TOTAL=300, WAIT=30, LATENCY=1000, EVENTS=500

NOS[2] = 301
NOS[8] = 320
NOS[14] = 323

TCKS    283521
EVTS    1271
NO      0.789
FWDS    0.000    0.000
BAKS    1.592    8397.010

