=== TOTAL=300, WAIT=30, LATENCY=5, EVENTS=1

NOS[2] = 340
NOS[8] = 340
NOS[14] = 323

TCKS    283521
EVTS    24
NO      0.844
FWDS    0.000    0.000
BAKS    0.000    0.002

=== TOTAL=300, WAIT=30, LATENCY=5, EVENTS=5

NOS[2] = 320
NOS[8] = 320
NOS[14] = 190

TCKS    283521
EVTS    35
NO      0.665
FWDS    0.000    0.000
BAKS    0.000    0.008

=== TOTAL=300, WAIT=30, LATENCY=5, EVENTS=10

NOS[2] = 200
NOS[8] = 200
NOS[14] = 190

TCKS    283521
EVTS    64
NO      0.497
FWDS    0.000    0.000
BAKS    0.000    0.001

=== TOTAL=300, WAIT=30, LATENCY=5, EVENTS=25

NOS[2] = 100
NOS[8] = 60
NOS[14] = 57

TCKS    283521
EVTS    126
NO      0.169
FWDS    0.000    0.000
BAKS    0.001    0.003

=== TOTAL=300, WAIT=30, LATENCY=5, EVENTS=50

NOS[2] = 160
NOS[8] = 161
NOS[14] = 152

TCKS    283521
EVTS    251
NO      0.398
FWDS    0.000    0.000
BAKS    0.000    0.000

=== TOTAL=300, WAIT=30, LATENCY=5, EVENTS=100

NOS[2] = 180
NOS[8] = 181
NOS[14] = 225

TCKS    283521
EVTS    511
NO      0.456
FWDS    0.000    0.000
BAKS    0.001    0.001

=== TOTAL=300, WAIT=30, LATENCY=5, EVENTS=250

NOS[2] = 162
NOS[8] = 264
NOS[14] = 247

TCKS    283521
EVTS    1153
NO      0.582
FWDS    0.000    0.000
BAKS    0.001    0.002

=== TOTAL=300, WAIT=30, LATENCY=5, EVENTS=500

NOS[2] = 206
NOS[8] = 203
NOS[14] = 191

TCKS    283521
EVTS    1674
NO      0.486
FWDS    0.000    0.000
BAKS    0.001    0.001

=== TOTAL=300, WAIT=30, LATENCY=25, EVENTS=1

NOS[2] = 300
NOS[8] = 300
NOS[14] = 285

TCKS    283521
EVTS    23
NO      0.744
FWDS    0.000    0.000
BAKS    0.000    0.000

=== TOTAL=300, WAIT=30, LATENCY=25, EVENTS=5

NOS[2] = 260
NOS[8] = 220
NOS[14] = 209

TCKS    283521
EVTS    39
NO      0.574
FWDS    0.000    0.000
BAKS    0.000    0.006

=== TOTAL=300, WAIT=30, LATENCY=25, EVENTS=10

NOS[2] = 320
NOS[8] = 240
NOS[14] = 190

TCKS    283521
EVTS    54
NO      0.607
FWDS    0.000    0.000
BAKS    0.000    0.002

=== TOTAL=300, WAIT=30, LATENCY=25, EVENTS=25

NOS[2] = 200
NOS[8] = 200
NOS[14] = 190

TCKS    283521
EVTS    137
NO      0.496
FWDS    0.000    0.000
BAKS    0.000    0.001

=== TOTAL=300, WAIT=30, LATENCY=25, EVENTS=50

NOS[2] = 120
NOS[8] = 120
NOS[14] = 114

TCKS    283521
EVTS    249
NO      0.298
FWDS    0.000    0.000
BAKS    0.000    0.000

=== TOTAL=300, WAIT=30, LATENCY=25, EVENTS=100

NOS[2] = 220
NOS[8] = 220
NOS[14] = 209

TCKS    283521
EVTS    495
NO      0.546
FWDS    0.000    0.000
BAKS    0.000    0.000

=== TOTAL=300, WAIT=30, LATENCY=25, EVENTS=250

NOS[2] = 80
NOS[8] = 80
NOS[14] = 76

TCKS    283521
EVTS    1040
NO      0.199
FWDS    0.000    0.000
BAKS    0.000    0.000

=== TOTAL=300, WAIT=30, LATENCY=25, EVENTS=500

NOS[2] = 100
NOS[8] = 100
NOS[14] = 95

TCKS    283521
EVTS    1802
NO      0.248
FWDS    0.000    0.000
BAKS    0.000    0.000

=== TOTAL=300, WAIT=30, LATENCY=50, EVENTS=1

NOS[2] = 300
NOS[8] = 300
NOS[14] = 285

TCKS    283521
EVTS    26
NO      0.744
FWDS    0.000    0.000
BAKS    0.000    0.002

=== TOTAL=300, WAIT=30, LATENCY=50, EVENTS=5

NOS[2] = 220
NOS[8] = 220
NOS[14] = 152

TCKS    283521
EVTS    41
NO      0.481
FWDS    0.000    0.000
BAKS    0.000    0.004

=== TOTAL=300, WAIT=30, LATENCY=50, EVENTS=10

NOS[2] = 220
NOS[8] = 117
NOS[14] = 76

TCKS    283521
EVTS    62
NO      0.339
FWDS    0.000    0.000
BAKS    0.000    0.006

=== TOTAL=300, WAIT=30, LATENCY=50, EVENTS=25

NOS[2] = 366
NOS[8] = 320
NOS[14] = 304

TCKS    283521
EVTS    135
NO      0.811
FWDS    0.000    0.000
BAKS    0.000    0.002

=== TOTAL=300, WAIT=30, LATENCY=50, EVENTS=50

NOS[2] = 118
NOS[8] = 100
NOS[14] = 95

TCKS    283521
EVTS    265
NO      0.255
FWDS    0.000    0.000
BAKS    0.001    0.004

=== TOTAL=300, WAIT=30, LATENCY=50, EVENTS=100

NOS[2] = 220
NOS[8] = 220
NOS[14] = 209

TCKS    283521
EVTS    491
NO      0.546
FWDS    0.000    0.000
BAKS    0.000    0.000

=== TOTAL=300, WAIT=30, LATENCY=50, EVENTS=250

NOS[2] = 120
NOS[8] = 120
NOS[14] = 114

TCKS    283521
EVTS    1024
NO      0.298
FWDS    0.000    0.000
BAKS    0.000    0.000

=== TOTAL=300, WAIT=30, LATENCY=50, EVENTS=500

NOS[2] = 200
NOS[8] = 200
NOS[14] = 190

TCKS    283521
EVTS    1530
NO      0.496
FWDS    0.000    0.000
BAKS    0.000    0.001

=== TOTAL=300, WAIT=30, LATENCY=100, EVENTS=1

NOS[2] = 320
NOS[8] = 320
NOS[14] = 266

TCKS    283521
EVTS    22
NO      0.757
FWDS    0.000    0.000
BAKS    0.000    0.000

=== TOTAL=300, WAIT=30, LATENCY=100, EVENTS=5

NOS[2] = 280
NOS[8] = 240
NOS[14] = 228

TCKS    283521
EVTS    39
NO      0.617
FWDS    0.000    0.000
BAKS    0.000    0.002

=== TOTAL=300, WAIT=30, LATENCY=100, EVENTS=10

NOS[2] = 246
NOS[8] = 240
NOS[14] = 190

TCKS    283521
EVTS    58
NO      0.551
FWDS    0.000    0.000
BAKS    0.000    0.012

=== TOTAL=300, WAIT=30, LATENCY=100, EVENTS=25

NOS[2] = 164
NOS[8] = 140
NOS[14] = 133

TCKS    283521
EVTS    131
NO      0.355
FWDS    0.000    0.000
BAKS    0.000    0.000

=== TOTAL=300, WAIT=30, LATENCY=100, EVENTS=50

NOS[2] = 140
NOS[8] = 140
NOS[14] = 133

TCKS    283521
EVTS    252
NO      0.346
FWDS    0.000    0.000
BAKS    0.000    0.000

=== TOTAL=300, WAIT=30, LATENCY=100, EVENTS=100

NOS[2] = 261
NOS[8] = 262
NOS[14] = 247

TCKS    283521
EVTS    483
NO      0.646
FWDS    0.000    0.000
BAKS    0.000    0.000

=== TOTAL=300, WAIT=30, LATENCY=250, EVENTS=1

NOS[2] = 300
NOS[8] = 280
NOS[14] = 209

TCKS    283521
EVTS    26
NO      0.686
FWDS    0.000    0.000
BAKS    0.000    0.003

=== TOTAL=300, WAIT=30, LATENCY=250, EVENTS=5

NOS[2] = 200
NOS[8] = 120
NOS[14] = 114

TCKS    283521
EVTS    33
NO      0.358
FWDS    0.000    0.000
BAKS    0.000    0.000

=== TOTAL=300, WAIT=30, LATENCY=250, EVENTS=10

NOS[2] = 340
NOS[8] = 280
NOS[14] = 247

TCKS    283521
EVTS    65
NO      0.729
FWDS    0.000    0.000
BAKS    0.000    0.003

=== TOTAL=300, WAIT=30, LATENCY=250, EVENTS=25

NOS[2] = 120
NOS[8] = 60
NOS[14] = 57

TCKS    283521
EVTS    128
NO      0.175
FWDS    0.000    0.000
BAKS    0.000    0.001

=== TOTAL=300, WAIT=30, LATENCY=250, EVENTS=50

NOS[2] = 260
NOS[8] = 260
NOS[14] = 247

TCKS    283521
EVTS    253
NO      0.645
FWDS    0.000    0.000
BAKS    0.000    0.000

=== TOTAL=300, WAIT=30, LATENCY=250, EVENTS=100

NOS[2] = 260
NOS[8] = 260
NOS[14] = 247

TCKS    283521
EVTS    470
NO      0.645
FWDS    0.000    0.000
BAKS    0.000    0.000

=== TOTAL=300, WAIT=30, LATENCY=500, EVENTS=1

NOS[2] = 300
NOS[8] = 300
NOS[14] = 285

TCKS    283521
EVTS    22
NO      0.744
FWDS    0.000    0.000
BAKS    0.000    0.000

=== TOTAL=300, WAIT=30, LATENCY=500, EVENTS=5

NOS[2] = 320
NOS[8] = 306
NOS[14] = 247

TCKS    283521
EVTS    38
NO      0.759
FWDS    0.000    0.000
BAKS    0.000    0.003

=== TOTAL=300, WAIT=30, LATENCY=500, EVENTS=10

NOS[2] = 300
NOS[8] = 220
NOS[14] = 171

TCKS    283521
EVTS    70
NO      0.601
FWDS    0.000    0.000
BAKS    0.000    0.001

=== TOTAL=300, WAIT=30, LATENCY=500, EVENTS=25

NOS[2] = 240
NOS[8] = 220
NOS[14] = 209

TCKS    283521
EVTS    126
NO      0.557
FWDS    0.000    0.000
BAKS    0.000    0.001

=== TOTAL=300, WAIT=30, LATENCY=500, EVENTS=50

NOS[2] = 287
NOS[8] = 220
NOS[14] = 209

TCKS    283521
EVTS    262
NO      0.566
FWDS    0.000    0.000
BAKS    0.000    0.007

=== TOTAL=300, WAIT=30, LATENCY=500, EVENTS=100

NOS[2] = 302
NOS[8] = 302
NOS[14] = 285

TCKS    283521
EVTS    498
NO      0.745
FWDS    0.000    0.000
BAKS    0.000    0.012

=== TOTAL=300, WAIT=30, LATENCY=1000, EVENTS=1

NOS[2] = 320
NOS[8] = 320
NOS[14] = 304

TCKS    283521
EVTS    25
NO      0.794
FWDS    0.000    0.000
BAKS    0.000    0.002

=== TOTAL=300, WAIT=30, LATENCY=1000, EVENTS=5

NOS[2] = 280
NOS[8] = 280
NOS[14] = 266

TCKS    283521
EVTS    36
NO      0.695
FWDS    0.000    0.000
BAKS    0.000    0.000

=== TOTAL=300, WAIT=30, LATENCY=1000, EVENTS=10

NOS[2] = 260
NOS[8] = 240
NOS[14] = 190

TCKS    283521
EVTS    68
NO      0.581
FWDS    0.000    0.000
BAKS    0.000    0.001

=== TOTAL=300, WAIT=30, LATENCY=1000, EVENTS=25

NOS[2] = 288
NOS[8] = 240
NOS[14] = 228
NOS[15] = 0

TCKS    283521
EVTS    134
NO      0.618
FWDS    0.000    0.000
BAKS    0.000    0.001

=== TOTAL=300, WAIT=30, LATENCY=1000, EVENTS=50

NOS[2] = 231
NOS[8] = 220
NOS[14] = 209

TCKS    283521
EVTS    250
NO      0.550
FWDS    0.000    0.000
BAKS    0.000    0.000


