=== TOTAL=300, WAIT=30, LATENCY=5, EVENTS=1

NOS[1] = 112

TCKS    283521
EVTS    24
NO      0.021
FWDS    0.000    0.000
BAKS    0.000    0.000

=== TOTAL=300, WAIT=30, LATENCY=5, EVENTS=5

TCKS    283521
EVTS    37
NO      0.000
FWDS    0.000    0.000
BAKS    0.001    0.002

=== TOTAL=300, WAIT=30, LATENCY=5, EVENTS=10

NOS[1] = 117
NOS[2] = 13

TCKS    283521
EVTS    63
NO      0.024
FWDS    0.000    0.000
BAKS    0.001    0.004

=== TOTAL=300, WAIT=30, LATENCY=5, EVENTS=25

NOS[1] = 99

TCKS    283521
EVTS    117
NO      0.018
FWDS    0.000    0.000
BAKS    0.003    0.009

=== TOTAL=300, WAIT=30, LATENCY=5, EVENTS=50

TCKS    283521
EVTS    256
NO      0.000
FWDS    0.001    0.001
BAKS    0.008    0.014

=== TOTAL=300, WAIT=30, LATENCY=5, EVENTS=100

TCKS    283521
EVTS    481
NO      0.000
FWDS    0.000    0.000
BAKS    0.016    0.027

=== TOTAL=300, WAIT=30, LATENCY=5, EVENTS=250

TCKS    283521
EVTS    1020
NO      0.000
FWDS    0.001    0.001
BAKS    0.035    0.059

=== TOTAL=300, WAIT=30, LATENCY=5, EVENTS=500


=== TOTAL=300, WAIT=30, LATENCY=25, EVENTS=1

NOS[2] = 200
NOS[7] = 159

TCKS    283521
EVTS    22
NO      0.231
FWDS    0.000    0.000
BAKS    0.000    0.001

=== TOTAL=300, WAIT=30, LATENCY=25, EVENTS=5

TCKS    283521
EVTS    43
NO      0.000
FWDS    0.000    0.000
BAKS    0.000    0.012

=== TOTAL=300, WAIT=30, LATENCY=25, EVENTS=10

TCKS    283521
EVTS    65
NO      0.000
FWDS    0.000    0.000
BAKS    0.001    0.007

=== TOTAL=300, WAIT=30, LATENCY=25, EVENTS=25

TCKS    283521
EVTS    130
NO      0.000
FWDS    0.000    0.000
BAKS    0.003    0.020

=== TOTAL=300, WAIT=30, LATENCY=25, EVENTS=50

TCKS    283521
EVTS    268
NO      0.000
FWDS    0.000    0.000
BAKS    0.007    0.044

=== TOTAL=300, WAIT=30, LATENCY=25, EVENTS=100

TCKS    283521
EVTS    485
NO      0.000
FWDS    0.000    0.000
BAKS    0.014    0.081

=== TOTAL=300, WAIT=30, LATENCY=25, EVENTS=250


=== TOTAL=300, WAIT=30, LATENCY=25, EVENTS=500

TCKS    283521
EVTS    1701
NO      0.000
FWDS    0.000    0.000
BAKS    0.072    0.369

=== TOTAL=300, WAIT=30, LATENCY=50, EVENTS=1

NOS[2] = 340
NOS[9] = 119

TCKS    283521
EVTS    26
NO      0.491
FWDS    0.000    0.000
BAKS    0.000    0.011

=== TOTAL=300, WAIT=30, LATENCY=50, EVENTS=5

NOS[2] = 240
NOS[6] = 180

TCKS    283521
EVTS    36
NO      0.231
FWDS    0.000    0.000
BAKS    0.001    0.026

=== TOTAL=300, WAIT=30, LATENCY=50, EVENTS=10


=== TOTAL=300, WAIT=30, LATENCY=50, EVENTS=25

TCKS    283521
EVTS    129
NO      0.000
FWDS    0.000    0.000
BAKS    0.003    0.038

=== TOTAL=300, WAIT=30, LATENCY=50, EVENTS=50

TCKS    283521
EVTS    266
NO      0.000
FWDS    0.000    0.000
BAKS    0.007    0.108

=== TOTAL=300, WAIT=30, LATENCY=50, EVENTS=100

TCKS    283521
EVTS    471
NO      0.000
FWDS    0.000    0.000
BAKS    0.016    0.132

=== TOTAL=300, WAIT=30, LATENCY=50, EVENTS=250


=== TOTAL=300, WAIT=30, LATENCY=50, EVENTS=500
