=== TOTAL=300, WAIT=30, LATENCY=5, EVENTS=1

TCKS    283521
EVTS    25
NO      0.000
FWDS    0.000    0.005
BAKS    0.000    0.001

=== TOTAL=300, WAIT=30, LATENCY=5, EVENTS=5

ERR	15	(-1674,-6796,0,-1)	(-1762,-6796,0,-1)

NOS[1] = 153
NOS[2] = 238

TCKS    283521
EVTS    38
NO      0.072
FWDS    0.000    0.008
BAKS    0.001    0.004

=== TOTAL=300, WAIT=30, LATENCY=5, EVENTS=10

TCKS    283521
EVTS    59
NO      0.000
FWDS    0.000    0.000
BAKS    0.001    0.003

=== TOTAL=300, WAIT=30, LATENCY=5, EVENTS=25

TCKS    283521
EVTS    124
NO      0.000
FWDS    0.000    0.003
BAKS    0.004    0.009

=== TOTAL=300, WAIT=30, LATENCY=5, EVENTS=50

TCKS    283521
EVTS    235
NO      0.000
FWDS    0.000    0.000
BAKS    0.008    0.014

=== TOTAL=300, WAIT=30, LATENCY=5, EVENTS=100

TCKS    283521
EVTS    460
NO      0.000
FWDS    0.001    0.001
BAKS    0.015    0.030

=== TOTAL=300, WAIT=30, LATENCY=5, EVENTS=250

TCKS    283521
EVTS    1093
NO      0.000
FWDS    0.002    0.002
BAKS    0.039    0.070

=== TOTAL=300, WAIT=30, LATENCY=5, EVENTS=500

TCKS    283521
EVTS    1592
NO      0.000
FWDS    0.003    0.003
BAKS    0.059    0.110

=== TOTAL=300, WAIT=30, LATENCY=25, EVENTS=1

ERR	4	(1310,5034,0,1)	(1228,4952,0,1)

TCKS    283521
EVTS    26
NO      0.000
FWDS    0.000    0.000
BAKS    0.000    0.003

=== TOTAL=300, WAIT=30, LATENCY=25, EVENTS=5

NOS[1] = 9
NOS[2] = 11

TCKS    283521
EVTS    32
NO      0.004
FWDS    0.000    0.003
BAKS    0.000    0.008

=== TOTAL=300, WAIT=30, LATENCY=25, EVENTS=10

TCKS    283521
EVTS    63
NO      0.000
FWDS    0.000    0.002
BAKS    0.001    0.010

=== TOTAL=300, WAIT=30, LATENCY=25, EVENTS=25

TCKS    283521
EVTS    129
NO      0.000
FWDS    0.000    0.001
BAKS    0.004    0.019

=== TOTAL=300, WAIT=30, LATENCY=25, EVENTS=50

TCKS    283521
EVTS    241
NO      0.000
FWDS    0.000    0.000
BAKS    0.007    0.036

=== TOTAL=300, WAIT=30, LATENCY=25, EVENTS=100

TCKS    283521
EVTS    475
NO      0.000
FWDS    0.000    0.000
BAKS    0.017    0.083

=== TOTAL=300, WAIT=30, LATENCY=25, EVENTS=250

ERR	10	(378,420,0,0)	(410,420,0,0)

TCKS    283521
EVTS    1058
NO      0.000
FWDS    0.000    0.000
BAKS    0.034    0.157

=== TOTAL=300, WAIT=30, LATENCY=25, EVENTS=500

TCKS    283521
EVTS    1454
NO      0.000
FWDS    0.000    0.000
BAKS    0.063    0.341

=== TOTAL=300, WAIT=30, LATENCY=50, EVENTS=1

NOS[2] = 340
NOS[8] = 340
NOS[14] = 323

TCKS    283521
EVTS    22
NO      0.844
FWDS    0.000    0.000
BAKS    0.000    0.000

=== TOTAL=300, WAIT=30, LATENCY=50, EVENTS=5

NOS[2] = 378
NOS[5] = 360
NOS[9] = 360
NOS[12] = 46

TCKS    283521
EVTS    41
NO      0.706
FWDS    0.000    0.003
BAKS    0.001    0.016

=== TOTAL=300, WAIT=30, LATENCY=50, EVENTS=10

NOS[1] = 36
NOS[2] = 8

TCKS    283521
EVTS    59
NO      0.008
FWDS    0.000    0.005
BAKS    0.001    0.014

=== TOTAL=300, WAIT=30, LATENCY=50, EVENTS=25

TCKS    283521
EVTS    124
NO      0.000
FWDS    0.000    0.000
BAKS    0.003    0.033

=== TOTAL=300, WAIT=30, LATENCY=50, EVENTS=50

TCKS    283521
EVTS    243
NO      0.000
FWDS    0.000    0.000
BAKS    0.006    0.088

=== TOTAL=300, WAIT=30, LATENCY=50, EVENTS=100

TCKS    283521
EVTS    453
NO      0.000
FWDS    0.000    0.000
BAKS    0.013    0.155

=== TOTAL=300, WAIT=30, LATENCY=50, EVENTS=250

ERR	6	(-594,1988,0,1)	(-570,1972,0,1)

TCKS    283521
EVTS    1040
NO      0.000
FWDS    0.000    0.000
BAKS    0.038    0.367

=== TOTAL=300, WAIT=30, LATENCY=50, EVENTS=500

ERR	3	(-960,-2486,0,-1)	(-922,-2596,0,-1)

TCKS    283521
EVTS    1302
NO      0.000
FWDS    0.000    0.000
BAKS    0.067    0.655

=== TOTAL=300, WAIT=30, LATENCY=100, EVENTS=1

NOS[2] = 260
NOS[8] = 260
NOS[14] = 247

TCKS    283521
EVTS    26
NO      0.645
FWDS    0.000    0.001
BAKS    0.000    0.020

=== TOTAL=300, WAIT=30, LATENCY=100, EVENTS=5

NOS[2] = 80
NOS[7] = 35

TCKS    283521
EVTS    33
NO      0.087
FWDS    0.000    0.002
BAKS    0.000    0.015

=== TOTAL=300, WAIT=30, LATENCY=100, EVENTS=10

NOS[1] = 9
NOS[2] = 20

TCKS    283521
EVTS    61
NO      0.005
FWDS    0.000    0.003
BAKS    0.001    0.031

=== TOTAL=300, WAIT=30, LATENCY=100, EVENTS=25

TCKS    283521
EVTS    126
NO      0.000
FWDS    0.000    0.002
BAKS    0.003    0.076

=== TOTAL=300, WAIT=30, LATENCY=100, EVENTS=50

TCKS    283521
EVTS    255
NO      0.000
FWDS    0.000    0.000
BAKS    0.007    0.186

=== TOTAL=300, WAIT=30, LATENCY=100, EVENTS=100

TCKS    283521
EVTS    462
NO      0.000
FWDS    0.000    0.000
BAKS    0.018    0.316

=== TOTAL=300, WAIT=30, LATENCY=100, EVENTS=250

TCKS    283521
EVTS    951
NO      0.000
FWDS    0.000    0.001
BAKS    0.042    0.698

=== TOTAL=300, WAIT=30, LATENCY=100, EVENTS=500

ERR	19	(-190,-1160,-1,0)	(-50,-1160,-1,0)

TCKS    283521
EVTS    1509
NO      0.000
FWDS    0.001    0.002
BAKS    0.115    2.471

=== TOTAL=300, WAIT=30, LATENCY=250, EVENTS=1

NOS[2] = 240
NOS[6] = 60
NOS[11] = 4

TCKS    283521
EVTS    25
NO      0.245
FWDS    0.000    0.004
BAKS    0.000    0.014

=== TOTAL=300, WAIT=30, LATENCY=250, EVENTS=5

ERR	2	(-8314,-5318,0,-1)	(-8314,-5418,0,-1)

NOS[2] = 60
NOS[6] = 23
NOS[11] = 7

TCKS    283521
EVTS    38
NO      0.070
FWDS    0.000    0.001
BAKS    0.001    0.032

=== TOTAL=300, WAIT=30, LATENCY=250, EVENTS=10

ERR	12	(-1116,2232,1,0)	(-1260,2376,1,0)

NOS[2] = 115
NOS[6] = 60
NOS[10] = 56

TCKS    283521
EVTS    61
NO      0.127
FWDS    0.000    0.004
BAKS    0.001    0.062

=== TOTAL=300, WAIT=30, LATENCY=250, EVENTS=25

NOS[1] = 13
NOS[2] = 1

TCKS    283521
EVTS    125
NO      0.003
FWDS    0.000    0.001
BAKS    0.003    0.186

=== TOTAL=300, WAIT=30, LATENCY=250, EVENTS=50

TCKS    283521
EVTS    240
NO      0.000
FWDS    0.000    0.001
BAKS    0.009    0.353

=== TOTAL=300, WAIT=30, LATENCY=250, EVENTS=100

TCKS    283521
EVTS    458
NO      0.000
FWDS    0.000    0.002
BAKS    0.024    0.927

=== TOTAL=300, WAIT=30, LATENCY=250, EVENTS=250

ERR	12	(1004,-1146,0,-1)	(922,-1146,0,-1)

NOS[2] = 0
NOS[6] = 2
NOS[10] = 94
NOS[14] = 372

TCKS    283521
EVTS    1079
NO      0.256
FWDS    0.001    0.008
BAKS    0.129    6.676

=== TOTAL=300, WAIT=30, LATENCY=250, EVENTS=500

ERR	1	(336,-1222,0,0)	(-1184,-1560,0,-1)

NOS[2] = 168
NOS[6] = 341
NOS[10] = 340
NOS[14] = 336

TCKS    283521
EVTS    1602
NO      0.765
FWDS    0.001    0.009
BAKS    1.531    1152.107

=== TOTAL=300, WAIT=30, LATENCY=500, EVENTS=1

NOS[2] = 360
NOS[8] = 220
NOS[14] = 209

TCKS    283521
EVTS    22
NO      0.618
FWDS    0.000    0.005
BAKS    0.000    0.000

=== TOTAL=300, WAIT=30, LATENCY=500, EVENTS=5

NOS[2] = 186
NOS[8] = 60
NOS[14] = 57

TCKS    283521
EVTS    39
NO      0.236
FWDS    0.000    0.005
BAKS    0.001    0.059

=== TOTAL=300, WAIT=30, LATENCY=500, EVENTS=10

NOS[2] = 221
NOS[8] = 102
NOS[14] = 76

TCKS    283521
EVTS    63
NO      0.348
FWDS    0.000    0.008
BAKS    0.001    0.119

=== TOTAL=300, WAIT=30, LATENCY=500, EVENTS=25

ERR	20	(-104,1072,-1,0)	(12,956,-1,0)

NOS[2] = 96
NOS[8] = 62
NOS[14] = 38

TCKS    283521
EVTS    137
NO      0.144
FWDS    0.000    0.003
BAKS    0.006    0.436

=== TOTAL=300, WAIT=30, LATENCY=500, EVENTS=50

NOS[2] = 140
NOS[8] = 41
NOS[13] = 1

TCKS    283521
EVTS    242
NO      0.150
FWDS    0.000    0.003
BAKS    0.013    1.177

=== TOTAL=300, WAIT=30, LATENCY=500, EVENTS=100

ERR	11	(642,-574,1,0)	(618,-574,1,0)

NOS[2] = 44
NOS[8] = 54
NOS[14] = 58

TCKS    283521
EVTS    465
NO      0.099
FWDS    0.001    0.006
BAKS    0.041    3.461

=== TOTAL=300, WAIT=30, LATENCY=500, EVENTS=250

ERR	1	(68,2184,0,1)	(318,72,0,-1)

NOS[2] = 63
NOS[8] = 226
NOS[14] = 380

TCKS    283521
EVTS    1083
NO      0.561
FWDS    0.001    0.012
BAKS    1.207    1629.996

=== TOTAL=300, WAIT=30, LATENCY=500, EVENTS=500

ERR	1	(13792,-22,1,0)	(198,13094,0,1)

NOS[2] = 362
NOS[8] = 360
NOS[14] = 382

TCKS    283521
EVTS    1227
NO      0.895
FWDS    0.000    0.007
BAKS    4.252    12835.017

=== TOTAL=300, WAIT=30, LATENCY=1000, EVENTS=1

NOS[2] = 300
NOS[8] = 300
NOS[14] = 285

TCKS    283521
EVTS    23
NO      0.744
FWDS    0.000    0.000
BAKS    0.000    0.018

=== TOTAL=300, WAIT=30, LATENCY=1000, EVENTS=5

ERR	18	(2526,-4128,0,-1)	(2526,-3378,0,0)

NOS[2] = 260
NOS[8] = 260
NOS[14] = 190

TCKS    283521
EVTS    32
NO      0.615
FWDS    0.000    0.004
BAKS    0.000    0.052

=== TOTAL=300, WAIT=30, LATENCY=1000, EVENTS=10

NOS[2] = 322
NOS[8] = 220
NOS[14] = 228

TCKS    283521
EVTS    66
NO      0.585
FWDS    0.000    0.003
BAKS    0.001    0.363

=== TOTAL=300, WAIT=30, LATENCY=1000, EVENTS=25

ERR	18	(-318,-3128,0,-1)	(-704,-3128,0,-1)

NOS[2] = 341
NOS[8] = 65
NOS[14] = 79

TCKS    283521
EVTS    133
NO      0.395
FWDS    0.000    0.006
BAKS    0.007    1.105

=== TOTAL=300, WAIT=30, LATENCY=1000, EVENTS=50

NOS[2] = 217
NOS[8] = 77
NOS[14] = 109

TCKS    283521
EVTS    233
NO      0.261
FWDS    0.000    0.009
BAKS    0.020    3.601

=== TOTAL=300, WAIT=30, LATENCY=1000, EVENTS=100

ERR	1	(-704,1576,-1,0)	(1920,5548,0,1)

NOS[2] = 107
NOS[8] = 234
NOS[14] = 389

TCKS    283521
EVTS    448
NO      0.587
FWDS    0.000    0.010
BAKS    0.163    165.001

=== TOTAL=300, WAIT=30, LATENCY=1000, EVENTS=250

ERR	1	(4790,10072,0,1)	(2978,1804,0,-1)

NOS[2] = 193
NOS[8] = 402
NOS[14] = 394

TCKS    283521
EVTS    927
NO      0.929
FWDS    0.001    0.018
BAKS    1.959    6291.924

=== TOTAL=300, WAIT=30, LATENCY=1000, EVENTS=500

ERR	1	(3016,12342,0,1)	(1600,570,0,-1)

NOS[2] = 403
NOS[8] = 401
NOS[14] = 381

TCKS    283521
EVTS    1481
NO      0.989
FWDS    0.001    0.012
BAKS    3.937    17804.800
