=== TOTAL=300, WAIT=30, LATENCY=5, EVENTS=1

TCKS    283521
EVTS    26
NO      0.344
FWDS    0.005    0.010
BAKS    0.000    0.005

=== TOTAL=300, WAIT=30, LATENCY=5, EVENTS=5

TCKS    283521
EVTS    32
NO      0.000
FWDS    0.003    0.005
BAKS    0.000    0.006

=== TOTAL=300, WAIT=30, LATENCY=5, EVENTS=10

TCKS    283521
EVTS    59
NO      0.068
FWDS    0.005    0.010
BAKS    0.001    0.012

=== TOTAL=300, WAIT=30, LATENCY=5, EVENTS=25

TCKS    283521
EVTS    130
NO      0.000
FWDS    0.005    0.009
BAKS    0.004    0.016

=== TOTAL=300, WAIT=30, LATENCY=5, EVENTS=50

TCKS    283521
EVTS    244
NO      0.000
FWDS    0.002    0.004
BAKS    0.007    0.016

=== TOTAL=300, WAIT=30, LATENCY=5, EVENTS=100

TCKS    283521
EVTS    469
NO      0.000
FWDS    0.001    0.002
BAKS    0.016    0.027

=== TOTAL=300, WAIT=30, LATENCY=5, EVENTS=250

TCKS    283521
EVTS    1079
NO      0.000
FWDS    0.000    0.000
BAKS    0.040    0.064

=== TOTAL=300, WAIT=30, LATENCY=5, EVENTS=500

TCKS    283521
EVTS    1664
NO      0.000
FWDS    0.000    0.000
BAKS    0.053    0.077

=== TOTAL=300, WAIT=30, LATENCY=25, EVENTS=1

TCKS    283521
EVTS    23
NO      0.744
FWDS    0.002    0.003
BAKS    0.000    0.020

=== TOTAL=300, WAIT=30, LATENCY=25, EVENTS=5

TCKS    283521
EVTS    27
NO      0.634
FWDS    0.005    0.011
BAKS    0.000    0.009

=== TOTAL=300, WAIT=30, LATENCY=25, EVENTS=10

TCKS    283521
EVTS    66
NO      0.033
FWDS    0.007    0.014
BAKS    0.001    0.019

=== TOTAL=300, WAIT=30, LATENCY=25, EVENTS=25

TCKS    283521
EVTS    124
NO      0.000
FWDS    0.004    0.007
BAKS    0.003    0.027

=== TOTAL=300, WAIT=30, LATENCY=25, EVENTS=50

TCKS    283521
EVTS    260
NO      0.006
FWDS    0.008    0.016
BAKS    0.007    0.071

=== TOTAL=300, WAIT=30, LATENCY=25, EVENTS=100

TCKS    283521
EVTS    512
NO      0.000
FWDS    0.000    0.001
BAKS    0.018    0.094

=== TOTAL=300, WAIT=30, LATENCY=25, EVENTS=250

TCKS    283521
EVTS    1015
NO      0.000
FWDS    0.000    0.000
BAKS    0.041    0.223

=== TOTAL=300, WAIT=30, LATENCY=25, EVENTS=500

TCKS    283521
EVTS    1330
NO      0.000
FWDS    0.000    0.000
BAKS    0.050    0.267

=== TOTAL=300, WAIT=30, LATENCY=50, EVENTS=1

TCKS    283521
EVTS    25
NO      0.645
FWDS    0.003    0.005
BAKS    0.000    0.023

=== TOTAL=300, WAIT=30, LATENCY=50, EVENTS=5

TCKS    283521
EVTS    44
NO      0.133
FWDS    0.005    0.011
BAKS    0.001    0.012

=== TOTAL=300, WAIT=30, LATENCY=50, EVENTS=10

TCKS    283521
EVTS    62
NO      0.000
FWDS    0.001    0.003
BAKS    0.001    0.016

=== TOTAL=300, WAIT=30, LATENCY=50, EVENTS=25

TCKS    283521
EVTS    135
NO      0.112
FWDS    0.006    0.012
BAKS    0.004    0.053

=== TOTAL=300, WAIT=30, LATENCY=50, EVENTS=100

TCKS    283521
EVTS    496
NO      0.000
FWDS    0.001    0.001
BAKS    0.017    0.174

=== TOTAL=300, WAIT=30, LATENCY=50, EVENTS=250

TCKS    283521
EVTS    973
NO      0.000
FWDS    0.000    0.000
BAKS    0.045    0.509

=== TOTAL=300, WAIT=30, LATENCY=50, EVENTS=500

TCKS    283521
EVTS    1580
NO      0.000
FWDS    0.000    0.000
BAKS    0.089    0.873

=== TOTAL=300, WAIT=30, LATENCY=100, EVENTS=1

TCKS    283521
EVTS    23
NO      0.555
FWDS    0.005    0.011
BAKS    0.000    0.003

=== TOTAL=300, WAIT=30, LATENCY=100, EVENTS=5

TCKS    283521
EVTS    38
NO      0.066
FWDS    0.008    0.015
BAKS    0.001    0.029

=== TOTAL=300, WAIT=30, LATENCY=100, EVENTS=10

TCKS    283521
EVTS    63
NO      0.074
FWDS    0.005    0.010
BAKS    0.001    0.044

=== TOTAL=300, WAIT=30, LATENCY=100, EVENTS=25

TCKS    283521
EVTS    149
NO      0.000
FWDS    0.001    0.002
BAKS    0.004    0.092

=== TOTAL=300, WAIT=30, LATENCY=100, EVENTS=50

TCKS    283521
EVTS    257
NO      0.000
FWDS    0.001    0.002
BAKS    0.010    0.184

=== TOTAL=300, WAIT=30, LATENCY=100, EVENTS=100

TCKS    283521
EVTS    457
NO      0.000
FWDS    0.002    0.004
BAKS    0.020    0.426
