=== TOTAL=300, WAIT=30, LATENCY=5, EVENTS=100

TCKS    283521
EVTS    445
NO      0.000
FWDS    0.001    0.001
BAKS    0.014    0.025

=== TOTAL=300, WAIT=30, LATENCY=25, EVENTS=100

TCKS    283521
EVTS    492
NO      0.000
FWDS    0.000    0.001
BAKS    0.014    0.089









=== TOTAL=300, WAIT=30, LATENCY=100, EVENTS=100

TCKS    283521
EVTS    496
NO      0.000
FWDS    0.001    0.001
BAKS    0.020    0.373

=== TOTAL=300, WAIT=30, LATENCY=250, EVENTS=100

TCKS    283521
EVTS    481
NO      0.140
FWDS    0.002    0.003
BAKS    0.034    1.744

